2019-01-05 22:48:05,761 INFO  DownloadService - Downloading "https://github.com/s0h4m/toggle/archive/master.zip", attempt 3
2019-01-05 22:48:07,589 INFO  DownloadService - Downloaded https://github.com/s0h4m/toggle/archive/master.zip, attempt 3
2019-01-05 22:48:07,589 INFO  DownloadService - Size of file "/var/folders/bq/vtzpc5ns5sg2cthy61lqpg3dfzgbys/T/1546703285757-0/master.zip": 146 KB
2019-01-05 22:48:07,589 INFO  ArchiveUtils - Checking entries [.gradle] in ZIP file...
2019-01-05 22:48:07,595 INFO  ArchiveUtils - Has entries [.gradle] in ZIP file /var/folders/bq/vtzpc5ns5sg2cthy61lqpg3dfzgbys/T/1546703285757-0/master.zip: true
2019-01-05 22:48:07,595 DEBUG ZipUtil - Extracting '/var/folders/bq/vtzpc5ns5sg2cthy61lqpg3dfzgbys/T/1546703285757-0/master.zip' into '/var/folders/bq/vtzpc5ns5sg2cthy61lqpg3dfzgbys/T/1546703285757-0/src'.
2019-01-05 22:48:07,623 INFO  FullProcessService - Size of directory with sources: 283 KB
2019-01-05 22:48:07,623 INFO  SysUtils - Execute command: [git, init, /var/folders/bq/vtzpc5ns5sg2cthy61lqpg3dfzgbys/T/1546703285757-0/src]
2019-01-05 22:48:07,640 INFO  SysUtils - Initialized empty Git repository in /private/var/folders/bq/vtzpc5ns5sg2cthy61lqpg3dfzgbys/T/1546703285757-0/src/.git/

2019-01-05 22:48:07,644 INFO  ProjectBuildService - Gradle wrapper(s): /var/folders/bq/vtzpc5ns5sg2cthy61lqpg3dfzgbys/T/1546703285757-0/src/toggle-master/gradlew
2019-01-05 22:48:07,648 INFO  ProjectBuildService - Build script(s): /var/folders/bq/vtzpc5ns5sg2cthy61lqpg3dfzgbys/T/1546703285757-0/src/toggle-master/toggle-sample/build.gradle /var/folders/bq/vtzpc5ns5sg2cthy61lqpg3dfzgbys/T/1546703285757-0/src/toggle-master/toggle/build.gradle /var/folders/bq/vtzpc5ns5sg2cthy61lqpg3dfzgbys/T/1546703285757-0/src/toggle-master/build.gradle
2019-01-05 22:48:07,651 INFO  ProjectBuildService - All script(s): /var/folders/bq/vtzpc5ns5sg2cthy61lqpg3dfzgbys/T/1546703285757-0/src/toggle-master/toggle/build.gradle /var/folders/bq/vtzpc5ns5sg2cthy61lqpg3dfzgbys/T/1546703285757-0/src/toggle-master/build.gradle /var/folders/bq/vtzpc5ns5sg2cthy61lqpg3dfzgbys/T/1546703285757-0/src/toggle-master/settings.gradle /var/folders/bq/vtzpc5ns5sg2cthy61lqpg3dfzgbys/T/1546703285757-0/src/toggle-master/toggle-sample/build.gradle
2019-01-05 22:48:07,652 INFO  DownloadService - Downloading "https://raw.githubusercontent.com/nuuneoi/JCenter/master/bintrayv1.gradle", attempt 3
2019-01-05 22:48:07,745 INFO  DownloadService - Downloaded https://raw.githubusercontent.com/nuuneoi/JCenter/master/bintrayv1.gradle, attempt 3
2019-01-05 22:48:07,745 INFO  DownloadService - Downloading "https://raw.githubusercontent.com/nuuneoi/JCenter/master/installv1.gradle", attempt 3
2019-01-05 22:48:07,837 INFO  DownloadService - Downloaded https://raw.githubusercontent.com/nuuneoi/JCenter/master/installv1.gradle, attempt 3
2019-01-05 22:48:07,837 INFO  ProjectBuildService - Remote scripts: https://raw.githubusercontent.com/nuuneoi/JCenter/master/bintrayv1.gradle https://raw.githubusercontent.com/nuuneoi/JCenter/master/installv1.gradle
2019-01-05 22:48:07,837 INFO  ProjectFixService - Fixing project...
2019-01-05 22:48:07,850 INFO  LocalPropertiesFixService - Created fake /var/folders/bq/vtzpc5ns5sg2cthy61lqpg3dfzgbys/T/1546703285757-0/src/toggle-master/toggle-sample/local.properties
2019-01-05 22:48:07,851 INFO  ProjectFixService - Build info for "/var/folders/bq/vtzpc5ns5sg2cthy61lqpg3dfzgbys/T/1546703285757-0/src/toggle-master/toggle-sample/build.gradle": [buildToolsVersion=27.0.3,compileSdkVersion=27,minSdkVersion=15,targetSdkVersion=26]
2019-01-05 22:48:07,851 INFO  LocalPropertiesFixService - Created fake /var/folders/bq/vtzpc5ns5sg2cthy61lqpg3dfzgbys/T/1546703285757-0/src/toggle-master/toggle/local.properties
2019-01-05 22:48:07,852 INFO  ProjectFixService - Build info for "/var/folders/bq/vtzpc5ns5sg2cthy61lqpg3dfzgbys/T/1546703285757-0/src/toggle-master/toggle/build.gradle": [buildToolsVersion=27.0.3,compileSdkVersion=27,minSdkVersion=9,targetSdkVersion=26]
2019-01-05 22:48:07,852 INFO  LocalPropertiesFixService - Created fake /var/folders/bq/vtzpc5ns5sg2cthy61lqpg3dfzgbys/T/1546703285757-0/src/toggle-master/local.properties
2019-01-05 22:48:07,853 INFO  WrapperPropertiesFixService - Gradle wrapper: https://services.gradle.org/distributions/gradle-4.6-all.zip
2019-01-05 22:48:07,853 INFO  WrapperPropertiesFixService - Gradle wrapper was changed from "-all.zip" to "-bin.zip" (https://services.gradle.org/distributions/gradle-4.6-bin.zip)
2019-01-05 22:48:07,854 INFO  ProjectFixService - Build info for "/var/folders/bq/vtzpc5ns5sg2cthy61lqpg3dfzgbys/T/1546703285757-0/src/toggle-master/build.gradle": [buildToolsVersion=27.0.3,compileSdkVersion=27,minSdkVersion=9,targetSdkVersion=26]
2019-01-05 22:48:07,854 INFO  ProjectFixService - Project was maybe fixed
2019-01-05 22:48:07,854 INFO  ProjectTaskService - Detecting possible tasks...
2019-01-05 22:48:07,854 INFO  SysUtils - Execute command: [/var/folders/bq/vtzpc5ns5sg2cthy61lqpg3dfzgbys/T/1546703285757-0/src/toggle-master/gradlew, -b, /var/folders/bq/vtzpc5ns5sg2cthy61lqpg3dfzgbys/T/1546703285757-0/src/toggle-master/toggle-sample/build.gradle, -Dorg.gradle.daemon=false, -Dorg.gradle.daemon.performance.enable-monitoring=false, -Dorg.gradle.configureondemand=true, tasks]
2019-01-05 22:48:30,156 INFO  ProjectTaskService - Detected possible tasks: 73
2019-01-05 22:48:30,156 INFO  ProjectTaskService - Excluded tasks (21): lintDebug javadocJar deviceCheck lint testReleaseUnitTest javadoc uninstallRelease deviceAndroidTest uninstallDebugAndroidTest installDebugAndroidTest connectedCheck connectedDebugAndroidTest uninstallAll sourcesJar test check testDebugUnitTest connectedAndroidTest installDebug lintRelease uninstallDebug
2019-01-05 22:48:30,156 INFO  SysUtils - Execute command: [/var/folders/bq/vtzpc5ns5sg2cthy61lqpg3dfzgbys/T/1546703285757-0/src/toggle-master/gradlew, -b, /var/folders/bq/vtzpc5ns5sg2cthy61lqpg3dfzgbys/T/1546703285757-0/src/toggle-master/toggle-sample/build.gradle, -Dorg.gradle.daemon=false, -Dorg.gradle.daemon.performance.enable-monitoring=false, -Dorg.gradle.configureondemand=true, --stacktrace, -x, lintDebug, -x, javadocJar, -x, deviceCheck, -x, lint, -x, testReleaseUnitTest, -x, javadoc, -x, uninstallRelease, -x, deviceAndroidTest, -x, uninstallDebugAndroidTest, -x, installDebugAndroidTest, -x, connectedCheck, -x, connectedDebugAndroidTest, -x, uninstallAll, -x, sourcesJar, -x, test, -x, check, -x, testDebugUnitTest, -x, connectedAndroidTest, -x, installDebug, -x, lintRelease, -x, uninstallDebug, build]
2019-01-05 22:48:35,423 ERROR SysUtils - Could not process external command
org.apache.commons.exec.ExecuteException: Process exited with an error: 1 (Exit value: 1)
	at org.apache.commons.exec.DefaultExecutor.executeInternal(DefaultExecutor.java:404)
	at org.apache.commons.exec.DefaultExecutor.execute(DefaultExecutor.java:166)
	at com.github.vbauer.apkmaster.util.SysUtils.execute(SysUtils.java:67)
	at com.github.vbauer.apkmaster.util.SysUtils.executeSimple(SysUtils.java:43)
	at com.github.vbauer.apkmaster.service.assembly.ProjectBuildService.buildProject(ProjectBuildService.java:78)
	at com.github.vbauer.apkmaster.service.assembly.ProjectBuildService.buildProject(ProjectBuildService.java:64)
	at com.github.vbauer.apkmaster.service.assembly.ProjectBuildService.buildProject(ProjectBuildService.java:43)
	at com.github.vbauer.apkmaster.service.FullProcessService.build(FullProcessService.java:84)
	at com.github.vbauer.apkmaster.service.FullProcessService.process(FullProcessService.java:34)
	at com.github.vbauer.apkmaster.app.MainApplication.process(MainApplication.java:38)
	at com.github.vbauer.apkmaster.app.MainApplication.main(MainApplication.java:20)
	at sun.reflect.NativeMethodAccessorImpl.invoke0(Native Method)
	at sun.reflect.NativeMethodAccessorImpl.invoke(NativeMethodAccessorImpl.java:62)
	at sun.reflect.DelegatingMethodAccessorImpl.invoke(DelegatingMethodAccessorImpl.java:43)
	at java.lang.reflect.Method.invoke(Method.java:498)
	at com.android.arsenal.util.ReflectionUtils.invoke(ReflectionUtils.java:52)
	at com.android.arsenal.util.ApkMasterUtils.main(ApkMasterUtils.java:30)
	at com.android.arsenal.service.processor.impl.BuildProcessorServiceImpl.buildProject(BuildProcessorServiceImpl.java:196)
	at com.android.arsenal.service.processor.impl.BuildProcessorServiceImpl.build(BuildProcessorServiceImpl.java:130)
	at com.android.arsenal.service.processor.impl.BuildProcessorServiceImpl.lambda$createTasks$1(BuildProcessorServiceImpl.java:113)
	at java.util.concurrent.FutureTask.run(FutureTask.java:266)
	at java.util.concurrent.Executors$RunnableAdapter.call(Executors.java:511)
	at java.util.concurrent.FutureTask.run(FutureTask.java:266)
	at java.util.concurrent.ThreadPoolExecutor.runWorker(ThreadPoolExecutor.java:1149)
	at java.util.concurrent.ThreadPoolExecutor$Worker.run(ThreadPoolExecutor.java:624)
	at java.lang.Thread.run(Thread.java:748)
2019-01-05 22:48:35,423 INFO  SysUtils - Configuration on demand is an incubating feature.

FAILURE: Build failed with an exception.

* What went wrong:
Task 'javadocJar' not found in project ':toggle-sample'.

* Try:
Run gradlew tasks to get a list of available tasks. Run with --info or --debug option to get more log output. Run with --scan to get full insights.

* Exception is:
org.gradle.execution.TaskSelectionException: Task 'javadocJar' not found in project ':toggle-sample'.
	at org.gradle.execution.TaskSelector.getSelection(TaskSelector.java:116)
	at org.gradle.execution.TaskSelector.getFilter(TaskSelector.java:66)
	at org.gradle.execution.ExcludedTaskFilteringBuildConfigurationAction.configure(ExcludedTaskFilteringBuildConfigurationAction.java:42)
	at org.gradle.execution.DefaultBuildConfigurationActionExecuter.configure(DefaultBuildConfigurationActionExecuter.java:48)
	at org.gradle.execution.DefaultBuildConfigurationActionExecuter.select(DefaultBuildConfigurationActionExecuter.java:36)
	at org.gradle.initialization.DefaultGradleLauncher$CalculateTaskGraph.run(DefaultGradleLauncher.java:286)
	at org.gradle.internal.progress.DefaultBuildOperationExecutor$RunnableBuildOperationWorker.execute(DefaultBuildOperationExecutor.java:336)
	at org.gradle.internal.progress.DefaultBuildOperationExecutor$RunnableBuildOperationWorker.execute(DefaultBuildOperationExecutor.java:328)
	at org.gradle.internal.progress.DefaultBuildOperationExecutor.execute(DefaultBuildOperationExecutor.java:199)
	at org.gradle.internal.progress.DefaultBuildOperationExecutor.run(DefaultBuildOperationExecutor.java:110)
	at org.gradle.initialization.DefaultGradleLauncher.constructTaskGraph(DefaultGradleLauncher.java:181)
	at org.gradle.initialization.DefaultGradleLauncher.doBuildStages(DefaultGradleLauncher.java:136)
	at org.gradle.initialization.DefaultGradleLauncher.executeTasks(DefaultGradleLauncher.java:115)
	at org.gradle.internal.invocation.GradleBuildController$1.call(GradleBuildController.java:78)
	at org.gradle.internal.invocation.GradleBuildController$1.call(GradleBuildController.java:75)
	at org.gradle.internal.work.DefaultWorkerLeaseService.withLocks(DefaultWorkerLeaseService.java:152)
	at org.gradle.internal.invocation.GradleBuildController.doBuild(GradleBuildController.java:100)
	at org.gradle.internal.invocation.GradleBuildController.run(GradleBuildController.java:75)
	at org.gradle.tooling.internal.provider.ExecuteBuildActionRunner.run(ExecuteBuildActionRunner.java:28)
	at org.gradle.launcher.exec.ChainingBuildActionRunner.run(ChainingBuildActionRunner.java:35)
	at org.gradle.tooling.internal.provider.ValidatingBuildActionRunner.run(ValidatingBuildActionRunner.java:32)
	at org.gradle.launcher.exec.RunAsBuildOperationBuildActionRunner$1.run(RunAsBuildOperationBuildActionRunner.java:43)
	at org.gradle.internal.progress.DefaultBuildOperationExecutor$RunnableBuildOperationWorker.execute(DefaultBuildOperationExecutor.java:336)
	at org.gradle.internal.progress.DefaultBuildOperationExecutor$RunnableBuildOperationWorker.execute(DefaultBuildOperationExecutor.java:328)
	at org.gradle.internal.progress.DefaultBuildOperationExecutor.execute(DefaultBuildOperationExecutor.java:199)
	at org.gradle.internal.progress.DefaultBuildOperationExecutor.run(DefaultBuildOperationExecutor.java:110)
	at org.gradle.launcher.exec.RunAsBuildOperationBuildActionRunner.run(RunAsBuildOperationBuildActionRunner.java:40)
	at org.gradle.tooling.internal.provider.SubscribableBuildActionRunner.run(SubscribableBuildActionRunner.java:51)
	at org.gradle.launcher.exec.InProcessBuildActionExecuter.execute(InProcessBuildActionExecuter.java:49)
	at org.gradle.launcher.exec.InProcessBuildActionExecuter.execute(InProcessBuildActionExecuter.java:32)
	at org.gradle.launcher.exec.BuildTreeScopeBuildActionExecuter.execute(BuildTreeScopeBuildActionExecuter.java:39)
	at org.gradle.launcher.exec.BuildTreeScopeBuildActionExecuter.execute(BuildTreeScopeBuildActionExecuter.java:25)
	at org.gradle.tooling.internal.provider.ContinuousBuildActionExecuter.execute(ContinuousBuildActionExecuter.java:80)
	at org.gradle.tooling.internal.provider.ContinuousBuildActionExecuter.execute(ContinuousBuildActionExecuter.java:53)
	at org.gradle.tooling.internal.provider.ServicesSetupBuildActionExecuter.execute(ServicesSetupBuildActionExecuter.java:57)
	at org.gradle.tooling.internal.provider.ServicesSetupBuildActionExecuter.execute(ServicesSetupBuildActionExecuter.java:32)
	at org.gradle.tooling.internal.provider.GradleThreadBuildActionExecuter.execute(GradleThreadBuildActionExecuter.java:36)
	at org.gradle.tooling.internal.provider.GradleThreadBuildActionExecuter.execute(GradleThreadBuildActionExecuter.java:25)
	at org.gradle.tooling.internal.provider.ParallelismConfigurationBuildActionExecuter.execute(ParallelismConfigurationBuildActionExecuter.java:43)
	at org.gradle.tooling.internal.provider.ParallelismConfigurationBuildActionExecuter.execute(ParallelismConfigurationBuildActionExecuter.java:29)
	at org.gradle.tooling.internal.provider.StartParamsValidatingActionExecuter.execute(StartParamsValidatingActionExecuter.java:64)
	at org.gradle.tooling.internal.provider.StartParamsValidatingActionExecuter.execute(StartParamsValidatingActionExecuter.java:29)
	at org.gradle.tooling.internal.provider.SessionFailureReportingActionExecuter.execute(SessionFailureReportingActionExecuter.java:59)
	at org.gradle.tooling.internal.provider.SessionFailureReportingActionExecuter.execute(SessionFailureReportingActionExecuter.java:44)
	at org.gradle.tooling.internal.provider.SetupLoggingActionExecuter.execute(SetupLoggingActionExecuter.java:45)
	at org.gradle.tooling.internal.provider.SetupLoggingActionExecuter.execute(SetupLoggingActionExecuter.java:30)
	at org.gradle.launcher.cli.RunBuildAction.run(RunBuildAction.java:51)
	at org.gradle.internal.Actions$RunnableActionAdapter.execute(Actions.java:173)
	at org.gradle.launcher.cli.CommandLineActionFactory$ParseAndBuildAction.execute(CommandLineActionFactory.java:285)
	at org.gradle.launcher.cli.CommandLineActionFactory$ParseAndBuildAction.execute(CommandLineActionFactory.java:258)
	at org.gradle.launcher.cli.ExceptionReportingAction.execute(ExceptionReportingAction.java:33)
	at org.gradle.launcher.cli.ExceptionReportingAction.execute(ExceptionReportingAction.java:22)
	at org.gradle.launcher.cli.CommandLineActionFactory$WithLogging.execute(CommandLineActionFactory.java:251)
	at org.gradle.launcher.cli.CommandLineActionFactory$WithLogging.execute(CommandLineActionFactory.java:185)
	at org.gradle.launcher.Main.doAction(Main.java:36)
	at org.gradle.launcher.bootstrap.EntryPoint.run(EntryPoint.java:45)
	at org.gradle.launcher.bootstrap.ProcessBootstrap.runNoExit(ProcessBootstrap.java:60)
	at org.gradle.launcher.bootstrap.ProcessBootstrap.run(ProcessBootstrap.java:37)
	at org.gradle.launcher.GradleMain.main(GradleMain.java:23)
	at org.gradle.wrapper.BootstrapMainStarter.start(BootstrapMainStarter.java:30)
	at org.gradle.wrapper.WrapperExecutor.execute(WrapperExecutor.java:129)
	at org.gradle.wrapper.GradleWrapperMain.main(GradleWrapperMain.java:61)


* Get more help at https://help.gradle.org

BUILD FAILED in 5s

2019-01-05 22:48:35,423 ERROR ProjectBuildService - Excluded tasks were detected wrong
2019-01-05 22:48:35,423 INFO  SysUtils - Execute command: [/var/folders/bq/vtzpc5ns5sg2cthy61lqpg3dfzgbys/T/1546703285757-0/src/toggle-master/gradlew, -b, /var/folders/bq/vtzpc5ns5sg2cthy61lqpg3dfzgbys/T/1546703285757-0/src/toggle-master/toggle-sample/build.gradle, -Dorg.gradle.daemon=false, -Dorg.gradle.daemon.performance.enable-monitoring=false, -Dorg.gradle.configureondemand=true, --stacktrace, build]
2019-01-05 22:49:28,337 INFO  SysUtils - Configuration on demand is an incubating feature.
WARNING: Configuration 'provided' is obsolete and has been replaced with 'compileOnly'.
It will be removed at the end of 2018. For more information see: http://d.android.com/r/tools/update-dependency-configurations.html
:toggle:preBuild UP-TO-DATE
:toggle:preDebugBuild UP-TO-DATE
:toggle:compileDebugAidl NO-SOURCE
:toggle:compileDebugRenderscript
:toggle:checkDebugManifest
:toggle:generateDebugBuildConfig
:toggle:generateDebugResValues
:toggle:generateDebugResources
:toggle:packageDebugResources
Download https://dl.google.com/dl/android/maven2/com/android/tools/build/aapt2/3.2.0-alpha18-4804415/aapt2-3.2.0-alpha18-4804415-osx.jar
:toggle:processDebugManifest
:toggle:generateDebugRFile
:toggle:prepareLintJar
:toggle:generateDebugSources
:toggle:javaPreCompileDebug
Download https://jcenter.bintray.com/com/google/code/gson/gson/2.8.4/gson-2.8.4.jar
:toggle:compileDebugJavaWithJavac
:toggle:processDebugJavaRes NO-SOURCE
:toggle:transformClassesAndResourcesWithPrepareIntermediateJarsForDebug
:toggle-sample:preBuild UP-TO-DATE
:toggle-sample:preDebugBuild
Download https://jcenter.bintray.com/com/google/code/gson/gson/2.4/gson-2.4.pom
Download https://jcenter.bintray.com/com/squareup/retrofit2/converter-gson/2.0.0-beta3/converter-gson-2.0.0-beta3.pom
Download https://jcenter.bintray.com/com/squareup/retrofit2/retrofit/2.0.0-beta3/retrofit-2.0.0-beta3.pom
Download https://jcenter.bintray.com/com/squareup/retrofit2/retrofit-converters/2.0.0-beta3/retrofit-converters-2.0.0-beta3.pom
Download https://jcenter.bintray.com/com/squareup/retrofit2/parent/2.0.0-beta3/parent-2.0.0-beta3.pom
Download https://jcenter.bintray.com/com/squareup/okhttp3/okhttp/3.0.0-RC1/okhttp-3.0.0-RC1.pom
Download https://jcenter.bintray.com/com/squareup/okhttp3/parent/3.0.0-RC1/parent-3.0.0-RC1.pom
:toggle-sample:compileDebugAidl NO-SOURCE
:toggle:packageDebugRenderscript NO-SOURCE
:toggle-sample:compileDebugRenderscript
:toggle-sample:checkDebugManifest
:toggle-sample:generateDebugBuildConfig
:toggle-sample:prepareLintJar
:toggle-sample:mainApkListPersistenceDebug
:toggle-sample:generateDebugResValues
:toggle-sample:generateDebugResources
:toggle-sample:mergeDebugResources
:toggle-sample:createDebugCompatibleScreenManifests
:toggle-sample:processDebugManifest
:toggle-sample:splitsDiscoveryTaskDebug
:toggle-sample:processDebugResources
:toggle-sample:generateDebugSources
:toggle-sample:javaPreCompileDebug
Download https://jcenter.bintray.com/com/squareup/retrofit2/converter-gson/2.0.0-beta3/converter-gson-2.0.0-beta3.jar
Download https://jcenter.bintray.com/com/squareup/retrofit2/retrofit/2.0.0-beta3/retrofit-2.0.0-beta3.jar
Download https://jcenter.bintray.com/com/google/code/gson/gson/2.4/gson-2.4.jar
Download https://jcenter.bintray.com/com/squareup/okhttp3/okhttp/3.0.0-RC1/okhttp-3.0.0-RC1.jar
:toggle-sample:compileDebugJavaWithJavacwarning: unknown enum constant Scope.LIBRARY_GROUP
  reason: class file for android.support.annotation.RestrictTo$Scope not found
warning: unknown enum constant Scope.LIBRARY_GROUP
warning: unknown enum constant Scope.LIBRARY_GROUP
warning: unknown enum constant Scope.LIBRARY_GROUP
warning: unknown enum constant Scope.LIBRARY_GROUP
warning: unknown enum constant Scope.LIBRARY_GROUP
warning: unknown enum constant Scope.LIBRARY_GROUP
warning: unknown enum constant Scope.LIBRARY_GROUP
warning: unknown enum constant Scope.LIBRARY_GROUP
  reason: class file for android.support.annotation.RestrictTo$Scope not found
warning: unknown enum constant Scope.LIBRARY_GROUP
warning: unknown enum constant Scope.LIBRARY_GROUP
warning: unknown enum constant Scope.LIBRARY_GROUP
warning: unknown enum constant Scope.LIBRARY_GROUP
warning: unknown enum constant Scope.LIBRARY_GROUP
warning: unknown enum constant Scope.LIBRARY_GROUP
warning: unknown enum constant Scope.LIBRARY_GROUP
warning: unknown enum constant Scope.LIBRARY_GROUP
  reason: class file for android.support.annotation.RestrictTo$Scope not found
warning: unknown enum constant Scope.LIBRARY_GROUP
warning: unknown enum constant Scope.LIBRARY_GROUP
warning: unknown enum constant Scope.LIBRARY_GROUP
warning: unknown enum constant Scope.LIBRARY_GROUP
warning: unknown enum constant Scope.LIBRARY_GROUP
warning: unknown enum constant Scope.LIBRARY_GROUP
warning: unknown enum constant Scope.LIBRARY_GROUP
warning: unknown enum constant Scope.LIBRARY_GROUP
  reason: class file for android.support.annotation.RestrictTo$Scope not found
warning: unknown enum constant Scope.LIBRARY_GROUP
warning: unknown enum constant Scope.LIBRARY_GROUP
warning: unknown enum constant Scope.LIBRARY_GROUP
warning: unknown enum constant Scope.LIBRARY_GROUP
warning: unknown enum constant Scope.LIBRARY_GROUP
warning: unknown enum constant Scope.LIBRARY_GROUP
warning: unknown enum constant Scope.LIBRARY_GROUP
warning: unknown enum constant Scope.LIBRARY_GROUP
warning: unknown enum constant Scope.LIBRARY_GROUP
warning: unknown enum constant Scope.LIBRARY_GROUP
warning: unknown enum constant Scope.LIBRARY_GROUP
warning: unknown enum constant Scope.LIBRARY_GROUP
warning: unknown enum constant Scope.LIBRARY_GROUP
warning: unknown enum constant Scope.LIBRARY_GROUP
warning: unknown enum constant Scope.LIBRARY_GROUP
warning: unknown enum constant Scope.LIBRARY_GROUP
warning: unknown enum constant Scope.LIBRARY_GROUP
warning: unknown enum constant Scope.LIBRARY_GROUP
warning: unknown enum constant Scope.LIBRARY_GROUP
warning: unknown enum constant Scope.LIBRARY_GROUP
warning: unknown enum constant Scope.LIBRARY_GROUP
46 warnings

:toggle-sample:compileDebugNdk NO-SOURCE
:toggle-sample:compileDebugSources
:toggle:mergeDebugShaders
:toggle:compileDebugShaders
:toggle:generateDebugAssets
:toggle:packageDebugAssets
:toggle-sample:mergeDebugShaders
:toggle-sample:compileDebugShaders
:toggle-sample:generateDebugAssets
:toggle-sample:mergeDebugAssets
:toggle-sample:transformClassesWithDexBuilderForDebug
:toggle-sample:transformDexArchiveWithExternalLibsDexMergerForDebug
:toggle-sample:transformDexArchiveWithDexMergerForDebug
:toggle:compileDebugNdk NO-SOURCE
:toggle:mergeDebugJniLibFolders
:toggle:transformNativeLibsWithMergeJniLibsForDebug
:toggle:transformNativeLibsWithStripDebugSymbolForDebug
:toggle:transformNativeLibsWithIntermediateJniLibsForDebug
:toggle-sample:mergeDebugJniLibFolders
:toggle-sample:transformNativeLibsWithMergeJniLibsForDebug
:toggle-sample:transformNativeLibsWithStripDebugSymbolForDebug
:toggle-sample:checkDebugLibraries
:toggle-sample:processDebugJavaRes NO-SOURCE
:toggle-sample:transformResourcesWithMergeJavaResForDebug
:toggle-sample:validateSigningDebug
:toggle-sample:packageDebug
:toggle-sample:assembleDebug
:toggle:preReleaseBuild UP-TO-DATE
:toggle:compileReleaseAidl NO-SOURCE
:toggle:compileReleaseRenderscript
:toggle:checkReleaseManifest
:toggle:generateReleaseBuildConfig
:toggle:generateReleaseResValues
:toggle:generateReleaseResources
:toggle:packageReleaseResources
:toggle:processReleaseManifest
:toggle:generateReleaseRFile
:toggle:generateReleaseSources
:toggle:javaPreCompileRelease
:toggle:compileReleaseJavaWithJavac
:toggle:processReleaseJavaRes NO-SOURCE
:toggle:transformClassesAndResourcesWithPrepareIntermediateJarsForRelease
:toggle-sample:preReleaseBuild
:toggle-sample:compileReleaseAidl NO-SOURCE
:toggle:packageReleaseRenderscript NO-SOURCE
:toggle-sample:compileReleaseRenderscript
:toggle-sample:checkReleaseManifest
:toggle-sample:generateReleaseBuildConfig
:toggle-sample:mainApkListPersistenceRelease
:toggle-sample:generateReleaseResValues
:toggle-sample:generateReleaseResources
:toggle-sample:mergeReleaseResources
:toggle-sample:createReleaseCompatibleScreenManifests
:toggle-sample:processReleaseManifest
:toggle-sample:splitsDiscoveryTaskRelease
:toggle-sample:processReleaseResources
:toggle-sample:generateReleaseSources
:toggle-sample:javaPreCompileRelease
:toggle-sample:compileReleaseJavaWithJavacwarning: unknown enum constant Scope.LIBRARY_GROUP
  reason: class file for android.support.annotation.RestrictTo$Scope not found
warning: unknown enum constant Scope.LIBRARY_GROUP
warning: unknown enum constant Scope.LIBRARY_GROUP
warning: unknown enum constant Scope.LIBRARY_GROUP
warning: unknown enum constant Scope.LIBRARY_GROUP
warning: unknown enum constant Scope.LIBRARY_GROUP
warning: unknown enum constant Scope.LIBRARY_GROUP
warning: unknown enum constant Scope.LIBRARY_GROUP
warning: unknown enum constant Scope.LIBRARY_GROUP
  reason: class file for android.support.annotation.RestrictTo$Scope not found
warning: unknown enum constant Scope.LIBRARY_GROUP
warning: unknown enum constant Scope.LIBRARY_GROUP
warning: unknown enum constant Scope.LIBRARY_GROUP
warning: unknown enum constant Scope.LIBRARY_GROUP
warning: unknown enum constant Scope.LIBRARY_GROUP
warning: unknown enum constant Scope.LIBRARY_GROUP
warning: unknown enum constant Scope.LIBRARY_GROUP
warning: unknown enum constant Scope.LIBRARY_GROUP
  reason: class file for android.support.annotation.RestrictTo$Scope not found
warning: unknown enum constant Scope.LIBRARY_GROUP
warning: unknown enum constant Scope.LIBRARY_GROUP
warning: unknown enum constant Scope.LIBRARY_GROUP
warning: unknown enum constant Scope.LIBRARY_GROUP
warning: unknown enum constant Scope.LIBRARY_GROUP
warning: unknown enum constant Scope.LIBRARY_GROUP
warning: unknown enum constant Scope.LIBRARY_GROUP
warning: unknown enum constant Scope.LIBRARY_GROUP
  reason: class file for android.support.annotation.RestrictTo$Scope not found
warning: unknown enum constant Scope.LIBRARY_GROUP
warning: unknown enum constant Scope.LIBRARY_GROUP
warning: unknown enum constant Scope.LIBRARY_GROUP
warning: unknown enum constant Scope.LIBRARY_GROUP
warning: unknown enum constant Scope.LIBRARY_GROUP
warning: unknown enum constant Scope.LIBRARY_GROUP
warning: unknown enum constant Scope.LIBRARY_GROUP
warning: unknown enum constant Scope.LIBRARY_GROUP
warning: unknown enum constant Scope.LIBRARY_GROUP
warning: unknown enum constant Scope.LIBRARY_GROUP
warning: unknown enum constant Scope.LIBRARY_GROUP
warning: unknown enum constant Scope.LIBRARY_GROUP
warning: unknown enum constant Scope.LIBRARY_GROUP
warning: unknown enum constant Scope.LIBRARY_GROUP
warning: unknown enum constant Scope.LIBRARY_GROUP
warning: unknown enum constant Scope.LIBRARY_GROUP
warning: unknown enum constant Scope.LIBRARY_GROUP
warning: unknown enum constant Scope.LIBRARY_GROUP
warning: unknown enum constant Scope.LIBRARY_GROUP
warning: unknown enum constant Scope.LIBRARY_GROUP
warning: unknown enum constant Scope.LIBRARY_GROUP
46 warnings

:toggle-sample:compileReleaseNdk NO-SOURCE
:toggle-sample:compileReleaseSources
:toggle-sample:lintVitalRelease SKIPPED
:toggle:mergeReleaseShaders
:toggle:compileReleaseShaders
:toggle:generateReleaseAssets
:toggle:packageReleaseAssets
:toggle-sample:mergeReleaseShaders
:toggle-sample:compileReleaseShaders
:toggle-sample:generateReleaseAssets
:toggle-sample:mergeReleaseAssets
:toggle-sample:transformClassesWithDexBuilderForRelease
:toggle-sample:transformDexArchiveWithExternalLibsDexMergerForRelease
:toggle-sample:transformDexArchiveWithDexMergerForRelease
:toggle:compileReleaseNdk NO-SOURCE
:toggle:mergeReleaseJniLibFolders
:toggle:transformNativeLibsWithMergeJniLibsForRelease
:toggle:transformNativeLibsWithStripDebugSymbolForRelease
:toggle:transformNativeLibsWithIntermediateJniLibsForRelease
:toggle-sample:mergeReleaseJniLibFolders
:toggle-sample:transformNativeLibsWithMergeJniLibsForRelease
:toggle-sample:transformNativeLibsWithStripDebugSymbolForRelease
:toggle-sample:checkReleaseLibraries
:toggle-sample:processReleaseJavaRes NO-SOURCE
:toggle-sample:transformResourcesWithMergeJavaResForRelease
:toggle-sample:packageRelease
:toggle-sample:assembleRelease
:toggle-sample:assemble
:toggle-sample:lint
Download https://dl.google.com/dl/android/maven2/com/android/tools/lint/lint-gradle/26.2.0-alpha18/lint-gradle-26.2.0-alpha18.jar
Download https://dl.google.com/dl/android/maven2/com/android/tools/lint/lint-kotlin/26.2.0-alpha18/lint-kotlin-26.2.0-alpha18.jar
Download https://dl.google.com/dl/android/maven2/com/android/tools/lint/lint-api/26.2.0-alpha18/lint-api-26.2.0-alpha18.jar
Download https://dl.google.com/dl/android/maven2/com/android/tools/lint/lint/26.2.0-alpha18/lint-26.2.0-alpha18.jar
Download https://dl.google.com/dl/android/maven2/com/android/tools/lint/lint-checks/26.2.0-alpha18/lint-checks-26.2.0-alpha18.jar
Download https://dl.google.com/dl/android/maven2/com/android/tools/external/com-intellij/intellij-core/26.2.0-alpha18/intellij-core-26.2.0-alpha18.jar
Download https://dl.google.com/dl/android/maven2/com/android/tools/external/org-jetbrains/uast/26.2.0-alpha18/uast-26.2.0-alpha18.jar
Download https://dl.google.com/dl/android/maven2/com/android/tools/external/com-intellij/kotlin-compiler/26.2.0-alpha18/kotlin-compiler-26.2.0-alpha18.jar
Download https://jcenter.bintray.com/com/squareup/assertj/assertj-android/1.1.1/assertj-android-1.1.1.pom
Calling mockable JAR artifact transform to create file: /Users/vbauer/.gradle/caches/transforms-1/files-1.1/android.jar/61e3dd91e10e25890be91830ccb6e27e/android.jar with input /Users/vbauer/Library/Android/sdk/platforms/android-27/android.jar
Download https://jcenter.bintray.com/org/powermock/powermock-api-mockito/1.6.4/powermock-api-mockito-1.6.4.pom
Download https://jcenter.bintray.com/org/powermock/powermock-module-junit4/1.6.4/powermock-module-junit4-1.6.4.pom
Download https://jcenter.bintray.com/org/powermock/powermock-api/1.6.4/powermock-api-1.6.4.pom
Download https://jcenter.bintray.com/org/powermock/powermock-modules/1.6.4/powermock-modules-1.6.4.pom
Download https://jcenter.bintray.com/org/powermock/powermock/1.6.4/powermock-1.6.4.pom
Download https://jcenter.bintray.com/org/powermock/powermock-api-support/1.6.4/powermock-api-support-1.6.4.pom
Download https://jcenter.bintray.com/org/powermock/powermock-module-junit4-common/1.6.4/powermock-module-junit4-common-1.6.4.pom
Download https://jcenter.bintray.com/org/powermock/powermock-reflect/1.6.4/powermock-reflect-1.6.4.pom
Download https://jcenter.bintray.com/org/powermock/powermock-core/1.6.4/powermock-core-1.6.4.pom
Download https://jcenter.bintray.com/org/powermock/powermock-api-mockito/1.6.4/powermock-api-mockito-1.6.4.jar
Download https://jcenter.bintray.com/org/powermock/powermock-module-junit4/1.6.4/powermock-module-junit4-1.6.4.jar
Download https://jcenter.bintray.com/org/powermock/powermock-core/1.6.4/powermock-core-1.6.4.jar
Download https://jcenter.bintray.com/org/powermock/powermock-api-support/1.6.4/powermock-api-support-1.6.4.jar
Download https://jcenter.bintray.com/org/powermock/powermock-module-junit4-common/1.6.4/powermock-module-junit4-common-1.6.4.jar
Download https://jcenter.bintray.com/org/powermock/powermock-reflect/1.6.4/powermock-reflect-1.6.4.jar
Calling mockable JAR artifact transform to create file: /Users/vbauer/.gradle/caches/transforms-1/files-1.1/android.jar/a39d2848eebf32c91aef8088cdd59a6d/android.jar with input /Users/vbauer/Library/Android/sdk/platforms/android-27/android.jar
Ran lint on variant debug: 52 issues found
Ran lint on variant release: 52 issues found
Wrote HTML report to file:///private/var/folders/bq/vtzpc5ns5sg2cthy61lqpg3dfzgbys/T/1546703285757-0/src/toggle-master/toggle-sample/build/reports/lint-results.html
Wrote XML report to file:///private/var/folders/bq/vtzpc5ns5sg2cthy61lqpg3dfzgbys/T/1546703285757-0/src/toggle-master/toggle-sample/build/reports/lint-results.xml
:toggle-sample:generateDebugUnitTestSources
:toggle-sample:preDebugUnitTestBuild UP-TO-DATE
:toggle-sample:javaPreCompileDebugUnitTest
:toggle-sample:compileDebugUnitTestJavaWithJavac NO-SOURCE
:toggle-sample:processDebugUnitTestJavaRes NO-SOURCE
:toggle-sample:testDebugUnitTest NO-SOURCE
:toggle-sample:generateReleaseUnitTestSources
:toggle-sample:preReleaseUnitTestBuild UP-TO-DATE
:toggle-sample:javaPreCompileReleaseUnitTest
:toggle-sample:compileReleaseUnitTestJavaWithJavac NO-SOURCE
:toggle-sample:processReleaseUnitTestJavaRes NO-SOURCE
:toggle-sample:testReleaseUnitTest NO-SOURCE
:toggle-sample:test UP-TO-DATE
:toggle-sample:check
:toggle-sample:build

BUILD SUCCESSFUL in 52s
90 actionable tasks: 90 executed

2019-01-05 22:49:28,406 INFO  FullProcessService - Found APK file: /var/folders/bq/vtzpc5ns5sg2cthy61lqpg3dfzgbys/T/1546703285757-0/src/toggle-master/toggle-sample/build/outputs/apk/release/toggle-sample-release-unsigned.apk
