2018-12-17 21:29:19,931 INFO  DownloadService - Downloading "https://github.com/meituan/RoboAspectJ/archive/master.zip", attempt 3
2018-12-17 21:30:20,503 INFO  GithubDownloadService - Could not find ZIP archive for master branch
2018-12-17 21:30:22,175 INFO  GithubDownloadService - Default branch of this repository: master
2018-12-17 21:30:22,175 INFO  DownloadService - Downloading "https://github.com/meituan/RoboAspectJ/archive/master.zip", attempt 3
2018-12-17 21:31:23,837 DEBUG FullProcessService - Repository https://github.com/meituan/RoboAspectJ available: true
2018-12-17 21:31:23,838 INFO  FullProcessService - Could not download ZIP file from Github, lets clone it
2018-12-17 21:31:23,838 INFO  SysUtils - Execute command: [git, clone, -q, --single-branch, --depth, 1, https://github.com/meituan/RoboAspectJ, /var/folders/bq/vtzpc5ns5sg2cthy61lqpg3dfzgbys/T/1545056959928-0/src]
2018-12-17 21:31:25,655 INFO  SysUtils - 
2018-12-17 21:31:25,667 INFO  GitService - Deleted "/var/folders/bq/vtzpc5ns5sg2cthy61lqpg3dfzgbys/T/1545056959928-0/src/.git": true
2018-12-17 21:31:25,668 INFO  FullProcessService - Size of directory with sources: 33 KB
2018-12-17 21:31:25,668 INFO  SysUtils - Execute command: [git, init, /var/folders/bq/vtzpc5ns5sg2cthy61lqpg3dfzgbys/T/1545056959928-0/src]
2018-12-17 21:31:25,685 INFO  SysUtils - Initialized empty Git repository in /private/var/folders/bq/vtzpc5ns5sg2cthy61lqpg3dfzgbys/T/1545056959928-0/src/.git/

2018-12-17 21:31:25,686 INFO  ProjectBuildService - Gradle wrapper(s): none
2018-12-17 21:31:25,686 ERROR ProjectBuildService - Could not detect Gradle wrapper. Default Gradle installation will be used
2018-12-17 21:31:25,687 INFO  ProjectBuildService - Build script(s): /var/folders/bq/vtzpc5ns5sg2cthy61lqpg3dfzgbys/T/1545056959928-0/src/build.gradle
2018-12-17 21:31:25,689 INFO  ProjectBuildService - All script(s): /var/folders/bq/vtzpc5ns5sg2cthy61lqpg3dfzgbys/T/1545056959928-0/src/build.gradle
2018-12-17 21:31:25,689 INFO  ProjectBuildService - Remote scripts: none
2018-12-17 21:31:25,689 INFO  ProjectFixService - Fixing project...
2018-12-17 21:31:25,692 INFO  LocalPropertiesFixService - Created fake /var/folders/bq/vtzpc5ns5sg2cthy61lqpg3dfzgbys/T/1545056959928-0/src/local.properties
2018-12-17 21:31:25,693 INFO  ProjectFixService - Build info for "/var/folders/bq/vtzpc5ns5sg2cthy61lqpg3dfzgbys/T/1545056959928-0/src/build.gradle": [buildToolsVersion=<null>,compileSdkVersion=<null>,minSdkVersion=<null>,targetSdkVersion=<null>]
2018-12-17 21:31:25,693 INFO  ProjectFixService - Fixed build info for "/var/folders/bq/vtzpc5ns5sg2cthy61lqpg3dfzgbys/T/1545056959928-0/src/build.gradle": [buildToolsVersion=28.0.0-rc2,compileSdkVersion=28,minSdkVersion=28,targetSdkVersion=28]
2018-12-17 21:31:25,693 INFO  ProjectFixService - Project was maybe fixed
2018-12-17 21:31:25,693 INFO  ProjectTaskService - Detecting possible tasks...
2018-12-17 21:31:25,694 INFO  SysUtils - Execute command: [gradle, -b, /var/folders/bq/vtzpc5ns5sg2cthy61lqpg3dfzgbys/T/1545056959928-0/src/build.gradle, -Dorg.gradle.daemon=false, -Dorg.gradle.daemon.performance.enable-monitoring=false, -Dorg.gradle.configureondemand=true, tasks]
2018-12-17 21:31:25,708 ERROR ProjectTaskService - Could not detect possible Gradle tasks: Cannot run program "gradle" (in directory "."): error=2, No such file or directory
2018-12-17 21:31:25,708 INFO  ProjectTaskService - Detected possible tasks: 0
2018-12-17 21:31:25,708 INFO  ProjectTaskService - Excluded tasks (0): none
2018-12-17 21:31:25,708 INFO  SysUtils - Execute command: [gradle, -b, /var/folders/bq/vtzpc5ns5sg2cthy61lqpg3dfzgbys/T/1545056959928-0/src/build.gradle, -Dorg.gradle.daemon=false, -Dorg.gradle.daemon.performance.enable-monitoring=false, -Dorg.gradle.configureondemand=true, --stacktrace, build]
2018-12-17 21:31:25,712 ERROR SysUtils - Could not process external command
java.io.IOException: Cannot run program "gradle" (in directory "."): error=2, No such file or directory
	at java.lang.ProcessBuilder.start(ProcessBuilder.java:1048)
	at java.lang.Runtime.exec(Runtime.java:620)
	at org.apache.commons.exec.launcher.Java13CommandLauncher.exec(Java13CommandLauncher.java:61)
	at org.apache.commons.exec.DefaultExecutor.launch(DefaultExecutor.java:279)
	at org.apache.commons.exec.DefaultExecutor.executeInternal(DefaultExecutor.java:336)
	at org.apache.commons.exec.DefaultExecutor.execute(DefaultExecutor.java:166)
	at com.github.vbauer.apkmaster.util.SysUtils.execute(SysUtils.java:67)
	at com.github.vbauer.apkmaster.util.SysUtils.executeSimple(SysUtils.java:43)
	at com.github.vbauer.apkmaster.service.assembly.ProjectBuildService.buildProject(ProjectBuildService.java:78)
	at com.github.vbauer.apkmaster.service.assembly.ProjectBuildService.buildProject(ProjectBuildService.java:64)
	at com.github.vbauer.apkmaster.service.assembly.ProjectBuildService.buildProject(ProjectBuildService.java:43)
	at com.github.vbauer.apkmaster.service.FullProcessService.build(FullProcessService.java:84)
	at com.github.vbauer.apkmaster.service.FullProcessService.process(FullProcessService.java:34)
	at com.github.vbauer.apkmaster.app.MainApplication.process(MainApplication.java:38)
	at com.github.vbauer.apkmaster.app.MainApplication.main(MainApplication.java:20)
	at sun.reflect.NativeMethodAccessorImpl.invoke0(Native Method)
	at sun.reflect.NativeMethodAccessorImpl.invoke(NativeMethodAccessorImpl.java:62)
	at sun.reflect.DelegatingMethodAccessorImpl.invoke(DelegatingMethodAccessorImpl.java:43)
	at java.lang.reflect.Method.invoke(Method.java:498)
	at com.android.arsenal.util.ReflectionUtils.invoke(ReflectionUtils.java:52)
	at com.android.arsenal.util.ApkMasterUtils.main(ApkMasterUtils.java:30)
	at com.android.arsenal.service.processor.impl.BuildProcessorServiceImpl.buildProject(BuildProcessorServiceImpl.java:196)
	at com.android.arsenal.service.processor.impl.BuildProcessorServiceImpl.build(BuildProcessorServiceImpl.java:130)
	at com.android.arsenal.service.processor.impl.BuildProcessorServiceImpl.lambda$createTasks$1(BuildProcessorServiceImpl.java:113)
	at java.util.concurrent.FutureTask.run(FutureTask.java:266)
	at java.util.concurrent.Executors$RunnableAdapter.call(Executors.java:511)
	at java.util.concurrent.FutureTask.run(FutureTask.java:266)
	at java.util.concurrent.ThreadPoolExecutor.runWorker(ThreadPoolExecutor.java:1149)
	at java.util.concurrent.ThreadPoolExecutor$Worker.run(ThreadPoolExecutor.java:624)
	at java.lang.Thread.run(Thread.java:748)
Caused by: java.io.IOException: error=2, No such file or directory
	at java.lang.UNIXProcess.forkAndExec(Native Method)
	at java.lang.UNIXProcess.<init>(UNIXProcess.java:247)
	at java.lang.ProcessImpl.start(ProcessImpl.java:134)
	at java.lang.ProcessBuilder.start(ProcessBuilder.java:1029)
	... 29 common frames omitted
2018-12-17 21:31:25,712 INFO  SysUtils - 
2018-12-17 21:31:25,714 ERROR FullProcessService - Project build has not produced APK file
2018-12-17 21:31:25,715 ERROR FullProcessService - Could not find generated or existed APK file
