2018-12-17 23:10:19,136 INFO  DownloadService - Downloading "https://github.com/habibi07/ImgEffects/archive/master.zip", attempt 3
2018-12-17 23:11:19,685 INFO  GithubDownloadService - Could not find ZIP archive for master branch
2018-12-17 23:11:20,501 INFO  GithubDownloadService - Default branch of this repository: master
2018-12-17 23:11:20,501 INFO  DownloadService - Downloading "https://github.com/habibi07/ImgEffects/archive/master.zip", attempt 3
2018-12-17 23:12:23,284 DEBUG FullProcessService - Repository https://github.com/habibi07/ImgEffects available: true
2018-12-17 23:12:23,284 INFO  FullProcessService - Could not download ZIP file from Github, lets clone it
2018-12-17 23:12:23,284 INFO  SysUtils - Execute command: [git, clone, -q, --single-branch, --depth, 1, https://github.com/habibi07/ImgEffects, /var/folders/bq/vtzpc5ns5sg2cthy61lqpg3dfzgbys/T/1545063019133-0/src]
2018-12-17 23:12:29,826 INFO  SysUtils - 
2018-12-17 23:12:29,835 INFO  GitService - Deleted "/var/folders/bq/vtzpc5ns5sg2cthy61lqpg3dfzgbys/T/1545063019133-0/src/.git": true
2018-12-17 23:12:29,840 INFO  FullProcessService - Size of directory with sources: 44 MB
2018-12-17 23:12:29,840 INFO  SysUtils - Execute command: [git, init, /var/folders/bq/vtzpc5ns5sg2cthy61lqpg3dfzgbys/T/1545063019133-0/src]
2018-12-17 23:12:29,861 INFO  SysUtils - Initialized empty Git repository in /private/var/folders/bq/vtzpc5ns5sg2cthy61lqpg3dfzgbys/T/1545063019133-0/src/.git/

2018-12-17 23:12:29,865 INFO  ProjectBuildService - Gradle wrapper(s): /var/folders/bq/vtzpc5ns5sg2cthy61lqpg3dfzgbys/T/1545063019133-0/src/gradlew
2018-12-17 23:12:29,869 INFO  ProjectBuildService - Build script(s): /var/folders/bq/vtzpc5ns5sg2cthy61lqpg3dfzgbys/T/1545063019133-0/src/ImgEffects-sample/build.gradle /var/folders/bq/vtzpc5ns5sg2cthy61lqpg3dfzgbys/T/1545063019133-0/src/build.gradle
2018-12-17 23:12:29,873 INFO  ProjectBuildService - All script(s): /var/folders/bq/vtzpc5ns5sg2cthy61lqpg3dfzgbys/T/1545063019133-0/src/build.gradle /var/folders/bq/vtzpc5ns5sg2cthy61lqpg3dfzgbys/T/1545063019133-0/src/settings.gradle /var/folders/bq/vtzpc5ns5sg2cthy61lqpg3dfzgbys/T/1545063019133-0/src/ImgEffects-sample/build.gradle
2018-12-17 23:12:29,873 INFO  ProjectBuildService - Remote scripts: none
2018-12-17 23:12:29,873 INFO  ProjectFixService - Fixing project...
2018-12-17 23:12:29,882 INFO  LocalPropertiesFixService - Created fake /var/folders/bq/vtzpc5ns5sg2cthy61lqpg3dfzgbys/T/1545063019133-0/src/ImgEffects-sample/local.properties
2018-12-17 23:12:29,883 INFO  ProjectFixService - Build info for "/var/folders/bq/vtzpc5ns5sg2cthy61lqpg3dfzgbys/T/1545063019133-0/src/ImgEffects-sample/build.gradle": [buildToolsVersion=23.0.2,compileSdkVersion=23,minSdkVersion=15,targetSdkVersion=23]
2018-12-17 23:12:29,883 INFO  LocalPropertiesFixService - Created fake /var/folders/bq/vtzpc5ns5sg2cthy61lqpg3dfzgbys/T/1545063019133-0/src/local.properties
2018-12-17 23:12:29,884 INFO  WrapperPropertiesFixService - Gradle wrapper: https://services.gradle.org/distributions/gradle-2.10-all.zip
2018-12-17 23:12:29,884 INFO  WrapperPropertiesFixService - Gradle wrapper was changed from "-all.zip" to "-bin.zip" (https://services.gradle.org/distributions/gradle-2.10-bin.zip)
2018-12-17 23:12:29,885 INFO  ProjectFixService - Build info for "/var/folders/bq/vtzpc5ns5sg2cthy61lqpg3dfzgbys/T/1545063019133-0/src/build.gradle": [buildToolsVersion=23.0.2,compileSdkVersion=23,minSdkVersion=15,targetSdkVersion=23]
2018-12-17 23:12:29,885 INFO  ProjectFixService - Project was maybe fixed
2018-12-17 23:12:29,885 INFO  ProjectTaskService - Detecting possible tasks...
2018-12-17 23:12:29,885 INFO  SysUtils - Execute command: [/var/folders/bq/vtzpc5ns5sg2cthy61lqpg3dfzgbys/T/1545063019133-0/src/gradlew, -b, /var/folders/bq/vtzpc5ns5sg2cthy61lqpg3dfzgbys/T/1545063019133-0/src/ImgEffects-sample/build.gradle, -Dorg.gradle.daemon=false, -Dorg.gradle.daemon.performance.enable-monitoring=false, -Dorg.gradle.configureondemand=true, tasks]
2018-12-17 23:12:32,500 ERROR ProjectTaskService - Could not detect possible Gradle tasks: Process exited with an error: 1 (Exit value: 1)
2018-12-17 23:12:32,500 INFO  ProjectTaskService - Detected possible tasks: 0
2018-12-17 23:12:32,500 INFO  ProjectTaskService - Excluded tasks (0): none
2018-12-17 23:12:32,501 INFO  SysUtils - Execute command: [/var/folders/bq/vtzpc5ns5sg2cthy61lqpg3dfzgbys/T/1545063019133-0/src/gradlew, -b, /var/folders/bq/vtzpc5ns5sg2cthy61lqpg3dfzgbys/T/1545063019133-0/src/ImgEffects-sample/build.gradle, -Dorg.gradle.daemon=false, -Dorg.gradle.daemon.performance.enable-monitoring=false, -Dorg.gradle.configureondemand=true, --stacktrace, build]
2018-12-17 23:12:34,160 ERROR SysUtils - Could not process external command
org.apache.commons.exec.ExecuteException: Process exited with an error: 1 (Exit value: 1)
	at org.apache.commons.exec.DefaultExecutor.executeInternal(DefaultExecutor.java:404)
	at org.apache.commons.exec.DefaultExecutor.execute(DefaultExecutor.java:166)
	at com.github.vbauer.apkmaster.util.SysUtils.execute(SysUtils.java:67)
	at com.github.vbauer.apkmaster.util.SysUtils.executeSimple(SysUtils.java:43)
	at com.github.vbauer.apkmaster.service.assembly.ProjectBuildService.buildProject(ProjectBuildService.java:78)
	at com.github.vbauer.apkmaster.service.assembly.ProjectBuildService.buildProject(ProjectBuildService.java:64)
	at com.github.vbauer.apkmaster.service.assembly.ProjectBuildService.buildProject(ProjectBuildService.java:43)
	at com.github.vbauer.apkmaster.service.FullProcessService.build(FullProcessService.java:84)
	at com.github.vbauer.apkmaster.service.FullProcessService.process(FullProcessService.java:34)
	at com.github.vbauer.apkmaster.app.MainApplication.process(MainApplication.java:38)
	at com.github.vbauer.apkmaster.app.MainApplication.main(MainApplication.java:20)
	at sun.reflect.GeneratedMethodAccessor9.invoke(Unknown Source)
	at sun.reflect.DelegatingMethodAccessorImpl.invoke(DelegatingMethodAccessorImpl.java:43)
	at java.lang.reflect.Method.invoke(Method.java:498)
	at com.android.arsenal.util.ReflectionUtils.invoke(ReflectionUtils.java:52)
	at com.android.arsenal.util.ApkMasterUtils.main(ApkMasterUtils.java:30)
	at com.android.arsenal.service.processor.impl.BuildProcessorServiceImpl.buildProject(BuildProcessorServiceImpl.java:196)
	at com.android.arsenal.service.processor.impl.BuildProcessorServiceImpl.build(BuildProcessorServiceImpl.java:130)
	at com.android.arsenal.service.processor.impl.BuildProcessorServiceImpl.lambda$createTasks$1(BuildProcessorServiceImpl.java:113)
	at java.util.concurrent.FutureTask.run(FutureTask.java:266)
	at java.util.concurrent.Executors$RunnableAdapter.call(Executors.java:511)
	at java.util.concurrent.FutureTask.run(FutureTask.java:266)
	at java.util.concurrent.ThreadPoolExecutor.runWorker(ThreadPoolExecutor.java:1149)
	at java.util.concurrent.ThreadPoolExecutor$Worker.run(ThreadPoolExecutor.java:624)
	at java.lang.Thread.run(Thread.java:748)
2018-12-17 23:12:34,160 INFO  SysUtils - Configuration on demand is an incubating feature.

FAILURE: Build failed with an exception.

* Where:
Build file '/private/var/folders/bq/vtzpc5ns5sg2cthy61lqpg3dfzgbys/T/1545063019133-0/src/ImgEffects-sample/build.gradle' line: 1

* What went wrong:
A problem occurred evaluating root project 'ImgEffects-sample'.
> Plugin with id 'com.android.application' not found.

* Try:
Run with --info or --debug option to get more log output.

* Exception is:
org.gradle.api.GradleScriptException: A problem occurred evaluating root project 'ImgEffects-sample'.
	at org.gradle.groovy.scripts.internal.DefaultScriptRunnerFactory$ScriptRunnerImpl.run(DefaultScriptRunnerFactory.java:93)
	at org.gradle.configuration.DefaultScriptPluginFactory$ScriptPluginImpl$1.run(DefaultScriptPluginFactory.java:144)
	at org.gradle.configuration.ProjectScriptTarget.addConfiguration(ProjectScriptTarget.java:72)
	at org.gradle.configuration.DefaultScriptPluginFactory$ScriptPluginImpl.apply(DefaultScriptPluginFactory.java:149)
	at org.gradle.configuration.project.BuildScriptProcessor.execute(BuildScriptProcessor.java:38)
	at org.gradle.configuration.project.BuildScriptProcessor.execute(BuildScriptProcessor.java:25)
	at org.gradle.configuration.project.ConfigureActionsProjectEvaluator.evaluate(ConfigureActionsProjectEvaluator.java:34)
	at org.gradle.configuration.project.LifecycleProjectEvaluator.evaluate(LifecycleProjectEvaluator.java:55)
	at org.gradle.api.internal.project.AbstractProject.evaluate(AbstractProject.java:510)
	at org.gradle.api.internal.project.AbstractProject.evaluate(AbstractProject.java:90)
	at org.gradle.execution.TaskPathProjectEvaluator.configure(TaskPathProjectEvaluator.java:35)
	at org.gradle.configuration.DefaultBuildConfigurer.configure(DefaultBuildConfigurer.java:33)
	at org.gradle.initialization.DefaultGradleLauncher$2.run(DefaultGradleLauncher.java:125)
	at org.gradle.internal.Factories$1.create(Factories.java:22)
	at org.gradle.internal.progress.DefaultBuildOperationExecutor.run(DefaultBuildOperationExecutor.java:90)
	at org.gradle.internal.progress.DefaultBuildOperationExecutor.run(DefaultBuildOperationExecutor.java:52)
	at org.gradle.initialization.DefaultGradleLauncher.doBuildStages(DefaultGradleLauncher.java:122)
	at org.gradle.initialization.DefaultGradleLauncher.access$200(DefaultGradleLauncher.java:32)
	at org.gradle.initialization.DefaultGradleLauncher$1.create(DefaultGradleLauncher.java:99)
	at org.gradle.initialization.DefaultGradleLauncher$1.create(DefaultGradleLauncher.java:93)
	at org.gradle.internal.progress.DefaultBuildOperationExecutor.run(DefaultBuildOperationExecutor.java:90)
	at org.gradle.internal.progress.DefaultBuildOperationExecutor.run(DefaultBuildOperationExecutor.java:62)
	at org.gradle.initialization.DefaultGradleLauncher.doBuild(DefaultGradleLauncher.java:93)
	at org.gradle.initialization.DefaultGradleLauncher.run(DefaultGradleLauncher.java:82)
	at org.gradle.launcher.exec.InProcessBuildActionExecuter$DefaultBuildController.run(InProcessBuildActionExecuter.java:94)
	at org.gradle.tooling.internal.provider.ExecuteBuildActionRunner.run(ExecuteBuildActionRunner.java:28)
	at org.gradle.launcher.exec.ChainingBuildActionRunner.run(ChainingBuildActionRunner.java:35)
	at org.gradle.launcher.exec.InProcessBuildActionExecuter.execute(InProcessBuildActionExecuter.java:43)
	at org.gradle.launcher.exec.InProcessBuildActionExecuter.execute(InProcessBuildActionExecuter.java:28)
	at org.gradle.launcher.exec.ContinuousBuildActionExecuter.execute(ContinuousBuildActionExecuter.java:78)
	at org.gradle.launcher.exec.ContinuousBuildActionExecuter.execute(ContinuousBuildActionExecuter.java:48)
	at org.gradle.launcher.exec.DaemonUsageSuggestingBuildActionExecuter.execute(DaemonUsageSuggestingBuildActionExecuter.java:51)
	at org.gradle.launcher.exec.DaemonUsageSuggestingBuildActionExecuter.execute(DaemonUsageSuggestingBuildActionExecuter.java:28)
	at org.gradle.launcher.cli.RunBuildAction.run(RunBuildAction.java:43)
	at org.gradle.internal.Actions$RunnableActionAdapter.execute(Actions.java:170)
	at org.gradle.launcher.cli.CommandLineActionFactory$ParseAndBuildAction.execute(CommandLineActionFactory.java:237)
	at org.gradle.launcher.cli.CommandLineActionFactory$ParseAndBuildAction.execute(CommandLineActionFactory.java:210)
	at org.gradle.launcher.cli.JavaRuntimeValidationAction.execute(JavaRuntimeValidationAction.java:35)
	at org.gradle.launcher.cli.JavaRuntimeValidationAction.execute(JavaRuntimeValidationAction.java:24)
	at org.gradle.launcher.cli.CommandLineActionFactory$WithLogging.execute(CommandLineActionFactory.java:206)
	at org.gradle.launcher.cli.CommandLineActionFactory$WithLogging.execute(CommandLineActionFactory.java:169)
	at org.gradle.launcher.cli.ExceptionReportingAction.execute(ExceptionReportingAction.java:33)
	at org.gradle.launcher.cli.ExceptionReportingAction.execute(ExceptionReportingAction.java:22)
	at org.gradle.launcher.Main.doAction(Main.java:33)
	at org.gradle.launcher.bootstrap.EntryPoint.run(EntryPoint.java:45)
	at org.gradle.launcher.bootstrap.ProcessBootstrap.runNoExit(ProcessBootstrap.java:54)
	at org.gradle.launcher.bootstrap.ProcessBootstrap.run(ProcessBootstrap.java:35)
	at org.gradle.launcher.GradleMain.main(GradleMain.java:23)
	at org.gradle.wrapper.BootstrapMainStarter.start(BootstrapMainStarter.java:30)
	at org.gradle.wrapper.WrapperExecutor.execute(WrapperExecutor.java:129)
	at org.gradle.wrapper.GradleWrapperMain.main(GradleWrapperMain.java:61)
Caused by: org.gradle.api.plugins.UnknownPluginException: Plugin with id 'com.android.application' not found.
	at org.gradle.api.internal.plugins.DefaultPluginManager.apply(DefaultPluginManager.java:110)
	at org.gradle.api.internal.plugins.DefaultObjectConfigurationAction.applyType(DefaultObjectConfigurationAction.java:112)
	at org.gradle.api.internal.plugins.DefaultObjectConfigurationAction.access$200(DefaultObjectConfigurationAction.java:35)
	at org.gradle.api.internal.plugins.DefaultObjectConfigurationAction$3.run(DefaultObjectConfigurationAction.java:79)
	at org.gradle.api.internal.plugins.DefaultObjectConfigurationAction.execute(DefaultObjectConfigurationAction.java:135)
	at org.gradle.api.internal.project.AbstractPluginAware.apply(AbstractPluginAware.java:46)
	at org.gradle.api.plugins.PluginAware$apply.call(Unknown Source)
	at org.gradle.api.internal.project.ProjectScript.apply(ProjectScript.groovy:35)
	at org.gradle.api.Script$apply.callCurrent(Unknown Source)
	at build_eyqdyo79vboz18pf82pkqiemu.run(/private/var/folders/bq/vtzpc5ns5sg2cthy61lqpg3dfzgbys/T/1545063019133-0/src/ImgEffects-sample/build.gradle:1)
	at org.gradle.groovy.scripts.internal.DefaultScriptRunnerFactory$ScriptRunnerImpl.run(DefaultScriptRunnerFactory.java:91)
	... 50 more


BUILD FAILED

Total time: 1.464 secs

2018-12-17 23:12:34,165 INFO  ProjectTaskService - Detecting possible tasks...
2018-12-17 23:12:34,165 INFO  SysUtils - Execute command: [/var/folders/bq/vtzpc5ns5sg2cthy61lqpg3dfzgbys/T/1545063019133-0/src/gradlew, -b, /var/folders/bq/vtzpc5ns5sg2cthy61lqpg3dfzgbys/T/1545063019133-0/src/build.gradle, -Dorg.gradle.daemon=false, -Dorg.gradle.daemon.performance.enable-monitoring=false, -Dorg.gradle.configureondemand=true, tasks]
2018-12-17 23:12:47,209 INFO  ProjectTaskService - Detected possible tasks: 26
2018-12-17 23:12:47,209 INFO  ProjectTaskService - Excluded tasks (0): none
2018-12-17 23:12:47,209 INFO  SysUtils - Execute command: [/var/folders/bq/vtzpc5ns5sg2cthy61lqpg3dfzgbys/T/1545063019133-0/src/gradlew, -b, /var/folders/bq/vtzpc5ns5sg2cthy61lqpg3dfzgbys/T/1545063019133-0/src/build.gradle, -Dorg.gradle.daemon=false, -Dorg.gradle.daemon.performance.enable-monitoring=false, -Dorg.gradle.configureondemand=true, --stacktrace, build]
2018-12-17 23:12:50,361 INFO  SysUtils - Configuration on demand is an incubating feature.
:buildEnvironment

------------------------------------------------------------
Root project
------------------------------------------------------------

classpath
+--- com.android.tools.build:gradle:2.0.0
|    \--- com.android.tools.build:gradle-core:2.0.0
|         +--- com.android.tools.build:builder:2.0.0
|         |    +--- com.android.tools.build:builder-model:2.0.0
|         |    |    \--- com.android.tools:annotations:25.0.0
|         |    +--- com.android.tools.build:builder-test-api:2.0.0
|         |    |    \--- com.android.tools.ddms:ddmlib:25.0.0
|         |    |         +--- com.android.tools:common:25.0.0
|         |    |         |    +--- com.android.tools:annotations:25.0.0
|         |    |         |    \--- com.google.guava:guava:17.0
|         |    |         \--- net.sf.kxml:kxml2:2.3.0
|         |    +--- com.android.tools:sdklib:25.0.0
|         |    |    +--- com.android.tools.layoutlib:layoutlib-api:25.0.0
|         |    |    |    +--- com.android.tools:common:25.0.0 (*)
|         |    |    |    +--- net.sf.kxml:kxml2:2.3.0
|         |    |    |    +--- com.android.tools:annotations:25.0.0
|         |    |    |    \--- com.intellij:annotations:12.0
|         |    |    +--- com.android.tools:dvlib:25.0.0
|         |    |    |    \--- com.android.tools:common:25.0.0 (*)
|         |    |    +--- com.android.tools:repository:25.0.0
|         |    |    |    +--- com.android.tools:common:25.0.0 (*)
|         |    |    |    \--- org.apache.commons:commons-compress:1.8.1
|         |    |    +--- com.google.code.gson:gson:2.2.4
|         |    |    +--- org.apache.commons:commons-compress:1.8.1
|         |    |    +--- org.apache.httpcomponents:httpclient:4.1.1 -> 4.2.1
|         |    |    |    +--- org.apache.httpcomponents:httpcore:4.2.1
|         |    |    |    +--- commons-logging:commons-logging:1.1.1
|         |    |    |    \--- commons-codec:commons-codec:1.6
|         |    |    \--- org.apache.httpcomponents:httpmime:4.1
|         |    |         +--- org.apache.httpcomponents:httpcore:4.1 -> 4.2.1
|         |    |         \--- commons-logging:commons-logging:1.1.1
|         |    +--- com.android.tools:sdk-common:25.0.0
|         |    |    +--- com.android.tools:sdklib:25.0.0 (*)
|         |    |    +--- com.android.tools.build:builder-test-api:2.0.0 (*)
|         |    |    +--- com.android.tools.build:builder-model:2.0.0 (*)
|         |    |    +--- org.bouncycastle:bcpkix-jdk15on:1.48
|         |    |    |    \--- org.bouncycastle:bcprov-jdk15on:1.48
|         |    |    \--- org.bouncycastle:bcprov-jdk15on:1.48
|         |    +--- com.android.tools:common:25.0.0 (*)
|         |    +--- com.android.tools.build:manifest-merger:25.0.0
|         |    |    +--- com.android.tools:common:25.0.0 (*)
|         |    |    +--- com.android.tools:sdklib:25.0.0 (*)
|         |    |    +--- com.android.tools:sdk-common:25.0.0 (*)
|         |    |    +--- net.sf.kxml:kxml2:2.3.0
|         |    |    \--- com.google.code.gson:gson:2.2.4
|         |    +--- com.android.tools.ddms:ddmlib:25.0.0 (*)
|         |    +--- com.android.tools.jack:jack-api:0.9.0
|         |    +--- com.android.tools.jill:jill-api:0.9.0
|         |    +--- com.squareup:javawriter:2.5.0
|         |    +--- org.bouncycastle:bcpkix-jdk15on:1.48 (*)
|         |    +--- org.bouncycastle:bcprov-jdk15on:1.48
|         |    +--- org.ow2.asm:asm:5.0.3
|         |    \--- org.ow2.asm:asm-tree:5.0.3
|         |         \--- org.ow2.asm:asm:5.0.3
|         +--- com.android.tools.lint:lint:25.0.0
|         |    +--- com.android.tools.lint:lint-checks:25.0.0
|         |    |    +--- com.android.tools.lint:lint-api:25.0.0
|         |    |    |    +--- com.android.tools:sdk-common:25.0.0 (*)
|         |    |    |    +--- com.android.tools.build:builder-model:2.0.0 (*)
|         |    |    |    +--- com.android.tools.external.lombok:lombok-ast:0.2.3
|         |    |    |    |    \--- com.google.guava:guava:17.0
|         |    |    |    +--- org.ow2.asm:asm:5.0.3
|         |    |    |    \--- org.ow2.asm:asm-tree:5.0.3 (*)
|         |    |    \--- org.ow2.asm:asm-analysis:5.0.3
|         |    |         \--- org.ow2.asm:asm-tree:5.0.3 (*)
|         |    \--- org.eclipse.jdt.core.compiler:ecj:4.4.2
|         +--- com.android.tools.build:transform-api:2.0.0-deprecated-use-gradle-api
|         +--- com.android.tools.build:gradle-api:2.0.0
|         |    +--- com.android.tools:annotations:25.0.0
|         |    \--- com.google.guava:guava:17.0
|         +--- com.android.databinding:compilerCommon:2.0.0
|         |    +--- com.android.databinding:baseLibrary:2.0.0
|         |    +--- com.tunnelvisionlabs:antlr4:4.5
|         |    |    +--- com.tunnelvisionlabs:antlr4-runtime:4.5
|         |    |    |    +--- org.abego.treelayout:org.abego.treelayout.core:1.0.1
|         |    |    |    \--- com.tunnelvisionlabs:antlr4-annotations:4.5
|         |    |    +--- com.tunnelvisionlabs:antlr4-annotations:4.5
|         |    |    +--- org.antlr:antlr-runtime:3.5.2
|         |    |    \--- org.antlr:ST4:4.0.8
|         |    |         \--- org.antlr:antlr-runtime:3.5.2
|         |    +--- commons-io:commons-io:2.4
|         |    +--- com.googlecode.juniversalchardet:juniversalchardet:1.0.3
|         |    \--- com.google.guava:guava:17.0
|         +--- org.ow2.asm:asm:5.0.3
|         +--- org.ow2.asm:asm-commons:5.0.3
|         |    \--- org.ow2.asm:asm-tree:5.0.3 (*)
|         +--- net.sf.proguard:proguard-gradle:5.2.1
|         |    \--- net.sf.proguard:proguard-base:5.2.1
|         +--- org.jacoco:org.jacoco.core:0.7.4.201502262128
|         |    \--- org.ow2.asm:asm-debug-all:5.0.1
|         \--- org.antlr:antlr:3.5.2
|              +--- org.antlr:antlr-runtime:3.5.2
|              \--- org.antlr:ST4:4.0.8 (*)
+--- com.jfrog.bintray.gradle:gradle-bintray-plugin:1.6
|    +--- org.codehaus.groovy.modules.http-builder:http-builder:0.7.2
|    |    +--- org.apache.httpcomponents:httpclient:4.2.1 (*)
|    |    +--- net.sf.json-lib:json-lib:2.3
|    |    |    +--- commons-beanutils:commons-beanutils:1.8.0
|    |    |    |    \--- commons-logging:commons-logging:1.1.1
|    |    |    +--- commons-collections:commons-collections:3.2.1
|    |    |    +--- commons-lang:commons-lang:2.4
|    |    |    +--- commons-logging:commons-logging:1.1.1
|    |    |    \--- net.sf.ezmorph:ezmorph:1.0.6
|    |    |         \--- commons-lang:commons-lang:2.3 -> 2.4
|    |    +--- net.sourceforge.nekohtml:nekohtml:1.9.16
|    |    |    \--- xerces:xercesImpl:2.9.1
|    |    \--- xml-resolver:xml-resolver:1.2
|    \--- org.apache.maven:maven-ant-tasks:2.1.3
|         +--- org.apache.ant:ant:1.8.0
|         |    \--- org.apache.ant:ant-launcher:1.8.0
|         +--- classworlds:classworlds:1.1-alpha-2
|         +--- org.codehaus.plexus:plexus-container-default:1.0-alpha-9-stable-1
|         |    +--- junit:junit:3.8.1
|         |    +--- org.codehaus.plexus:plexus-utils:1.0.4 -> 1.5.15
|         |    \--- classworlds:classworlds:1.1-alpha-2
|         +--- org.codehaus.plexus:plexus-utils:1.5.15
|         +--- org.codehaus.plexus:plexus-interpolation:1.11
|         +--- org.apache.maven:maven-artifact:2.2.1
|         |    \--- org.codehaus.plexus:plexus-utils:1.5.15
|         +--- org.apache.maven:maven-artifact-manager:2.2.1
|         |    +--- org.apache.maven:maven-repository-metadata:2.2.1
|         |    |    \--- org.codehaus.plexus:plexus-utils:1.5.15
|         |    +--- org.codehaus.plexus:plexus-utils:1.5.15
|         |    +--- org.apache.maven:maven-artifact:2.2.1 (*)
|         |    +--- org.codehaus.plexus:plexus-container-default:1.0-alpha-9-stable-1 (*)
|         |    +--- org.apache.maven.wagon:wagon-provider-api:1.0-beta-6
|         |    |    \--- org.codehaus.plexus:plexus-utils:1.4.2 -> 1.5.15
|         |    \--- backport-util-concurrent:backport-util-concurrent:3.1
|         +--- org.apache.maven:maven-model:2.2.1
|         |    \--- org.codehaus.plexus:plexus-utils:1.5.15
|         +--- org.apache.maven:maven-project:2.2.1
|         |    +--- org.apache.maven:maven-settings:2.2.1
|         |    |    +--- org.apache.maven:maven-model:2.2.1 (*)
|         |    |    +--- org.codehaus.plexus:plexus-interpolation:1.11
|         |    |    +--- org.codehaus.plexus:plexus-utils:1.5.15
|         |    |    \--- org.codehaus.plexus:plexus-container-default:1.0-alpha-9-stable-1 (*)
|         |    +--- org.apache.maven:maven-profile:2.2.1
|         |    |    +--- org.apache.maven:maven-model:2.2.1 (*)
|         |    |    +--- org.codehaus.plexus:plexus-utils:1.5.15
|         |    |    +--- org.codehaus.plexus:plexus-interpolation:1.11
|         |    |    \--- org.codehaus.plexus:plexus-container-default:1.0-alpha-9-stable-1 (*)
|         |    +--- org.apache.maven:maven-model:2.2.1 (*)
|         |    +--- org.apache.maven:maven-artifact-manager:2.2.1 (*)
|         |    +--- org.apache.maven:maven-plugin-registry:2.2.1
|         |    |    +--- org.codehaus.plexus:plexus-utils:1.5.15
|         |    |    \--- org.codehaus.plexus:plexus-container-default:1.0-alpha-9-stable-1 (*)
|         |    +--- org.codehaus.plexus:plexus-interpolation:1.11
|         |    +--- org.codehaus.plexus:plexus-utils:1.5.15
|         |    +--- org.apache.maven:maven-artifact:2.2.1 (*)
|         |    \--- org.codehaus.plexus:plexus-container-default:1.0-alpha-9-stable-1 (*)
|         +--- org.apache.maven:maven-error-diagnostics:2.2.1
|         |    \--- org.codehaus.plexus:plexus-container-default:1.0-alpha-9-stable-1 (*)
|         +--- org.apache.maven:maven-settings:2.2.1 (*)
|         +--- org.apache.maven.wagon:wagon-file:1.0-beta-6
|         |    \--- org.apache.maven.wagon:wagon-provider-api:1.0-beta-6 (*)
|         +--- org.apache.maven.wagon:wagon-http-lightweight:1.0-beta-6
|         |    +--- org.apache.maven.wagon:wagon-http-shared:1.0-beta-6
|         |    |    +--- nekohtml:xercesMinimal:1.9.6.2
|         |    |    +--- nekohtml:nekohtml:1.9.6.2
|         |    |    \--- org.apache.maven.wagon:wagon-provider-api:1.0-beta-6 (*)
|         |    \--- org.apache.maven.wagon:wagon-provider-api:1.0-beta-6 (*)
|         \--- org.apache.maven.wagon:wagon-provider-api:1.0-beta-6 (*)
\--- com.github.dcendents:android-maven-gradle-plugin:1.3

(*) - dependencies omitted (listed previously)

BUILD SUCCESSFUL

Total time: 2.67 secs

2018-12-17 23:12:50,365 ERROR FullProcessService - Project build has not produced APK file
2018-12-17 23:12:50,369 ERROR FullProcessService - Could not find generated or existed APK file
