2019-01-06 21:07:45,566 INFO  DownloadService - Downloading "https://github.com/mattsilber/sigcap/archive/master.zip", attempt 3
2019-01-06 21:07:46,503 INFO  DownloadService - Downloaded https://github.com/mattsilber/sigcap/archive/master.zip, attempt 3
2019-01-06 21:07:46,503 INFO  DownloadService - Size of file "/var/folders/bq/vtzpc5ns5sg2cthy61lqpg3dfzgbys/T/1546783665563-0/master.zip": 320 KB
2019-01-06 21:07:46,503 INFO  ArchiveUtils - Checking entries [.gradle] in ZIP file...
2019-01-06 21:07:46,508 INFO  ArchiveUtils - Has entries [.gradle] in ZIP file /var/folders/bq/vtzpc5ns5sg2cthy61lqpg3dfzgbys/T/1546783665563-0/master.zip: true
2019-01-06 21:07:46,509 DEBUG ZipUtil - Extracting '/var/folders/bq/vtzpc5ns5sg2cthy61lqpg3dfzgbys/T/1546783665563-0/master.zip' into '/var/folders/bq/vtzpc5ns5sg2cthy61lqpg3dfzgbys/T/1546783665563-0/src'.
2019-01-06 21:07:46,530 INFO  FullProcessService - Size of directory with sources: 467 KB
2019-01-06 21:07:46,530 INFO  SysUtils - Execute command: [git, init, /var/folders/bq/vtzpc5ns5sg2cthy61lqpg3dfzgbys/T/1546783665563-0/src]
2019-01-06 21:07:46,554 INFO  SysUtils - Initialized empty Git repository in /private/var/folders/bq/vtzpc5ns5sg2cthy61lqpg3dfzgbys/T/1546783665563-0/src/.git/

2019-01-06 21:07:46,557 INFO  ProjectBuildService - Gradle wrapper(s): none
2019-01-06 21:07:46,557 ERROR ProjectBuildService - Could not detect Gradle wrapper. Default Gradle installation will be used
2019-01-06 21:07:46,566 INFO  ProjectBuildService - Build script(s): /var/folders/bq/vtzpc5ns5sg2cthy61lqpg3dfzgbys/T/1546783665563-0/src/sigcap-master/sigcap-sample/build.gradle /var/folders/bq/vtzpc5ns5sg2cthy61lqpg3dfzgbys/T/1546783665563-0/src/sigcap-master/sigcap/build.gradle /var/folders/bq/vtzpc5ns5sg2cthy61lqpg3dfzgbys/T/1546783665563-0/src/sigcap-master/build.gradle
2019-01-06 21:07:46,569 INFO  ProjectBuildService - All script(s): /var/folders/bq/vtzpc5ns5sg2cthy61lqpg3dfzgbys/T/1546783665563-0/src/sigcap-master/sigcap-sample/build.gradle /var/folders/bq/vtzpc5ns5sg2cthy61lqpg3dfzgbys/T/1546783665563-0/src/sigcap-master/sigcap-sample/settings.gradle /var/folders/bq/vtzpc5ns5sg2cthy61lqpg3dfzgbys/T/1546783665563-0/src/sigcap-master/build.gradle /var/folders/bq/vtzpc5ns5sg2cthy61lqpg3dfzgbys/T/1546783665563-0/src/sigcap-master/sigcap/build.gradle /var/folders/bq/vtzpc5ns5sg2cthy61lqpg3dfzgbys/T/1546783665563-0/src/sigcap-master/settings.gradle
2019-01-06 21:07:46,570 INFO  DownloadService - Downloading "https://raw.githubusercontent.com/attwellBrian/JCenter/master/installv1.gradle", attempt 3
2019-01-06 21:07:46,788 INFO  DownloadService - Downloaded https://raw.githubusercontent.com/attwellBrian/JCenter/master/installv1.gradle, attempt 3
2019-01-06 21:07:46,788 INFO  DownloadService - Downloading "https://raw.githubusercontent.com/attwellBrian/JCenter/master/bintrayv1.gradle", attempt 3
2019-01-06 21:07:47,013 INFO  DownloadService - Downloaded https://raw.githubusercontent.com/attwellBrian/JCenter/master/bintrayv1.gradle, attempt 3
2019-01-06 21:07:47,013 INFO  ProjectBuildService - Remote scripts: https://raw.githubusercontent.com/attwellBrian/JCenter/master/installv1.gradle https://raw.githubusercontent.com/attwellBrian/JCenter/master/bintrayv1.gradle
2019-01-06 21:07:47,013 INFO  ProjectFixService - Fixing project...
2019-01-06 21:07:47,020 INFO  LocalPropertiesFixService - Created fake /var/folders/bq/vtzpc5ns5sg2cthy61lqpg3dfzgbys/T/1546783665563-0/src/sigcap-master/sigcap-sample/local.properties
2019-01-06 21:07:47,021 INFO  ProjectFixService - Build info for "/var/folders/bq/vtzpc5ns5sg2cthy61lqpg3dfzgbys/T/1546783665563-0/src/sigcap-master/sigcap-sample/build.gradle": [buildToolsVersion=27.0.3,compileSdkVersion=27,minSdkVersion=14,targetSdkVersion=27]
2019-01-06 21:07:47,021 INFO  LocalPropertiesFixService - Created fake /var/folders/bq/vtzpc5ns5sg2cthy61lqpg3dfzgbys/T/1546783665563-0/src/sigcap-master/sigcap/local.properties
2019-01-06 21:07:47,022 INFO  ProjectFixService - Build info for "/var/folders/bq/vtzpc5ns5sg2cthy61lqpg3dfzgbys/T/1546783665563-0/src/sigcap-master/sigcap/build.gradle": [buildToolsVersion=27.0.3,compileSdkVersion=27,minSdkVersion=9,targetSdkVersion=27]
2019-01-06 21:07:47,022 INFO  LocalPropertiesFixService - Created fake /var/folders/bq/vtzpc5ns5sg2cthy61lqpg3dfzgbys/T/1546783665563-0/src/sigcap-master/local.properties
2019-01-06 21:07:47,023 INFO  ProjectFixService - Build info for "/var/folders/bq/vtzpc5ns5sg2cthy61lqpg3dfzgbys/T/1546783665563-0/src/sigcap-master/build.gradle": [buildToolsVersion=27.0.3,compileSdkVersion=27,minSdkVersion=14,targetSdkVersion=27]
2019-01-06 21:07:47,023 INFO  ProjectFixService - Project was maybe fixed
2019-01-06 21:07:47,023 INFO  ProjectTaskService - Detecting possible tasks...
2019-01-06 21:07:47,023 INFO  SysUtils - Execute command: [gradle, -b, /var/folders/bq/vtzpc5ns5sg2cthy61lqpg3dfzgbys/T/1546783665563-0/src/sigcap-master/sigcap-sample/build.gradle, -Dorg.gradle.daemon=false, -Dorg.gradle.daemon.performance.enable-monitoring=false, -Dorg.gradle.configureondemand=true, tasks]
2019-01-06 21:07:47,029 ERROR ProjectTaskService - Could not detect possible Gradle tasks: Cannot run program "gradle" (in directory "."): error=2, No such file or directory
2019-01-06 21:07:47,029 INFO  ProjectTaskService - Detected possible tasks: 3
2019-01-06 21:07:47,029 INFO  ProjectTaskService - Excluded tasks (3): sourcesJar javadocJar javadoc
2019-01-06 21:07:47,029 INFO  SysUtils - Execute command: [gradle, -b, /var/folders/bq/vtzpc5ns5sg2cthy61lqpg3dfzgbys/T/1546783665563-0/src/sigcap-master/sigcap-sample/build.gradle, -Dorg.gradle.daemon=false, -Dorg.gradle.daemon.performance.enable-monitoring=false, -Dorg.gradle.configureondemand=true, --stacktrace, -x, sourcesJar, -x, javadocJar, -x, javadoc, build]
2019-01-06 21:07:47,035 ERROR SysUtils - Could not process external command
java.io.IOException: Cannot run program "gradle" (in directory "."): error=2, No such file or directory
	at java.lang.ProcessBuilder.start(ProcessBuilder.java:1048)
	at java.lang.Runtime.exec(Runtime.java:620)
	at org.apache.commons.exec.launcher.Java13CommandLauncher.exec(Java13CommandLauncher.java:61)
	at org.apache.commons.exec.DefaultExecutor.launch(DefaultExecutor.java:279)
	at org.apache.commons.exec.DefaultExecutor.executeInternal(DefaultExecutor.java:336)
	at org.apache.commons.exec.DefaultExecutor.execute(DefaultExecutor.java:166)
	at com.github.vbauer.apkmaster.util.SysUtils.execute(SysUtils.java:67)
	at com.github.vbauer.apkmaster.util.SysUtils.executeSimple(SysUtils.java:43)
	at com.github.vbauer.apkmaster.service.assembly.ProjectBuildService.buildProject(ProjectBuildService.java:78)
	at com.github.vbauer.apkmaster.service.assembly.ProjectBuildService.buildProject(ProjectBuildService.java:64)
	at com.github.vbauer.apkmaster.service.assembly.ProjectBuildService.buildProject(ProjectBuildService.java:43)
	at com.github.vbauer.apkmaster.service.FullProcessService.build(FullProcessService.java:84)
	at com.github.vbauer.apkmaster.service.FullProcessService.process(FullProcessService.java:34)
	at com.github.vbauer.apkmaster.app.MainApplication.process(MainApplication.java:38)
	at com.github.vbauer.apkmaster.app.MainApplication.main(MainApplication.java:20)
	at sun.reflect.GeneratedMethodAccessor9.invoke(Unknown Source)
	at sun.reflect.DelegatingMethodAccessorImpl.invoke(DelegatingMethodAccessorImpl.java:43)
	at java.lang.reflect.Method.invoke(Method.java:498)
	at com.android.arsenal.util.ReflectionUtils.invoke(ReflectionUtils.java:52)
	at com.android.arsenal.util.ApkMasterUtils.main(ApkMasterUtils.java:30)
	at com.android.arsenal.service.processor.impl.BuildProcessorServiceImpl.buildProject(BuildProcessorServiceImpl.java:196)
	at com.android.arsenal.service.processor.impl.BuildProcessorServiceImpl.build(BuildProcessorServiceImpl.java:130)
	at com.android.arsenal.service.processor.impl.BuildProcessorServiceImpl.lambda$createTasks$1(BuildProcessorServiceImpl.java:113)
	at java.util.concurrent.FutureTask.run(FutureTask.java:266)
	at java.util.concurrent.Executors$RunnableAdapter.call(Executors.java:511)
	at java.util.concurrent.FutureTask.run(FutureTask.java:266)
	at java.util.concurrent.ThreadPoolExecutor.runWorker(ThreadPoolExecutor.java:1149)
	at java.util.concurrent.ThreadPoolExecutor$Worker.run(ThreadPoolExecutor.java:624)
	at java.lang.Thread.run(Thread.java:748)
Caused by: java.io.IOException: error=2, No such file or directory
	at java.lang.UNIXProcess.forkAndExec(Native Method)
	at java.lang.UNIXProcess.<init>(UNIXProcess.java:247)
	at java.lang.ProcessImpl.start(ProcessImpl.java:134)
	at java.lang.ProcessBuilder.start(ProcessBuilder.java:1029)
	... 28 common frames omitted
2019-01-06 21:07:47,035 INFO  SysUtils - 
2019-01-06 21:07:47,038 INFO  ProjectTaskService - Detecting possible tasks...
2019-01-06 21:07:47,038 INFO  SysUtils - Execute command: [gradle, -b, /var/folders/bq/vtzpc5ns5sg2cthy61lqpg3dfzgbys/T/1546783665563-0/src/sigcap-master/sigcap/build.gradle, -Dorg.gradle.daemon=false, -Dorg.gradle.daemon.performance.enable-monitoring=false, -Dorg.gradle.configureondemand=true, tasks]
2019-01-06 21:07:47,044 ERROR ProjectTaskService - Could not detect possible Gradle tasks: Cannot run program "gradle" (in directory "."): error=2, No such file or directory
2019-01-06 21:07:47,044 INFO  ProjectTaskService - Detected possible tasks: 3
2019-01-06 21:07:47,044 INFO  ProjectTaskService - Excluded tasks (3): sourcesJar javadocJar javadoc
2019-01-06 21:07:47,044 INFO  SysUtils - Execute command: [gradle, -b, /var/folders/bq/vtzpc5ns5sg2cthy61lqpg3dfzgbys/T/1546783665563-0/src/sigcap-master/sigcap/build.gradle, -Dorg.gradle.daemon=false, -Dorg.gradle.daemon.performance.enable-monitoring=false, -Dorg.gradle.configureondemand=true, --stacktrace, -x, sourcesJar, -x, javadocJar, -x, javadoc, build]
2019-01-06 21:07:47,050 ERROR SysUtils - Could not process external command
java.io.IOException: Cannot run program "gradle" (in directory "."): error=2, No such file or directory
	at java.lang.ProcessBuilder.start(ProcessBuilder.java:1048)
	at java.lang.Runtime.exec(Runtime.java:620)
	at org.apache.commons.exec.launcher.Java13CommandLauncher.exec(Java13CommandLauncher.java:61)
	at org.apache.commons.exec.DefaultExecutor.launch(DefaultExecutor.java:279)
	at org.apache.commons.exec.DefaultExecutor.executeInternal(DefaultExecutor.java:336)
	at org.apache.commons.exec.DefaultExecutor.execute(DefaultExecutor.java:166)
	at com.github.vbauer.apkmaster.util.SysUtils.execute(SysUtils.java:67)
	at com.github.vbauer.apkmaster.util.SysUtils.executeSimple(SysUtils.java:43)
	at com.github.vbauer.apkmaster.service.assembly.ProjectBuildService.buildProject(ProjectBuildService.java:78)
	at com.github.vbauer.apkmaster.service.assembly.ProjectBuildService.buildProject(ProjectBuildService.java:64)
	at com.github.vbauer.apkmaster.service.assembly.ProjectBuildService.buildProject(ProjectBuildService.java:43)
	at com.github.vbauer.apkmaster.service.FullProcessService.build(FullProcessService.java:84)
	at com.github.vbauer.apkmaster.service.FullProcessService.process(FullProcessService.java:34)
	at com.github.vbauer.apkmaster.app.MainApplication.process(MainApplication.java:38)
	at com.github.vbauer.apkmaster.app.MainApplication.main(MainApplication.java:20)
	at sun.reflect.GeneratedMethodAccessor9.invoke(Unknown Source)
	at sun.reflect.DelegatingMethodAccessorImpl.invoke(DelegatingMethodAccessorImpl.java:43)
	at java.lang.reflect.Method.invoke(Method.java:498)
	at com.android.arsenal.util.ReflectionUtils.invoke(ReflectionUtils.java:52)
	at com.android.arsenal.util.ApkMasterUtils.main(ApkMasterUtils.java:30)
	at com.android.arsenal.service.processor.impl.BuildProcessorServiceImpl.buildProject(BuildProcessorServiceImpl.java:196)
	at com.android.arsenal.service.processor.impl.BuildProcessorServiceImpl.build(BuildProcessorServiceImpl.java:130)
	at com.android.arsenal.service.processor.impl.BuildProcessorServiceImpl.lambda$createTasks$1(BuildProcessorServiceImpl.java:113)
	at java.util.concurrent.FutureTask.run(FutureTask.java:266)
	at java.util.concurrent.Executors$RunnableAdapter.call(Executors.java:511)
	at java.util.concurrent.FutureTask.run(FutureTask.java:266)
	at java.util.concurrent.ThreadPoolExecutor.runWorker(ThreadPoolExecutor.java:1149)
	at java.util.concurrent.ThreadPoolExecutor$Worker.run(ThreadPoolExecutor.java:624)
	at java.lang.Thread.run(Thread.java:748)
Caused by: java.io.IOException: error=2, No such file or directory
	at java.lang.UNIXProcess.forkAndExec(Native Method)
	at java.lang.UNIXProcess.<init>(UNIXProcess.java:247)
	at java.lang.ProcessImpl.start(ProcessImpl.java:134)
	at java.lang.ProcessBuilder.start(ProcessBuilder.java:1029)
	... 28 common frames omitted
2019-01-06 21:07:47,050 INFO  SysUtils - 
2019-01-06 21:07:47,053 INFO  ProjectTaskService - Detecting possible tasks...
2019-01-06 21:07:47,053 INFO  SysUtils - Execute command: [gradle, -b, /var/folders/bq/vtzpc5ns5sg2cthy61lqpg3dfzgbys/T/1546783665563-0/src/sigcap-master/build.gradle, -Dorg.gradle.daemon=false, -Dorg.gradle.daemon.performance.enable-monitoring=false, -Dorg.gradle.configureondemand=true, tasks]
2019-01-06 21:07:47,059 ERROR ProjectTaskService - Could not detect possible Gradle tasks: Cannot run program "gradle" (in directory "."): error=2, No such file or directory
2019-01-06 21:07:47,059 INFO  ProjectTaskService - Detected possible tasks: 3
2019-01-06 21:07:47,059 INFO  ProjectTaskService - Excluded tasks (3): sourcesJar javadocJar javadoc
2019-01-06 21:07:47,059 INFO  SysUtils - Execute command: [gradle, -b, /var/folders/bq/vtzpc5ns5sg2cthy61lqpg3dfzgbys/T/1546783665563-0/src/sigcap-master/build.gradle, -Dorg.gradle.daemon=false, -Dorg.gradle.daemon.performance.enable-monitoring=false, -Dorg.gradle.configureondemand=true, --stacktrace, -x, sourcesJar, -x, javadocJar, -x, javadoc, build]
2019-01-06 21:07:47,065 ERROR SysUtils - Could not process external command
java.io.IOException: Cannot run program "gradle" (in directory "."): error=2, No such file or directory
	at java.lang.ProcessBuilder.start(ProcessBuilder.java:1048)
	at java.lang.Runtime.exec(Runtime.java:620)
	at org.apache.commons.exec.launcher.Java13CommandLauncher.exec(Java13CommandLauncher.java:61)
	at org.apache.commons.exec.DefaultExecutor.launch(DefaultExecutor.java:279)
	at org.apache.commons.exec.DefaultExecutor.executeInternal(DefaultExecutor.java:336)
	at org.apache.commons.exec.DefaultExecutor.execute(DefaultExecutor.java:166)
	at com.github.vbauer.apkmaster.util.SysUtils.execute(SysUtils.java:67)
	at com.github.vbauer.apkmaster.util.SysUtils.executeSimple(SysUtils.java:43)
	at com.github.vbauer.apkmaster.service.assembly.ProjectBuildService.buildProject(ProjectBuildService.java:78)
	at com.github.vbauer.apkmaster.service.assembly.ProjectBuildService.buildProject(ProjectBuildService.java:64)
	at com.github.vbauer.apkmaster.service.assembly.ProjectBuildService.buildProject(ProjectBuildService.java:43)
	at com.github.vbauer.apkmaster.service.FullProcessService.build(FullProcessService.java:84)
	at com.github.vbauer.apkmaster.service.FullProcessService.process(FullProcessService.java:34)
	at com.github.vbauer.apkmaster.app.MainApplication.process(MainApplication.java:38)
	at com.github.vbauer.apkmaster.app.MainApplication.main(MainApplication.java:20)
	at sun.reflect.GeneratedMethodAccessor9.invoke(Unknown Source)
	at sun.reflect.DelegatingMethodAccessorImpl.invoke(DelegatingMethodAccessorImpl.java:43)
	at java.lang.reflect.Method.invoke(Method.java:498)
	at com.android.arsenal.util.ReflectionUtils.invoke(ReflectionUtils.java:52)
	at com.android.arsenal.util.ApkMasterUtils.main(ApkMasterUtils.java:30)
	at com.android.arsenal.service.processor.impl.BuildProcessorServiceImpl.buildProject(BuildProcessorServiceImpl.java:196)
	at com.android.arsenal.service.processor.impl.BuildProcessorServiceImpl.build(BuildProcessorServiceImpl.java:130)
	at com.android.arsenal.service.processor.impl.BuildProcessorServiceImpl.lambda$createTasks$1(BuildProcessorServiceImpl.java:113)
	at java.util.concurrent.FutureTask.run(FutureTask.java:266)
	at java.util.concurrent.Executors$RunnableAdapter.call(Executors.java:511)
	at java.util.concurrent.FutureTask.run(FutureTask.java:266)
	at java.util.concurrent.ThreadPoolExecutor.runWorker(ThreadPoolExecutor.java:1149)
	at java.util.concurrent.ThreadPoolExecutor$Worker.run(ThreadPoolExecutor.java:624)
	at java.lang.Thread.run(Thread.java:748)
Caused by: java.io.IOException: error=2, No such file or directory
	at java.lang.UNIXProcess.forkAndExec(Native Method)
	at java.lang.UNIXProcess.<init>(UNIXProcess.java:247)
	at java.lang.ProcessImpl.start(ProcessImpl.java:134)
	at java.lang.ProcessBuilder.start(ProcessBuilder.java:1029)
	... 28 common frames omitted
2019-01-06 21:07:47,065 INFO  SysUtils - 
2019-01-06 21:07:47,068 ERROR FullProcessService - Project build has not produced APK file
2019-01-06 21:07:47,070 ERROR FullProcessService - Could not find generated or existed APK file
