2019-01-08 02:41:45,466 INFO  DownloadService - Downloading "https://github.com/thesurix/gesture-recycler/archive/master.zip", attempt 3
2019-01-08 02:41:47,465 INFO  DownloadService - Downloaded https://github.com/thesurix/gesture-recycler/archive/master.zip, attempt 3
2019-01-08 02:41:47,466 INFO  DownloadService - Size of file "/var/folders/bq/vtzpc5ns5sg2cthy61lqpg3dfzgbys/T/1546890105458-0/master.zip": 1 MB
2019-01-08 02:41:47,466 INFO  ArchiveUtils - Checking entries [.gradle] in ZIP file...
2019-01-08 02:41:47,472 INFO  ArchiveUtils - Has entries [.gradle] in ZIP file /var/folders/bq/vtzpc5ns5sg2cthy61lqpg3dfzgbys/T/1546890105458-0/master.zip: true
2019-01-08 02:41:47,472 DEBUG ZipUtil - Extracting '/var/folders/bq/vtzpc5ns5sg2cthy61lqpg3dfzgbys/T/1546890105458-0/master.zip' into '/var/folders/bq/vtzpc5ns5sg2cthy61lqpg3dfzgbys/T/1546890105458-0/src'.
2019-01-08 02:41:47,518 INFO  FullProcessService - Size of directory with sources: 1 MB
2019-01-08 02:41:47,518 INFO  SysUtils - Execute command: [git, init, /var/folders/bq/vtzpc5ns5sg2cthy61lqpg3dfzgbys/T/1546890105458-0/src]
2019-01-08 02:41:47,537 INFO  SysUtils - Initialized empty Git repository in /private/var/folders/bq/vtzpc5ns5sg2cthy61lqpg3dfzgbys/T/1546890105458-0/src/.git/

2019-01-08 02:41:47,541 INFO  ProjectBuildService - Gradle wrapper(s): /var/folders/bq/vtzpc5ns5sg2cthy61lqpg3dfzgbys/T/1546890105458-0/src/gesture-recycler-master/gradlew
2019-01-08 02:41:47,546 INFO  ProjectBuildService - Build script(s): /var/folders/bq/vtzpc5ns5sg2cthy61lqpg3dfzgbys/T/1546890105458-0/src/gesture-recycler-master/example/build.gradle /var/folders/bq/vtzpc5ns5sg2cthy61lqpg3dfzgbys/T/1546890105458-0/src/gesture-recycler-master/library/build.gradle /var/folders/bq/vtzpc5ns5sg2cthy61lqpg3dfzgbys/T/1546890105458-0/src/gesture-recycler-master/build.gradle
2019-01-08 02:41:47,550 INFO  ProjectBuildService - All script(s): /var/folders/bq/vtzpc5ns5sg2cthy61lqpg3dfzgbys/T/1546890105458-0/src/gesture-recycler-master/example/build.gradle /var/folders/bq/vtzpc5ns5sg2cthy61lqpg3dfzgbys/T/1546890105458-0/src/gesture-recycler-master/library/build.gradle /var/folders/bq/vtzpc5ns5sg2cthy61lqpg3dfzgbys/T/1546890105458-0/src/gesture-recycler-master/dependencies.gradle /var/folders/bq/vtzpc5ns5sg2cthy61lqpg3dfzgbys/T/1546890105458-0/src/gesture-recycler-master/build.gradle /var/folders/bq/vtzpc5ns5sg2cthy61lqpg3dfzgbys/T/1546890105458-0/src/gesture-recycler-master/settings.gradle
2019-01-08 02:41:47,557 INFO  DownloadService - Downloading "https://raw.githubusercontent.com/quangctkm9207/template-files/master/android/gradle/bintray.gradle", attempt 3
2019-01-08 02:41:48,396 INFO  DownloadService - Downloaded https://raw.githubusercontent.com/quangctkm9207/template-files/master/android/gradle/bintray.gradle, attempt 3
2019-01-08 02:41:48,397 INFO  DownloadService - Downloading "https://raw.githubusercontent.com/quangctkm9207/template-files/master/android/gradle/install.gradle", attempt 3
2019-01-08 02:41:48,613 INFO  DownloadService - Downloaded https://raw.githubusercontent.com/quangctkm9207/template-files/master/android/gradle/install.gradle, attempt 3
2019-01-08 02:41:48,614 INFO  ProjectBuildService - Remote scripts: https://raw.githubusercontent.com/quangctkm9207/template-files/master/android/gradle/bintray.gradle https://raw.githubusercontent.com/quangctkm9207/template-files/master/android/gradle/install.gradle
2019-01-08 02:41:48,614 INFO  ProjectFixService - Fixing project...
2019-01-08 02:41:48,626 INFO  LocalPropertiesFixService - Created fake /var/folders/bq/vtzpc5ns5sg2cthy61lqpg3dfzgbys/T/1546890105458-0/src/gesture-recycler-master/example/local.properties
2019-01-08 02:41:48,629 INFO  ProjectFixService - Build info for "/var/folders/bq/vtzpc5ns5sg2cthy61lqpg3dfzgbys/T/1546890105458-0/src/gesture-recycler-master/example/build.gradle": [buildToolsVersion=28.0.3,compileSdkVersion=<null>,minSdkVersion=15,targetSdkVersion=28]
2019-01-08 02:41:48,629 INFO  ProjectFixService - Fixed build info for "/var/folders/bq/vtzpc5ns5sg2cthy61lqpg3dfzgbys/T/1546890105458-0/src/gesture-recycler-master/example/build.gradle": [buildToolsVersion=28.0.3,compileSdkVersion=28,minSdkVersion=15,targetSdkVersion=28]
2019-01-08 02:41:48,630 INFO  LocalPropertiesFixService - Created fake /var/folders/bq/vtzpc5ns5sg2cthy61lqpg3dfzgbys/T/1546890105458-0/src/gesture-recycler-master/library/local.properties
2019-01-08 02:41:48,633 INFO  ProjectFixService - Build info for "/var/folders/bq/vtzpc5ns5sg2cthy61lqpg3dfzgbys/T/1546890105458-0/src/gesture-recycler-master/library/build.gradle": [buildToolsVersion=28.0.3,compileSdkVersion=<null>,minSdkVersion=15,targetSdkVersion=28]
2019-01-08 02:41:48,633 INFO  ProjectFixService - Fixed build info for "/var/folders/bq/vtzpc5ns5sg2cthy61lqpg3dfzgbys/T/1546890105458-0/src/gesture-recycler-master/library/build.gradle": [buildToolsVersion=28.0.3,compileSdkVersion=28,minSdkVersion=15,targetSdkVersion=28]
2019-01-08 02:41:48,634 INFO  LocalPropertiesFixService - Created fake /var/folders/bq/vtzpc5ns5sg2cthy61lqpg3dfzgbys/T/1546890105458-0/src/gesture-recycler-master/local.properties
2019-01-08 02:41:48,635 INFO  WrapperPropertiesFixService - Gradle wrapper: https://services.gradle.org/distributions/gradle-4.6-all.zip
2019-01-08 02:41:48,635 INFO  WrapperPropertiesFixService - Gradle wrapper was changed from "-all.zip" to "-bin.zip" (https://services.gradle.org/distributions/gradle-4.6-bin.zip)
2019-01-08 02:41:48,638 INFO  ProjectFixService - Build info for "/var/folders/bq/vtzpc5ns5sg2cthy61lqpg3dfzgbys/T/1546890105458-0/src/gesture-recycler-master/build.gradle": [buildToolsVersion=28.0.3,compileSdkVersion=<null>,minSdkVersion=15,targetSdkVersion=28]
2019-01-08 02:41:48,638 INFO  ProjectFixService - Fixed build info for "/var/folders/bq/vtzpc5ns5sg2cthy61lqpg3dfzgbys/T/1546890105458-0/src/gesture-recycler-master/build.gradle": [buildToolsVersion=28.0.3,compileSdkVersion=28,minSdkVersion=15,targetSdkVersion=28]
2019-01-08 02:41:48,638 INFO  ProjectFixService - Project was maybe fixed
2019-01-08 02:41:48,638 INFO  ProjectTaskService - Detecting possible tasks...
2019-01-08 02:41:48,639 INFO  SysUtils - Execute command: [/var/folders/bq/vtzpc5ns5sg2cthy61lqpg3dfzgbys/T/1546890105458-0/src/gesture-recycler-master/gradlew, -b, /var/folders/bq/vtzpc5ns5sg2cthy61lqpg3dfzgbys/T/1546890105458-0/src/gesture-recycler-master/example/build.gradle, -Dorg.gradle.daemon=false, -Dorg.gradle.daemon.performance.enable-monitoring=false, -Dorg.gradle.configureondemand=true, tasks]
2019-01-08 02:41:55,037 INFO  ProjectTaskService - Detected possible tasks: 73
2019-01-08 02:41:55,037 INFO  ProjectTaskService - Excluded tasks (21): lintDebug javadocJar deviceCheck lint testReleaseUnitTest javadoc uninstallRelease deviceAndroidTest uninstallDebugAndroidTest installDebugAndroidTest connectedCheck connectedDebugAndroidTest uninstallAll sourcesJar test check testDebugUnitTest connectedAndroidTest installDebug lintRelease uninstallDebug
2019-01-08 02:41:55,037 INFO  SysUtils - Execute command: [/var/folders/bq/vtzpc5ns5sg2cthy61lqpg3dfzgbys/T/1546890105458-0/src/gesture-recycler-master/gradlew, -b, /var/folders/bq/vtzpc5ns5sg2cthy61lqpg3dfzgbys/T/1546890105458-0/src/gesture-recycler-master/example/build.gradle, -Dorg.gradle.daemon=false, -Dorg.gradle.daemon.performance.enable-monitoring=false, -Dorg.gradle.configureondemand=true, --stacktrace, -x, lintDebug, -x, javadocJar, -x, deviceCheck, -x, lint, -x, testReleaseUnitTest, -x, javadoc, -x, uninstallRelease, -x, deviceAndroidTest, -x, uninstallDebugAndroidTest, -x, installDebugAndroidTest, -x, connectedCheck, -x, connectedDebugAndroidTest, -x, uninstallAll, -x, sourcesJar, -x, test, -x, check, -x, testDebugUnitTest, -x, connectedAndroidTest, -x, installDebug, -x, lintRelease, -x, uninstallDebug, build]
2019-01-08 02:42:00,831 ERROR SysUtils - Could not process external command
org.apache.commons.exec.ExecuteException: Process exited with an error: 1 (Exit value: 1)
	at org.apache.commons.exec.DefaultExecutor.executeInternal(DefaultExecutor.java:404)
	at org.apache.commons.exec.DefaultExecutor.execute(DefaultExecutor.java:166)
	at com.github.vbauer.apkmaster.util.SysUtils.execute(SysUtils.java:67)
	at com.github.vbauer.apkmaster.util.SysUtils.executeSimple(SysUtils.java:43)
	at com.github.vbauer.apkmaster.service.assembly.ProjectBuildService.buildProject(ProjectBuildService.java:78)
	at com.github.vbauer.apkmaster.service.assembly.ProjectBuildService.buildProject(ProjectBuildService.java:64)
	at com.github.vbauer.apkmaster.service.assembly.ProjectBuildService.buildProject(ProjectBuildService.java:43)
	at com.github.vbauer.apkmaster.service.FullProcessService.build(FullProcessService.java:84)
	at com.github.vbauer.apkmaster.service.FullProcessService.process(FullProcessService.java:34)
	at com.github.vbauer.apkmaster.app.MainApplication.process(MainApplication.java:38)
	at com.github.vbauer.apkmaster.app.MainApplication.main(MainApplication.java:20)
	at sun.reflect.NativeMethodAccessorImpl.invoke0(Native Method)
	at sun.reflect.NativeMethodAccessorImpl.invoke(NativeMethodAccessorImpl.java:62)
	at sun.reflect.DelegatingMethodAccessorImpl.invoke(DelegatingMethodAccessorImpl.java:43)
	at java.lang.reflect.Method.invoke(Method.java:498)
	at com.android.arsenal.util.ReflectionUtils.invoke(ReflectionUtils.java:52)
	at com.android.arsenal.util.ApkMasterUtils.main(ApkMasterUtils.java:30)
	at com.android.arsenal.service.processor.impl.BuildProcessorServiceImpl.buildProject(BuildProcessorServiceImpl.java:196)
	at com.android.arsenal.service.processor.impl.BuildProcessorServiceImpl.build(BuildProcessorServiceImpl.java:130)
	at com.android.arsenal.service.processor.impl.BuildProcessorServiceImpl.lambda$createTasks$1(BuildProcessorServiceImpl.java:113)
	at java.util.concurrent.FutureTask.run(FutureTask.java:266)
	at java.util.concurrent.Executors$RunnableAdapter.call(Executors.java:511)
	at java.util.concurrent.FutureTask.run(FutureTask.java:266)
	at java.util.concurrent.ThreadPoolExecutor.runWorker(ThreadPoolExecutor.java:1149)
	at java.util.concurrent.ThreadPoolExecutor$Worker.run(ThreadPoolExecutor.java:624)
	at java.lang.Thread.run(Thread.java:748)
2019-01-08 02:42:00,832 INFO  SysUtils - Configuration on demand is an incubating feature.
example: 'annotationProcessor' dependencies won't be recognized as kapt annotation processors. Please change the configuration name to 'kapt' for these artifacts: 'com.jakewharton:butterknife-compiler:8.8.1' and apply the kapt plugin: "apply plugin: 'kotlin-kapt'".

FAILURE: Build failed with an exception.

* What went wrong:
Task 'javadocJar' not found in project ':example'.

* Try:
Run gradlew tasks to get a list of available tasks. Run with --info or --debug option to get more log output. Run with --scan to get full insights.

* Exception is:
org.gradle.execution.TaskSelectionException: Task 'javadocJar' not found in project ':example'.
	at org.gradle.execution.TaskSelector.getSelection(TaskSelector.java:116)
	at org.gradle.execution.TaskSelector.getFilter(TaskSelector.java:66)
	at org.gradle.execution.ExcludedTaskFilteringBuildConfigurationAction.configure(ExcludedTaskFilteringBuildConfigurationAction.java:42)
	at org.gradle.execution.DefaultBuildConfigurationActionExecuter.configure(DefaultBuildConfigurationActionExecuter.java:48)
	at org.gradle.execution.DefaultBuildConfigurationActionExecuter.select(DefaultBuildConfigurationActionExecuter.java:36)
	at org.gradle.initialization.DefaultGradleLauncher$CalculateTaskGraph.run(DefaultGradleLauncher.java:286)
	at org.gradle.internal.progress.DefaultBuildOperationExecutor$RunnableBuildOperationWorker.execute(DefaultBuildOperationExecutor.java:336)
	at org.gradle.internal.progress.DefaultBuildOperationExecutor$RunnableBuildOperationWorker.execute(DefaultBuildOperationExecutor.java:328)
	at org.gradle.internal.progress.DefaultBuildOperationExecutor.execute(DefaultBuildOperationExecutor.java:199)
	at org.gradle.internal.progress.DefaultBuildOperationExecutor.run(DefaultBuildOperationExecutor.java:110)
	at org.gradle.initialization.DefaultGradleLauncher.constructTaskGraph(DefaultGradleLauncher.java:181)
	at org.gradle.initialization.DefaultGradleLauncher.doBuildStages(DefaultGradleLauncher.java:136)
	at org.gradle.initialization.DefaultGradleLauncher.executeTasks(DefaultGradleLauncher.java:115)
	at org.gradle.internal.invocation.GradleBuildController$1.call(GradleBuildController.java:78)
	at org.gradle.internal.invocation.GradleBuildController$1.call(GradleBuildController.java:75)
	at org.gradle.internal.work.DefaultWorkerLeaseService.withLocks(DefaultWorkerLeaseService.java:152)
	at org.gradle.internal.invocation.GradleBuildController.doBuild(GradleBuildController.java:100)
	at org.gradle.internal.invocation.GradleBuildController.run(GradleBuildController.java:75)
	at org.gradle.tooling.internal.provider.ExecuteBuildActionRunner.run(ExecuteBuildActionRunner.java:28)
	at org.gradle.launcher.exec.ChainingBuildActionRunner.run(ChainingBuildActionRunner.java:35)
	at org.gradle.tooling.internal.provider.ValidatingBuildActionRunner.run(ValidatingBuildActionRunner.java:32)
	at org.gradle.launcher.exec.RunAsBuildOperationBuildActionRunner$1.run(RunAsBuildOperationBuildActionRunner.java:43)
	at org.gradle.internal.progress.DefaultBuildOperationExecutor$RunnableBuildOperationWorker.execute(DefaultBuildOperationExecutor.java:336)
	at org.gradle.internal.progress.DefaultBuildOperationExecutor$RunnableBuildOperationWorker.execute(DefaultBuildOperationExecutor.java:328)
	at org.gradle.internal.progress.DefaultBuildOperationExecutor.execute(DefaultBuildOperationExecutor.java:199)
	at org.gradle.internal.progress.DefaultBuildOperationExecutor.run(DefaultBuildOperationExecutor.java:110)
	at org.gradle.launcher.exec.RunAsBuildOperationBuildActionRunner.run(RunAsBuildOperationBuildActionRunner.java:40)
	at org.gradle.tooling.internal.provider.SubscribableBuildActionRunner.run(SubscribableBuildActionRunner.java:51)
	at org.gradle.launcher.exec.InProcessBuildActionExecuter.execute(InProcessBuildActionExecuter.java:49)
	at org.gradle.launcher.exec.InProcessBuildActionExecuter.execute(InProcessBuildActionExecuter.java:32)
	at org.gradle.launcher.exec.BuildTreeScopeBuildActionExecuter.execute(BuildTreeScopeBuildActionExecuter.java:39)
	at org.gradle.launcher.exec.BuildTreeScopeBuildActionExecuter.execute(BuildTreeScopeBuildActionExecuter.java:25)
	at org.gradle.tooling.internal.provider.ContinuousBuildActionExecuter.execute(ContinuousBuildActionExecuter.java:80)
	at org.gradle.tooling.internal.provider.ContinuousBuildActionExecuter.execute(ContinuousBuildActionExecuter.java:53)
	at org.gradle.tooling.internal.provider.ServicesSetupBuildActionExecuter.execute(ServicesSetupBuildActionExecuter.java:57)
	at org.gradle.tooling.internal.provider.ServicesSetupBuildActionExecuter.execute(ServicesSetupBuildActionExecuter.java:32)
	at org.gradle.tooling.internal.provider.GradleThreadBuildActionExecuter.execute(GradleThreadBuildActionExecuter.java:36)
	at org.gradle.tooling.internal.provider.GradleThreadBuildActionExecuter.execute(GradleThreadBuildActionExecuter.java:25)
	at org.gradle.tooling.internal.provider.ParallelismConfigurationBuildActionExecuter.execute(ParallelismConfigurationBuildActionExecuter.java:43)
	at org.gradle.tooling.internal.provider.ParallelismConfigurationBuildActionExecuter.execute(ParallelismConfigurationBuildActionExecuter.java:29)
	at org.gradle.tooling.internal.provider.StartParamsValidatingActionExecuter.execute(StartParamsValidatingActionExecuter.java:64)
	at org.gradle.tooling.internal.provider.StartParamsValidatingActionExecuter.execute(StartParamsValidatingActionExecuter.java:29)
	at org.gradle.tooling.internal.provider.SessionFailureReportingActionExecuter.execute(SessionFailureReportingActionExecuter.java:59)
	at org.gradle.tooling.internal.provider.SessionFailureReportingActionExecuter.execute(SessionFailureReportingActionExecuter.java:44)
	at org.gradle.tooling.internal.provider.SetupLoggingActionExecuter.execute(SetupLoggingActionExecuter.java:45)
	at org.gradle.tooling.internal.provider.SetupLoggingActionExecuter.execute(SetupLoggingActionExecuter.java:30)
	at org.gradle.launcher.cli.RunBuildAction.run(RunBuildAction.java:51)
	at org.gradle.internal.Actions$RunnableActionAdapter.execute(Actions.java:173)
	at org.gradle.launcher.cli.CommandLineActionFactory$ParseAndBuildAction.execute(CommandLineActionFactory.java:285)
	at org.gradle.launcher.cli.CommandLineActionFactory$ParseAndBuildAction.execute(CommandLineActionFactory.java:258)
	at org.gradle.launcher.cli.ExceptionReportingAction.execute(ExceptionReportingAction.java:33)
	at org.gradle.launcher.cli.ExceptionReportingAction.execute(ExceptionReportingAction.java:22)
	at org.gradle.launcher.cli.CommandLineActionFactory$WithLogging.execute(CommandLineActionFactory.java:251)
	at org.gradle.launcher.cli.CommandLineActionFactory$WithLogging.execute(CommandLineActionFactory.java:185)
	at org.gradle.launcher.Main.doAction(Main.java:36)
	at org.gradle.launcher.bootstrap.EntryPoint.run(EntryPoint.java:45)
	at org.gradle.launcher.bootstrap.ProcessBootstrap.runNoExit(ProcessBootstrap.java:60)
	at org.gradle.launcher.bootstrap.ProcessBootstrap.run(ProcessBootstrap.java:37)
	at org.gradle.launcher.GradleMain.main(GradleMain.java:23)
	at org.gradle.wrapper.BootstrapMainStarter.start(BootstrapMainStarter.java:30)
	at org.gradle.wrapper.WrapperExecutor.execute(WrapperExecutor.java:129)
	at org.gradle.wrapper.GradleWrapperMain.main(GradleWrapperMain.java:61)


* Get more help at https://help.gradle.org

BUILD FAILED in 5s

2019-01-08 02:42:00,832 ERROR ProjectBuildService - Excluded tasks were detected wrong
2019-01-08 02:42:00,832 INFO  SysUtils - Execute command: [/var/folders/bq/vtzpc5ns5sg2cthy61lqpg3dfzgbys/T/1546890105458-0/src/gesture-recycler-master/gradlew, -b, /var/folders/bq/vtzpc5ns5sg2cthy61lqpg3dfzgbys/T/1546890105458-0/src/gesture-recycler-master/example/build.gradle, -Dorg.gradle.daemon=false, -Dorg.gradle.daemon.performance.enable-monitoring=false, -Dorg.gradle.configureondemand=true, --stacktrace, build]
2019-01-08 02:43:03,384 INFO  SysUtils - Configuration on demand is an incubating feature.
example: 'annotationProcessor' dependencies won't be recognized as kapt annotation processors. Please change the configuration name to 'kapt' for these artifacts: 'com.jakewharton:butterknife-compiler:8.8.1' and apply the kapt plugin: "apply plugin: 'kotlin-kapt'".
Download https://raw.githubusercontent.com/quangctkm9207/template-files/master/android/gradle/install.gradle
Download https://raw.githubusercontent.com/quangctkm9207/template-files/master/android/gradle/bintray.gradle
:example:checkDebugClasspath
:example:preBuild UP-TO-DATE
:gesture-recycler:preBuild UP-TO-DATE
:gesture-recycler:preDebugBuild UP-TO-DATE
:gesture-recycler:checkDebugManifest
:gesture-recycler:processDebugManifest
:example:preDebugBuild
:gesture-recycler:compileDebugAidl NO-SOURCE
:example:compileDebugAidl NO-SOURCE
:gesture-recycler:packageDebugRenderscript NO-SOURCE
:example:compileDebugRenderscript
:example:checkDebugManifest
:example:generateDebugBuildConfig
:example:mainApkListPersistenceDebug
:example:generateDebugResValues
:example:generateDebugResources
:gesture-recycler:compileDebugRenderscript
:gesture-recycler:generateDebugResValues
:gesture-recycler:generateDebugResources
:gesture-recycler:packageDebugResources
:example:mergeDebugResources
:example:createDebugCompatibleScreenManifests
:example:processDebugManifest
:example:splitsDiscoveryTaskDebug
:gesture-recycler:generateDebugRFile
:example:processDebugResources
:gesture-recycler:generateDebugBuildConfig
:gesture-recycler:compileDebugKotlin
w: /private/var/folders/bq/vtzpc5ns5sg2cthy61lqpg3dfzgbys/T/1546890105458-0/src/gesture-recycler-master/library/src/main/java/com/thesurix/gesturerecycler/GestureAdapter.kt: (105, 43): 'getActionMasked(MotionEvent!): Int' is deprecated. Deprecated in Java
w: /private/var/folders/bq/vtzpc5ns5sg2cthy61lqpg3dfzgbys/T/1546890105458-0/src/gesture-recycler-master/library/src/main/java/com/thesurix/gesturerecycler/RecyclerItemTouchListener.kt: (58, 42): Unchecked cast: RecyclerView.Adapter<(raw) RecyclerView.ViewHolder!>? to GestureAdapter<T, *>
:gesture-recycler:prepareLintJar
:gesture-recycler:generateDebugSources
:gesture-recycler:javaPreCompileDebug
:gesture-recycler:compileDebugJavaWithJavac
:gesture-recycler:processDebugJavaRes NO-SOURCE
:gesture-recycler:transformClassesAndResourcesWithPrepareIntermediateJarsForDebug
:example:compileDebugKotlin
:example:prepareLintJar
:example:generateDebugSources
:example:javaPreCompileDebug
:example:compileDebugJavaWithJavacNote: /private/var/folders/bq/vtzpc5ns5sg2cthy61lqpg3dfzgbys/T/1546890105458-0/src/gesture-recycler-master/example/src/main/java/com/thesurix/example/gesturerecycler/adapter/MonthViewHolder.java uses or overrides a deprecated API.
Note: Recompile with -Xlint:deprecation for details.

:example:compileDebugNdk NO-SOURCE
:example:compileDebugSources
:example:mergeDebugShaders
:example:compileDebugShaders
:example:generateDebugAssets
:gesture-recycler:mergeDebugShaders
:gesture-recycler:compileDebugShaders
:gesture-recycler:generateDebugAssets
:gesture-recycler:packageDebugAssets
:example:mergeDebugAssets
:example:transformClassesWithDexBuilderForDebug
D8: Stripped invalid locals information from 2 methods.
/Users/vbauer/.gradle/caches/modules-2/files-2.1/org.jetbrains.kotlin/kotlin-stdlib/1.3.10/b178c1501609c6e4ee8be635513cb023a466457d/kotlin-stdlib-1.3.10.jar: D8: Methods with invalid locals information:
  java.lang.Object kotlin.sequences.SequencesKt__SequencesKt$ifEmpty$1.invokeSuspend(java.lang.Object)
  Attempt to read local this but no local information was associated with the value being read.
/Users/vbauer/.gradle/caches/modules-2/files-2.1/org.jetbrains.kotlin/kotlin-stdlib/1.3.10/b178c1501609c6e4ee8be635513cb023a466457d/kotlin-stdlib-1.3.10.jar: D8: Methods with invalid locals information:
  java.lang.Object kotlin.sequences.SequencesKt___SequencesKt$zipWithNext$2.invokeSuspend(java.lang.Object)
  Attempt to read local this but no local information was associated with the value being read.
D8: Stripped invalid locals information from 1 method.
/Users/vbauer/.gradle/caches/modules-2/files-2.1/org.jetbrains.kotlin/kotlin-stdlib/1.3.10/b178c1501609c6e4ee8be635513cb023a466457d/kotlin-stdlib-1.3.10.jar: D8: Methods with invalid locals information:
  java.lang.Object kotlin.collections.SlidingWindowKt$windowedIterator$1.invokeSuspend(java.lang.Object)
  Attempt to read local this but no local information was associated with the value being read.
:example:transformDexArchiveWithExternalLibsDexMergerForDebug
:example:transformDexArchiveWithDexMergerForDebug
:example:mergeDebugJniLibFolders
:gesture-recycler:compileDebugNdk NO-SOURCE
:gesture-recycler:mergeDebugJniLibFolders
:gesture-recycler:transformNativeLibsWithMergeJniLibsForDebug
:gesture-recycler:transformNativeLibsWithStripDebugSymbolForDebug
:gesture-recycler:transformNativeLibsWithIntermediateJniLibsForDebug
:example:transformNativeLibsWithMergeJniLibsForDebug
:example:transformNativeLibsWithStripDebugSymbolForDebug
:example:checkDebugLibraries
:example:processDebugJavaRes NO-SOURCE
:example:transformResourcesWithMergeJavaResForDebug
:example:validateSigningDebug
:example:packageDebug
:example:assembleDebug
:example:checkReleaseClasspath
:gesture-recycler:preReleaseBuild UP-TO-DATE
:gesture-recycler:checkReleaseManifest
:gesture-recycler:processReleaseManifest
:example:preReleaseBuild
:gesture-recycler:compileReleaseAidl NO-SOURCE
:example:compileReleaseAidl NO-SOURCE
:gesture-recycler:packageReleaseRenderscript NO-SOURCE
:example:compileReleaseRenderscript
:example:checkReleaseManifest
:example:generateReleaseBuildConfig
:example:mainApkListPersistenceRelease
:example:generateReleaseResValues
:example:generateReleaseResources
:gesture-recycler:compileReleaseRenderscript
:gesture-recycler:generateReleaseResValues
:gesture-recycler:generateReleaseResources
:gesture-recycler:packageReleaseResources
:example:mergeReleaseResources
:example:createReleaseCompatibleScreenManifests
:example:processReleaseManifest
:example:splitsDiscoveryTaskRelease
:gesture-recycler:generateReleaseRFile
:example:processReleaseResources
:gesture-recycler:generateReleaseBuildConfig
:gesture-recycler:compileReleaseKotlin
w: /private/var/folders/bq/vtzpc5ns5sg2cthy61lqpg3dfzgbys/T/1546890105458-0/src/gesture-recycler-master/library/src/main/java/com/thesurix/gesturerecycler/GestureAdapter.kt: (105, 43): 'getActionMasked(MotionEvent!): Int' is deprecated. Deprecated in Java
w: /private/var/folders/bq/vtzpc5ns5sg2cthy61lqpg3dfzgbys/T/1546890105458-0/src/gesture-recycler-master/library/src/main/java/com/thesurix/gesturerecycler/RecyclerItemTouchListener.kt: (58, 42): Unchecked cast: RecyclerView.Adapter<(raw) RecyclerView.ViewHolder!>? to GestureAdapter<T, *>
:gesture-recycler:generateReleaseSources
:gesture-recycler:javaPreCompileRelease
:gesture-recycler:compileReleaseJavaWithJavac
:gesture-recycler:processReleaseJavaRes NO-SOURCE
:gesture-recycler:transformClassesAndResourcesWithPrepareIntermediateJarsForRelease
:example:compileReleaseKotlin
:example:generateReleaseSources
:example:javaPreCompileRelease
:example:compileReleaseJavaWithJavacNote: /private/var/folders/bq/vtzpc5ns5sg2cthy61lqpg3dfzgbys/T/1546890105458-0/src/gesture-recycler-master/example/src/main/java/com/thesurix/example/gesturerecycler/adapter/MonthViewHolder.java uses or overrides a deprecated API.
Note: Recompile with -Xlint:deprecation for details.

:example:compileReleaseNdk NO-SOURCE
:example:compileReleaseSources
:example:lintVitalRelease SKIPPED
:example:mergeReleaseShaders
:example:compileReleaseShaders
:example:generateReleaseAssets
:gesture-recycler:mergeReleaseShaders
:gesture-recycler:compileReleaseShaders
:gesture-recycler:generateReleaseAssets
:gesture-recycler:packageReleaseAssets
:example:mergeReleaseAssets
:example:transformClassesWithDexBuilderForRelease
:example:transformDexArchiveWithExternalLibsDexMergerForRelease
:example:transformDexArchiveWithDexMergerForRelease
:example:mergeReleaseJniLibFolders
:gesture-recycler:compileReleaseNdk NO-SOURCE
:gesture-recycler:mergeReleaseJniLibFolders
:gesture-recycler:transformNativeLibsWithMergeJniLibsForRelease
:gesture-recycler:transformNativeLibsWithStripDebugSymbolForRelease
:gesture-recycler:transformNativeLibsWithIntermediateJniLibsForRelease
:example:transformNativeLibsWithMergeJniLibsForRelease
:example:transformNativeLibsWithStripDebugSymbolForRelease
:example:checkReleaseLibraries
:example:processReleaseJavaRes NO-SOURCE
:example:transformResourcesWithMergeJavaResForRelease
:example:packageRelease
:example:assembleRelease
:example:assemble
:example:lint
Calling mockable JAR artifact transform to create file: /Users/vbauer/.gradle/caches/transforms-1/files-1.1/android.jar/50516c6a48ec2e419da63caa36dc14a7/android.jar with input /Users/vbauer/Library/Android/sdk/platforms/android-28/android.jar
Download https://jcenter.bintray.com/org/jetbrains/kotlin/kotlin-test-junit/1.3.10/kotlin-test-junit-1.3.10.pom
Download https://jcenter.bintray.com/org/jetbrains/kotlin/kotlin-test/1.3.10/kotlin-test-1.3.10.pom
Download https://jcenter.bintray.com/org/jetbrains/kotlin/kotlin-test-junit/1.3.10/kotlin-test-junit-1.3.10.jar
Download https://jcenter.bintray.com/org/jetbrains/kotlin/kotlin-test/1.3.10/kotlin-test-1.3.10.jar
Ran lint on variant release: 20 issues found
Ran lint on variant debug: 20 issues found
Wrote HTML report to file:///private/var/folders/bq/vtzpc5ns5sg2cthy61lqpg3dfzgbys/T/1546890105458-0/src/gesture-recycler-master/example/build/reports/lint-results.html
Wrote XML report to file:///private/var/folders/bq/vtzpc5ns5sg2cthy61lqpg3dfzgbys/T/1546890105458-0/src/gesture-recycler-master/example/build/reports/lint-results.xml
:example:compileDebugUnitTestKotlin NO-SOURCE
:example:generateDebugUnitTestSources
:example:preDebugUnitTestBuild UP-TO-DATE
:example:javaPreCompileDebugUnitTest
:example:compileDebugUnitTestJavaWithJavac NO-SOURCE
:example:processDebugUnitTestJavaRes NO-SOURCE
:example:testDebugUnitTest NO-SOURCE
:example:compileReleaseUnitTestKotlin NO-SOURCE
:example:generateReleaseUnitTestSources
:example:preReleaseUnitTestBuild UP-TO-DATE
:example:javaPreCompileReleaseUnitTest
:example:compileReleaseUnitTestJavaWithJavac NO-SOURCE
:example:processReleaseUnitTestJavaRes NO-SOURCE
:example:testReleaseUnitTest NO-SOURCE
:example:test UP-TO-DATE
:example:check
:example:build

BUILD SUCCESSFUL in 1m 1s
96 actionable tasks: 96 executed

2019-01-08 02:43:03,493 INFO  FullProcessService - Found APK file: /var/folders/bq/vtzpc5ns5sg2cthy61lqpg3dfzgbys/T/1546890105458-0/src/gesture-recycler-master/example/build/outputs/apk/release/example-release-unsigned.apk
