2019-08-26 16:05:25,225 INFO  DownloadService - Downloading "https://github.com/ugurcany/ACN-Android-Framework/archive/master.zip", attempt 3
2019-08-26 16:05:28,757 INFO  DownloadService - Downloaded https://github.com/ugurcany/ACN-Android-Framework/archive/master.zip, attempt 3
2019-08-26 16:05:28,758 INFO  DownloadService - Size of file "/var/folders/bq/vtzpc5ns5sg2cthy61lqpg3dfzgbys/T/1566810325223-0/master.zip": 4 MB
2019-08-26 16:05:28,758 INFO  ArchiveUtils - Checking entries [.gradle] in ZIP file...
2019-08-26 16:05:28,765 INFO  ArchiveUtils - Has entries [.gradle] in ZIP file /var/folders/bq/vtzpc5ns5sg2cthy61lqpg3dfzgbys/T/1566810325223-0/master.zip: true
2019-08-26 16:05:28,765 DEBUG ZipUtil - Extracting '/var/folders/bq/vtzpc5ns5sg2cthy61lqpg3dfzgbys/T/1566810325223-0/master.zip' into '/var/folders/bq/vtzpc5ns5sg2cthy61lqpg3dfzgbys/T/1566810325223-0/src'.
2019-08-26 16:05:28,827 INFO  FullProcessService - Size of directory with sources: 4 MB
2019-08-26 16:05:28,827 INFO  SysUtils - Execute command: [git, init, /var/folders/bq/vtzpc5ns5sg2cthy61lqpg3dfzgbys/T/1566810325223-0/src]
2019-08-26 16:05:28,844 INFO  SysUtils - Initialized empty Git repository in /private/var/folders/bq/vtzpc5ns5sg2cthy61lqpg3dfzgbys/T/1566810325223-0/src/.git/

2019-08-26 16:05:28,847 INFO  ProjectBuildService - Gradle wrapper(s): /var/folders/bq/vtzpc5ns5sg2cthy61lqpg3dfzgbys/T/1566810325223-0/src/ACN-Android-Framework-master/gradlew
2019-08-26 16:05:28,850 INFO  ProjectBuildService - Build script(s): /var/folders/bq/vtzpc5ns5sg2cthy61lqpg3dfzgbys/T/1566810325223-0/src/ACN-Android-Framework-master/acn-android-framework/build.gradle /var/folders/bq/vtzpc5ns5sg2cthy61lqpg3dfzgbys/T/1566810325223-0/src/ACN-Android-Framework-master/test/build.gradle /var/folders/bq/vtzpc5ns5sg2cthy61lqpg3dfzgbys/T/1566810325223-0/src/ACN-Android-Framework-master/build.gradle
2019-08-26 16:05:28,852 INFO  ProjectBuildService - All script(s): /var/folders/bq/vtzpc5ns5sg2cthy61lqpg3dfzgbys/T/1566810325223-0/src/ACN-Android-Framework-master/test/build.gradle /var/folders/bq/vtzpc5ns5sg2cthy61lqpg3dfzgbys/T/1566810325223-0/src/ACN-Android-Framework-master/build.gradle /var/folders/bq/vtzpc5ns5sg2cthy61lqpg3dfzgbys/T/1566810325223-0/src/ACN-Android-Framework-master/acn-android-framework/build.gradle /var/folders/bq/vtzpc5ns5sg2cthy61lqpg3dfzgbys/T/1566810325223-0/src/ACN-Android-Framework-master/settings.gradle
2019-08-26 16:05:28,852 INFO  ProjectBuildService - Remote scripts: none
2019-08-26 16:05:28,852 INFO  ProjectFixService - Fixing project...
2019-08-26 16:05:28,859 INFO  LocalPropertiesFixService - Created fake /var/folders/bq/vtzpc5ns5sg2cthy61lqpg3dfzgbys/T/1566810325223-0/src/ACN-Android-Framework-master/acn-android-framework/local.properties
2019-08-26 16:05:28,859 INFO  ProjectFixService - Build info for "/var/folders/bq/vtzpc5ns5sg2cthy61lqpg3dfzgbys/T/1566810325223-0/src/ACN-Android-Framework-master/acn-android-framework/build.gradle": [buildToolsVersion=23.0.2,compileSdkVersion=23,minSdkVersion=15,targetSdkVersion=23]
2019-08-26 16:05:28,860 INFO  LocalPropertiesFixService - Created fake /var/folders/bq/vtzpc5ns5sg2cthy61lqpg3dfzgbys/T/1566810325223-0/src/ACN-Android-Framework-master/test/local.properties
2019-08-26 16:05:28,860 INFO  ProjectFixService - Build info for "/var/folders/bq/vtzpc5ns5sg2cthy61lqpg3dfzgbys/T/1566810325223-0/src/ACN-Android-Framework-master/test/build.gradle": [buildToolsVersion=23.0.2,compileSdkVersion=23,minSdkVersion=15,targetSdkVersion=23]
2019-08-26 16:05:28,860 INFO  LocalPropertiesFixService - Created fake /var/folders/bq/vtzpc5ns5sg2cthy61lqpg3dfzgbys/T/1566810325223-0/src/ACN-Android-Framework-master/local.properties
2019-08-26 16:05:28,861 INFO  WrapperPropertiesFixService - Gradle wrapper: https://services.gradle.org/distributions/gradle-2.10-all.zip
2019-08-26 16:05:28,861 INFO  WrapperPropertiesFixService - Gradle wrapper was changed from "-all.zip" to "-bin.zip" (https://services.gradle.org/distributions/gradle-2.10-bin.zip)
2019-08-26 16:05:28,861 INFO  ProjectFixService - Build info for "/var/folders/bq/vtzpc5ns5sg2cthy61lqpg3dfzgbys/T/1566810325223-0/src/ACN-Android-Framework-master/build.gradle": [buildToolsVersion=23.0.2,compileSdkVersion=23,minSdkVersion=15,targetSdkVersion=23]
2019-08-26 16:05:28,861 INFO  ProjectFixService - Project was maybe fixed
2019-08-26 16:05:28,862 INFO  ProjectTaskService - Detecting possible tasks...
2019-08-26 16:05:28,862 INFO  SysUtils - Execute command: [/var/folders/bq/vtzpc5ns5sg2cthy61lqpg3dfzgbys/T/1566810325223-0/src/ACN-Android-Framework-master/gradlew, -b, /var/folders/bq/vtzpc5ns5sg2cthy61lqpg3dfzgbys/T/1566810325223-0/src/ACN-Android-Framework-master/acn-android-framework/build.gradle, -Dorg.gradle.daemon=false, -Dorg.gradle.daemon.performance.enable-monitoring=false, -Dorg.gradle.configureondemand=true, tasks]
2019-08-26 16:05:59,110 ERROR ProjectTaskService - Could not detect possible Gradle tasks: Process exited with an error: 1 (Exit value: 1)
2019-08-26 16:05:59,110 INFO  ProjectTaskService - Detected possible tasks: 0
2019-08-26 16:05:59,110 INFO  ProjectTaskService - Excluded tasks (0): none
2019-08-26 16:05:59,110 INFO  SysUtils - Execute command: [/var/folders/bq/vtzpc5ns5sg2cthy61lqpg3dfzgbys/T/1566810325223-0/src/ACN-Android-Framework-master/gradlew, -b, /var/folders/bq/vtzpc5ns5sg2cthy61lqpg3dfzgbys/T/1566810325223-0/src/ACN-Android-Framework-master/acn-android-framework/build.gradle, -Dorg.gradle.daemon=false, -Dorg.gradle.daemon.performance.enable-monitoring=false, -Dorg.gradle.configureondemand=true, --stacktrace, build]
2019-08-26 16:06:14,837 ERROR SysUtils - Could not process external command
org.apache.commons.exec.ExecuteException: Process exited with an error: 1 (Exit value: 1)
	at org.apache.commons.exec.DefaultExecutor.executeInternal(DefaultExecutor.java:404)
	at org.apache.commons.exec.DefaultExecutor.execute(DefaultExecutor.java:166)
	at com.github.vbauer.apkmaster.util.SysUtils.execute(SysUtils.java:67)
	at com.github.vbauer.apkmaster.util.SysUtils.executeSimple(SysUtils.java:43)
	at com.github.vbauer.apkmaster.service.assembly.ProjectBuildService.buildProject(ProjectBuildService.java:78)
	at com.github.vbauer.apkmaster.service.assembly.ProjectBuildService.buildProject(ProjectBuildService.java:64)
	at com.github.vbauer.apkmaster.service.assembly.ProjectBuildService.buildProject(ProjectBuildService.java:43)
	at com.github.vbauer.apkmaster.service.FullProcessService.build(FullProcessService.java:84)
	at com.github.vbauer.apkmaster.service.FullProcessService.process(FullProcessService.java:34)
	at com.github.vbauer.apkmaster.app.MainApplication.process(MainApplication.java:38)
	at com.github.vbauer.apkmaster.app.MainApplication.main(MainApplication.java:20)
	at sun.reflect.GeneratedMethodAccessor9.invoke(Unknown Source)
	at sun.reflect.DelegatingMethodAccessorImpl.invoke(DelegatingMethodAccessorImpl.java:43)
	at java.lang.reflect.Method.invoke(Method.java:498)
	at com.android.arsenal.util.ReflectionUtils.invoke(ReflectionUtils.java:52)
	at com.android.arsenal.util.ApkMasterUtils.main(ApkMasterUtils.java:30)
	at com.android.arsenal.service.processor.impl.BuildProcessorServiceImpl.buildProject(BuildProcessorServiceImpl.java:196)
	at com.android.arsenal.service.processor.impl.BuildProcessorServiceImpl.build(BuildProcessorServiceImpl.java:130)
	at com.android.arsenal.service.processor.impl.BuildProcessorServiceImpl.lambda$null$1(BuildProcessorServiceImpl.java:113)
	at java.util.concurrent.FutureTask.run(FutureTask.java:266)
	at java.util.concurrent.Executors$RunnableAdapter.call(Executors.java:511)
	at java.util.concurrent.FutureTask.run(FutureTask.java:266)
	at java.util.concurrent.ThreadPoolExecutor.runWorker(ThreadPoolExecutor.java:1149)
	at java.util.concurrent.ThreadPoolExecutor$Worker.run(ThreadPoolExecutor.java:624)
	at java.lang.Thread.run(Thread.java:748)
2019-08-26 16:06:14,837 INFO  SysUtils - Configuration on demand is an incubating feature.
Incremental java compilation is an incubating feature.
:acn-android-framework:preBuild UP-TO-DATE
:acn-android-framework:preDebugBuild UP-TO-DATE
:acn-android-framework:compileDebugNdk UP-TO-DATE
:acn-android-framework:compileLint
:acn-android-framework:copyDebugLint UP-TO-DATE
:acn-android-framework:checkDebugManifest
:acn-android-framework:preDebugAndroidTestBuild UP-TO-DATE
:acn-android-framework:preDebugUnitTestBuild UP-TO-DATE
:acn-android-framework:preReleaseBuild UP-TO-DATE
:acn-android-framework:preReleaseUnitTestBuild UP-TO-DATE
:acn-android-framework:prepareComAndroidSupportAnimatedVectorDrawable2330Library
:acn-android-framework:prepareComAndroidSupportAppcompatV72330Library
:acn-android-framework:prepareComAndroidSupportDesign2330Library
:acn-android-framework:prepareComAndroidSupportMultidex101Library
:acn-android-framework:prepareComAndroidSupportRecyclerviewV72330Library
:acn-android-framework:prepareComAndroidSupportSupportV42330Library
:acn-android-framework:prepareComAndroidSupportSupportVectorDrawable2330Library
:acn-android-framework:prepareComAnupcowkurReservoir21Library
:acn-android-framework:prepareComCommit451PhotoView124Library
:acn-android-framework:prepareComDaimajiaSliderLibrary115Library
:acn-android-framework:prepareComGithubMedyoFancybuttons181Library
:acn-android-framework:prepareComGithubPwittchenReactivenetwork020Library
:acn-android-framework:prepareComGithubZzz40500AndroidShapeLoadingView1032Library
:acn-android-framework:prepareComJakewhartonButterknife801Library
:acn-android-framework:prepareComJoanzapataIconifyAndroidIconify222Library
:acn-android-framework:prepareComJoanzapataIconifyAndroidIconifyFontawesome222Library
:acn-android-framework:prepareComSquareupLeakcanaryLeakcanaryAndroid131Library
:acn-android-framework:prepareComThefinestartistUtils094Library
:acn-android-framework:prepareIoReactivexRxandroid110Library
:acn-android-framework:preparePlDroidsonroidsGifAndroidGifDrawable117Library
:acn-android-framework:prepareUkCoChrisjenxCalligraphy220Library
:acn-android-framework:prepareDebugDependencies
:acn-android-framework:compileDebugAidl
:acn-android-framework:compileDebugRenderscript
:acn-android-framework:generateDebugBuildConfig
:acn-android-framework:mergeDebugShaders
:acn-android-framework:compileDebugShaders
:acn-android-framework:generateDebugAssets
:acn-android-framework:mergeDebugAssets
:acn-android-framework:generateDebugResValues
:acn-android-framework:generateDebugResources
:acn-android-framework:mergeDebugResources
:acn-android-framework:processDebugManifest
:acn-android-framework:processDebugResources
:acn-android-framework:generateDebugSources
:acn-android-framework:incrementalDebugJavaCompilationSafeguard
:acn-android-framework:compileDebugJavaWithJavacNote: Some input files use or override a deprecated API.
Note: Recompile with -Xlint:deprecation for details.
Note: /private/var/folders/bq/vtzpc5ns5sg2cthy61lqpg3dfzgbys/T/1566810325223-0/src/ACN-Android-Framework-master/acn-android-framework/src/main/java/acn/android/framework/view/AcnInfiniteListView.java uses unchecked or unsafe operations.
Note: Recompile with -Xlint:unchecked for details.

:acn-android-framework:extractDebugAnnotations
:acn-android-framework:mergeDebugProguardFiles
:acn-android-framework:packageDebugRenderscript UP-TO-DATE
:acn-android-framework:packageDebugResources
:acn-android-framework:processDebugJavaRes UP-TO-DATE
:acn-android-framework:transformResourcesWithMergeJavaResForDebug
:acn-android-framework:transformClassesAndResourcesWithSyncLibJarsForDebug
:acn-android-framework:mergeDebugJniLibFolders
:acn-android-framework:transformNative_libsWithMergeJniLibsForDebug
:acn-android-framework:transformNative_libsWithSyncJniLibsForDebug
:acn-android-framework:bundleDebug
:acn-android-framework:compileDebugSources
:acn-android-framework:assembleDebug
:acn-android-framework:compileReleaseNdk UP-TO-DATE
:acn-android-framework:copyReleaseLint UP-TO-DATE
:acn-android-framework:checkReleaseManifest
:acn-android-framework:prepareComSquareupLeakcanaryLeakcanaryAndroidNoOp131Library
:acn-android-framework:prepareReleaseDependencies
:acn-android-framework:compileReleaseAidl
:acn-android-framework:compileReleaseRenderscript
:acn-android-framework:generateReleaseBuildConfig
:acn-android-framework:mergeReleaseShaders
:acn-android-framework:compileReleaseShaders
:acn-android-framework:generateReleaseAssets
:acn-android-framework:mergeReleaseAssets
:acn-android-framework:generateReleaseResValues
:acn-android-framework:generateReleaseResources
:acn-android-framework:mergeReleaseResources
:acn-android-framework:processReleaseManifest
:acn-android-framework:processReleaseResources
:acn-android-framework:generateReleaseSources
:acn-android-framework:incrementalReleaseJavaCompilationSafeguard
:acn-android-framework:compileReleaseJavaWithJavacNote: Some input files use or override a deprecated API.
Note: Recompile with -Xlint:deprecation for details.
Note: /private/var/folders/bq/vtzpc5ns5sg2cthy61lqpg3dfzgbys/T/1566810325223-0/src/ACN-Android-Framework-master/acn-android-framework/src/main/java/acn/android/framework/view/AcnInfiniteListView.java uses unchecked or unsafe operations.
Note: Recompile with -Xlint:unchecked for details.

:acn-android-framework:extractReleaseAnnotations
:acn-android-framework:mergeReleaseProguardFiles
:acn-android-framework:packageReleaseRenderscript UP-TO-DATE
:acn-android-framework:packageReleaseResources
:acn-android-framework:processReleaseJavaRes UP-TO-DATE
:acn-android-framework:transformResourcesWithMergeJavaResForRelease
:acn-android-framework:transformClassesAndResourcesWithSyncLibJarsForRelease
:acn-android-framework:mergeReleaseJniLibFolders
:acn-android-framework:transformNative_libsWithMergeJniLibsForRelease
:acn-android-framework:transformNative_libsWithSyncJniLibsForRelease
:acn-android-framework:bundleRelease
:acn-android-framework:compileReleaseSources
:acn-android-framework:assembleRelease
:acn-android-framework:assemble
:acn-android-framework:lint FAILED

FAILURE: Build failed with an exception.

* What went wrong:
Execution failed for task ':acn-android-framework:lint'.
> No toolchains found in the NDK toolchains folder for ABI with prefix: mipsel-linux-android

* Try:
Run with --info or --debug option to get more log output.

* Exception is:
org.gradle.api.tasks.TaskExecutionException: Execution failed for task ':acn-android-framework:lint'.
	at org.gradle.api.internal.tasks.execution.ExecuteActionsTaskExecuter.executeActions(ExecuteActionsTaskExecuter.java:69)
	at org.gradle.api.internal.tasks.execution.ExecuteActionsTaskExecuter.execute(ExecuteActionsTaskExecuter.java:46)
	at org.gradle.api.internal.tasks.execution.PostExecutionAnalysisTaskExecuter.execute(PostExecutionAnalysisTaskExecuter.java:35)
	at org.gradle.api.internal.tasks.execution.SkipUpToDateTaskExecuter.execute(SkipUpToDateTaskExecuter.java:64)
	at org.gradle.api.internal.tasks.execution.ValidatingTaskExecuter.execute(ValidatingTaskExecuter.java:58)
	at org.gradle.api.internal.tasks.execution.SkipEmptySourceFilesTaskExecuter.execute(SkipEmptySourceFilesTaskExecuter.java:52)
	at org.gradle.api.internal.tasks.execution.SkipTaskWithNoActionsExecuter.execute(SkipTaskWithNoActionsExecuter.java:52)
	at org.gradle.api.internal.tasks.execution.SkipOnlyIfTaskExecuter.execute(SkipOnlyIfTaskExecuter.java:53)
	at org.gradle.api.internal.tasks.execution.ExecuteAtMostOnceTaskExecuter.execute(ExecuteAtMostOnceTaskExecuter.java:43)
	at org.gradle.execution.taskgraph.DefaultTaskGraphExecuter$EventFiringTaskWorker.execute(DefaultTaskGraphExecuter.java:203)
	at org.gradle.execution.taskgraph.DefaultTaskGraphExecuter$EventFiringTaskWorker.execute(DefaultTaskGraphExecuter.java:185)
	at org.gradle.execution.taskgraph.AbstractTaskPlanExecutor$TaskExecutorWorker.processTask(AbstractTaskPlanExecutor.java:66)
	at org.gradle.execution.taskgraph.AbstractTaskPlanExecutor$TaskExecutorWorker.run(AbstractTaskPlanExecutor.java:50)
	at org.gradle.execution.taskgraph.DefaultTaskPlanExecutor.process(DefaultTaskPlanExecutor.java:25)
	at org.gradle.execution.taskgraph.DefaultTaskGraphExecuter.execute(DefaultTaskGraphExecuter.java:110)
	at org.gradle.execution.SelectedTaskExecutionAction.execute(SelectedTaskExecutionAction.java:37)
	at org.gradle.execution.DefaultBuildExecuter.execute(DefaultBuildExecuter.java:37)
	at org.gradle.execution.DefaultBuildExecuter.access$000(DefaultBuildExecuter.java:23)
	at org.gradle.execution.DefaultBuildExecuter$1.proceed(DefaultBuildExecuter.java:43)
	at org.gradle.execution.DryRunBuildExecutionAction.execute(DryRunBuildExecutionAction.java:32)
	at org.gradle.execution.DefaultBuildExecuter.execute(DefaultBuildExecuter.java:37)
	at org.gradle.execution.DefaultBuildExecuter.execute(DefaultBuildExecuter.java:30)
	at org.gradle.initialization.DefaultGradleLauncher$4.run(DefaultGradleLauncher.java:154)
	at org.gradle.internal.Factories$1.create(Factories.java:22)
	at org.gradle.internal.progress.DefaultBuildOperationExecutor.run(DefaultBuildOperationExecutor.java:90)
	at org.gradle.internal.progress.DefaultBuildOperationExecutor.run(DefaultBuildOperationExecutor.java:52)
	at org.gradle.initialization.DefaultGradleLauncher.doBuildStages(DefaultGradleLauncher.java:151)
	at org.gradle.initialization.DefaultGradleLauncher.access$200(DefaultGradleLauncher.java:32)
	at org.gradle.initialization.DefaultGradleLauncher$1.create(DefaultGradleLauncher.java:99)
	at org.gradle.initialization.DefaultGradleLauncher$1.create(DefaultGradleLauncher.java:93)
	at org.gradle.internal.progress.DefaultBuildOperationExecutor.run(DefaultBuildOperationExecutor.java:90)
	at org.gradle.internal.progress.DefaultBuildOperationExecutor.run(DefaultBuildOperationExecutor.java:62)
	at org.gradle.initialization.DefaultGradleLauncher.doBuild(DefaultGradleLauncher.java:93)
	at org.gradle.initialization.DefaultGradleLauncher.run(DefaultGradleLauncher.java:82)
	at org.gradle.launcher.exec.InProcessBuildActionExecuter$DefaultBuildController.run(InProcessBuildActionExecuter.java:94)
	at org.gradle.tooling.internal.provider.ExecuteBuildActionRunner.run(ExecuteBuildActionRunner.java:28)
	at org.gradle.launcher.exec.ChainingBuildActionRunner.run(ChainingBuildActionRunner.java:35)
	at org.gradle.launcher.exec.InProcessBuildActionExecuter.execute(InProcessBuildActionExecuter.java:43)
	at org.gradle.launcher.exec.InProcessBuildActionExecuter.execute(InProcessBuildActionExecuter.java:28)
	at org.gradle.launcher.exec.ContinuousBuildActionExecuter.execute(ContinuousBuildActionExecuter.java:78)
	at org.gradle.launcher.exec.ContinuousBuildActionExecuter.execute(ContinuousBuildActionExecuter.java:48)
	at org.gradle.launcher.exec.DaemonUsageSuggestingBuildActionExecuter.execute(DaemonUsageSuggestingBuildActionExecuter.java:51)
	at org.gradle.launcher.exec.DaemonUsageSuggestingBuildActionExecuter.execute(DaemonUsageSuggestingBuildActionExecuter.java:28)
	at org.gradle.launcher.cli.RunBuildAction.run(RunBuildAction.java:43)
	at org.gradle.internal.Actions$RunnableActionAdapter.execute(Actions.java:170)
	at org.gradle.launcher.cli.CommandLineActionFactory$ParseAndBuildAction.execute(CommandLineActionFactory.java:237)
	at org.gradle.launcher.cli.CommandLineActionFactory$ParseAndBuildAction.execute(CommandLineActionFactory.java:210)
	at org.gradle.launcher.cli.JavaRuntimeValidationAction.execute(JavaRuntimeValidationAction.java:35)
	at org.gradle.launcher.cli.JavaRuntimeValidationAction.execute(JavaRuntimeValidationAction.java:24)
	at org.gradle.launcher.cli.CommandLineActionFactory$WithLogging.execute(CommandLineActionFactory.java:206)
	at org.gradle.launcher.cli.CommandLineActionFactory$WithLogging.execute(CommandLineActionFactory.java:169)
	at org.gradle.launcher.cli.ExceptionReportingAction.execute(ExceptionReportingAction.java:33)
	at org.gradle.launcher.cli.ExceptionReportingAction.execute(ExceptionReportingAction.java:22)
	at org.gradle.launcher.Main.doAction(Main.java:33)
	at org.gradle.launcher.bootstrap.EntryPoint.run(EntryPoint.java:45)
	at org.gradle.launcher.bootstrap.ProcessBootstrap.runNoExit(ProcessBootstrap.java:54)
	at org.gradle.launcher.bootstrap.ProcessBootstrap.run(ProcessBootstrap.java:35)
	at org.gradle.launcher.GradleMain.main(GradleMain.java:23)
	at org.gradle.wrapper.BootstrapMainStarter.start(BootstrapMainStarter.java:30)
	at org.gradle.wrapper.WrapperExecutor.execute(WrapperExecutor.java:129)
	at org.gradle.wrapper.GradleWrapperMain.main(GradleWrapperMain.java:61)
Caused by: java.lang.RuntimeException: No toolchains found in the NDK toolchains folder for ABI with prefix: mipsel-linux-android
	at com.android.build.gradle.internal.NdkHandler.getDefaultToolchainVersion(NdkHandler.java:375)
	at com.android.build.gradle.internal.NdkHandler.getToolchainPath(NdkHandler.java:273)
	at com.android.build.gradle.internal.NdkHandler.getCCompiler(NdkHandler.java:461)
	at com.android.build.gradle.internal.model.ModelBuilder.createNativeToolchainModelMap(ModelBuilder.java:227)
	at com.android.build.gradle.internal.model.ModelBuilder.buildAll(ModelBuilder.java:166)
	at org.gradle.tooling.provider.model.ToolingModelBuilder$buildAll.call(Unknown Source)
	at com.android.build.gradle.tasks.Lint.createAndroidProject(Lint.groovy:256)
	at com.android.build.gradle.tasks.Lint.lint(Lint.groovy:73)
	at org.gradle.internal.reflect.JavaMethod.invoke(JavaMethod.java:75)
	at org.gradle.api.internal.project.taskfactory.AnnotationProcessingTaskFactory$StandardTaskAction.doExecute(AnnotationProcessingTaskFactory.java:227)
	at org.gradle.api.internal.project.taskfactory.AnnotationProcessingTaskFactory$StandardTaskAction.execute(AnnotationProcessingTaskFactory.java:220)
	at org.gradle.api.internal.project.taskfactory.AnnotationProcessingTaskFactory$StandardTaskAction.execute(AnnotationProcessingTaskFactory.java:209)
	at org.gradle.api.internal.AbstractTask$TaskActionWrapper.execute(AbstractTask.java:585)
	at org.gradle.api.internal.AbstractTask$TaskActionWrapper.execute(AbstractTask.java:568)
	at org.gradle.api.internal.tasks.execution.ExecuteActionsTaskExecuter.executeAction(ExecuteActionsTaskExecuter.java:80)
	at org.gradle.api.internal.tasks.execution.ExecuteActionsTaskExecuter.executeActions(ExecuteActionsTaskExecuter.java:61)
	... 60 more


BUILD FAILED

Total time: 15.148 secs

2019-08-26 16:06:14,914 INFO  ProjectTaskService - Detecting possible tasks...
2019-08-26 16:06:14,915 INFO  SysUtils - Execute command: [/var/folders/bq/vtzpc5ns5sg2cthy61lqpg3dfzgbys/T/1566810325223-0/src/ACN-Android-Framework-master/gradlew, -b, /var/folders/bq/vtzpc5ns5sg2cthy61lqpg3dfzgbys/T/1566810325223-0/src/ACN-Android-Framework-master/test/build.gradle, -Dorg.gradle.daemon=false, -Dorg.gradle.daemon.performance.enable-monitoring=false, -Dorg.gradle.configureondemand=true, tasks]
2019-08-26 16:06:22,459 INFO  ProjectTaskService - Detected possible tasks: 69
2019-08-26 16:06:22,459 INFO  ProjectTaskService - Excluded tasks (19): lintDebug mockableAndroidJar deviceCheck lint testReleaseUnitTest uninstallRelease deviceAndroidTest uninstallDebugAndroidTest installDebugAndroidTest connectedCheck connectedDebugAndroidTest uninstallAll test check testDebugUnitTest connectedAndroidTest installDebug lintRelease uninstallDebug
2019-08-26 16:06:22,459 INFO  SysUtils - Execute command: [/var/folders/bq/vtzpc5ns5sg2cthy61lqpg3dfzgbys/T/1566810325223-0/src/ACN-Android-Framework-master/gradlew, -b, /var/folders/bq/vtzpc5ns5sg2cthy61lqpg3dfzgbys/T/1566810325223-0/src/ACN-Android-Framework-master/test/build.gradle, -Dorg.gradle.daemon=false, -Dorg.gradle.daemon.performance.enable-monitoring=false, -Dorg.gradle.configureondemand=true, --stacktrace, -x, lintDebug, -x, mockableAndroidJar, -x, deviceCheck, -x, lint, -x, testReleaseUnitTest, -x, uninstallRelease, -x, deviceAndroidTest, -x, uninstallDebugAndroidTest, -x, installDebugAndroidTest, -x, connectedCheck, -x, connectedDebugAndroidTest, -x, uninstallAll, -x, test, -x, check, -x, testDebugUnitTest, -x, connectedAndroidTest, -x, installDebug, -x, lintRelease, -x, uninstallDebug, build]
2019-08-26 16:06:45,932 ERROR SysUtils - Could not process external command
org.apache.commons.exec.ExecuteException: Process exited with an error: 1 (Exit value: 1)
	at org.apache.commons.exec.DefaultExecutor.executeInternal(DefaultExecutor.java:404)
	at org.apache.commons.exec.DefaultExecutor.execute(DefaultExecutor.java:166)
	at com.github.vbauer.apkmaster.util.SysUtils.execute(SysUtils.java:67)
	at com.github.vbauer.apkmaster.util.SysUtils.executeSimple(SysUtils.java:43)
	at com.github.vbauer.apkmaster.service.assembly.ProjectBuildService.buildProject(ProjectBuildService.java:78)
	at com.github.vbauer.apkmaster.service.assembly.ProjectBuildService.buildProject(ProjectBuildService.java:64)
	at com.github.vbauer.apkmaster.service.assembly.ProjectBuildService.buildProject(ProjectBuildService.java:43)
	at com.github.vbauer.apkmaster.service.FullProcessService.build(FullProcessService.java:84)
	at com.github.vbauer.apkmaster.service.FullProcessService.process(FullProcessService.java:34)
	at com.github.vbauer.apkmaster.app.MainApplication.process(MainApplication.java:38)
	at com.github.vbauer.apkmaster.app.MainApplication.main(MainApplication.java:20)
	at sun.reflect.GeneratedMethodAccessor9.invoke(Unknown Source)
	at sun.reflect.DelegatingMethodAccessorImpl.invoke(DelegatingMethodAccessorImpl.java:43)
	at java.lang.reflect.Method.invoke(Method.java:498)
	at com.android.arsenal.util.ReflectionUtils.invoke(ReflectionUtils.java:52)
	at com.android.arsenal.util.ApkMasterUtils.main(ApkMasterUtils.java:30)
	at com.android.arsenal.service.processor.impl.BuildProcessorServiceImpl.buildProject(BuildProcessorServiceImpl.java:196)
	at com.android.arsenal.service.processor.impl.BuildProcessorServiceImpl.build(BuildProcessorServiceImpl.java:130)
	at com.android.arsenal.service.processor.impl.BuildProcessorServiceImpl.lambda$null$1(BuildProcessorServiceImpl.java:113)
	at java.util.concurrent.FutureTask.run(FutureTask.java:266)
	at java.util.concurrent.Executors$RunnableAdapter.call(Executors.java:511)
	at java.util.concurrent.FutureTask.run(FutureTask.java:266)
	at java.util.concurrent.ThreadPoolExecutor.runWorker(ThreadPoolExecutor.java:1149)
	at java.util.concurrent.ThreadPoolExecutor$Worker.run(ThreadPoolExecutor.java:624)
	at java.lang.Thread.run(Thread.java:748)
2019-08-26 16:06:45,932 INFO  SysUtils - Configuration on demand is an incubating feature.
Incremental java compilation is an incubating feature.
:acn-android-framework:preBuild UP-TO-DATE
:acn-android-framework:preReleaseBuild UP-TO-DATE
:acn-android-framework:compileReleaseNdk UP-TO-DATE
:acn-android-framework:compileLint
:acn-android-framework:copyReleaseLint UP-TO-DATE
:acn-android-framework:checkReleaseManifest
:acn-android-framework:preDebugAndroidTestBuild UP-TO-DATE
:acn-android-framework:preDebugBuild UP-TO-DATE
:acn-android-framework:preDebugUnitTestBuild UP-TO-DATE
:acn-android-framework:preReleaseUnitTestBuild UP-TO-DATE
:acn-android-framework:prepareComAndroidSupportAnimatedVectorDrawable2330Library UP-TO-DATE
:acn-android-framework:prepareComAndroidSupportAppcompatV72330Library UP-TO-DATE
:acn-android-framework:prepareComAndroidSupportDesign2330Library UP-TO-DATE
:acn-android-framework:prepareComAndroidSupportMultidex101Library UP-TO-DATE
:acn-android-framework:prepareComAndroidSupportRecyclerviewV72330Library UP-TO-DATE
:acn-android-framework:prepareComAndroidSupportSupportV42330Library UP-TO-DATE
:acn-android-framework:prepareComAndroidSupportSupportVectorDrawable2330Library UP-TO-DATE
:acn-android-framework:prepareComAnupcowkurReservoir21Library UP-TO-DATE
:acn-android-framework:prepareComCommit451PhotoView124Library UP-TO-DATE
:acn-android-framework:prepareComDaimajiaSliderLibrary115Library UP-TO-DATE
:acn-android-framework:prepareComGithubMedyoFancybuttons181Library UP-TO-DATE
:acn-android-framework:prepareComGithubPwittchenReactivenetwork020Library UP-TO-DATE
:acn-android-framework:prepareComGithubZzz40500AndroidShapeLoadingView1032Library UP-TO-DATE
:acn-android-framework:prepareComJakewhartonButterknife801Library UP-TO-DATE
:acn-android-framework:prepareComJoanzapataIconifyAndroidIconify222Library UP-TO-DATE
:acn-android-framework:prepareComJoanzapataIconifyAndroidIconifyFontawesome222Library UP-TO-DATE
:acn-android-framework:prepareComSquareupLeakcanaryLeakcanaryAndroidNoOp131Library UP-TO-DATE
:acn-android-framework:prepareComThefinestartistUtils094Library UP-TO-DATE
:acn-android-framework:prepareIoReactivexRxandroid110Library UP-TO-DATE
:acn-android-framework:preparePlDroidsonroidsGifAndroidGifDrawable117Library UP-TO-DATE
:acn-android-framework:prepareUkCoChrisjenxCalligraphy220Library UP-TO-DATE
:acn-android-framework:prepareReleaseDependencies
:acn-android-framework:compileReleaseAidl UP-TO-DATE
:acn-android-framework:compileReleaseRenderscript UP-TO-DATE
:acn-android-framework:generateReleaseBuildConfig UP-TO-DATE
:acn-android-framework:mergeReleaseShaders UP-TO-DATE
:acn-android-framework:compileReleaseShaders UP-TO-DATE
:acn-android-framework:generateReleaseAssets UP-TO-DATE
:acn-android-framework:mergeReleaseAssets UP-TO-DATE
:acn-android-framework:generateReleaseResValues UP-TO-DATE
:acn-android-framework:generateReleaseResources UP-TO-DATE
:acn-android-framework:mergeReleaseResources UP-TO-DATE
:acn-android-framework:processReleaseManifest UP-TO-DATE
:acn-android-framework:processReleaseResources UP-TO-DATE
:acn-android-framework:generateReleaseSources UP-TO-DATE
:acn-android-framework:incrementalReleaseJavaCompilationSafeguard UP-TO-DATE
:acn-android-framework:compileReleaseJavaWithJavacNote: Some input files use or override a deprecated API.
Note: Recompile with -Xlint:deprecation for details.
Note: /private/var/folders/bq/vtzpc5ns5sg2cthy61lqpg3dfzgbys/T/1566810325223-0/src/ACN-Android-Framework-master/acn-android-framework/src/main/java/acn/android/framework/view/AcnInfiniteListView.java uses unchecked or unsafe operations.
Note: Recompile with -Xlint:unchecked for details.

:acn-android-framework:extractReleaseAnnotations UP-TO-DATE
:acn-android-framework:mergeReleaseProguardFiles UP-TO-DATE
:acn-android-framework:packageReleaseRenderscript UP-TO-DATE
:acn-android-framework:packageReleaseResources UP-TO-DATE
:acn-android-framework:processReleaseJavaRes UP-TO-DATE
:acn-android-framework:transformResourcesWithMergeJavaResForRelease UP-TO-DATE
:acn-android-framework:transformClassesAndResourcesWithSyncLibJarsForRelease UP-TO-DATE
:acn-android-framework:mergeReleaseJniLibFolders UP-TO-DATE
:acn-android-framework:transformNative_libsWithMergeJniLibsForRelease UP-TO-DATE
:acn-android-framework:transformNative_libsWithSyncJniLibsForRelease UP-TO-DATE
:acn-android-framework:bundleRelease UP-TO-DATE
:test:preBuild UP-TO-DATE
:test:preDebugBuild UP-TO-DATE
:test:checkDebugManifest
:test:preReleaseBuild UP-TO-DATE
:test:prepareACNAndroidFrameworkMasterAcnAndroidFrameworkUnspecifiedLibrary
:test:prepareComAndroidSupportAnimatedVectorDrawable2330Library
:test:prepareComAndroidSupportAppcompatV72330Library
:test:prepareComAndroidSupportDesign2330Library
:test:prepareComAndroidSupportMultidex101Library
:test:prepareComAndroidSupportRecyclerviewV72330Library
:test:prepareComAndroidSupportSupportV42330Library
:test:prepareComAndroidSupportSupportVectorDrawable2330Library
:test:prepareComAnupcowkurReservoir21Library
:test:prepareComCommit451PhotoView124Library
:test:prepareComDaimajiaSliderLibrary115Library
:test:prepareComGithubMedyoFancybuttons181Library
:test:prepareComGithubPwittchenReactivenetwork020Library
:test:prepareComGithubZzz40500AndroidShapeLoadingView1032Library
:test:prepareComJakewhartonButterknife801Library
:test:prepareComJoanzapataIconifyAndroidIconify222Library
:test:prepareComJoanzapataIconifyAndroidIconifyFontawesome222Library
:test:prepareComSquareupLeakcanaryLeakcanaryAndroidNoOp131Library
:test:prepareComThefinestartistUtils094Library
:test:prepareIoReactivexRxandroid110Library
:test:preparePlDroidsonroidsGifAndroidGifDrawable117Library
:test:prepareUkCoChrisjenxCalligraphy220Library
:test:prepareDebugDependencies
:test:compileDebugAidl
:test:compileDebugRenderscript
:test:generateDebugBuildConfig
:test:mergeDebugShaders
:test:compileDebugShaders
:test:generateDebugAssets
:test:mergeDebugAssets
:test:generateDebugResValues
:test:generateDebugResources
:test:mergeDebugResources
:test:processDebugManifest
:test:processDebugResources
:test:generateDebugSources
:test:incrementalDebugJavaCompilationSafeguard
:test:compileDebugJavaWithJavacNote: Some input files use unchecked or unsafe operations.
Note: Recompile with -Xlint:unchecked for details.

:test:compileDebugNdk UP-TO-DATE
:test:compileDebugSources
:test:prePackageMarkerForDebug
:test:transformClassesWithDexForDebug
Result compacted from 5588.4KiB to 4178.7KiB to save 1409.7KiB
Merged dex #1 (40 defs/49.0KiB)
Merged dex #2 (1 defs/0.8KiB)
Merged dex #3 (28 defs/10.3KiB)
Merged dex #4 (5 defs/15.3KiB)
Merged dex #5 (329 defs/536.4KiB)
Merged dex #6 (182 defs/255.7KiB)
Merged dex #7 (10 defs/24.7KiB)
Merged dex #8 (134 defs/303.8KiB)
Merged dex #9 (770 defs/937.2KiB)
Merged dex #10 (17 defs/48.5KiB)
Merged dex #11 (19 defs/17.6KiB)
Merged dex #12 (28 defs/34.6KiB)
Merged dex #13 (62 defs/92.0KiB)
Merged dex #14 (3 defs/14.2KiB)
Merged dex #15 (18 defs/13.9KiB)
Merged dex #16 (10 defs/15.9KiB)
Merged dex #17 (17 defs/17.3KiB)
Merged dex #18 (17 defs/20.7KiB)
Merged dex #19 (3 defs/50.3KiB)
Merged dex #20 (3 defs/1.5KiB)
Merged dex #21 (54 defs/84.4KiB)
Merged dex #22 (110 defs/178.4KiB)
Merged dex #23 (162 defs/284.1KiB)
Merged dex #24 (10 defs/23.0KiB)
Merged dex #25 (153 defs/155.1KiB)
Merged dex #26 (333 defs/262.4KiB)
Merged dex #27 (10 defs/7.0KiB)
Merged dex #28 (73 defs/100.8KiB)
Merged dex #29 (15 defs/18.3KiB)
Merged dex #30 (81 defs/102.9KiB)
Merged dex #31 (41 defs/54.2KiB)
Merged dex #32 (821 defs/668.7KiB)
Merged dex #33 (41 defs/6.5KiB)
Merged dex #34 (18 defs/27.1KiB)
Merged dex #35 (108 defs/142.0KiB)
Result is 3726 defs/4178.7KiB. Took 0.8s
:test:mergeDebugJniLibFolders
:test:transformNative_libsWithMergeJniLibsForDebug
:test:processDebugJavaRes UP-TO-DATE
:test:transformResourcesWithMergeJavaResForDebug
:test:validateDebugSigning
:test:packageDebug
:test:zipalignDebug
:test:assembleDebug
:test:checkReleaseManifest
:test:prepareReleaseDependencies
:test:compileReleaseAidl
:test:compileReleaseRenderscript
:test:generateReleaseBuildConfig
:test:mergeReleaseShaders
:test:compileReleaseShaders
:test:generateReleaseAssets
:test:mergeReleaseAssets
:test:generateReleaseResValues
:test:generateReleaseResources
:test:mergeReleaseResources
:test:processReleaseManifest
:test:processReleaseResources
:test:generateReleaseSources
:test:incrementalReleaseJavaCompilationSafeguard
:test:compileReleaseJavaWithJavacNote: Some input files use unchecked or unsafe operations.
Note: Recompile with -Xlint:unchecked for details.

:test:compileReleaseNdk UP-TO-DATE
:test:compileReleaseSources
:test:lintVitalRelease FAILED

FAILURE: Build failed with an exception.

* What went wrong:
Execution failed for task ':test:lintVitalRelease'.
> No toolchains found in the NDK toolchains folder for ABI with prefix: mipsel-linux-android

* Try:
Run with --info or --debug option to get more log output.

* Exception is:
org.gradle.api.tasks.TaskExecutionException: Execution failed for task ':test:lintVitalRelease'.
	at org.gradle.api.internal.tasks.execution.ExecuteActionsTaskExecuter.executeActions(ExecuteActionsTaskExecuter.java:69)
	at org.gradle.api.internal.tasks.execution.ExecuteActionsTaskExecuter.execute(ExecuteActionsTaskExecuter.java:46)
	at org.gradle.api.internal.tasks.execution.PostExecutionAnalysisTaskExecuter.execute(PostExecutionAnalysisTaskExecuter.java:35)
	at org.gradle.api.internal.tasks.execution.SkipUpToDateTaskExecuter.execute(SkipUpToDateTaskExecuter.java:64)
	at org.gradle.api.internal.tasks.execution.ValidatingTaskExecuter.execute(ValidatingTaskExecuter.java:58)
	at org.gradle.api.internal.tasks.execution.SkipEmptySourceFilesTaskExecuter.execute(SkipEmptySourceFilesTaskExecuter.java:52)
	at org.gradle.api.internal.tasks.execution.SkipTaskWithNoActionsExecuter.execute(SkipTaskWithNoActionsExecuter.java:52)
	at org.gradle.api.internal.tasks.execution.SkipOnlyIfTaskExecuter.execute(SkipOnlyIfTaskExecuter.java:53)
	at org.gradle.api.internal.tasks.execution.ExecuteAtMostOnceTaskExecuter.execute(ExecuteAtMostOnceTaskExecuter.java:43)
	at org.gradle.execution.taskgraph.DefaultTaskGraphExecuter$EventFiringTaskWorker.execute(DefaultTaskGraphExecuter.java:203)
	at org.gradle.execution.taskgraph.DefaultTaskGraphExecuter$EventFiringTaskWorker.execute(DefaultTaskGraphExecuter.java:185)
	at org.gradle.execution.taskgraph.AbstractTaskPlanExecutor$TaskExecutorWorker.processTask(AbstractTaskPlanExecutor.java:66)
	at org.gradle.execution.taskgraph.AbstractTaskPlanExecutor$TaskExecutorWorker.run(AbstractTaskPlanExecutor.java:50)
	at org.gradle.execution.taskgraph.DefaultTaskPlanExecutor.process(DefaultTaskPlanExecutor.java:25)
	at org.gradle.execution.taskgraph.DefaultTaskGraphExecuter.execute(DefaultTaskGraphExecuter.java:110)
	at org.gradle.execution.SelectedTaskExecutionAction.execute(SelectedTaskExecutionAction.java:37)
	at org.gradle.execution.DefaultBuildExecuter.execute(DefaultBuildExecuter.java:37)
	at org.gradle.execution.DefaultBuildExecuter.access$000(DefaultBuildExecuter.java:23)
	at org.gradle.execution.DefaultBuildExecuter$1.proceed(DefaultBuildExecuter.java:43)
	at org.gradle.execution.DryRunBuildExecutionAction.execute(DryRunBuildExecutionAction.java:32)
	at org.gradle.execution.DefaultBuildExecuter.execute(DefaultBuildExecuter.java:37)
	at org.gradle.execution.DefaultBuildExecuter.execute(DefaultBuildExecuter.java:30)
	at org.gradle.initialization.DefaultGradleLauncher$4.run(DefaultGradleLauncher.java:154)
	at org.gradle.internal.Factories$1.create(Factories.java:22)
	at org.gradle.internal.progress.DefaultBuildOperationExecutor.run(DefaultBuildOperationExecutor.java:90)
	at org.gradle.internal.progress.DefaultBuildOperationExecutor.run(DefaultBuildOperationExecutor.java:52)
	at org.gradle.initialization.DefaultGradleLauncher.doBuildStages(DefaultGradleLauncher.java:151)
	at org.gradle.initialization.DefaultGradleLauncher.access$200(DefaultGradleLauncher.java:32)
	at org.gradle.initialization.DefaultGradleLauncher$1.create(DefaultGradleLauncher.java:99)
	at org.gradle.initialization.DefaultGradleLauncher$1.create(DefaultGradleLauncher.java:93)
	at org.gradle.internal.progress.DefaultBuildOperationExecutor.run(DefaultBuildOperationExecutor.java:90)
	at org.gradle.internal.progress.DefaultBuildOperationExecutor.run(DefaultBuildOperationExecutor.java:62)
	at org.gradle.initialization.DefaultGradleLauncher.doBuild(DefaultGradleLauncher.java:93)
	at org.gradle.initialization.DefaultGradleLauncher.run(DefaultGradleLauncher.java:82)
	at org.gradle.launcher.exec.InProcessBuildActionExecuter$DefaultBuildController.run(InProcessBuildActionExecuter.java:94)
	at org.gradle.tooling.internal.provider.ExecuteBuildActionRunner.run(ExecuteBuildActionRunner.java:28)
	at org.gradle.launcher.exec.ChainingBuildActionRunner.run(ChainingBuildActionRunner.java:35)
	at org.gradle.launcher.exec.InProcessBuildActionExecuter.execute(InProcessBuildActionExecuter.java:43)

	at org.gradle.launcher.exec.InProcessBuildActionExecuter.execute(InProcessBuildActionExecuter.java:28)
	at org.gradle.launcher.exec.ContinuousBuildActionExecuter.execute(ContinuousBuildActionExecuter.java:78)
	at org.gradle.launcher.exec.ContinuousBuildActionExecuter.execute(ContinuousBuildActionExecuter.java:48)
	at org.gradle.launcher.exec.DaemonUsageSuggestingBuildActionExecuter.execute(DaemonUsageSuggestingBuildActionExecuter.java:51)
	at org.gradle.launcher.exec.DaemonUsageSuggestingBuildActionExecuter.execute(DaemonUsageSuggestingBuildActionExecuter.java:28)
	at org.gradle.launcher.cli.RunBuildAction.run(RunBuildAction.java:43)
	at org.gradle.internal.Actions$RunnableActionAdapter.execute(Actions.java:170)
	at org.gradle.launcher.cli.CommandLineActionFactory$ParseAndBuildAction.execute(CommandLineActionFactory.java:237)
	at org.gradle.launcher.cli.CommandLineActionFactory$ParseAndBuildAction.execute(CommandLineActionFactory.java:210)
	at org.gradle.launcher.cli.JavaRuntimeValidationAction.execute(JavaRuntimeValidationAction.java:35)
	at org.gradle.launcher.cli.JavaRuntimeValidationAction.execute(JavaRuntimeValidationAction.java:24)
	at org.gradle.launcher.cli.CommandLineActionFactory$WithLogging.execute(CommandLineActionFactory.java:206)
	at org.gradle.launcher.cli.CommandLineActionFactory$WithLogging.execute(CommandLineActionFactory.java:169)
	at org.gradle.launcher.cli.ExceptionReportingAction.execute(ExceptionReportingAction.java:33)
	at org.gradle.launcher.cli.ExceptionReportingAction.execute(ExceptionReportingAction.java:22)
	at org.gradle.launcher.Main.doAction(Main.java:33)
	at org.gradle.launcher.bootstrap.EntryPoint.run(EntryPoint.java:45)
	at org.gradle.launcher.bootstrap.ProcessBootstrap.runNoExit(ProcessBootstrap.java:54)
	at org.gradle.launcher.bootstrap.ProcessBootstrap.run(ProcessBootstrap.java:35)
	at org.gradle.launcher.GradleMain.main(GradleMain.java:23)
	at org.gradle.wrapper.BootstrapMainStarter.start(BootstrapMainStarter.java:30)
	at org.gradle.wrapper.WrapperExecutor.execute(WrapperExecutor.java:129)
	at org.gradle.wrapper.GradleWrapperMain.main(GradleWrapperMain.java:61)
Caused by: java.lang.RuntimeException: No toolchains found in the NDK toolchains folder for ABI with prefix: mipsel-linux-android
	at com.android.build.gradle.internal.NdkHandler.getDefaultToolchainVersion(NdkHandler.java:375)
	at com.android.build.gradle.internal.NdkHandler.getToolchainPath(NdkHandler.java:273)
	at com.android.build.gradle.internal.NdkHandler.getCCompiler(NdkHandler.java:461)
	at com.android.build.gradle.internal.model.ModelBuilder.createNativeToolchainModelMap(ModelBuilder.java:227)
	at com.android.build.gradle.internal.model.ModelBuilder.buildAll(ModelBuilder.java:166)
	at org.gradle.tooling.provider.model.ToolingModelBuilder$buildAll.call(Unknown Source)
	at com.android.build.gradle.tasks.Lint.createAndroidProject(Lint.groovy:256)
	at com.android.build.gradle.tasks.Lint.lint(Lint.groovy:73)
	at org.gradle.internal.reflect.JavaMethod.invoke(JavaMethod.java:75)
	at org.gradle.api.internal.project.taskfactory.AnnotationProcessingTaskFactory$StandardTaskAction.doExecute(AnnotationProcessingTaskFactory.java:227)
	at org.gradle.api.internal.project.taskfactory.AnnotationProcessingTaskFactory$StandardTaskAction.execute(AnnotationProcessingTaskFactory.java:220)
	at org.gradle.api.internal.project.taskfactory.AnnotationProcessingTaskFactory$StandardTaskAction.execute(AnnotationProcessingTaskFactory.java:209)
	at org.gradle.api.internal.AbstractTask$TaskActionWrapper.execute(AbstractTask.java:585)
	at org.gradle.api.internal.AbstractTask$TaskActionWrapper.execute(AbstractTask.java:568)
	at org.gradle.api.internal.tasks.execution.ExecuteActionsTaskExecuter.executeAction(ExecuteActionsTaskExecuter.java:80)
	at org.gradle.api.internal.tasks.execution.ExecuteActionsTaskExecuter.executeActions(ExecuteActionsTaskExecuter.java:61)
	... 60 more

BUILD FAILED

Total time: 22.846 secs

2019-08-26 16:06:46,044 INFO  FullProcessService - Found APK file: /var/folders/bq/vtzpc5ns5sg2cthy61lqpg3dfzgbys/T/1566810325223-0/src/ACN-Android-Framework-master/test/build/outputs/apk/test-debug.apk
