2019-08-09 13:05:09,108 INFO  DownloadService - Downloading "https://github.com/Maddoc42/JaxRs2Retrofit/archive/master.zip", attempt 3
2019-08-09 13:05:10,024 INFO  DownloadService - Downloaded https://github.com/Maddoc42/JaxRs2Retrofit/archive/master.zip, attempt 3
2019-08-09 13:05:10,025 INFO  DownloadService - Size of file "/var/folders/bq/vtzpc5ns5sg2cthy61lqpg3dfzgbys/T/1565330709105-0/master.zip": 377 KB
2019-08-09 13:05:10,025 INFO  ArchiveUtils - Checking entries [.gradle] in ZIP file...
2019-08-09 13:05:10,030 INFO  ArchiveUtils - Has entries [.gradle] in ZIP file /var/folders/bq/vtzpc5ns5sg2cthy61lqpg3dfzgbys/T/1565330709105-0/master.zip: true
2019-08-09 13:05:10,031 DEBUG ZipUtil - Extracting '/var/folders/bq/vtzpc5ns5sg2cthy61lqpg3dfzgbys/T/1565330709105-0/master.zip' into '/var/folders/bq/vtzpc5ns5sg2cthy61lqpg3dfzgbys/T/1565330709105-0/src'.
2019-08-09 13:05:10,067 INFO  FullProcessService - Size of directory with sources: 455 KB
2019-08-09 13:05:10,067 INFO  SysUtils - Execute command: [git, init, /var/folders/bq/vtzpc5ns5sg2cthy61lqpg3dfzgbys/T/1565330709105-0/src]
2019-08-09 13:05:10,084 INFO  SysUtils - Initialized empty Git repository in /private/var/folders/bq/vtzpc5ns5sg2cthy61lqpg3dfzgbys/T/1565330709105-0/src/.git/

2019-08-09 13:05:10,089 INFO  ProjectBuildService - Gradle wrapper(s): /var/folders/bq/vtzpc5ns5sg2cthy61lqpg3dfzgbys/T/1565330709105-0/src/JaxRs2Retrofit-master/example-server/gradlew /var/folders/bq/vtzpc5ns5sg2cthy61lqpg3dfzgbys/T/1565330709105-0/src/JaxRs2Retrofit-master/plugin/gradlew /var/folders/bq/vtzpc5ns5sg2cthy61lqpg3dfzgbys/T/1565330709105-0/src/JaxRs2Retrofit-master/example-java/gradlew /var/folders/bq/vtzpc5ns5sg2cthy61lqpg3dfzgbys/T/1565330709105-0/src/JaxRs2Retrofit-master/gradlew /var/folders/bq/vtzpc5ns5sg2cthy61lqpg3dfzgbys/T/1565330709105-0/src/JaxRs2Retrofit-master/example-android/gradlew /var/folders/bq/vtzpc5ns5sg2cthy61lqpg3dfzgbys/T/1565330709105-0/src/JaxRs2Retrofit-master/example-common/gradlew
2019-08-09 13:05:10,093 INFO  ProjectBuildService - Build script(s): /var/folders/bq/vtzpc5ns5sg2cthy61lqpg3dfzgbys/T/1565330709105-0/src/JaxRs2Retrofit-master/example-android/build.gradle /var/folders/bq/vtzpc5ns5sg2cthy61lqpg3dfzgbys/T/1565330709105-0/src/JaxRs2Retrofit-master/build.gradle /var/folders/bq/vtzpc5ns5sg2cthy61lqpg3dfzgbys/T/1565330709105-0/src/JaxRs2Retrofit-master/example-common/build.gradle /var/folders/bq/vtzpc5ns5sg2cthy61lqpg3dfzgbys/T/1565330709105-0/src/JaxRs2Retrofit-master/example-java/build.gradle /var/folders/bq/vtzpc5ns5sg2cthy61lqpg3dfzgbys/T/1565330709105-0/src/JaxRs2Retrofit-master/example-server/build.gradle /var/folders/bq/vtzpc5ns5sg2cthy61lqpg3dfzgbys/T/1565330709105-0/src/JaxRs2Retrofit-master/plugin/build.gradle
2019-08-09 13:05:10,097 INFO  ProjectBuildService - All script(s): /var/folders/bq/vtzpc5ns5sg2cthy61lqpg3dfzgbys/T/1565330709105-0/src/JaxRs2Retrofit-master/example-server/build.gradle /var/folders/bq/vtzpc5ns5sg2cthy61lqpg3dfzgbys/T/1565330709105-0/src/JaxRs2Retrofit-master/plugin/build.gradle /var/folders/bq/vtzpc5ns5sg2cthy61lqpg3dfzgbys/T/1565330709105-0/src/JaxRs2Retrofit-master/example-java/build.gradle /var/folders/bq/vtzpc5ns5sg2cthy61lqpg3dfzgbys/T/1565330709105-0/src/JaxRs2Retrofit-master/example-android/build.gradle /var/folders/bq/vtzpc5ns5sg2cthy61lqpg3dfzgbys/T/1565330709105-0/src/JaxRs2Retrofit-master/build.gradle /var/folders/bq/vtzpc5ns5sg2cthy61lqpg3dfzgbys/T/1565330709105-0/src/JaxRs2Retrofit-master/settings.gradle /var/folders/bq/vtzpc5ns5sg2cthy61lqpg3dfzgbys/T/1565330709105-0/src/JaxRs2Retrofit-master/example-common/build.gradle
2019-08-09 13:05:10,098 INFO  ProjectBuildService - Remote scripts: none
2019-08-09 13:05:10,098 INFO  ProjectFixService - Fixing project...
2019-08-09 13:05:10,107 INFO  LocalPropertiesFixService - Created fake /var/folders/bq/vtzpc5ns5sg2cthy61lqpg3dfzgbys/T/1565330709105-0/src/JaxRs2Retrofit-master/example-android/local.properties
2019-08-09 13:05:10,107 INFO  WrapperPropertiesFixService - Gradle wrapper: https://services.gradle.org/distributions/gradle-2.3-bin.zip
2019-08-09 13:05:10,107 INFO  ProjectFixService - Build info for "/var/folders/bq/vtzpc5ns5sg2cthy61lqpg3dfzgbys/T/1565330709105-0/src/JaxRs2Retrofit-master/example-android/build.gradle": [buildToolsVersion=22.0.1,compileSdkVersion=22,minSdkVersion=14,targetSdkVersion=22]
2019-08-09 13:05:10,108 INFO  LocalPropertiesFixService - Created fake /var/folders/bq/vtzpc5ns5sg2cthy61lqpg3dfzgbys/T/1565330709105-0/src/JaxRs2Retrofit-master/local.properties
2019-08-09 13:05:10,108 INFO  WrapperPropertiesFixService - Gradle wrapper: https://services.gradle.org/distributions/gradle-2.3-all.zip
2019-08-09 13:05:10,108 INFO  WrapperPropertiesFixService - Gradle wrapper was changed from "-all.zip" to "-bin.zip" (https://services.gradle.org/distributions/gradle-2.3-bin.zip)
2019-08-09 13:05:10,110 INFO  ProjectFixService - Build info for "/var/folders/bq/vtzpc5ns5sg2cthy61lqpg3dfzgbys/T/1565330709105-0/src/JaxRs2Retrofit-master/build.gradle": [buildToolsVersion=22.0.1,compileSdkVersion=22,minSdkVersion=14,targetSdkVersion=22]
2019-08-09 13:05:10,110 INFO  LocalPropertiesFixService - Created fake /var/folders/bq/vtzpc5ns5sg2cthy61lqpg3dfzgbys/T/1565330709105-0/src/JaxRs2Retrofit-master/example-common/local.properties
2019-08-09 13:05:10,111 INFO  WrapperPropertiesFixService - Gradle wrapper: https://services.gradle.org/distributions/gradle-2.3-bin.zip
2019-08-09 13:05:10,113 INFO  ProjectFixService - Build info for "/var/folders/bq/vtzpc5ns5sg2cthy61lqpg3dfzgbys/T/1565330709105-0/src/JaxRs2Retrofit-master/example-common/build.gradle": [buildToolsVersion=22.0.1,compileSdkVersion=22,minSdkVersion=14,targetSdkVersion=22]
2019-08-09 13:05:10,114 INFO  LocalPropertiesFixService - Created fake /var/folders/bq/vtzpc5ns5sg2cthy61lqpg3dfzgbys/T/1565330709105-0/src/JaxRs2Retrofit-master/example-java/local.properties
2019-08-09 13:05:10,114 INFO  WrapperPropertiesFixService - Gradle wrapper: https://services.gradle.org/distributions/gradle-2.3-bin.zip
2019-08-09 13:05:10,116 INFO  ProjectFixService - Build info for "/var/folders/bq/vtzpc5ns5sg2cthy61lqpg3dfzgbys/T/1565330709105-0/src/JaxRs2Retrofit-master/example-java/build.gradle": [buildToolsVersion=22.0.1,compileSdkVersion=22,minSdkVersion=14,targetSdkVersion=22]
2019-08-09 13:05:10,116 INFO  LocalPropertiesFixService - Created fake /var/folders/bq/vtzpc5ns5sg2cthy61lqpg3dfzgbys/T/1565330709105-0/src/JaxRs2Retrofit-master/example-server/local.properties
2019-08-09 13:05:10,117 INFO  WrapperPropertiesFixService - Gradle wrapper: https://services.gradle.org/distributions/gradle-2.3-bin.zip
2019-08-09 13:05:10,118 INFO  ProjectFixService - Build info for "/var/folders/bq/vtzpc5ns5sg2cthy61lqpg3dfzgbys/T/1565330709105-0/src/JaxRs2Retrofit-master/example-server/build.gradle": [buildToolsVersion=22.0.1,compileSdkVersion=22,minSdkVersion=14,targetSdkVersion=22]
2019-08-09 13:05:10,119 INFO  LocalPropertiesFixService - Created fake /var/folders/bq/vtzpc5ns5sg2cthy61lqpg3dfzgbys/T/1565330709105-0/src/JaxRs2Retrofit-master/plugin/local.properties
2019-08-09 13:05:10,119 INFO  WrapperPropertiesFixService - Gradle wrapper: https://services.gradle.org/distributions/gradle-2.3-bin.zip
2019-08-09 13:05:10,121 INFO  ProjectFixService - Build info for "/var/folders/bq/vtzpc5ns5sg2cthy61lqpg3dfzgbys/T/1565330709105-0/src/JaxRs2Retrofit-master/plugin/build.gradle": [buildToolsVersion=22.0.1,compileSdkVersion=22,minSdkVersion=14,targetSdkVersion=22]
2019-08-09 13:05:10,121 INFO  ProjectFixService - Project was maybe fixed
2019-08-09 13:05:10,121 INFO  ProjectTaskService - Detecting possible tasks...
2019-08-09 13:05:10,121 INFO  SysUtils - Execute command: [/var/folders/bq/vtzpc5ns5sg2cthy61lqpg3dfzgbys/T/1565330709105-0/src/JaxRs2Retrofit-master/example-android/gradlew, -b, /var/folders/bq/vtzpc5ns5sg2cthy61lqpg3dfzgbys/T/1565330709105-0/src/JaxRs2Retrofit-master/example-android/build.gradle, -Dorg.gradle.daemon=false, -Dorg.gradle.daemon.performance.enable-monitoring=false, -Dorg.gradle.configureondemand=true, tasks]
2019-08-09 13:05:39,296 INFO  ProjectTaskService - Detected possible tasks: 62
2019-08-09 13:05:39,296 INFO  ProjectTaskService - Excluded tasks (17): lintDebug mockableAndroidJar deviceCheck lint uninstallRelease uninstallDebugAndroidTest installDebugAndroidTest connectedCheck uninstallAll testRelease test check connectedAndroidTest installDebug lintRelease testDebug uninstallDebug
2019-08-09 13:05:39,297 INFO  SysUtils - Execute command: [/var/folders/bq/vtzpc5ns5sg2cthy61lqpg3dfzgbys/T/1565330709105-0/src/JaxRs2Retrofit-master/example-android/gradlew, -b, /var/folders/bq/vtzpc5ns5sg2cthy61lqpg3dfzgbys/T/1565330709105-0/src/JaxRs2Retrofit-master/example-android/build.gradle, -Dorg.gradle.daemon=false, -Dorg.gradle.daemon.performance.enable-monitoring=false, -Dorg.gradle.configureondemand=true, --stacktrace, -x, lintDebug, -x, mockableAndroidJar, -x, deviceCheck, -x, lint, -x, uninstallRelease, -x, uninstallDebugAndroidTest, -x, installDebugAndroidTest, -x, connectedCheck, -x, uninstallAll, -x, testRelease, -x, test, -x, check, -x, connectedAndroidTest, -x, installDebug, -x, lintRelease, -x, testDebug, -x, uninstallDebug, build]
2019-08-09 13:05:45,212 ERROR SysUtils - Could not process external command
org.apache.commons.exec.ExecuteException: Process exited with an error: 1 (Exit value: 1)
	at org.apache.commons.exec.DefaultExecutor.executeInternal(DefaultExecutor.java:404)
	at org.apache.commons.exec.DefaultExecutor.execute(DefaultExecutor.java:166)
	at com.github.vbauer.apkmaster.util.SysUtils.execute(SysUtils.java:67)
	at com.github.vbauer.apkmaster.util.SysUtils.executeSimple(SysUtils.java:43)
	at com.github.vbauer.apkmaster.service.assembly.ProjectBuildService.buildProject(ProjectBuildService.java:78)
	at com.github.vbauer.apkmaster.service.assembly.ProjectBuildService.buildProject(ProjectBuildService.java:64)
	at com.github.vbauer.apkmaster.service.assembly.ProjectBuildService.buildProject(ProjectBuildService.java:43)
	at com.github.vbauer.apkmaster.service.FullProcessService.build(FullProcessService.java:84)
	at com.github.vbauer.apkmaster.service.FullProcessService.process(FullProcessService.java:34)
	at com.github.vbauer.apkmaster.app.MainApplication.process(MainApplication.java:38)
	at com.github.vbauer.apkmaster.app.MainApplication.main(MainApplication.java:20)
	at sun.reflect.NativeMethodAccessorImpl.invoke0(Native Method)
	at sun.reflect.NativeMethodAccessorImpl.invoke(NativeMethodAccessorImpl.java:62)
	at sun.reflect.DelegatingMethodAccessorImpl.invoke(DelegatingMethodAccessorImpl.java:43)
	at java.lang.reflect.Method.invoke(Method.java:498)
	at com.android.arsenal.util.ReflectionUtils.invoke(ReflectionUtils.java:52)
	at com.android.arsenal.util.ApkMasterUtils.main(ApkMasterUtils.java:30)
	at com.android.arsenal.service.processor.impl.BuildProcessorServiceImpl.buildProject(BuildProcessorServiceImpl.java:196)
	at com.android.arsenal.service.processor.impl.BuildProcessorServiceImpl.build(BuildProcessorServiceImpl.java:130)
	at com.android.arsenal.service.processor.impl.BuildProcessorServiceImpl.lambda$createTasks$1(BuildProcessorServiceImpl.java:113)
	at java.util.concurrent.FutureTask.run(FutureTask.java:266)
	at java.util.concurrent.Executors$RunnableAdapter.call(Executors.java:511)
	at java.util.concurrent.FutureTask.run(FutureTask.java:266)
	at java.util.concurrent.ThreadPoolExecutor.runWorker(ThreadPoolExecutor.java:1149)
	at java.util.concurrent.ThreadPoolExecutor$Worker.run(ThreadPoolExecutor.java:624)
	at java.lang.Thread.run(Thread.java:748)
2019-08-09 13:05:45,212 INFO  SysUtils - Configuration on demand is an incubating feature.
:example-android:preBuild UP-TO-DATE
:example-android:preDebugBuild UP-TO-DATE
:example-android:compileDebugNdk UP-TO-DATE
:example-android:checkDebugManifest
:example-android:prepareDebugDependencies
:example-android:compileDebugAidl
:example-android:compileDebugRenderscript
:example-android:generateDebugBuildConfig
:example-android:jaxRs2Retrofit-debug
MyHelloWorldResource
:example-android:generateDebugAssets UP-TO-DATE
:example-android:mergeDebugAssets
:example-android:generateDebugResValues
:example-android:generateDebugResources
:example-android:mergeDebugResources
:example-android:processDebugManifest
:example-android:processDebugResources
:example-android:generateDebugSources
:example-common:compileJava
:example-common:processResources UP-TO-DATE
:example-common:classes
:example-common:jar
:example-android:compileDebugJava
:example-android:preDexDebugUNEXPECTED TOP-LEVEL EXCEPTION:
com.android.dx.cf.iface.ParseException: bad class file magic (cafebabe) or version (0034.0000)
	at com.android.dx.cf.direct.DirectClassFile.parse0(DirectClassFile.java:472)
	at com.android.dx.cf.direct.DirectClassFile.parse(DirectClassFile.java:406)
	at com.android.dx.cf.direct.DirectClassFile.parseToInterfacesIfNecessary(DirectClassFile.java:388)
	at com.android.dx.cf.direct.DirectClassFile.getMagic(DirectClassFile.java:251)
	at com.android.dx.command.dexer.Main.processClass(Main.java:704)
	at com.android.dx.command.dexer.Main.processFileBytes(Main.java:673)
	at com.android.dx.command.dexer.Main.access$300(Main.java:83)
	at com.android.dx.command.dexer.Main$1.processFileBytes(Main.java:602)
	at com.android.dx.cf.direct.ClassPathOpener.processArchive(ClassPathOpener.java:284)
	at com.android.dx.cf.direct.ClassPathOpener.processOne(ClassPathOpener.java:166)
	at com.android.dx.cf.direct.ClassPathOpener.process(ClassPathOpener.java:144)
	at com.android.dx.command.dexer.Main.processOne(Main.java:632)
	at com.android.dx.command.dexer.Main.processAllFiles(Main.java:510)
	at com.android.dx.command.dexer.Main.runMonoDex(Main.java:280)
	at com.android.dx.command.dexer.Main.run(Main.java:246)
	at com.android.dx.command.dexer.Main.main(Main.java:215)
	at com.android.dx.command.Main.main(Main.java:106)
...while parsing de/bitdroid/jaxrs2retrofit/example/common/HelloWorld.class
1 error; aborting

 FAILED

FAILURE: Build failed with an exception.

* What went wrong:
Execution failed for task ':example-android:preDexDebug'.
> com.android.ide.common.process.ProcessException: org.gradle.process.internal.ExecException: Process 'command '/Library/Java/JavaVirtualMachines/jdk1.8.0_172.jdk/Contents/Home/bin/java'' finished with non-zero exit value 1

* Try:
Run with --info or --debug option to get more log output.

* Exception is:
org.gradle.api.tasks.TaskExecutionException: Execution failed for task ':example-android:preDexDebug'.
	at org.gradle.api.internal.tasks.execution.ExecuteActionsTaskExecuter.executeActions(ExecuteActionsTaskExecuter.java:69)
	at org.gradle.api.internal.tasks.execution.ExecuteActionsTaskExecuter.execute(ExecuteActionsTaskExecuter.java:46)
	at org.gradle.api.internal.tasks.execution.PostExecutionAnalysisTaskExecuter.execute(PostExecutionAnalysisTaskExecuter.java:35)
	at org.gradle.api.internal.tasks.execution.SkipUpToDateTaskExecuter.execute(SkipUpToDateTaskExecuter.java:64)
	at org.gradle.api.internal.tasks.execution.ValidatingTaskExecuter.execute(ValidatingTaskExecuter.java:58)
	at org.gradle.api.internal.tasks.execution.SkipEmptySourceFilesTaskExecuter.execute(SkipEmptySourceFilesTaskExecuter.java:42)
	at org.gradle.api.internal.tasks.execution.SkipTaskWithNoActionsExecuter.execute(SkipTaskWithNoActionsExecuter.java:52)
	at org.gradle.api.internal.tasks.execution.SkipOnlyIfTaskExecuter.execute(SkipOnlyIfTaskExecuter.java:53)
	at org.gradle.api.internal.tasks.execution.ExecuteAtMostOnceTaskExecuter.execute(ExecuteAtMostOnceTaskExecuter.java:43)
	at org.gradle.api.internal.AbstractTask.executeWithoutThrowingTaskFailure(AbstractTask.java:306)
	at org.gradle.execution.taskgraph.AbstractTaskPlanExecutor$TaskExecutorWorker.executeTask(AbstractTaskPlanExecutor.java:79)
	at org.gradle.execution.taskgraph.AbstractTaskPlanExecutor$TaskExecutorWorker.processTask(AbstractTaskPlanExecutor.java:63)
	at org.gradle.execution.taskgraph.AbstractTaskPlanExecutor$TaskExecutorWorker.run(AbstractTaskPlanExecutor.java:51)
	at org.gradle.execution.taskgraph.DefaultTaskPlanExecutor.process(DefaultTaskPlanExecutor.java:23)
	at org.gradle.execution.taskgraph.DefaultTaskGraphExecuter.execute(DefaultTaskGraphExecuter.java:88)
	at org.gradle.execution.SelectedTaskExecutionAction.execute(SelectedTaskExecutionAction.java:29)
	at org.gradle.execution.DefaultBuildExecuter.execute(DefaultBuildExecuter.java:62)
	at org.gradle.execution.DefaultBuildExecuter.access$200(DefaultBuildExecuter.java:23)
	at org.gradle.execution.DefaultBuildExecuter$2.proceed(DefaultBuildExecuter.java:68)
	at org.gradle.execution.DryRunBuildExecutionAction.execute(DryRunBuildExecutionAction.java:32)
	at org.gradle.execution.DefaultBuildExecuter.execute(DefaultBuildExecuter.java:62)
	at org.gradle.execution.DefaultBuildExecuter.execute(DefaultBuildExecuter.java:55)
	at org.gradle.initialization.DefaultGradleLauncher.doBuildStages(DefaultGradleLauncher.java:149)
	at org.gradle.initialization.DefaultGradleLauncher.doBuild(DefaultGradleLauncher.java:106)
	at org.gradle.initialization.DefaultGradleLauncher.run(DefaultGradleLauncher.java:86)
	at org.gradle.launcher.exec.InProcessBuildActionExecuter$DefaultBuildController.run(InProcessBuildActionExecuter.java:80)
	at org.gradle.launcher.cli.ExecuteBuildAction.run(ExecuteBuildAction.java:33)
	at org.gradle.launcher.cli.ExecuteBuildAction.run(ExecuteBuildAction.java:24)
	at org.gradle.launcher.exec.InProcessBuildActionExecuter.execute(InProcessBuildActionExecuter.java:36)
	at org.gradle.launcher.exec.InProcessBuildActionExecuter.execute(InProcessBuildActionExecuter.java:26)
	at org.gradle.launcher.cli.RunBuildAction.run(RunBuildAction.java:51)
	at org.gradle.internal.Actions$RunnableActionAdapter.execute(Actions.java:169)
	at org.gradle.launcher.cli.CommandLineActionFactory$ParseAndBuildAction.execute(CommandLineActionFactory.java:237)
	at org.gradle.launcher.cli.CommandLineActionFactory$ParseAndBuildAction.execute(CommandLineActionFactory.java:210)
	at org.gradle.launcher.cli.JavaRuntimeValidationAction.execute(JavaRuntimeValidationAction.java:35)
	at org.gradle.launcher.cli.JavaRuntimeValidationAction.execute(JavaRuntimeValidationAction.java:24)
	at org.gradle.launcher.cli.CommandLineActionFactory$WithLogging.execute(CommandLineActionFactory.java:206)
	at org.gradle.launcher.cli.CommandLineActionFactory$WithLogging.execute(CommandLineActionFactory.java:169)
	at org.gradle.launcher.cli.ExceptionReportingAction.execute(ExceptionReportingAction.java:33)
	at org.gradle.launcher.cli.ExceptionReportingAction.execute(ExceptionReportingAction.java:22)
	at org.gradle.launcher.Main.doAction(Main.java:33)
	at org.gradle.launcher.bootstrap.EntryPoint.run(EntryPoint.java:45)
	at org.gradle.launcher.bootstrap.ProcessBootstrap.runNoExit(ProcessBootstrap.java:54)
	at org.gradle.launcher.bootstrap.ProcessBootstrap.run(ProcessBootstrap.java:35)
	at org.gradle.launcher.GradleMain.main(GradleMain.java:23)
	at org.gradle.wrapper.BootstrapMainStarter.start(BootstrapMainStarter.java:30)
	at org.gradle.wrapper.WrapperExecutor.execute(WrapperExecutor.java:127)
	at org.gradle.wrapper.GradleWrapperMain.main(GradleWrapperMain.java:61)
Caused by: java.lang.RuntimeException: com.android.ide.common.process.ProcessException: org.gradle.process.internal.ExecException: Process 'command '/Library/Java/JavaVirtualMachines/jdk1.8.0_172.jdk/Contents/Home/bin/java'' finished with non-zero exit value 1
	at com.android.ide.common.internal.WaitableExecutor.waitForTasksWithQuickFail(WaitableExecutor.java:116)
	at com.android.ide.common.internal.WaitableExecutor$waitForTasksWithQuickFail$0.call(Unknown Source)
	at com.android.build.gradle.tasks.PreDex.taskAction(PreDex.groovy:106)
	at org.gradle.internal.reflect.JavaMethod.invoke(JavaMethod.java:63)
	at org.gradle.api.internal.project.taskfactory.AnnotationProcessingTaskFactory$IncrementalTaskAction.doExecute(AnnotationProcessingTaskFactory.java:235)
	at org.gradle.api.internal.project.taskfactory.AnnotationProcessingTaskFactory$StandardTaskAction.execute(AnnotationProcessingTaskFactory.java:211)
	at org.gradle.api.internal.project.taskfactory.AnnotationProcessingTaskFactory$IncrementalTaskAction.execute(AnnotationProcessingTaskFactory.java:222)
	at org.gradle.api.internal.project.taskfactory.AnnotationProcessingTaskFactory$StandardTaskAction.execute(AnnotationProcessingTaskFactory.java:200)
	at org.gradle.api.internal.tasks.execution.ExecuteActionsTaskExecuter.executeAction(ExecuteActionsTaskExecuter.java:80)
	at org.gradle.api.internal.tasks.execution.ExecuteActionsTaskExecuter.executeActions(ExecuteActionsTaskExecuter.java:61)
	... 47 more
Caused by: com.android.ide.common.process.ProcessException: org.gradle.process.internal.ExecException: Process 'command '/Library/Java/JavaVirtualMachines/jdk1.8.0_172.jdk/Contents/Home/bin/java'' finished with non-zero exit value 1
	at com.android.build.gradle.internal.process.GradleProcessResult.assertNormalExitValue(GradleProcessResult.java:42)
	at com.android.builder.core.AndroidBuilder.preDexLibrary(AndroidBuilder.java:1295)
	at com.android.builder.internal.compiler.PreDexCache.preDexLibrary(PreDexCache.java:122)
	at com.android.builder.core.AndroidBuilder.preDexLibrary(AndroidBuilder.java:1247)
	at com.android.builder.core.AndroidBuilder$preDexLibrary$5.call(Unknown Source)
	at com.android.build.gradle.tasks.PreDex$PreDexTask.call(PreDex.groovy:150)
	at com.android.build.gradle.tasks.PreDex$PreDexTask.call(PreDex.groovy)
Caused by: org.gradle.process.internal.ExecException: Process 'command '/Library/Java/JavaVirtualMachines/jdk1.8.0_172.jdk/Contents/Home/bin/java'' finished with non-zero exit value 1
	at org.gradle.process.internal.DefaultExecHandle$ExecResultImpl.assertNormalExitValue(DefaultExecHandle.java:365)
	at com.android.build.gradle.internal.process.GradleProcessResult.assertNormalExitValue(GradleProcessResult.java:40)
	... 6 more


BUILD FAILED

Total time: 5.414 secs

2019-08-09 13:05:45,219 INFO  ProjectTaskService - Detecting possible tasks...
2019-08-09 13:05:45,219 INFO  SysUtils - Execute command: [/var/folders/bq/vtzpc5ns5sg2cthy61lqpg3dfzgbys/T/1565330709105-0/src/JaxRs2Retrofit-master/gradlew, -b, /var/folders/bq/vtzpc5ns5sg2cthy61lqpg3dfzgbys/T/1565330709105-0/src/JaxRs2Retrofit-master/build.gradle, -Dorg.gradle.daemon=false, -Dorg.gradle.daemon.performance.enable-monitoring=false, -Dorg.gradle.configureondemand=true, tasks]
2019-08-09 13:05:51,905 INFO  ProjectTaskService - Detected possible tasks: 90
2019-08-09 13:05:51,905 INFO  ProjectTaskService - Excluded tasks (19): lintDebug mockableAndroidJar deviceCheck coveralls lint javadoc uninstallRelease uninstallDebugAndroidTest installDebugAndroidTest connectedCheck uninstallAll testRelease test check connectedAndroidTest installDebug lintRelease testDebug uninstallDebug
2019-08-09 13:05:51,906 INFO  SysUtils - Execute command: [/var/folders/bq/vtzpc5ns5sg2cthy61lqpg3dfzgbys/T/1565330709105-0/src/JaxRs2Retrofit-master/gradlew, -b, /var/folders/bq/vtzpc5ns5sg2cthy61lqpg3dfzgbys/T/1565330709105-0/src/JaxRs2Retrofit-master/build.gradle, -Dorg.gradle.daemon=false, -Dorg.gradle.daemon.performance.enable-monitoring=false, -Dorg.gradle.configureondemand=true, --stacktrace, -x, lintDebug, -x, mockableAndroidJar, -x, deviceCheck, -x, coveralls, -x, lint, -x, javadoc, -x, uninstallRelease, -x, uninstallDebugAndroidTest, -x, installDebugAndroidTest, -x, connectedCheck, -x, uninstallAll, -x, testRelease, -x, test, -x, check, -x, connectedAndroidTest, -x, installDebug, -x, lintRelease, -x, testDebug, -x, uninstallDebug, build]
2019-08-09 13:05:58,050 ERROR SysUtils - Could not process external command
org.apache.commons.exec.ExecuteException: Process exited with an error: 1 (Exit value: 1)
	at org.apache.commons.exec.DefaultExecutor.executeInternal(DefaultExecutor.java:404)
	at org.apache.commons.exec.DefaultExecutor.execute(DefaultExecutor.java:166)
	at com.github.vbauer.apkmaster.util.SysUtils.execute(SysUtils.java:67)
	at com.github.vbauer.apkmaster.util.SysUtils.executeSimple(SysUtils.java:43)
	at com.github.vbauer.apkmaster.service.assembly.ProjectBuildService.buildProject(ProjectBuildService.java:78)
	at com.github.vbauer.apkmaster.service.assembly.ProjectBuildService.buildProject(ProjectBuildService.java:64)
	at com.github.vbauer.apkmaster.service.assembly.ProjectBuildService.buildProject(ProjectBuildService.java:43)
	at com.github.vbauer.apkmaster.service.FullProcessService.build(FullProcessService.java:84)
	at com.github.vbauer.apkmaster.service.FullProcessService.process(FullProcessService.java:34)
	at com.github.vbauer.apkmaster.app.MainApplication.process(MainApplication.java:38)
	at com.github.vbauer.apkmaster.app.MainApplication.main(MainApplication.java:20)
	at sun.reflect.NativeMethodAccessorImpl.invoke0(Native Method)
	at sun.reflect.NativeMethodAccessorImpl.invoke(NativeMethodAccessorImpl.java:62)
	at sun.reflect.DelegatingMethodAccessorImpl.invoke(DelegatingMethodAccessorImpl.java:43)
	at java.lang.reflect.Method.invoke(Method.java:498)
	at com.android.arsenal.util.ReflectionUtils.invoke(ReflectionUtils.java:52)
	at com.android.arsenal.util.ApkMasterUtils.main(ApkMasterUtils.java:30)
	at com.android.arsenal.service.processor.impl.BuildProcessorServiceImpl.buildProject(BuildProcessorServiceImpl.java:196)
	at com.android.arsenal.service.processor.impl.BuildProcessorServiceImpl.build(BuildProcessorServiceImpl.java:130)
	at com.android.arsenal.service.processor.impl.BuildProcessorServiceImpl.lambda$createTasks$1(BuildProcessorServiceImpl.java:113)
	at java.util.concurrent.FutureTask.run(FutureTask.java:266)
	at java.util.concurrent.Executors$RunnableAdapter.call(Executors.java:511)
	at java.util.concurrent.FutureTask.run(FutureTask.java:266)
	at java.util.concurrent.ThreadPoolExecutor.runWorker(ThreadPoolExecutor.java:1149)
	at java.util.concurrent.ThreadPoolExecutor$Worker.run(ThreadPoolExecutor.java:624)
	at java.lang.Thread.run(Thread.java:748)
2019-08-09 13:05:58,051 INFO  SysUtils - Configuration on demand is an incubating feature.
:example-android:preBuild UP-TO-DATE
:example-android:preDebugBuild UP-TO-DATE
:example-android:compileDebugNdk UP-TO-DATE
:example-android:checkDebugManifest
:example-android:prepareDebugDependencies
:example-android:compileDebugAidl UP-TO-DATE
:example-android:compileDebugRenderscript UP-TO-DATE
:example-android:generateDebugBuildConfig UP-TO-DATE
:example-android:jaxRs2Retrofit-debug UP-TO-DATE
:example-android:generateDebugAssets UP-TO-DATE
:example-android:mergeDebugAssets UP-TO-DATE
:example-android:generateDebugResValues UP-TO-DATE
:example-android:generateDebugResources UP-TO-DATE
:example-android:mergeDebugResources UP-TO-DATE
:example-android:processDebugManifest UP-TO-DATE
:example-android:processDebugResources UP-TO-DATE
:example-android:generateDebugSources UP-TO-DATE
:example-common:compileJava UP-TO-DATE
:example-common:processResources UP-TO-DATE
:example-common:classes UP-TO-DATE
:example-common:jar UP-TO-DATE
:example-android:compileDebugJava UP-TO-DATE
:example-android:preDexDebugUNEXPECTED TOP-LEVEL EXCEPTION:
com.android.dx.cf.iface.ParseException: bad class file magic (cafebabe) or version (0034.0000)
	at com.android.dx.cf.direct.DirectClassFile.parse0(DirectClassFile.java:472)
	at com.android.dx.cf.direct.DirectClassFile.parse(DirectClassFile.java:406)
	at com.android.dx.cf.direct.DirectClassFile.parseToInterfacesIfNecessary(DirectClassFile.java:388)
	at com.android.dx.cf.direct.DirectClassFile.getMagic(DirectClassFile.java:251)
	at com.android.dx.command.dexer.Main.processClass(Main.java:704)
	at com.android.dx.command.dexer.Main.processFileBytes(Main.java:673)
	at com.android.dx.command.dexer.Main.access$300(Main.java:83)
	at com.android.dx.command.dexer.Main$1.processFileBytes(Main.java:602)
	at com.android.dx.cf.direct.ClassPathOpener.processArchive(ClassPathOpener.java:284)
	at com.android.dx.cf.direct.ClassPathOpener.processOne(ClassPathOpener.java:166)
	at com.android.dx.cf.direct.ClassPathOpener.process(ClassPathOpener.java:144)
	at com.android.dx.command.dexer.Main.processOne(Main.java:632)
	at com.android.dx.command.dexer.Main.processAllFiles(Main.java:510)
	at com.android.dx.command.dexer.Main.runMonoDex(Main.java:280)
	at com.android.dx.command.dexer.Main.run(Main.java:246)
	at com.android.dx.command.dexer.Main.main(Main.java:215)
	at com.android.dx.command.Main.main(Main.java:106)
...while parsing de/bitdroid/jaxrs2retrofit/example/common/HelloWorld.class
1 error; aborting

 FAILED

FAILURE: Build failed with an exception.

* What went wrong:
Execution failed for task ':example-android:preDexDebug'.
> com.android.ide.common.process.ProcessException: org.gradle.process.internal.ExecException: Process 'command '/Library/Java/JavaVirtualMachines/jdk1.8.0_172.jdk/Contents/Home/bin/java'' finished with non-zero exit value 1

* Try:
Run with --info or --debug option to get more log output.

* Exception is:
org.gradle.api.tasks.TaskExecutionException: Execution failed for task ':example-android:preDexDebug'.
	at org.gradle.api.internal.tasks.execution.ExecuteActionsTaskExecuter.executeActions(ExecuteActionsTaskExecuter.java:69)
	at org.gradle.api.internal.tasks.execution.ExecuteActionsTaskExecuter.execute(ExecuteActionsTaskExecuter.java:46)
	at org.gradle.api.internal.tasks.execution.PostExecutionAnalysisTaskExecuter.execute(PostExecutionAnalysisTaskExecuter.java:35)
	at org.gradle.api.internal.tasks.execution.SkipUpToDateTaskExecuter.execute(SkipUpToDateTaskExecuter.java:64)
	at org.gradle.api.internal.tasks.execution.ValidatingTaskExecuter.execute(ValidatingTaskExecuter.java:58)
	at org.gradle.api.internal.tasks.execution.SkipEmptySourceFilesTaskExecuter.execute(SkipEmptySourceFilesTaskExecuter.java:42)
	at org.gradle.api.internal.tasks.execution.SkipTaskWithNoActionsExecuter.execute(SkipTaskWithNoActionsExecuter.java:52)
	at org.gradle.api.internal.tasks.execution.SkipOnlyIfTaskExecuter.execute(SkipOnlyIfTaskExecuter.java:53)
	at org.gradle.api.internal.tasks.execution.ExecuteAtMostOnceTaskExecuter.execute(ExecuteAtMostOnceTaskExecuter.java:43)
	at org.gradle.api.internal.AbstractTask.executeWithoutThrowingTaskFailure(AbstractTask.java:306)
	at org.gradle.execution.taskgraph.AbstractTaskPlanExecutor$TaskExecutorWorker.executeTask(AbstractTaskPlanExecutor.java:79)
	at org.gradle.execution.taskgraph.AbstractTaskPlanExecutor$TaskExecutorWorker.processTask(AbstractTaskPlanExecutor.java:63)
	at org.gradle.execution.taskgraph.AbstractTaskPlanExecutor$TaskExecutorWorker.run(AbstractTaskPlanExecutor.java:51)
	at org.gradle.execution.taskgraph.DefaultTaskPlanExecutor.process(DefaultTaskPlanExecutor.java:23)
	at org.gradle.execution.taskgraph.DefaultTaskGraphExecuter.execute(DefaultTaskGraphExecuter.java:88)
	at org.gradle.execution.SelectedTaskExecutionAction.execute(SelectedTaskExecutionAction.java:29)
	at org.gradle.execution.DefaultBuildExecuter.execute(DefaultBuildExecuter.java:62)
	at org.gradle.execution.DefaultBuildExecuter.access$200(DefaultBuildExecuter.java:23)
	at org.gradle.execution.DefaultBuildExecuter$2.proceed(DefaultBuildExecuter.java:68)
	at org.gradle.execution.DryRunBuildExecutionAction.execute(DryRunBuildExecutionAction.java:32)
	at org.gradle.execution.DefaultBuildExecuter.execute(DefaultBuildExecuter.java:62)
	at org.gradle.execution.DefaultBuildExecuter.execute(DefaultBuildExecuter.java:55)
	at org.gradle.initialization.DefaultGradleLauncher.doBuildStages(DefaultGradleLauncher.java:149)
	at org.gradle.initialization.DefaultGradleLauncher.doBuild(DefaultGradleLauncher.java:106)
	at org.gradle.initialization.DefaultGradleLauncher.run(DefaultGradleLauncher.java:86)
	at org.gradle.launcher.exec.InProcessBuildActionExecuter$DefaultBuildController.run(InProcessBuildActionExecuter.java:80)
	at org.gradle.launcher.cli.ExecuteBuildAction.run(ExecuteBuildAction.java:33)
	at org.gradle.launcher.cli.ExecuteBuildAction.run(ExecuteBuildAction.java:24)
	at org.gradle.launcher.exec.InProcessBuildActionExecuter.execute(InProcessBuildActionExecuter.java:36)
	at org.gradle.launcher.exec.InProcessBuildActionExecuter.execute(InProcessBuildActionExecuter.java:26)
	at org.gradle.launcher.cli.RunBuildAction.run(RunBuildAction.java:51)
	at org.gradle.internal.Actions$RunnableActionAdapter.execute(Actions.java:169)
	at org.gradle.launcher.cli.CommandLineActionFactory$ParseAndBuildAction.execute(CommandLineActionFactory.java:237)
	at org.gradle.launcher.cli.CommandLineActionFactory$ParseAndBuildAction.execute(CommandLineActionFactory.java:210)
	at org.gradle.launcher.cli.JavaRuntimeValidationAction.execute(JavaRuntimeValidationAction.java:35)
	at org.gradle.launcher.cli.JavaRuntimeValidationAction.execute(JavaRuntimeValidationAction.java:24)
	at org.gradle.launcher.cli.CommandLineActionFactory$WithLogging.execute(CommandLineActionFactory.java:206)
	at org.gradle.launcher.cli.CommandLineActionFactory$WithLogging.execute(CommandLineActionFactory.java:169)
	at org.gradle.launcher.cli.ExceptionReportingAction.execute(ExceptionReportingAction.java:33)
	at org.gradle.launcher.cli.ExceptionReportingAction.execute(ExceptionReportingAction.java:22)
	at org.gradle.launcher.Main.doAction(Main.java:33)
	at org.gradle.launcher.bootstrap.EntryPoint.run(EntryPoint.java:45)
	at org.gradle.launcher.bootstrap.ProcessBootstrap.runNoExit(ProcessBootstrap.java:54)
	at org.gradle.launcher.bootstrap.ProcessBootstrap.run(ProcessBootstrap.java:35)
	at org.gradle.launcher.GradleMain.main(GradleMain.java:23)
	at org.gradle.wrapper.BootstrapMainStarter.start(BootstrapMainStarter.java:30)
	at org.gradle.wrapper.WrapperExecutor.execute(WrapperExecutor.java:127)
	at org.gradle.wrapper.GradleWrapperMain.main(GradleWrapperMain.java:61)
Caused by: java.lang.RuntimeException: com.android.ide.common.process.ProcessException: org.gradle.process.internal.ExecException: Process 'command '/Library/Java/JavaVirtualMachines/jdk1.8.0_172.jdk/Contents/Home/bin/java'' finished with non-zero exit value 1
	at com.android.ide.common.internal.WaitableExecutor.waitForTasksWithQuickFail(WaitableExecutor.java:116)
	at com.android.ide.common.internal.WaitableExecutor$waitForTasksWithQuickFail$0.call(Unknown Source)
	at com.android.build.gradle.tasks.PreDex.taskAction(PreDex.groovy:106)
	at org.gradle.internal.reflect.JavaMethod.invoke(JavaMethod.java:63)
	at org.gradle.api.internal.project.taskfactory.AnnotationProcessingTaskFactory$IncrementalTaskAction.doExecute(AnnotationProcessingTaskFactory.java:235)
	at org.gradle.api.internal.project.taskfactory.AnnotationProcessingTaskFactory$StandardTaskAction.execute(AnnotationProcessingTaskFactory.java:211)
	at org.gradle.api.internal.project.taskfactory.AnnotationProcessingTaskFactory$IncrementalTaskAction.execute(AnnotationProcessingTaskFactory.java:222)
	at org.gradle.api.internal.project.taskfactory.AnnotationProcessingTaskFactory$StandardTaskAction.execute(AnnotationProcessingTaskFactory.java:200)
	at org.gradle.api.internal.tasks.execution.ExecuteActionsTaskExecuter.executeAction(ExecuteActionsTaskExecuter.java:80)
	at org.gradle.api.internal.tasks.execution.ExecuteActionsTaskExecuter.executeActions(ExecuteActionsTaskExecuter.java:61)
	... 47 more
Caused by: com.android.ide.common.process.ProcessException: org.gradle.process.internal.ExecException: Process 'command '/Library/Java/JavaVirtualMachines/jdk1.8.0_172.jdk/Contents/Home/bin/java'' finished with non-zero exit value 1
	at com.android.build.gradle.internal.process.GradleProcessResult.assertNormalExitValue(GradleProcessResult.java:42)
	at com.android.builder.core.AndroidBuilder.preDexLibrary(AndroidBuilder.java:1295)
	at com.android.builder.internal.compiler.PreDexCache.preDexLibrary(PreDexCache.java:122)
	at com.android.builder.core.AndroidBuilder.preDexLibrary(AndroidBuilder.java:1247)
	at com.android.builder.core.AndroidBuilder$preDexLibrary$1.call(Unknown Source)
	at com.android.build.gradle.tasks.PreDex$PreDexTask.call(PreDex.groovy:150)
	at com.android.build.gradle.tasks.PreDex$PreDexTask.call(PreDex.groovy)
Caused by: org.gradle.process.internal.ExecException: Process 'command '/Library/Java/JavaVirtualMachines/jdk1.8.0_172.jdk/Contents/Home/bin/java'' finished with non-zero exit value 1
	at org.gradle.process.internal.DefaultExecHandle$ExecResultImpl.assertNormalExitValue(DefaultExecHandle.java:365)
	at com.android.build.gradle.internal.process.GradleProcessResult.assertNormalExitValue(GradleProcessResult.java:40)
	... 6 more


BUILD FAILED

Total time: 5.629 secs

2019-08-09 13:05:58,059 INFO  ProjectTaskService - Detecting possible tasks...
2019-08-09 13:05:58,060 INFO  SysUtils - Execute command: [/var/folders/bq/vtzpc5ns5sg2cthy61lqpg3dfzgbys/T/1565330709105-0/src/JaxRs2Retrofit-master/example-common/gradlew, -b, /var/folders/bq/vtzpc5ns5sg2cthy61lqpg3dfzgbys/T/1565330709105-0/src/JaxRs2Retrofit-master/example-common/build.gradle, -Dorg.gradle.daemon=false, -Dorg.gradle.daemon.performance.enable-monitoring=false, -Dorg.gradle.configureondemand=true, tasks]
2019-08-09 13:06:03,765 INFO  ProjectTaskService - Detected possible tasks: 38
2019-08-09 13:06:03,766 INFO  ProjectTaskService - Excluded tasks (3): test check javadoc
2019-08-09 13:06:03,766 INFO  SysUtils - Execute command: [/var/folders/bq/vtzpc5ns5sg2cthy61lqpg3dfzgbys/T/1565330709105-0/src/JaxRs2Retrofit-master/example-common/gradlew, -b, /var/folders/bq/vtzpc5ns5sg2cthy61lqpg3dfzgbys/T/1565330709105-0/src/JaxRs2Retrofit-master/example-common/build.gradle, -Dorg.gradle.daemon=false, -Dorg.gradle.daemon.performance.enable-monitoring=false, -Dorg.gradle.configureondemand=true, --stacktrace, -x, test, -x, check, -x, javadoc, build]
2019-08-09 13:06:06,541 INFO  SysUtils - Configuration on demand is an incubating feature.
:example-common:compileJava UP-TO-DATE
:example-common:processResources UP-TO-DATE
:example-common:classes UP-TO-DATE
:example-common:jar UP-TO-DATE
:example-common:assemble UP-TO-DATE
:example-common:build

BUILD SUCCESSFUL

Total time: 2.314 secs

2019-08-09 13:06:06,550 INFO  ProjectTaskService - Detecting possible tasks...
2019-08-09 13:06:06,551 INFO  SysUtils - Execute command: [/var/folders/bq/vtzpc5ns5sg2cthy61lqpg3dfzgbys/T/1565330709105-0/src/JaxRs2Retrofit-master/example-java/gradlew, -b, /var/folders/bq/vtzpc5ns5sg2cthy61lqpg3dfzgbys/T/1565330709105-0/src/JaxRs2Retrofit-master/example-java/build.gradle, -Dorg.gradle.daemon=false, -Dorg.gradle.daemon.performance.enable-monitoring=false, -Dorg.gradle.configureondemand=true, tasks]
2019-08-09 13:06:12,318 INFO  ProjectTaskService - Detected possible tasks: 51
2019-08-09 13:06:12,318 INFO  ProjectTaskService - Excluded tasks (3): javadoc test check
2019-08-09 13:06:12,318 INFO  SysUtils - Execute command: [/var/folders/bq/vtzpc5ns5sg2cthy61lqpg3dfzgbys/T/1565330709105-0/src/JaxRs2Retrofit-master/example-java/gradlew, -b, /var/folders/bq/vtzpc5ns5sg2cthy61lqpg3dfzgbys/T/1565330709105-0/src/JaxRs2Retrofit-master/example-java/build.gradle, -Dorg.gradle.daemon=false, -Dorg.gradle.daemon.performance.enable-monitoring=false, -Dorg.gradle.configureondemand=true, --stacktrace, -x, javadoc, -x, test, -x, check, build]
2019-08-09 13:06:16,842 INFO  SysUtils - Configuration on demand is an incubating feature.
:example-common:compileJava UP-TO-DATE
:example-common:processResources UP-TO-DATE
:example-common:classes UP-TO-DATE
:example-common:jar UP-TO-DATE
:example-java:jaxRs2Retrofit
MyHelloWorldResource
:example-java:compileJava
:example-java:processResources UP-TO-DATE
:example-java:classes
:example-java:jar
:example-java:startScripts
:example-java:distTar
:example-java:distZip
:example-java:assemble
:example-java:build

BUILD SUCCESSFUL

Total time: 4.054 secs

2019-08-09 13:06:16,853 INFO  ProjectTaskService - Detecting possible tasks...
2019-08-09 13:06:16,853 INFO  SysUtils - Execute command: [/var/folders/bq/vtzpc5ns5sg2cthy61lqpg3dfzgbys/T/1565330709105-0/src/JaxRs2Retrofit-master/example-server/gradlew, -b, /var/folders/bq/vtzpc5ns5sg2cthy61lqpg3dfzgbys/T/1565330709105-0/src/JaxRs2Retrofit-master/example-server/build.gradle, -Dorg.gradle.daemon=false, -Dorg.gradle.daemon.performance.enable-monitoring=false, -Dorg.gradle.configureondemand=true, tasks]
2019-08-09 13:06:22,446 INFO  ProjectTaskService - Detected possible tasks: 47
2019-08-09 13:06:22,446 INFO  ProjectTaskService - Excluded tasks (3): javadoc test check
2019-08-09 13:06:22,446 INFO  SysUtils - Execute command: [/var/folders/bq/vtzpc5ns5sg2cthy61lqpg3dfzgbys/T/1565330709105-0/src/JaxRs2Retrofit-master/example-server/gradlew, -b, /var/folders/bq/vtzpc5ns5sg2cthy61lqpg3dfzgbys/T/1565330709105-0/src/JaxRs2Retrofit-master/example-server/build.gradle, -Dorg.gradle.daemon=false, -Dorg.gradle.daemon.performance.enable-monitoring=false, -Dorg.gradle.configureondemand=true, --stacktrace, -x, javadoc, -x, test, -x, check, build]
2019-08-09 13:06:51,474 INFO  SysUtils - Configuration on demand is an incubating feature.
:example-common:compileJava UP-TO-DATE
:example-common:processResources UP-TO-DATE
:example-common:classes UP-TO-DATE
:example-common:jar UP-TO-DATE
:example-server:compileJava
Download https://jcenter.bintray.com/io/dropwizard/dropwizard-core/0.8.1/dropwizard-core-0.8.1.jar
Download https://jcenter.bintray.com/io/dropwizard/dropwizard-util/0.8.1/dropwizard-util-0.8.1.jar
Download https://jcenter.bintray.com/io/dropwizard/dropwizard-jackson/0.8.1/dropwizard-jackson-0.8.1.jar
Download https://jcenter.bintray.com/io/dropwizard/dropwizard-validation/0.8.1/dropwizard-validation-0.8.1.jar
Download https://jcenter.bintray.com/io/dropwizard/dropwizard-configuration/0.8.1/dropwizard-configuration-0.8.1.jar
Download https://jcenter.bintray.com/io/dropwizard/dropwizard-logging/0.8.1/dropwizard-logging-0.8.1.jar
Download https://jcenter.bintray.com/io/dropwizard/dropwizard-metrics/0.8.1/dropwizard-metrics-0.8.1.jar
Download https://jcenter.bintray.com/io/dropwizard/dropwizard-jersey/0.8.1/dropwizard-jersey-0.8.1.jar
Download https://jcenter.bintray.com/io/dropwizard/dropwizard-servlets/0.8.1/dropwizard-servlets-0.8.1.jar
Download https://jcenter.bintray.com/io/dropwizard/dropwizard-jetty/0.8.1/dropwizard-jetty-0.8.1.jar
Download https://jcenter.bintray.com/io/dropwizard/dropwizard-lifecycle/0.8.1/dropwizard-lifecycle-0.8.1.jar
Download https://jcenter.bintray.com/io/dropwizard/metrics/metrics-core/3.1.1/metrics-core-3.1.1.jar
Download https://jcenter.bintray.com/io/dropwizard/metrics/metrics-jvm/3.1.1/metrics-jvm-3.1.1.jar
Download https://jcenter.bintray.com/io/dropwizard/metrics/metrics-servlets/3.1.1/metrics-servlets-3.1.1.jar
Download https://jcenter.bintray.com/io/dropwizard/metrics/metrics-healthchecks/3.1.1/metrics-healthchecks-3.1.1.jar
Download https://jcenter.bintray.com/net/sourceforge/argparse4j/argparse4j/0.4.4/argparse4j-0.4.4.jar
Download https://jcenter.bintray.com/org/eclipse/jetty/toolchain/setuid/jetty-setuid-java/1.0.2/jetty-setuid-java-1.0.2.jar
Download https://jcenter.bintray.com/com/fasterxml/jackson/datatype/jackson-datatype-jdk7/2.5.1/jackson-datatype-jdk7-2.5.1.jar
Download https://jcenter.bintray.com/com/fasterxml/jackson/datatype/jackson-datatype-guava/2.5.1/jackson-datatype-guava-2.5.1.jar
Download https://jcenter.bintray.com/com/fasterxml/jackson/module/jackson-module-afterburner/2.5.1/jackson-module-afterburner-2.5.1.jar
Download https://jcenter.bintray.com/com/fasterxml/jackson/datatype/jackson-datatype-joda/2.5.1/jackson-datatype-joda-2.5.1.jar
Download https://jcenter.bintray.com/org/hibernate/hibernate-validator/5.1.3.Final/hibernate-validator-5.1.3.Final.jar
Download https://jcenter.bintray.com/com/fasterxml/jackson/dataformat/jackson-dataformat-yaml/2.5.1/jackson-dataformat-yaml-2.5.1.jar
Download https://jcenter.bintray.com/io/dropwizard/metrics/metrics-logback/3.1.1/metrics-logback-3.1.1.jar
Download https://jcenter.bintray.com/org/slf4j/jul-to-slf4j/1.7.10/jul-to-slf4j-1.7.10.jar
Download https://jcenter.bintray.com/org/slf4j/log4j-over-slf4j/1.7.10/log4j-over-slf4j-1.7.10.jar
Download https://jcenter.bintray.com/org/slf4j/jcl-over-slf4j/1.7.10/jcl-over-slf4j-1.7.10.jar
Download https://jcenter.bintray.com/org/eclipse/jetty/jetty-util/9.2.9.v20150224/jetty-util-9.2.9.v20150224.jar
Download https://jcenter.bintray.com/org/glassfish/jersey/core/jersey-server/2.17/jersey-server-2.17.jar
Download https://jcenter.bintray.com/org/glassfish/jersey/ext/jersey-metainf-services/2.17/jersey-metainf-services-2.17.jar
Download https://jcenter.bintray.com/io/dropwizard/metrics/metrics-jersey2/3.1.1/metrics-jersey2-3.1.1.jar
Download https://jcenter.bintray.com/com/fasterxml/jackson/jaxrs/jackson-jaxrs-json-provider/2.5.1/jackson-jaxrs-json-provider-2.5.1.jar
Download https://jcenter.bintray.com/org/glassfish/jersey/containers/jersey-container-servlet/2.17/jersey-container-servlet-2.17.jar
Download https://jcenter.bintray.com/org/eclipse/jetty/jetty-server/9.2.9.v20150224/jetty-server-9.2.9.v20150224.jar
Download https://jcenter.bintray.com/org/eclipse/jetty/jetty-webapp/9.2.9.v20150224/jetty-webapp-9.2.9.v20150224.jar
Download https://jcenter.bintray.com/org/eclipse/jetty/jetty-continuation/9.2.9.v20150224/jetty-continuation-9.2.9.v20150224.jar
Download https://jcenter.bintray.com/io/dropwizard/metrics/metrics-annotation/3.1.1/metrics-annotation-3.1.1.jar
Download https://jcenter.bintray.com/io/dropwizard/metrics/metrics-jetty9/3.1.1/metrics-jetty9-3.1.1.jar
Download https://jcenter.bintray.com/org/eclipse/jetty/jetty-servlet/9.2.9.v20150224/jetty-servlet-9.2.9.v20150224.jar
Download https://jcenter.bintray.com/org/eclipse/jetty/jetty-servlets/9.2.9.v20150224/jetty-servlets-9.2.9.v20150224.jar
Download https://jcenter.bintray.com/org/eclipse/jetty/jetty-http/9.2.9.v20150224/jetty-http-9.2.9.v20150224.jar
Download https://jcenter.bintray.com/io/dropwizard/metrics/metrics-json/3.1.1/metrics-json-3.1.1.jar
Download https://jcenter.bintray.com/org/yaml/snakeyaml/1.12/snakeyaml-1.12.jar
Download https://jcenter.bintray.com/com/fasterxml/jackson/jaxrs/jackson-jaxrs-base/2.5.1/jackson-jaxrs-base-2.5.1.jar
Download https://jcenter.bintray.com/org/glassfish/jersey/containers/jersey-container-servlet-core/2.17/jersey-container-servlet-core-2.17.jar
Download https://jcenter.bintray.com/org/eclipse/jetty/jetty-io/9.2.9.v20150224/jetty-io-9.2.9.v20150224.jar
Download https://jcenter.bintray.com/org/eclipse/jetty/jetty-xml/9.2.9.v20150224/jetty-xml-9.2.9.v20150224.jar
Download https://jcenter.bintray.com/org/eclipse/jetty/jetty-security/9.2.9.v20150224/jetty-security-9.2.9.v20150224.jar
:example-server:processResources UP-TO-DATE
:example-server:classes
:example-server:jar
:example-server:startScripts
:example-server:distTar
:example-server:distZip
:example-server:assemble
:example-server:build

BUILD SUCCESSFUL

Total time: 28.573 secs

2019-08-09 13:06:51,486 INFO  ProjectTaskService - Detecting possible tasks...
2019-08-09 13:06:51,486 INFO  SysUtils - Execute command: [/var/folders/bq/vtzpc5ns5sg2cthy61lqpg3dfzgbys/T/1565330709105-0/src/JaxRs2Retrofit-master/plugin/gradlew, -b, /var/folders/bq/vtzpc5ns5sg2cthy61lqpg3dfzgbys/T/1565330709105-0/src/JaxRs2Retrofit-master/plugin/build.gradle, -Dorg.gradle.daemon=false, -Dorg.gradle.daemon.performance.enable-monitoring=false, -Dorg.gradle.configureondemand=true, tasks]
2019-08-09 13:06:57,943 INFO  ProjectTaskService - Detected possible tasks: 50
2019-08-09 13:06:57,944 INFO  ProjectTaskService - Excluded tasks (4): coveralls javadoc test check
2019-08-09 13:06:57,944 INFO  SysUtils - Execute command: [/var/folders/bq/vtzpc5ns5sg2cthy61lqpg3dfzgbys/T/1565330709105-0/src/JaxRs2Retrofit-master/plugin/gradlew, -b, /var/folders/bq/vtzpc5ns5sg2cthy61lqpg3dfzgbys/T/1565330709105-0/src/JaxRs2Retrofit-master/plugin/build.gradle, -Dorg.gradle.daemon=false, -Dorg.gradle.daemon.performance.enable-monitoring=false, -Dorg.gradle.configureondemand=true, --stacktrace, -x, coveralls, -x, javadoc, -x, test, -x, check, build]
2019-08-09 13:07:05,827 INFO  SysUtils - Configuration on demand is an incubating feature.
:plugin:compileJavawarning: [options] bootstrap class path not set in conjunction with -source 1.7
1 warning

:plugin:compileGroovy
:plugin:processResources
:plugin:classes
:plugin:jar
:plugin:javadocJar
:plugin:sourcesJar
:plugin:assemble
:plugin:build

BUILD SUCCESSFUL

Total time: 7.354 secs

2019-08-09 13:07:05,840 ERROR FullProcessService - Project build has not produced APK file
2019-08-09 13:07:05,852 ERROR FullProcessService - Could not find generated or existed APK file
