2019-08-20 11:40:52,864 INFO  DownloadService - Downloading "https://github.com/Nightonke/BlurLockView/archive/master.zip", attempt 3
2019-08-20 11:41:23,236 INFO  DownloadService - Downloaded https://github.com/Nightonke/BlurLockView/archive/master.zip, attempt 3
2019-08-20 11:41:23,237 INFO  DownloadService - Size of file "/var/folders/bq/vtzpc5ns5sg2cthy61lqpg3dfzgbys/T/1566276052855-0/master.zip": 18 MB
2019-08-20 11:41:23,237 INFO  ArchiveUtils - Checking entries [.gradle] in ZIP file...
2019-08-20 11:41:23,238 INFO  ArchiveUtils - Has entries [.gradle] in ZIP file /var/folders/bq/vtzpc5ns5sg2cthy61lqpg3dfzgbys/T/1566276052855-0/master.zip: true
2019-08-20 11:41:23,238 DEBUG ZipUtil - Extracting '/var/folders/bq/vtzpc5ns5sg2cthy61lqpg3dfzgbys/T/1566276052855-0/master.zip' into '/var/folders/bq/vtzpc5ns5sg2cthy61lqpg3dfzgbys/T/1566276052855-0/src'.
2019-08-20 11:41:23,499 INFO  FullProcessService - Size of directory with sources: 19 MB
2019-08-20 11:41:23,499 INFO  SysUtils - Execute command: [git, init, /var/folders/bq/vtzpc5ns5sg2cthy61lqpg3dfzgbys/T/1566276052855-0/src]
2019-08-20 11:41:23,520 INFO  SysUtils - Initialized empty Git repository in /private/var/folders/bq/vtzpc5ns5sg2cthy61lqpg3dfzgbys/T/1566276052855-0/src/.git/

2019-08-20 11:41:23,523 INFO  ProjectBuildService - Gradle wrapper(s): /var/folders/bq/vtzpc5ns5sg2cthy61lqpg3dfzgbys/T/1566276052855-0/src/BlurLockView-master/gradlew
2019-08-20 11:41:23,527 INFO  ProjectBuildService - Build script(s): /var/folders/bq/vtzpc5ns5sg2cthy61lqpg3dfzgbys/T/1566276052855-0/src/BlurLockView-master/app/build.gradle /var/folders/bq/vtzpc5ns5sg2cthy61lqpg3dfzgbys/T/1566276052855-0/src/BlurLockView-master/blurlockview/build.gradle /var/folders/bq/vtzpc5ns5sg2cthy61lqpg3dfzgbys/T/1566276052855-0/src/BlurLockView-master/build.gradle
2019-08-20 11:41:23,530 INFO  ProjectBuildService - All script(s): /var/folders/bq/vtzpc5ns5sg2cthy61lqpg3dfzgbys/T/1566276052855-0/src/BlurLockView-master/app/build.gradle /var/folders/bq/vtzpc5ns5sg2cthy61lqpg3dfzgbys/T/1566276052855-0/src/BlurLockView-master/blurlockview/build.gradle /var/folders/bq/vtzpc5ns5sg2cthy61lqpg3dfzgbys/T/1566276052855-0/src/BlurLockView-master/build.gradle /var/folders/bq/vtzpc5ns5sg2cthy61lqpg3dfzgbys/T/1566276052855-0/src/BlurLockView-master/settings.gradle
2019-08-20 11:41:23,531 INFO  DownloadService - Downloading "https://raw.githubusercontent.com/nuuneoi/JCenter/master/bintrayv1.gradle", attempt 3
2019-08-20 11:41:23,717 INFO  DownloadService - Downloaded https://raw.githubusercontent.com/nuuneoi/JCenter/master/bintrayv1.gradle, attempt 3
2019-08-20 11:41:23,718 INFO  DownloadService - Downloading "https://raw.githubusercontent.com/nuuneoi/JCenter/master/installv1.gradle", attempt 3
2019-08-20 11:41:23,899 INFO  DownloadService - Downloaded https://raw.githubusercontent.com/nuuneoi/JCenter/master/installv1.gradle, attempt 3
2019-08-20 11:41:23,900 INFO  ProjectBuildService - Remote scripts: https://raw.githubusercontent.com/nuuneoi/JCenter/master/bintrayv1.gradle https://raw.githubusercontent.com/nuuneoi/JCenter/master/installv1.gradle
2019-08-20 11:41:23,900 INFO  ProjectFixService - Fixing project...
2019-08-20 11:41:23,913 INFO  LocalPropertiesFixService - Created fake /var/folders/bq/vtzpc5ns5sg2cthy61lqpg3dfzgbys/T/1566276052855-0/src/BlurLockView-master/app/local.properties
2019-08-20 11:41:23,913 INFO  ProjectFixService - Build info for "/var/folders/bq/vtzpc5ns5sg2cthy61lqpg3dfzgbys/T/1566276052855-0/src/BlurLockView-master/app/build.gradle": [buildToolsVersion=23.0.2,compileSdkVersion=23,minSdkVersion=17,targetSdkVersion=23]
2019-08-20 11:41:23,913 INFO  LocalPropertiesFixService - Created fake /var/folders/bq/vtzpc5ns5sg2cthy61lqpg3dfzgbys/T/1566276052855-0/src/BlurLockView-master/blurlockview/local.properties
2019-08-20 11:41:23,914 INFO  ProjectFixService - Build info for "/var/folders/bq/vtzpc5ns5sg2cthy61lqpg3dfzgbys/T/1566276052855-0/src/BlurLockView-master/blurlockview/build.gradle": [buildToolsVersion=23.0.2,compileSdkVersion=23,minSdkVersion=17,targetSdkVersion=23]
2019-08-20 11:41:23,914 INFO  LocalPropertiesFixService - Created fake /var/folders/bq/vtzpc5ns5sg2cthy61lqpg3dfzgbys/T/1566276052855-0/src/BlurLockView-master/local.properties
2019-08-20 11:41:23,915 INFO  WrapperPropertiesFixService - Gradle wrapper: https://services.gradle.org/distributions/gradle-2.10-all.zip
2019-08-20 11:41:23,915 INFO  WrapperPropertiesFixService - Gradle wrapper was changed from "-all.zip" to "-bin.zip" (https://services.gradle.org/distributions/gradle-2.10-bin.zip)
2019-08-20 11:41:23,916 INFO  ProjectFixService - Build info for "/var/folders/bq/vtzpc5ns5sg2cthy61lqpg3dfzgbys/T/1566276052855-0/src/BlurLockView-master/build.gradle": [buildToolsVersion=23.0.2,compileSdkVersion=23,minSdkVersion=17,targetSdkVersion=23]
2019-08-20 11:41:23,916 INFO  ProjectFixService - Project was maybe fixed
2019-08-20 11:41:23,916 INFO  ProjectTaskService - Detecting possible tasks...
2019-08-20 11:41:23,916 INFO  SysUtils - Execute command: [/var/folders/bq/vtzpc5ns5sg2cthy61lqpg3dfzgbys/T/1566276052855-0/src/BlurLockView-master/gradlew, -b, /var/folders/bq/vtzpc5ns5sg2cthy61lqpg3dfzgbys/T/1566276052855-0/src/BlurLockView-master/app/build.gradle, -Dorg.gradle.daemon=false, -Dorg.gradle.daemon.performance.enable-monitoring=false, -Dorg.gradle.configureondemand=true, tasks]
2019-08-20 11:41:34,993 INFO  ProjectTaskService - Detected possible tasks: 73
2019-08-20 11:41:34,993 INFO  ProjectTaskService - Excluded tasks (22): lintDebug mockableAndroidJar javadocJar deviceCheck lint testReleaseUnitTest javadoc uninstallRelease deviceAndroidTest uninstallDebugAndroidTest installDebugAndroidTest connectedCheck connectedDebugAndroidTest uninstallAll sourcesJar test check testDebugUnitTest connectedAndroidTest installDebug lintRelease uninstallDebug
2019-08-20 11:41:34,994 INFO  SysUtils - Execute command: [/var/folders/bq/vtzpc5ns5sg2cthy61lqpg3dfzgbys/T/1566276052855-0/src/BlurLockView-master/gradlew, -b, /var/folders/bq/vtzpc5ns5sg2cthy61lqpg3dfzgbys/T/1566276052855-0/src/BlurLockView-master/app/build.gradle, -Dorg.gradle.daemon=false, -Dorg.gradle.daemon.performance.enable-monitoring=false, -Dorg.gradle.configureondemand=true, --stacktrace, -x, lintDebug, -x, mockableAndroidJar, -x, javadocJar, -x, deviceCheck, -x, lint, -x, testReleaseUnitTest, -x, javadoc, -x, uninstallRelease, -x, deviceAndroidTest, -x, uninstallDebugAndroidTest, -x, installDebugAndroidTest, -x, connectedCheck, -x, connectedDebugAndroidTest, -x, uninstallAll, -x, sourcesJar, -x, test, -x, check, -x, testDebugUnitTest, -x, connectedAndroidTest, -x, installDebug, -x, lintRelease, -x, uninstallDebug, build]
2019-08-20 11:41:40,859 ERROR SysUtils - Could not process external command
org.apache.commons.exec.ExecuteException: Process exited with an error: 1 (Exit value: 1)
	at org.apache.commons.exec.DefaultExecutor.executeInternal(DefaultExecutor.java:404)
	at org.apache.commons.exec.DefaultExecutor.execute(DefaultExecutor.java:166)
	at com.github.vbauer.apkmaster.util.SysUtils.execute(SysUtils.java:67)
	at com.github.vbauer.apkmaster.util.SysUtils.executeSimple(SysUtils.java:43)
	at com.github.vbauer.apkmaster.service.assembly.ProjectBuildService.buildProject(ProjectBuildService.java:78)
	at com.github.vbauer.apkmaster.service.assembly.ProjectBuildService.buildProject(ProjectBuildService.java:64)
	at com.github.vbauer.apkmaster.service.assembly.ProjectBuildService.buildProject(ProjectBuildService.java:43)
	at com.github.vbauer.apkmaster.service.FullProcessService.build(FullProcessService.java:84)
	at com.github.vbauer.apkmaster.service.FullProcessService.process(FullProcessService.java:34)
	at com.github.vbauer.apkmaster.app.MainApplication.process(MainApplication.java:38)
	at com.github.vbauer.apkmaster.app.MainApplication.main(MainApplication.java:20)
	at sun.reflect.NativeMethodAccessorImpl.invoke0(Native Method)
	at sun.reflect.NativeMethodAccessorImpl.invoke(NativeMethodAccessorImpl.java:62)
	at sun.reflect.DelegatingMethodAccessorImpl.invoke(DelegatingMethodAccessorImpl.java:43)
	at java.lang.reflect.Method.invoke(Method.java:498)
	at com.android.arsenal.util.ReflectionUtils.invoke(ReflectionUtils.java:52)
	at com.android.arsenal.util.ApkMasterUtils.main(ApkMasterUtils.java:30)
	at com.android.arsenal.service.processor.impl.BuildProcessorServiceImpl.buildProject(BuildProcessorServiceImpl.java:196)
	at com.android.arsenal.service.processor.impl.BuildProcessorServiceImpl.build(BuildProcessorServiceImpl.java:130)
	at com.android.arsenal.service.processor.impl.BuildProcessorServiceImpl.lambda$null$1(BuildProcessorServiceImpl.java:113)
	at java.util.concurrent.FutureTask.run(FutureTask.java:266)
	at java.util.concurrent.Executors$RunnableAdapter.call(Executors.java:511)
	at java.util.concurrent.FutureTask.run(FutureTask.java:266)
	at java.util.concurrent.ThreadPoolExecutor.runWorker(ThreadPoolExecutor.java:1149)
	at java.util.concurrent.ThreadPoolExecutor$Worker.run(ThreadPoolExecutor.java:624)
	at java.lang.Thread.run(Thread.java:748)
2019-08-20 11:41:40,859 INFO  SysUtils - Configuration on demand is an incubating feature.
Incremental java compilation is an incubating feature.

FAILURE: Build failed with an exception.

* What went wrong:
Task 'javadocJar' not found in project ':app'.

* Try:
Run gradlew tasks to get a list of available tasks. Run with --info or --debug option to get more log output.

* Exception is:
org.gradle.execution.TaskSelectionException: Task 'javadocJar' not found in project ':app'.
	at org.gradle.execution.TaskSelector.getSelection(TaskSelector.java:100)
	at org.gradle.execution.TaskSelector.getFilter(TaskSelector.java:63)
	at org.gradle.execution.ExcludedTaskFilteringBuildConfigurationAction.configure(ExcludedTaskFilteringBuildConfigurationAction.java:42)
	at org.gradle.execution.DefaultBuildConfigurationActionExecuter.configure(DefaultBuildConfigurationActionExecuter.java:48)
	at org.gradle.execution.DefaultBuildConfigurationActionExecuter.select(DefaultBuildConfigurationActionExecuter.java:36)
	at org.gradle.initialization.DefaultGradleLauncher$3.run(DefaultGradleLauncher.java:143)
	at org.gradle.internal.Factories$1.create(Factories.java:22)
	at org.gradle.internal.progress.DefaultBuildOperationExecutor.run(DefaultBuildOperationExecutor.java:90)
	at org.gradle.internal.progress.DefaultBuildOperationExecutor.run(DefaultBuildOperationExecutor.java:52)
	at org.gradle.initialization.DefaultGradleLauncher.doBuildStages(DefaultGradleLauncher.java:140)
	at org.gradle.initialization.DefaultGradleLauncher.access$200(DefaultGradleLauncher.java:32)
	at org.gradle.initialization.DefaultGradleLauncher$1.create(DefaultGradleLauncher.java:99)
	at org.gradle.initialization.DefaultGradleLauncher$1.create(DefaultGradleLauncher.java:93)
	at org.gradle.internal.progress.DefaultBuildOperationExecutor.run(DefaultBuildOperationExecutor.java:90)
	at org.gradle.internal.progress.DefaultBuildOperationExecutor.run(DefaultBuildOperationExecutor.java:62)
	at org.gradle.initialization.DefaultGradleLauncher.doBuild(DefaultGradleLauncher.java:93)
	at org.gradle.initialization.DefaultGradleLauncher.run(DefaultGradleLauncher.java:82)
	at org.gradle.launcher.exec.InProcessBuildActionExecuter$DefaultBuildController.run(InProcessBuildActionExecuter.java:94)
	at org.gradle.tooling.internal.provider.ExecuteBuildActionRunner.run(ExecuteBuildActionRunner.java:28)
	at org.gradle.launcher.exec.ChainingBuildActionRunner.run(ChainingBuildActionRunner.java:35)
	at org.gradle.launcher.exec.InProcessBuildActionExecuter.execute(InProcessBuildActionExecuter.java:43)
	at org.gradle.launcher.exec.InProcessBuildActionExecuter.execute(InProcessBuildActionExecuter.java:28)
	at org.gradle.launcher.exec.ContinuousBuildActionExecuter.execute(ContinuousBuildActionExecuter.java:78)
	at org.gradle.launcher.exec.ContinuousBuildActionExecuter.execute(ContinuousBuildActionExecuter.java:48)
	at org.gradle.launcher.exec.DaemonUsageSuggestingBuildActionExecuter.execute(DaemonUsageSuggestingBuildActionExecuter.java:51)
	at org.gradle.launcher.exec.DaemonUsageSuggestingBuildActionExecuter.execute(DaemonUsageSuggestingBuildActionExecuter.java:28)
	at org.gradle.launcher.cli.RunBuildAction.run(RunBuildAction.java:43)
	at org.gradle.internal.Actions$RunnableActionAdapter.execute(Actions.java:170)
	at org.gradle.launcher.cli.CommandLineActionFactory$ParseAndBuildAction.execute(CommandLineActionFactory.java:237)
	at org.gradle.launcher.cli.CommandLineActionFactory$ParseAndBuildAction.execute(CommandLineActionFactory.java:210)
	at org.gradle.launcher.cli.JavaRuntimeValidationAction.execute(JavaRuntimeValidationAction.java:35)
	at org.gradle.launcher.cli.JavaRuntimeValidationAction.execute(JavaRuntimeValidationAction.java:24)
	at org.gradle.launcher.cli.CommandLineActionFactory$WithLogging.execute(CommandLineActionFactory.java:206)
	at org.gradle.launcher.cli.CommandLineActionFactory$WithLogging.execute(CommandLineActionFactory.java:169)
	at org.gradle.launcher.cli.ExceptionReportingAction.execute(ExceptionReportingAction.java:33)
	at org.gradle.launcher.cli.ExceptionReportingAction.execute(ExceptionReportingAction.java:22)
	at org.gradle.launcher.Main.doAction(Main.java:33)
	at org.gradle.launcher.bootstrap.EntryPoint.run(EntryPoint.java:45)
	at org.gradle.launcher.bootstrap.ProcessBootstrap.runNoExit(ProcessBootstrap.java:54)
	at org.gradle.launcher.bootstrap.ProcessBootstrap.run(ProcessBootstrap.java:35)
	at org.gradle.launcher.GradleMain.main(GradleMain.java:23)
	at org.gradle.wrapper.BootstrapMainStarter.start(BootstrapMainStarter.java:30)
	at org.gradle.wrapper.WrapperExecutor.execute(WrapperExecutor.java:129)
	at org.gradle.wrapper.GradleWrapperMain.main(GradleWrapperMain.java:61)


BUILD FAILED

Total time: 5.333 secs

2019-08-20 11:41:40,859 ERROR ProjectBuildService - Excluded tasks were detected wrong
2019-08-20 11:41:40,859 INFO  SysUtils - Execute command: [/var/folders/bq/vtzpc5ns5sg2cthy61lqpg3dfzgbys/T/1566276052855-0/src/BlurLockView-master/gradlew, -b, /var/folders/bq/vtzpc5ns5sg2cthy61lqpg3dfzgbys/T/1566276052855-0/src/BlurLockView-master/app/build.gradle, -Dorg.gradle.daemon=false, -Dorg.gradle.daemon.performance.enable-monitoring=false, -Dorg.gradle.configureondemand=true, --stacktrace, build]
2019-08-20 11:42:05,739 ERROR SysUtils - Could not process external command
org.apache.commons.exec.ExecuteException: Process exited with an error: 1 (Exit value: 1)
	at org.apache.commons.exec.DefaultExecutor.executeInternal(DefaultExecutor.java:404)
	at org.apache.commons.exec.DefaultExecutor.execute(DefaultExecutor.java:166)
	at com.github.vbauer.apkmaster.util.SysUtils.execute(SysUtils.java:67)
	at com.github.vbauer.apkmaster.util.SysUtils.executeSimple(SysUtils.java:43)
	at com.github.vbauer.apkmaster.service.assembly.ProjectBuildService.buildProject(ProjectBuildService.java:78)
	at com.github.vbauer.apkmaster.service.assembly.ProjectBuildService.buildProject(ProjectBuildService.java:69)
	at com.github.vbauer.apkmaster.service.assembly.ProjectBuildService.buildProject(ProjectBuildService.java:43)
	at com.github.vbauer.apkmaster.service.FullProcessService.build(FullProcessService.java:84)
	at com.github.vbauer.apkmaster.service.FullProcessService.process(FullProcessService.java:34)
	at com.github.vbauer.apkmaster.app.MainApplication.process(MainApplication.java:38)
	at com.github.vbauer.apkmaster.app.MainApplication.main(MainApplication.java:20)
	at sun.reflect.NativeMethodAccessorImpl.invoke0(Native Method)
	at sun.reflect.NativeMethodAccessorImpl.invoke(NativeMethodAccessorImpl.java:62)
	at sun.reflect.DelegatingMethodAccessorImpl.invoke(DelegatingMethodAccessorImpl.java:43)
	at java.lang.reflect.Method.invoke(Method.java:498)
	at com.android.arsenal.util.ReflectionUtils.invoke(ReflectionUtils.java:52)
	at com.android.arsenal.util.ApkMasterUtils.main(ApkMasterUtils.java:30)
	at com.android.arsenal.service.processor.impl.BuildProcessorServiceImpl.buildProject(BuildProcessorServiceImpl.java:196)
	at com.android.arsenal.service.processor.impl.BuildProcessorServiceImpl.build(BuildProcessorServiceImpl.java:130)
	at com.android.arsenal.service.processor.impl.BuildProcessorServiceImpl.lambda$null$1(BuildProcessorServiceImpl.java:113)
	at java.util.concurrent.FutureTask.run(FutureTask.java:266)
	at java.util.concurrent.Executors$RunnableAdapter.call(Executors.java:511)
	at java.util.concurrent.FutureTask.run(FutureTask.java:266)
	at java.util.concurrent.ThreadPoolExecutor.runWorker(ThreadPoolExecutor.java:1149)
	at java.util.concurrent.ThreadPoolExecutor$Worker.run(ThreadPoolExecutor.java:624)
	at java.lang.Thread.run(Thread.java:748)
2019-08-20 11:42:05,739 INFO  SysUtils - Configuration on demand is an incubating feature.
Incremental java compilation is an incubating feature.
:app:preBuild UP-TO-DATE
:app:preDebugBuild UP-TO-DATE
:app:checkDebugManifest
:app:preReleaseBuild UP-TO-DATE
:blurlockview:preBuild UP-TO-DATE
:blurlockview:preReleaseBuild UP-TO-DATE
:blurlockview:compileReleaseNdk UP-TO-DATE
:blurlockview:compileLint
:blurlockview:copyReleaseLint UP-TO-DATE
:blurlockview:checkReleaseManifest
:blurlockview:preDebugAndroidTestBuild UP-TO-DATE
:blurlockview:preDebugBuild UP-TO-DATE
:blurlockview:preDebugUnitTestBuild UP-TO-DATE
:blurlockview:preReleaseUnitTestBuild UP-TO-DATE
:blurlockview:prepareComAndroidSupportAnimatedVectorDrawable2320Library
:blurlockview:prepareComAndroidSupportAppcompatV72320Library
:blurlockview:prepareComAndroidSupportSupportV42320Library
:blurlockview:prepareComAndroidSupportSupportVectorDrawable2320Library
:blurlockview:prepareReleaseDependencies
:blurlockview:compileReleaseAidl
:blurlockview:compileReleaseRenderscript
:blurlockview:generateReleaseBuildConfig
:blurlockview:generateReleaseAssets UP-TO-DATE
:blurlockview:mergeReleaseAssets
:blurlockview:generateReleaseResValues
:blurlockview:generateReleaseResources
:blurlockview:mergeReleaseResources
:blurlockview:processReleaseManifest
:blurlockview:processReleaseResources
:blurlockview:generateReleaseSources
:blurlockview:compileReleaseJavaWithJavacNote: /private/var/folders/bq/vtzpc5ns5sg2cthy61lqpg3dfzgbys/T/1566276052855-0/src/BlurLockView-master/blurlockview/src/main/java/com/nightonke/blurlockview/BlurView.java uses or overrides a deprecated API.
Note: Recompile with -Xlint:deprecation for details.
Note: /private/var/folders/bq/vtzpc5ns5sg2cthy61lqpg3dfzgbys/T/1566276052855-0/src/BlurLockView-master/blurlockview/src/main/java/com/nightonke/blurlockview/Eases/EaseType.java uses unchecked or unsafe operations.
Note: Recompile with -Xlint:unchecked for details.

:blurlockview:extractReleaseAnnotations
:blurlockview:mergeReleaseProguardFiles
:blurlockview:packageReleaseRenderscript UP-TO-DATE
:blurlockview:packageReleaseResources
:blurlockview:processReleaseJavaRes UP-TO-DATE
:blurlockview:transformResourcesWithMergeJavaResForRelease
:blurlockview:transformClassesAndResourcesWithSyncLibJarsForRelease
:blurlockview:mergeReleaseJniLibFolders
:blurlockview:transformNative_libsWithMergeJniLibsForRelease
:blurlockview:transformNative_libsWithSyncJniLibsForRelease
:blurlockview:bundleRelease
:app:prepareComAndroidSupportAnimatedVectorDrawable2321Library
:app:prepareComAndroidSupportAppcompatV72321Library
:app:prepareComAndroidSupportDesign2321Library
:app:prepareComAndroidSupportRecyclerviewV72321Library
:app:prepareComAndroidSupportSupportV42321Library
:app:prepareComAndroidSupportSupportVectorDrawable2321Library
:app:prepareComGithubAfollestadMaterialDialogsCommons0857Library
:app:prepareComGithubAfollestadMaterialDialogsCore0857Library
:app:prepareComNightonkeBlurlockview100Library
:app:prepareMeZhanghaiAndroidMaterialprogressbarLibrary115Library
:app:prepareDebugDependencies
:app:compileDebugAidl
:app:compileDebugRenderscript
:app:generateDebugBuildConfig
:app:generateDebugAssets UP-TO-DATE
:app:mergeDebugAssets
:app:generateDebugResValues
:app:generateDebugResources
:app:mergeDebugResources
:app:processDebugManifest
:app:processDebugResources
:app:generateDebugSources
:app:compileDebugJavaWithJavac
:app:compileDebugNdk UP-TO-DATE
:app:compileDebugSources
:app:prePackageMarkerForDebug
:app:transformClassesWithDexForDebug
Allocated dexExecutorService of size 1
Dexing /private/var/folders/bq/vtzpc5ns5sg2cthy61lqpg3dfzgbys/T/1566276052855-0/src/BlurLockView-master/app/build/intermediates/exploded-aar/com.github.afollestad.material-dialogs/core/0.8.5.7/jars/classes.jar took 714
Dexing /private/var/folders/bq/vtzpc5ns5sg2cthy61lqpg3dfzgbys/T/1566276052855-0/src/BlurLockView-master/app/build/intermediates/classes/debug took 600
Dexing /private/var/folders/bq/vtzpc5ns5sg2cthy61lqpg3dfzgbys/T/1566276052855-0/src/BlurLockView-master/app/build/intermediates/exploded-aar/com.android.support/animated-vector-drawable/23.2.1/jars/classes.jar took 452
Dexing /private/var/folders/bq/vtzpc5ns5sg2cthy61lqpg3dfzgbys/T/1566276052855-0/src/BlurLockView-master/app/build/intermediates/exploded-aar/com.nightonke/blurlockview/1.0.0/jars/classes.jar took 615
Dexing /private/var/folders/bq/vtzpc5ns5sg2cthy61lqpg3dfzgbys/T/1566276052855-0/src/BlurLockView-master/app/build/intermediates/exploded-aar/com.github.afollestad.material-dialogs/commons/0.8.5.7/jars/classes.jar took 589
Dexing /Users/vbauer/Library/Android/sdk/extras/android/m2repository/com/android/support/support-annotations/23.2.1/support-annotations-23.2.1.jar took 206
Dexing /private/var/folders/bq/vtzpc5ns5sg2cthy61lqpg3dfzgbys/T/1566276052855-0/src/BlurLockView-master/app/build/intermediates/exploded-aar/com.android.support/design/23.2.1/jars/classes.jar took 941
Dexing /private/var/folders/bq/vtzpc5ns5sg2cthy61lqpg3dfzgbys/T/1566276052855-0/src/BlurLockView-master/app/build/intermediates/exploded-aar/com.android.support/support-v4/23.2.1/jars/classes.jar took 1963
Dexing /private/var/folders/bq/vtzpc5ns5sg2cthy61lqpg3dfzgbys/T/1566276052855-0/src/BlurLockView-master/app/build/intermediates/exploded-aar/com.android.support/appcompat-v7/23.2.1/jars/classes.jar took 1672
Dexing /private/var/folders/bq/vtzpc5ns5sg2cthy61lqpg3dfzgbys/T/1566276052855-0/src/BlurLockView-master/app/build/intermediates/exploded-aar/com.android.support/support-v4/23.2.1/jars/libs/internal_impl-23.2.1.jar took 877
Dexing /private/var/folders/bq/vtzpc5ns5sg2cthy61lqpg3dfzgbys/T/1566276052855-0/src/BlurLockView-master/app/build/intermediates/exploded-aar/com.android.support/support-vector-drawable/23.2.1/jars/classes.jar took 522
Dexing /private/var/folders/bq/vtzpc5ns5sg2cthy61lqpg3dfzgbys/T/1566276052855-0/src/BlurLockView-master/app/build/intermediates/exploded-aar/com.android.support/recyclerview-v7/23.2.1/jars/classes.jar took 1111
Dexing /private/var/folders/bq/vtzpc5ns5sg2cthy61lqpg3dfzgbys/T/1566276052855-0/src/BlurLockView-master/app/build/intermediates/exploded-aar/me.zhanghai.android.materialprogressbar/library/1.1.5/jars/classes.jar took 426
Dexing /private/var/folders/bq/vtzpc5ns5sg2cthy61lqpg3dfzgbys/T/1566276052855-0/src/BlurLockView-master/app/build/intermediates/pre-dexed/debug/com.github.afollestad.material-dialogs-commons-0.8.5.7_6669c4b4f9a2a5c4f9515052922e471647b4f081.jar,/private/var/folders/bq/vtzpc5ns5sg2cthy61lqpg3dfzgbys/T/1566276052855-0/src/BlurLockView-master/app/build/intermediates/pre-dexed/debug/com.android.support-support-vector-drawable-23.2.1_e7dfba24feeaa725e7ad584af41b893a69f88417.jar,/private/var/folders/bq/vtzpc5ns5sg2cthy61lqpg3dfzgbys/T/1566276052855-0/src/BlurLockView-master/app/build/intermediates/pre-dexed/debug/com.android.support-recyclerview-v7-23.2.1_7b8face8704d03a7e6e0fd5c4df7600a89a156fe.jar,/private/var/folders/bq/vtzpc5ns5sg2cthy61lqpg3dfzgbys/T/1566276052855-0/src/BlurLockView-master/app/build/intermediates/pre-dexed/debug/com.android.support-support-v4-23.2.1_77628e7ab8872c0cc2d108e53646beb1598d17cd.jar,/private/var/folders/bq/vtzpc5ns5sg2cthy61lqpg3dfzgbys/T/1566276052855-0/src/BlurLockView-master/app/build/intermediates/pre-dexed/debug/com.android.support-design-23.2.1_d2ece1cfa7c0b190e4ed55b2d7706d2194865b3b.jar,/private/var/folders/bq/vtzpc5ns5sg2cthy61lqpg3dfzgbys/T/1566276052855-0/src/BlurLockView-master/app/build/intermediates/pre-dexed/debug/com.nightonke-blurlockview-1.0.0_35f2f9fe144efdde4df9595abe6319e1d2799362.jar,/private/var/folders/bq/vtzpc5ns5sg2cthy61lqpg3dfzgbys/T/1566276052855-0/src/BlurLockView-master/app/build/intermediates/pre-dexed/debug/com.android.support-animated-vector-drawable-23.2.1_15542b5018936ea2845126e7a50e77d3f6a597e2.jar,/private/var/folders/bq/vtzpc5ns5sg2cthy61lqpg3dfzgbys/T/1566276052855-0/src/BlurLockView-master/app/build/intermediates/pre-dexed/debug/com.github.afollestad.material-dialogs-core-0.8.5.7_d3d53baa92d28d48468d102ad5a47e02f51a9c9a.jar,/private/var/folders/bq/vtzpc5ns5sg2cthy61lqpg3dfzgbys/T/1566276052855-0/src/BlurLockView-master/app/build/intermediates/pre-dexed/debug/com.android.support-appcompat-v7-23.2.1_8509a88dd0e437513343f97c27adfbf5aec01734.jar,/private/var/folders/bq/vtzpc5ns5sg2cthy61lqpg3dfzgbys/T/1566276052855-0/src/BlurLockView-master/app/build/intermediates/pre-dexed/debug/debug_701ed74fbf19a5315709ec4ff5d262c9702533c9.jar,/private/var/folders/bq/vtzpc5ns5sg2cthy61lqpg3dfzgbys/T/1566276052855-0/src/BlurLockView-master/app/build/intermediates/pre-dexed/debug/me.zhanghai.android.materialprogressbar-library-1.1.5_4b841518a8829eb46f11e914220caf881cf96ccd.jar,/private/var/folders/bq/vtzpc5ns5sg2cthy61lqpg3dfzgbys/T/1566276052855-0/src/BlurLockView-master/app/build/intermediates/pre-dexed/debug/internal_impl-23.2.1_0de72e92709c2d729241333e3970fb55740a4975.jar,/private/var/folders/bq/vtzpc5ns5sg2cthy61lqpg3dfzgbys/T/1566276052855-0/src/BlurLockView-master/app/build/intermediates/pre-dexed/debug/support-annotations-23.2.1_b5bb55a5005efd15db697764cf605a07932988cf.jar took 537
:app:mergeDebugJniLibFolders
:app:transformNative_libsWithMergeJniLibsForDebug
:app:processDebugJavaRes UP-TO-DATE
:app:transformResourcesWithMergeJavaResForDebug
:app:validateDebugSigning
:app:packageDebug
:app:zipalignDebug
:app:assembleDebug
:app:checkReleaseManifest
:app:prepareReleaseDependencies
:app:compileReleaseAidl
:app:compileReleaseRenderscript
:app:generateReleaseBuildConfig
:app:generateReleaseAssets UP-TO-DATE
:app:mergeReleaseAssets
:app:generateReleaseResValues
:app:generateReleaseResources
:app:mergeReleaseResources
:app:processReleaseManifest
:app:processReleaseResources
:app:generateReleaseSources
:app:compileReleaseJavaWithJavac
:app:compileReleaseNdk UP-TO-DATE
:app:compileReleaseSources
:app:lintVitalRelease FAILED

FAILURE: Build failed with an exception.

* What went wrong:
Execution failed for task ':app:lintVitalRelease'.
> No toolchains found in the NDK toolchains folder for ABI with prefix: mipsel-linux-android

* Try:
Run with --info or --debug option to get more log output.

* Exception is:
org.gradle.api.tasks.TaskExecutionException: Execution failed for task ':app:lintVitalRelease'.
	at org.gradle.api.internal.tasks.execution.ExecuteActionsTaskExecuter.executeActions(ExecuteActionsTaskExecuter.java:69)
	at org.gradle.api.internal.tasks.execution.ExecuteActionsTaskExecuter.execute(ExecuteActionsTaskExecuter.java:46)
	at org.gradle.api.internal.tasks.execution.PostExecutionAnalysisTaskExecuter.execute(PostExecutionAnalysisTaskExecuter.java:35)
	at org.gradle.api.internal.tasks.execution.SkipUpToDateTaskExecuter.execute(SkipUpToDateTaskExecuter.java:64)
	at org.gradle.api.internal.tasks.execution.ValidatingTaskExecuter.execute(ValidatingTaskExecuter.java:58)
	at org.gradle.api.internal.tasks.execution.SkipEmptySourceFilesTaskExecuter.execute(SkipEmptySourceFilesTaskExecuter.java:52)
	at org.gradle.api.internal.tasks.execution.SkipTaskWithNoActionsExecuter.execute(SkipTaskWithNoActionsExecuter.java:52)
	at org.gradle.api.internal.tasks.execution.SkipOnlyIfTaskExecuter.execute(SkipOnlyIfTaskExecuter.java:53)
	at org.gradle.api.internal.tasks.execution.ExecuteAtMostOnceTaskExecuter.execute(ExecuteAtMostOnceTaskExecuter.java:43)
	at org.gradle.execution.taskgraph.DefaultTaskGraphExecuter$EventFiringTaskWorker.execute(DefaultTaskGraphExecuter.java:203)
	at org.gradle.execution.taskgraph.DefaultTaskGraphExecuter$EventFiringTaskWorker.execute(DefaultTaskGraphExecuter.java:185)
	at org.gradle.execution.taskgraph.AbstractTaskPlanExecutor$TaskExecutorWorker.processTask(AbstractTaskPlanExecutor.java:66)
	at org.gradle.execution.taskgraph.AbstractTaskPlanExecutor$TaskExecutorWorker.run(AbstractTaskPlanExecutor.java:50)
	at org.gradle.execution.taskgraph.DefaultTaskPlanExecutor.process(DefaultTaskPlanExecutor.java:25)
	at org.gradle.execution.taskgraph.DefaultTaskGraphExecuter.execute(DefaultTaskGraphExecuter.java:110)
	at org.gradle.execution.SelectedTaskExecutionAction.execute(SelectedTaskExecutionAction.java:37)
	at org.gradle.execution.DefaultBuildExecuter.execute(DefaultBuildExecuter.java:37)
	at org.gradle.execution.DefaultBuildExecuter.access$000(DefaultBuildExecuter.java:23)
	at org.gradle.execution.DefaultBuildExecuter$1.proceed(DefaultBuildExecuter.java:43)
	at org.gradle.execution.DryRunBuildExecutionAction.execute(DryRunBuildExecutionAction.java:32)
	at org.gradle.execution.DefaultBuildExecuter.execute(DefaultBuildExecuter.java:37)
	at org.gradle.execution.DefaultBuildExecuter.execute(DefaultBuildExecuter.java:30)
	at org.gradle.initialization.DefaultGradleLauncher$4.run(DefaultGradleLauncher.java:154)
	at org.gradle.internal.Factories$1.create(Factories.java:22)
	at org.gradle.internal.progress.DefaultBuildOperationExecutor.run(DefaultBuildOperationExecutor.java:90)
	at org.gradle.internal.progress.DefaultBuildOperationExecutor.run(DefaultBuildOperationExecutor.java:52)
	at org.gradle.initialization.DefaultGradleLauncher.doBuildStages(DefaultGradleLauncher.java:151)
	at org.gradle.initialization.DefaultGradleLauncher.access$200(DefaultGradleLauncher.java:32)
	at org.gradle.initialization.DefaultGradleLauncher$1.create(DefaultGradleLauncher.java:99)
	at org.gradle.initialization.DefaultGradleLauncher$1.create(DefaultGradleLauncher.java:93)
	at org.gradle.internal.progress.DefaultBuildOperationExecutor.run(DefaultBuildOperationExecutor.java:90)
	at org.gradle.internal.progress.DefaultBuildOperationExecutor.run(DefaultBuildOperationExecutor.java:62)
	at org.gradle.initialization.DefaultGradleLauncher.doBuild(DefaultGradleLauncher.java:93)
	at org.gradle.initialization.DefaultGradleLauncher.run(DefaultGradleLauncher.java:82)
	at org.gradle.launcher.exec.InProcessBuildActionExecuter$DefaultBuildController.run(InProcessBuildActionExecuter.java:94)
	at org.gradle.tooling.internal.provider.ExecuteBuildActionRunner.run(ExecuteBuildActionRunner.java:28)
	at org.gradle.launcher.exec.ChainingBuildActionRunner.run(ChainingBuildActionRunner.java:35)
	at org.gradle.launcher.exec.InProcessBuildActionExecuter.execute(InProcessBuildActionExecuter.java:43)
	at org.gradle.launcher.exec.InProcessBuildActionExecuter.execute(InProcessBuildActionExecuter.java:28)
	at org.gradle.launcher.exec.ContinuousBuildActionExecuter.execute(ContinuousBuildActionExecuter.java:78)
	at org.gradle.launcher.exec.ContinuousBuildActionExecuter.execute(ContinuousBuildActionExecuter.java:48)
	at org.gradle.launcher.exec.DaemonUsageSuggestingBuildActionExecuter.execute(DaemonUsageSuggestingBuildActionExecuter.java:51)
	at org.gradle.launcher.exec.DaemonUsageSuggestingBuildActionExecuter.execute(DaemonUsageSuggestingBuildActionExecuter.java:28)
	at org.gradle.launcher.cli.RunBuildAction.run(RunBuildAction.java:43)
	at org.gradle.internal.Actions$RunnableActionAdapter.execute(Actions.java:170)
	at org.gradle.launcher.cli.CommandLineActionFactory$ParseAndBuildAction.execute(CommandLineActionFactory.java:237)
	at org.gradle.launcher.cli.CommandLineActionFactory$ParseAndBuildAction.execute(CommandLineActionFactory.java:210)
	at org.gradle.launcher.cli.JavaRuntimeValidationAction.execute(JavaRuntimeValidationAction.java:35)
	at org.gradle.launcher.cli.JavaRuntimeValidationAction.execute(JavaRuntimeValidationAction.java:24)
	at org.gradle.launcher.cli.CommandLineActionFactory$WithLogging.execute(CommandLineActionFactory.java:206)
	at org.gradle.launcher.cli.CommandLineActionFactory$WithLogging.execute(CommandLineActionFactory.java:169)
	at org.gradle.launcher.cli.ExceptionReportingAction.execute(ExceptionReportingAction.java:33)
	at org.gradle.launcher.cli.ExceptionReportingAction.execute(ExceptionReportingAction.java:22)
	at org.gradle.launcher.Main.doAction(Main.java:33)
	at org.gradle.launcher.bootstrap.EntryPoint.run(EntryPoint.java:45)
	at org.gradle.launcher.bootstrap.ProcessBootstrap.runNoExit(ProcessBootstrap.java:54)
	at org.gradle.launcher.bootstrap.ProcessBootstrap.run(ProcessBootstrap.java:35)
	at org.gradle.launcher.GradleMain.main(GradleMain.java:23)
	at org.gradle.wrapper.BootstrapMainStarter.start(BootstrapMainStarter.java:30)
	at org.gradle.wrapper.WrapperExecutor.execute(WrapperExecutor.java:129)
	at org.gradle.wrapper.GradleWrapperMain.main(GradleWrapperMain.java:61)
Caused by: java.lang.RuntimeException: No toolchains found in the NDK toolchains folder for ABI with prefix: mipsel-linux-android
	at com.android.build.gradle.internal.NdkHandler.getDefaultToolchainVersion(NdkHandler.java:333)
	at com.android.build.gradle.internal.NdkHandler.getToolchainPath(NdkHandler.java:232)
	at com.android.build.gradle.internal.NdkHandler.getCCompiler(NdkHandler.java:411)
	at com.android.build.gradle.internal.model.ModelBuilder.createNativeToolchainModelMap(ModelBuilder.java:227)
	at com.android.build.gradle.internal.model.ModelBuilder.buildAll(ModelBuilder.java:166)
	at org.gradle.tooling.provider.model.ToolingModelBuilder$buildAll.call(Unknown Source)
	at com.android.build.gradle.tasks.Lint.createAndroidProject(Lint.groovy:256)
	at com.android.build.gradle.tasks.Lint.lint(Lint.groovy:73)
	at org.gradle.internal.reflect.JavaMethod.invoke(JavaMethod.java:75)
	at org.gradle.api.internal.project.taskfactory.AnnotationProcessingTaskFactory$StandardTaskAction.doExecute(AnnotationProcessingTaskFactory.java:227)
	at org.gradle.api.internal.project.taskfactory.AnnotationProcessingTaskFactory$StandardTaskAction.execute(AnnotationProcessingTaskFactory.java:220)
	at org.gradle.api.internal.project.taskfactory.AnnotationProcessingTaskFactory$StandardTaskAction.execute(AnnotationProcessingTaskFactory.java:209)
	at org.gradle.api.internal.AbstractTask$TaskActionWrapper.execute(AbstractTask.java:585)
	at org.gradle.api.internal.AbstractTask$TaskActionWrapper.execute(AbstractTask.java:568)
	at org.gradle.api.internal.tasks.execution.ExecuteActionsTaskExecuter.executeAction(ExecuteActionsTaskExecuter.java:80)
	at org.gradle.api.internal.tasks.execution.ExecuteActionsTaskExecuter.executeActions(ExecuteActionsTaskExecuter.java:61)
	... 60 more


BUILD FAILED

Total time: 24.33 secs

2019-08-20 11:42:05,811 INFO  FullProcessService - Found APK file: /var/folders/bq/vtzpc5ns5sg2cthy61lqpg3dfzgbys/T/1566276052855-0/src/BlurLockView-master/app/build/outputs/apk/app-debug.apk
