2019-08-04 20:42:49,182 INFO  DownloadService - Downloading "https://github.com/AvinashSKaranth/api-controller/archive/master.zip", attempt 3
2019-08-04 20:42:51,229 INFO  DownloadService - Downloaded https://github.com/AvinashSKaranth/api-controller/archive/master.zip, attempt 3
2019-08-04 20:42:51,229 INFO  DownloadService - Size of file "/var/folders/bq/vtzpc5ns5sg2cthy61lqpg3dfzgbys/T/1564926169179-0/master.zip": 128 KB
2019-08-04 20:42:51,229 INFO  ArchiveUtils - Checking entries [.gradle] in ZIP file...
2019-08-04 20:42:51,235 INFO  ArchiveUtils - Has entries [.gradle] in ZIP file /var/folders/bq/vtzpc5ns5sg2cthy61lqpg3dfzgbys/T/1564926169179-0/master.zip: true
2019-08-04 20:42:51,235 DEBUG ZipUtil - Extracting '/var/folders/bq/vtzpc5ns5sg2cthy61lqpg3dfzgbys/T/1564926169179-0/master.zip' into '/var/folders/bq/vtzpc5ns5sg2cthy61lqpg3dfzgbys/T/1564926169179-0/src'.
2019-08-04 20:42:51,257 INFO  FullProcessService - Size of directory with sources: 218 KB
2019-08-04 20:42:51,258 INFO  SysUtils - Execute command: [git, init, /var/folders/bq/vtzpc5ns5sg2cthy61lqpg3dfzgbys/T/1564926169179-0/src]
2019-08-04 20:42:51,277 INFO  SysUtils - Initialized empty Git repository in /private/var/folders/bq/vtzpc5ns5sg2cthy61lqpg3dfzgbys/T/1564926169179-0/src/.git/

2019-08-04 20:42:51,280 INFO  ProjectBuildService - Gradle wrapper(s): /var/folders/bq/vtzpc5ns5sg2cthy61lqpg3dfzgbys/T/1564926169179-0/src/api-controller-master/gradlew
2019-08-04 20:42:51,284 INFO  ProjectBuildService - Build script(s): /var/folders/bq/vtzpc5ns5sg2cthy61lqpg3dfzgbys/T/1564926169179-0/src/api-controller-master/apicontroller/build.gradle /var/folders/bq/vtzpc5ns5sg2cthy61lqpg3dfzgbys/T/1564926169179-0/src/api-controller-master/app/build.gradle /var/folders/bq/vtzpc5ns5sg2cthy61lqpg3dfzgbys/T/1564926169179-0/src/api-controller-master/build.gradle
2019-08-04 20:42:51,287 INFO  ProjectBuildService - All script(s): /var/folders/bq/vtzpc5ns5sg2cthy61lqpg3dfzgbys/T/1564926169179-0/src/api-controller-master/app/build.gradle /var/folders/bq/vtzpc5ns5sg2cthy61lqpg3dfzgbys/T/1564926169179-0/src/api-controller-master/build.gradle /var/folders/bq/vtzpc5ns5sg2cthy61lqpg3dfzgbys/T/1564926169179-0/src/api-controller-master/settings.gradle /var/folders/bq/vtzpc5ns5sg2cthy61lqpg3dfzgbys/T/1564926169179-0/src/api-controller-master/apicontroller/build.gradle
2019-08-04 20:42:51,298 INFO  DownloadService - Downloading "https://raw.githubusercontent.com/numetriclabz/jcenter/master/bintrayv.gradle", attempt 3
2019-08-04 20:42:51,997 INFO  DownloadService - Downloaded https://raw.githubusercontent.com/numetriclabz/jcenter/master/bintrayv.gradle, attempt 3
2019-08-04 20:42:51,997 INFO  DownloadService - Downloading "https://raw.githubusercontent.com/numetriclabz/jcenter/master/installv.gradle", attempt 3
2019-08-04 20:42:52,178 INFO  DownloadService - Downloaded https://raw.githubusercontent.com/numetriclabz/jcenter/master/installv.gradle, attempt 3
2019-08-04 20:42:52,179 INFO  ProjectBuildService - Remote scripts: https://raw.githubusercontent.com/numetriclabz/jcenter/master/bintrayv.gradle https://raw.githubusercontent.com/numetriclabz/jcenter/master/installv.gradle
2019-08-04 20:42:52,179 INFO  ProjectFixService - Fixing project...
2019-08-04 20:42:52,189 INFO  LocalPropertiesFixService - Created fake /var/folders/bq/vtzpc5ns5sg2cthy61lqpg3dfzgbys/T/1564926169179-0/src/api-controller-master/apicontroller/local.properties
2019-08-04 20:42:52,189 INFO  ProjectFixService - Build info for "/var/folders/bq/vtzpc5ns5sg2cthy61lqpg3dfzgbys/T/1564926169179-0/src/api-controller-master/apicontroller/build.gradle": [buildToolsVersion=28.0.3,compileSdkVersion=28,minSdkVersion=15,targetSdkVersion=28]
2019-08-04 20:42:52,190 INFO  LocalPropertiesFixService - Created fake /var/folders/bq/vtzpc5ns5sg2cthy61lqpg3dfzgbys/T/1564926169179-0/src/api-controller-master/app/local.properties
2019-08-04 20:42:52,190 INFO  ProjectFixService - Build info for "/var/folders/bq/vtzpc5ns5sg2cthy61lqpg3dfzgbys/T/1564926169179-0/src/api-controller-master/app/build.gradle": [buildToolsVersion=28.0.3,compileSdkVersion=28,minSdkVersion=15,targetSdkVersion=28]
2019-08-04 20:42:52,191 INFO  LocalPropertiesFixService - Created fake /var/folders/bq/vtzpc5ns5sg2cthy61lqpg3dfzgbys/T/1564926169179-0/src/api-controller-master/local.properties
2019-08-04 20:42:52,191 INFO  WrapperPropertiesFixService - Gradle wrapper: https://services.gradle.org/distributions/gradle-5.1.1-all.zip
2019-08-04 20:42:52,192 INFO  WrapperPropertiesFixService - Gradle wrapper was changed from "-all.zip" to "-bin.zip" (https://services.gradle.org/distributions/gradle-5.1.1-bin.zip)
2019-08-04 20:42:52,193 INFO  ProjectFixService - Build info for "/var/folders/bq/vtzpc5ns5sg2cthy61lqpg3dfzgbys/T/1564926169179-0/src/api-controller-master/build.gradle": [buildToolsVersion=28.0.3,compileSdkVersion=28,minSdkVersion=15,targetSdkVersion=28]
2019-08-04 20:42:52,193 INFO  ProjectFixService - Project was maybe fixed
2019-08-04 20:42:52,193 INFO  ProjectTaskService - Detecting possible tasks...
2019-08-04 20:42:52,193 INFO  SysUtils - Execute command: [/var/folders/bq/vtzpc5ns5sg2cthy61lqpg3dfzgbys/T/1564926169179-0/src/api-controller-master/gradlew, -b, /var/folders/bq/vtzpc5ns5sg2cthy61lqpg3dfzgbys/T/1564926169179-0/src/api-controller-master/apicontroller/build.gradle, -Dorg.gradle.daemon=false, -Dorg.gradle.daemon.performance.enable-monitoring=false, -Dorg.gradle.configureondemand=true, tasks]
2019-08-04 20:43:03,107 INFO  ProjectTaskService - Detected possible tasks: 69
2019-08-04 20:43:03,107 INFO  ProjectTaskService - Excluded tasks (18): lintDebug javadocJar deviceCheck lint testReleaseUnitTest javadoc deviceAndroidTest uninstallDebugAndroidTest installDebugAndroidTest connectedCheck connectedDebugAndroidTest uninstallAll sourcesJar test check testDebugUnitTest connectedAndroidTest lintRelease
2019-08-04 20:43:03,107 INFO  SysUtils - Execute command: [/var/folders/bq/vtzpc5ns5sg2cthy61lqpg3dfzgbys/T/1564926169179-0/src/api-controller-master/gradlew, -b, /var/folders/bq/vtzpc5ns5sg2cthy61lqpg3dfzgbys/T/1564926169179-0/src/api-controller-master/apicontroller/build.gradle, -Dorg.gradle.daemon=false, -Dorg.gradle.daemon.performance.enable-monitoring=false, -Dorg.gradle.configureondemand=true, --stacktrace, -x, lintDebug, -x, javadocJar, -x, deviceCheck, -x, lint, -x, testReleaseUnitTest, -x, javadoc, -x, deviceAndroidTest, -x, uninstallDebugAndroidTest, -x, installDebugAndroidTest, -x, connectedCheck, -x, connectedDebugAndroidTest, -x, uninstallAll, -x, sourcesJar, -x, test, -x, check, -x, testDebugUnitTest, -x, connectedAndroidTest, -x, lintRelease, build]
2019-08-04 20:43:16,779 INFO  SysUtils - Configuration on demand is an incubating feature.
> Task :apicontroller:preBuild UP-TO-DATE
> Task :apicontroller:preDebugBuild UP-TO-DATE
> Task :apicontroller:compileDebugAidl NO-SOURCE
> Task :apicontroller:compileDebugRenderscript NO-SOURCE
> Task :apicontroller:checkDebugManifest
> Task :apicontroller:generateDebugBuildConfig
> Task :apicontroller:generateDebugResValues
> Task :apicontroller:generateDebugResources
> Task :apicontroller:packageDebugResources
> Task :apicontroller:processDebugManifest
> Task :apicontroller:generateDebugRFile
> Task :apicontroller:prepareLintJar
> Task :apicontroller:generateDebugSources
> Task :apicontroller:javaPreCompileDebug

> Task :apicontroller:compileDebugJavaWithJavac
Note: /private/var/folders/bq/vtzpc5ns5sg2cthy61lqpg3dfzgbys/T/1564926169179-0/src/api-controller-master/apicontroller/src/main/java/in/nashapp/apicontroller/ApiController.java uses or overrides a deprecated API.
Note: Recompile with -Xlint:deprecation for details.

> Task :apicontroller:extractDebugAnnotations
> Task :apicontroller:mergeDebugConsumerProguardFiles
> Task :apicontroller:mergeDebugShaders
> Task :apicontroller:compileDebugShaders
> Task :apicontroller:generateDebugAssets
> Task :apicontroller:packageDebugAssets
> Task :apicontroller:packageDebugRenderscript NO-SOURCE
> Task :apicontroller:prepareLintJarForPublish
> Task :apicontroller:processDebugJavaRes NO-SOURCE
> Task :apicontroller:transformResourcesWithMergeJavaResForDebug
> Task :apicontroller:transformClassesAndResourcesWithSyncLibJarsForDebug
> Task :apicontroller:mergeDebugJniLibFolders
> Task :apicontroller:transformNativeLibsWithMergeJniLibsForDebug
> Task :apicontroller:transformNativeLibsWithStripDebugSymbolForDebug
> Task :apicontroller:transformNativeLibsWithSyncJniLibsForDebug
> Task :apicontroller:bundleDebugAar
> Task :apicontroller:compileDebugSources
> Task :apicontroller:assembleDebug
> Task :apicontroller:preReleaseBuild UP-TO-DATE
> Task :apicontroller:compileReleaseAidl NO-SOURCE
> Task :apicontroller:compileReleaseRenderscript NO-SOURCE
> Task :apicontroller:checkReleaseManifest
> Task :apicontroller:generateReleaseBuildConfig
> Task :apicontroller:generateReleaseResValues
> Task :apicontroller:generateReleaseResources
> Task :apicontroller:packageReleaseResources
> Task :apicontroller:processReleaseManifest
> Task :apicontroller:generateReleaseRFile
> Task :apicontroller:generateReleaseSources
> Task :apicontroller:javaPreCompileRelease

> Task :apicontroller:compileReleaseJavaWithJavac
Note: /private/var/folders/bq/vtzpc5ns5sg2cthy61lqpg3dfzgbys/T/1564926169179-0/src/api-controller-master/apicontroller/src/main/java/in/nashapp/apicontroller/ApiController.java uses or overrides a deprecated API.
Note: Recompile with -Xlint:deprecation for details.

> Task :apicontroller:extractReleaseAnnotations
> Task :apicontroller:mergeReleaseConsumerProguardFiles
> Task :apicontroller:mergeReleaseShaders
> Task :apicontroller:compileReleaseShaders
> Task :apicontroller:generateReleaseAssets
> Task :apicontroller:packageReleaseAssets
> Task :apicontroller:packageReleaseRenderscript NO-SOURCE
> Task :apicontroller:processReleaseJavaRes NO-SOURCE
> Task :apicontroller:transformResourcesWithMergeJavaResForRelease
> Task :apicontroller:transformClassesAndResourcesWithSyncLibJarsForRelease
> Task :apicontroller:mergeReleaseJniLibFolders
> Task :apicontroller:transformNativeLibsWithMergeJniLibsForRelease
> Task :apicontroller:transformNativeLibsWithStripDebugSymbolForRelease
> Task :apicontroller:transformNativeLibsWithSyncJniLibsForRelease
> Task :apicontroller:bundleReleaseAar
> Task :apicontroller:compileReleaseSources
> Task :apicontroller:mergeReleaseResources
> Task :apicontroller:verifyReleaseResources
> Task :apicontroller:assembleRelease
> Task :apicontroller:assemble
> Task :apicontroller:build

Deprecated Gradle features were used in this build, making it incompatible with Gradle 6.0.
Use '--warning-mode all' to show the individual deprecation warnings.
See https://docs.gradle.org/5.1.1/userguide/command_line_interface.html#sec:command_line_warnings

BUILD SUCCESSFUL in 13s
44 actionable tasks: 44 executed

2019-08-04 20:43:16,818 INFO  ProjectTaskService - Detecting possible tasks...
2019-08-04 20:43:16,818 INFO  SysUtils - Execute command: [/var/folders/bq/vtzpc5ns5sg2cthy61lqpg3dfzgbys/T/1564926169179-0/src/api-controller-master/gradlew, -b, /var/folders/bq/vtzpc5ns5sg2cthy61lqpg3dfzgbys/T/1564926169179-0/src/api-controller-master/app/build.gradle, -Dorg.gradle.daemon=false, -Dorg.gradle.daemon.performance.enable-monitoring=false, -Dorg.gradle.configureondemand=true, tasks]
2019-08-04 20:43:23,485 INFO  ProjectTaskService - Detected possible tasks: 69
2019-08-04 20:43:23,486 INFO  ProjectTaskService - Excluded tasks (21): lintDebug javadocJar deviceCheck lint testReleaseUnitTest javadoc uninstallRelease deviceAndroidTest uninstallDebugAndroidTest installDebugAndroidTest connectedCheck connectedDebugAndroidTest uninstallAll sourcesJar test check testDebugUnitTest connectedAndroidTest installDebug lintRelease uninstallDebug
2019-08-04 20:43:23,486 INFO  SysUtils - Execute command: [/var/folders/bq/vtzpc5ns5sg2cthy61lqpg3dfzgbys/T/1564926169179-0/src/api-controller-master/gradlew, -b, /var/folders/bq/vtzpc5ns5sg2cthy61lqpg3dfzgbys/T/1564926169179-0/src/api-controller-master/app/build.gradle, -Dorg.gradle.daemon=false, -Dorg.gradle.daemon.performance.enable-monitoring=false, -Dorg.gradle.configureondemand=true, --stacktrace, -x, lintDebug, -x, javadocJar, -x, deviceCheck, -x, lint, -x, testReleaseUnitTest, -x, javadoc, -x, uninstallRelease, -x, deviceAndroidTest, -x, uninstallDebugAndroidTest, -x, installDebugAndroidTest, -x, connectedCheck, -x, connectedDebugAndroidTest, -x, uninstallAll, -x, sourcesJar, -x, test, -x, check, -x, testDebugUnitTest, -x, connectedAndroidTest, -x, installDebug, -x, lintRelease, -x, uninstallDebug, build]
2019-08-04 20:43:29,466 ERROR SysUtils - Could not process external command
org.apache.commons.exec.ExecuteException: Process exited with an error: 1 (Exit value: 1)
	at org.apache.commons.exec.DefaultExecutor.executeInternal(DefaultExecutor.java:404)
	at org.apache.commons.exec.DefaultExecutor.execute(DefaultExecutor.java:166)
	at com.github.vbauer.apkmaster.util.SysUtils.execute(SysUtils.java:67)
	at com.github.vbauer.apkmaster.util.SysUtils.executeSimple(SysUtils.java:43)
	at com.github.vbauer.apkmaster.service.assembly.ProjectBuildService.buildProject(ProjectBuildService.java:78)
	at com.github.vbauer.apkmaster.service.assembly.ProjectBuildService.buildProject(ProjectBuildService.java:64)
	at com.github.vbauer.apkmaster.service.assembly.ProjectBuildService.buildProject(ProjectBuildService.java:43)
	at com.github.vbauer.apkmaster.service.FullProcessService.build(FullProcessService.java:84)
	at com.github.vbauer.apkmaster.service.FullProcessService.process(FullProcessService.java:34)
	at com.github.vbauer.apkmaster.app.MainApplication.process(MainApplication.java:38)
	at com.github.vbauer.apkmaster.app.MainApplication.main(MainApplication.java:20)
	at sun.reflect.GeneratedMethodAccessor8.invoke(Unknown Source)
	at sun.reflect.DelegatingMethodAccessorImpl.invoke(DelegatingMethodAccessorImpl.java:43)
	at java.lang.reflect.Method.invoke(Method.java:498)
	at com.android.arsenal.util.ReflectionUtils.invoke(ReflectionUtils.java:52)
	at com.android.arsenal.util.ApkMasterUtils.main(ApkMasterUtils.java:30)
	at com.android.arsenal.service.processor.impl.BuildProcessorServiceImpl.buildProject(BuildProcessorServiceImpl.java:196)
	at com.android.arsenal.service.processor.impl.BuildProcessorServiceImpl.build(BuildProcessorServiceImpl.java:130)
	at com.android.arsenal.service.processor.impl.BuildProcessorServiceImpl.lambda$createTasks$1(BuildProcessorServiceImpl.java:113)
	at java.util.concurrent.FutureTask.run(FutureTask.java:266)
	at java.util.concurrent.Executors$RunnableAdapter.call(Executors.java:511)
	at java.util.concurrent.FutureTask.run(FutureTask.java:266)
	at java.util.concurrent.ThreadPoolExecutor.runWorker(ThreadPoolExecutor.java:1149)
	at java.util.concurrent.ThreadPoolExecutor$Worker.run(ThreadPoolExecutor.java:624)
	at java.lang.Thread.run(Thread.java:748)
2019-08-04 20:43:29,466 INFO  SysUtils - Configuration on demand is an incubating feature.

FAILURE: Build failed with an exception.

* What went wrong:
Task 'javadocJar' not found in project ':app'.

* Try:
Run gradlew tasks to get a list of available tasks. Run with --info or --debug option to get more log output. Run with --scan to get full insights.

* Exception is:
org.gradle.execution.TaskSelectionException: Task 'javadocJar' not found in project ':app'.
	at org.gradle.execution.TaskSelector.getSelection(TaskSelector.java:116)
	at org.gradle.execution.TaskSelector.getFilter(TaskSelector.java:66)
	at org.gradle.execution.ExcludedTaskFilteringBuildConfigurationAction.configure(ExcludedTaskFilteringBuildConfigurationAction.java:42)
	at org.gradle.execution.DefaultBuildConfigurationActionExecuter.configure(DefaultBuildConfigurationActionExecuter.java:57)
	at org.gradle.execution.DefaultBuildConfigurationActionExecuter.access$200(DefaultBuildConfigurationActionExecuter.java:26)
	at org.gradle.execution.DefaultBuildConfigurationActionExecuter$1.run(DefaultBuildConfigurationActionExecuter.java:43)
	at org.gradle.internal.Factories$1.create(Factories.java:25)
	at org.gradle.api.internal.project.DefaultProjectStateRegistry.withLenientState(DefaultProjectStateRegistry.java:132)
	at org.gradle.api.internal.project.DefaultProjectStateRegistry.withLenientState(DefaultProjectStateRegistry.java:124)
	at org.gradle.execution.DefaultBuildConfigurationActionExecuter.select(DefaultBuildConfigurationActionExecuter.java:39)
	at org.gradle.initialization.DefaultGradleLauncher$CalculateTaskGraph.run(DefaultGradleLauncher.java:333)
	at org.gradle.internal.operations.DefaultBuildOperationExecutor$RunnableBuildOperationWorker.execute(DefaultBuildOperationExecutor.java:301)
	at org.gradle.internal.operations.DefaultBuildOperationExecutor$RunnableBuildOperationWorker.execute(DefaultBuildOperationExecutor.java:293)
	at org.gradle.internal.operations.DefaultBuildOperationExecutor.execute(DefaultBuildOperationExecutor.java:175)
	at org.gradle.internal.operations.DefaultBuildOperationExecutor.run(DefaultBuildOperationExecutor.java:91)
	at org.gradle.internal.operations.DelegatingBuildOperationExecutor.run(DelegatingBuildOperationExecutor.java:31)
	at org.gradle.initialization.DefaultGradleLauncher.constructTaskGraph(DefaultGradleLauncher.java:218)
	at org.gradle.initialization.DefaultGradleLauncher.doBuildStages(DefaultGradleLauncher.java:155)
	at org.gradle.initialization.DefaultGradleLauncher.executeTasks(DefaultGradleLauncher.java:134)
	at org.gradle.internal.invocation.GradleBuildController$1.execute(GradleBuildController.java:58)
	at org.gradle.internal.invocation.GradleBuildController$1.execute(GradleBuildController.java:55)
	at org.gradle.internal.invocation.GradleBuildController$3.create(GradleBuildController.java:82)
	at org.gradle.internal.invocation.GradleBuildController$3.create(GradleBuildController.java:75)
	at org.gradle.internal.work.DefaultWorkerLeaseService.withLocks(DefaultWorkerLeaseService.java:183)
	at org.gradle.internal.work.StopShieldingWorkerLeaseService.withLocks(StopShieldingWorkerLeaseService.java:40)
	at org.gradle.internal.invocation.GradleBuildController.doBuild(GradleBuildController.java:75)
	at org.gradle.internal.invocation.GradleBuildController.run(GradleBuildController.java:55)
	at org.gradle.tooling.internal.provider.ExecuteBuildActionRunner.run(ExecuteBuildActionRunner.java:31)
	at org.gradle.launcher.exec.ChainingBuildActionRunner.run(ChainingBuildActionRunner.java:35)
	at org.gradle.launcher.exec.BuildOutcomeReportingBuildActionRunner.run(BuildOutcomeReportingBuildActionRunner.java:58)
	at org.gradle.tooling.internal.provider.ValidatingBuildActionRunner.run(ValidatingBuildActionRunner.java:32)
	at org.gradle.launcher.exec.BuildCompletionNotifyingBuildActionRunner.run(BuildCompletionNotifyingBuildActionRunner.java:39)
	at org.gradle.launcher.exec.RunAsBuildOperationBuildActionRunner$3.call(RunAsBuildOperationBuildActionRunner.java:49)
	at org.gradle.launcher.exec.RunAsBuildOperationBuildActionRunner$3.call(RunAsBuildOperationBuildActionRunner.java:44)
	at org.gradle.internal.operations.DefaultBuildOperationExecutor$CallableBuildOperationWorker.execute(DefaultBuildOperationExecutor.java:315)
	at org.gradle.internal.operations.DefaultBuildOperationExecutor$CallableBuildOperationWorker.execute(DefaultBuildOperationExecutor.java:305)
	at org.gradle.internal.operations.DefaultBuildOperationExecutor.execute(DefaultBuildOperationExecutor.java:175)
	at org.gradle.internal.operations.DefaultBuildOperationExecutor.call(DefaultBuildOperationExecutor.java:101)
	at org.gradle.internal.operations.DelegatingBuildOperationExecutor.call(DelegatingBuildOperationExecutor.java:36)
	at org.gradle.launcher.exec.RunAsBuildOperationBuildActionRunner.run(RunAsBuildOperationBuildActionRunner.java:44)
	at org.gradle.launcher.exec.InProcessBuildActionExecuter$1.transform(InProcessBuildActionExecuter.java:49)
	at org.gradle.launcher.exec.InProcessBuildActionExecuter$1.transform(InProcessBuildActionExecuter.java:46)
	at org.gradle.composite.internal.DefaultRootBuildState.run(DefaultRootBuildState.java:78)
	at org.gradle.launcher.exec.InProcessBuildActionExecuter.execute(InProcessBuildActionExecuter.java:46)
	at org.gradle.launcher.exec.InProcessBuildActionExecuter.execute(InProcessBuildActionExecuter.java:31)
	at org.gradle.launcher.exec.BuildTreeScopeBuildActionExecuter.execute(BuildTreeScopeBuildActionExecuter.java:42)
	at org.gradle.launcher.exec.BuildTreeScopeBuildActionExecuter.execute(BuildTreeScopeBuildActionExecuter.java:28)
	at org.gradle.tooling.internal.provider.ContinuousBuildActionExecuter.execute(ContinuousBuildActionExecuter.java:78)
	at org.gradle.tooling.internal.provider.ContinuousBuildActionExecuter.execute(ContinuousBuildActionExecuter.java:52)
	at org.gradle.tooling.internal.provider.SubscribableBuildActionExecuter.execute(SubscribableBuildActionExecuter.java:59)
	at org.gradle.tooling.internal.provider.SubscribableBuildActionExecuter.execute(SubscribableBuildActionExecuter.java:36)
	at org.gradle.tooling.internal.provider.SessionScopeBuildActionExecuter.execute(SessionScopeBuildActionExecuter.java:68)
	at org.gradle.tooling.internal.provider.SessionScopeBuildActionExecuter.execute(SessionScopeBuildActionExecuter.java:38)
	at org.gradle.tooling.internal.provider.GradleThreadBuildActionExecuter.execute(GradleThreadBuildActionExecuter.java:37)
	at org.gradle.tooling.internal.provider.GradleThreadBuildActionExecuter.execute(GradleThreadBuildActionExecuter.java:26)
	at org.gradle.tooling.internal.provider.ParallelismConfigurationBuildActionExecuter.execute(ParallelismConfigurationBuildActionExecuter.java:43)
	at org.gradle.tooling.internal.provider.ParallelismConfigurationBuildActionExecuter.execute(ParallelismConfigurationBuildActionExecuter.java:29)
	at org.gradle.tooling.internal.provider.StartParamsValidatingActionExecuter.execute(StartParamsValidatingActionExecuter.java:60)
	at org.gradle.tooling.internal.provider.StartParamsValidatingActionExecuter.execute(StartParamsValidatingActionExecuter.java:32)
	at org.gradle.tooling.internal.provider.SessionFailureReportingActionExecuter.execute(SessionFailureReportingActionExecuter.java:55)
	at org.gradle.tooling.internal.provider.SessionFailureReportingActionExecuter.execute(SessionFailureReportingActionExecuter.java:41)
	at org.gradle.tooling.internal.provider.SetupLoggingActionExecuter.execute(SetupLoggingActionExecuter.java:48)
	at org.gradle.tooling.internal.provider.SetupLoggingActionExecuter.execute(SetupLoggingActionExecuter.java:32)
	at org.gradle.launcher.cli.RunBuildAction.run(RunBuildAction.java:55)
	at org.gradle.internal.Actions$RunnableActionAdapter.execute(Actions.java:207)
	at org.gradle.launcher.cli.CommandLineActionFactory$ParseAndBuildAction.execute(CommandLineActionFactory.java:403)
	at org.gradle.launcher.cli.CommandLineActionFactory$ParseAndBuildAction.execute(CommandLineActionFactory.java:376)
	at org.gradle.launcher.cli.ExceptionReportingAction.execute(ExceptionReportingAction.java:37)
	at org.gradle.launcher.cli.ExceptionReportingAction.execute(ExceptionReportingAction.java:23)
	at org.gradle.launcher.cli.CommandLineActionFactory$WithLogging.execute(CommandLineActionFactory.java:369)
	at org.gradle.launcher.cli.CommandLineActionFactory$WithLogging.execute(CommandLineActionFactory.java:299)
	at org.gradle.launcher.Main.doAction(Main.java:36)
	at org.gradle.launcher.bootstrap.EntryPoint.run(EntryPoint.java:45)
	at org.gradle.launcher.bootstrap.ProcessBootstrap.runNoExit(ProcessBootstrap.java:60)
	at org.gradle.launcher.bootstrap.ProcessBootstrap.run(ProcessBootstrap.java:37)
	at org.gradle.launcher.GradleMain.main(GradleMain.java:23)
	at org.gradle.wrapper.BootstrapMainStarter.start(BootstrapMainStarter.java:30)
	at org.gradle.wrapper.WrapperExecutor.execute(WrapperExecutor.java:129)
	at org.gradle.wrapper.GradleWrapperMain.main(GradleWrapperMain.java:61)


* Get more help at https://help.gradle.org

BUILD FAILED in 5s

2019-08-04 20:43:29,467 ERROR ProjectBuildService - Excluded tasks were detected wrong
2019-08-04 20:43:29,467 INFO  SysUtils - Execute command: [/var/folders/bq/vtzpc5ns5sg2cthy61lqpg3dfzgbys/T/1564926169179-0/src/api-controller-master/gradlew, -b, /var/folders/bq/vtzpc5ns5sg2cthy61lqpg3dfzgbys/T/1564926169179-0/src/api-controller-master/app/build.gradle, -Dorg.gradle.daemon=false, -Dorg.gradle.daemon.performance.enable-monitoring=false, -Dorg.gradle.configureondemand=true, --stacktrace, build]
2019-08-04 20:44:25,434 ERROR SysUtils - Could not process external command
org.apache.commons.exec.ExecuteException: Process exited with an error: 1 (Exit value: 1)
	at org.apache.commons.exec.DefaultExecutor.executeInternal(DefaultExecutor.java:404)
	at org.apache.commons.exec.DefaultExecutor.execute(DefaultExecutor.java:166)
	at com.github.vbauer.apkmaster.util.SysUtils.execute(SysUtils.java:67)
	at com.github.vbauer.apkmaster.util.SysUtils.executeSimple(SysUtils.java:43)
	at com.github.vbauer.apkmaster.service.assembly.ProjectBuildService.buildProject(ProjectBuildService.java:78)
	at com.github.vbauer.apkmaster.service.assembly.ProjectBuildService.buildProject(ProjectBuildService.java:69)
	at com.github.vbauer.apkmaster.service.assembly.ProjectBuildService.buildProject(ProjectBuildService.java:43)
	at com.github.vbauer.apkmaster.service.FullProcessService.build(FullProcessService.java:84)
	at com.github.vbauer.apkmaster.service.FullProcessService.process(FullProcessService.java:34)
	at com.github.vbauer.apkmaster.app.MainApplication.process(MainApplication.java:38)
	at com.github.vbauer.apkmaster.app.MainApplication.main(MainApplication.java:20)
	at sun.reflect.GeneratedMethodAccessor8.invoke(Unknown Source)
	at sun.reflect.DelegatingMethodAccessorImpl.invoke(DelegatingMethodAccessorImpl.java:43)
	at java.lang.reflect.Method.invoke(Method.java:498)
	at com.android.arsenal.util.ReflectionUtils.invoke(ReflectionUtils.java:52)
	at com.android.arsenal.util.ApkMasterUtils.main(ApkMasterUtils.java:30)
	at com.android.arsenal.service.processor.impl.BuildProcessorServiceImpl.buildProject(BuildProcessorServiceImpl.java:196)
	at com.android.arsenal.service.processor.impl.BuildProcessorServiceImpl.build(BuildProcessorServiceImpl.java:130)
	at com.android.arsenal.service.processor.impl.BuildProcessorServiceImpl.lambda$createTasks$1(BuildProcessorServiceImpl.java:113)
	at java.util.concurrent.FutureTask.run(FutureTask.java:266)
	at java.util.concurrent.Executors$RunnableAdapter.call(Executors.java:511)
	at java.util.concurrent.FutureTask.run(FutureTask.java:266)
	at java.util.concurrent.ThreadPoolExecutor.runWorker(ThreadPoolExecutor.java:1149)
	at java.util.concurrent.ThreadPoolExecutor$Worker.run(ThreadPoolExecutor.java:624)
	at java.lang.Thread.run(Thread.java:748)
2019-08-04 20:44:25,434 INFO  SysUtils - Configuration on demand is an incubating feature.
> Task :apicontroller:preBuild UP-TO-DATE
> Task :apicontroller:preDebugBuild UP-TO-DATE
> Task :apicontroller:compileDebugAidl NO-SOURCE
> Task :apicontroller:compileDebugRenderscript NO-SOURCE
> Task :apicontroller:checkDebugManifest UP-TO-DATE
> Task :apicontroller:generateDebugBuildConfig UP-TO-DATE
> Task :apicontroller:generateDebugResValues UP-TO-DATE
> Task :apicontroller:generateDebugResources UP-TO-DATE
> Task :apicontroller:packageDebugResources UP-TO-DATE
> Task :apicontroller:processDebugManifest UP-TO-DATE
> Task :apicontroller:generateDebugRFile UP-TO-DATE
> Task :apicontroller:prepareLintJar UP-TO-DATE
> Task :apicontroller:generateDebugSources UP-TO-DATE
> Task :apicontroller:javaPreCompileDebug UP-TO-DATE
> Task :apicontroller:compileDebugJavaWithJavac UP-TO-DATE
> Task :apicontroller:bundleLibCompileDebug
> Task :app:preBuild UP-TO-DATE
> Task :app:preDebugBuild
> Task :app:compileDebugAidl NO-SOURCE
> Task :apicontroller:packageDebugRenderscript NO-SOURCE
> Task :app:compileDebugRenderscript NO-SOURCE
> Task :app:checkDebugManifest
> Task :app:generateDebugBuildConfig
> Task :app:prepareLintJar
> Task :app:generateDebugSources
> Task :app:javaPreCompileDebug
> Task :app:mainApkListPersistenceDebug
> Task :app:generateDebugResValues
> Task :app:generateDebugResources
> Task :app:mergeDebugResources
> Task :app:createDebugCompatibleScreenManifests
> Task :app:processDebugManifest
> Task :app:processDebugResources

> Task :app:compileDebugJavaWithJavac
Note: /private/var/folders/bq/vtzpc5ns5sg2cthy61lqpg3dfzgbys/T/1564926169179-0/src/api-controller-master/app/src/main/java/in/nashapp/apicontrollerdemo/MainActivity.java uses unchecked or unsafe operations.
Note: Recompile with -Xlint:unchecked for details.

> Task :app:compileDebugSources
> Task :apicontroller:mergeDebugShaders UP-TO-DATE
> Task :apicontroller:compileDebugShaders UP-TO-DATE
> Task :apicontroller:generateDebugAssets UP-TO-DATE
> Task :apicontroller:packageDebugAssets UP-TO-DATE
> Task :app:mergeDebugShaders
> Task :app:compileDebugShaders
> Task :app:generateDebugAssets
> Task :app:mergeDebugAssets
> Task :apicontroller:processDebugJavaRes NO-SOURCE
> Task :apicontroller:bundleLibResDebug
> Task :apicontroller:bundleLibRuntimeDebug
> Task :apicontroller:createFullJarDebug
> Task :app:checkDebugDuplicateClasses
> Task :app:mergeExtDexDebug
> Task :app:transformClassesWithDexBuilderForDebug
> Task :app:mergeDexDebug
> Task :app:validateSigningDebug
> Task :app:signingConfigWriterDebug
> Task :apicontroller:mergeDebugJniLibFolders UP-TO-DATE
> Task :apicontroller:transformNativeLibsWithMergeJniLibsForDebug UP-TO-DATE
> Task :apicontroller:transformNativeLibsWithStripDebugSymbolForDebug UP-TO-DATE
> Task :apicontroller:transformNativeLibsWithIntermediateJniLibsForDebug
> Task :app:mergeDebugJniLibFolders
> Task :app:transformNativeLibsWithMergeJniLibsForDebug
> Task :app:transformNativeLibsWithStripDebugSymbolForDebug
> Task :app:processDebugJavaRes NO-SOURCE
> Task :app:transformResourcesWithMergeJavaResForDebug
> Task :app:packageDebug
> Task :app:assembleDebug
> Task :apicontroller:preReleaseBuild UP-TO-DATE
> Task :apicontroller:compileReleaseAidl NO-SOURCE
> Task :apicontroller:compileReleaseRenderscript NO-SOURCE
> Task :apicontroller:checkReleaseManifest UP-TO-DATE
> Task :apicontroller:generateReleaseBuildConfig UP-TO-DATE
> Task :apicontroller:generateReleaseResValues UP-TO-DATE
> Task :apicontroller:generateReleaseResources UP-TO-DATE
> Task :apicontroller:packageReleaseResources UP-TO-DATE
> Task :apicontroller:processReleaseManifest UP-TO-DATE
> Task :apicontroller:generateReleaseRFile UP-TO-DATE
> Task :apicontroller:generateReleaseSources UP-TO-DATE
> Task :apicontroller:javaPreCompileRelease UP-TO-DATE
> Task :apicontroller:compileReleaseJavaWithJavac UP-TO-DATE
> Task :apicontroller:bundleLibCompileRelease
> Task :app:preReleaseBuild
> Task :app:compileReleaseAidl NO-SOURCE
> Task :apicontroller:packageReleaseRenderscript NO-SOURCE
> Task :app:compileReleaseRenderscript NO-SOURCE
> Task :app:checkReleaseManifest
> Task :app:generateReleaseBuildConfig
> Task :app:generateReleaseSources
> Task :app:javaPreCompileRelease
> Task :app:mainApkListPersistenceRelease
> Task :app:generateReleaseResValues
> Task :app:generateReleaseResources
> Task :app:mergeReleaseResources
> Task :app:createReleaseCompatibleScreenManifests
> Task :app:processReleaseManifest
> Task :app:processReleaseResources

> Task :app:compileReleaseJavaWithJavac

> Task :app:compileReleaseSources
> Task :apicontroller:prepareLintJarForPublish UP-TO-DATE
> Task :app:lintVitalRelease SKIPPED
> Task :apicontroller:processReleaseJavaRes NO-SOURCE
> Task :apicontroller:bundleLibResRelease
> Task :apicontroller:bundleLibRuntimeRelease
> Task :apicontroller:createFullJarRelease
Note: /private/var/folders/bq/vtzpc5ns5sg2cthy61lqpg3dfzgbys/T/1564926169179-0/src/api-controller-master/app/src/main/java/in/nashapp/apicontrollerdemo/MainActivity.java uses unchecked or unsafe operations.
Note: Recompile with -Xlint:unchecked for details.
> Task :app:checkReleaseDuplicateClasses
> Task :app:mergeExtDexRelease
> Task :app:transformClassesWithDexBuilderForRelease
> Task :app:mergeDexRelease
> Task :apicontroller:mergeReleaseShaders UP-TO-DATE
> Task :apicontroller:compileReleaseShaders UP-TO-DATE
> Task :apicontroller:generateReleaseAssets UP-TO-DATE
> Task :apicontroller:packageReleaseAssets UP-TO-DATE
> Task :app:mergeReleaseShaders
> Task :app:compileReleaseShaders
> Task :app:generateReleaseAssets
> Task :app:mergeReleaseAssets
> Task :app:signingConfigWriterRelease
> Task :apicontroller:mergeReleaseJniLibFolders UP-TO-DATE
> Task :apicontroller:transformNativeLibsWithMergeJniLibsForRelease UP-TO-DATE
> Task :apicontroller:transformNativeLibsWithStripDebugSymbolForRelease UP-TO-DATE
> Task :apicontroller:transformNativeLibsWithIntermediateJniLibsForRelease
> Task :app:mergeReleaseJniLibFolders
> Task :app:transformNativeLibsWithMergeJniLibsForRelease
> Task :app:transformNativeLibsWithStripDebugSymbolForRelease
> Task :app:processReleaseJavaRes NO-SOURCE
> Task :app:transformResourcesWithMergeJavaResForRelease
> Task :app:packageRelease
> Task :app:assembleRelease
> Task :app:assemble

> Task :app:lint
Calling mockable JAR artifact transform to create file: /Users/vbauer/.gradle/caches/transforms-2/files-2.1/2bf799b75d28466a4721a743089a4e1e/android.jar with input /Users/vbauer/Library/Android/sdk/platforms/android-28/android.jar
Ran lint on variant debug: 10 issues found
Ran lint on variant release: 10 issues found
Wrote HTML report to file:///private/var/folders/bq/vtzpc5ns5sg2cthy61lqpg3dfzgbys/T/1564926169179-0/src/api-controller-master/app/build/reports/lint-results.html
Wrote XML report to file:///private/var/folders/bq/vtzpc5ns5sg2cthy61lqpg3dfzgbys/T/1564926169179-0/src/api-controller-master/app/build/reports/lint-results.xml

> Task :app:generateDebugUnitTestSources
> Task :app:preDebugUnitTestBuild UP-TO-DATE
> Task :app:javaPreCompileDebugUnitTest

> Task :app:compileDebugUnitTestJavaWithJavac FAILED
/private/var/folders/bq/vtzpc5ns5sg2cthy61lqpg3dfzgbys/T/1564926169179-0/src/api-controller-master/app/src/test/java/in/nashapp/apicontrollerdemo/ExampleUnitTest.java:3: error: package org.junit does not exist
import org.junit.Test;
                ^
/private/var/folders/bq/vtzpc5ns5sg2cthy61lqpg3dfzgbys/T/1564926169179-0/src/api-controller-master/app/src/test/java/in/nashapp/apicontrollerdemo/ExampleUnitTest.java:5: error: package org.junit does not exist
import static org.junit.Assert.*;
                       ^
/private/var/folders/bq/vtzpc5ns5sg2cthy61lqpg3dfzgbys/T/1564926169179-0/src/api-controller-master/app/src/test/java/in/nashapp/apicontrollerdemo/ExampleUnitTest.java:11: error: cannot find symbol
    @Test
     ^
  symbol:   class Test
  location: class ExampleUnitTest
/private/var/folders/bq/vtzpc5ns5sg2cthy61lqpg3dfzgbys/T/1564926169179-0/src/api-controller-master/app/src/test/java/in/nashapp/apicontrollerdemo/ExampleUnitTest.java:13: error: cannot find symbol
        assertEquals(4, 2 + 2);
        ^
  symbol:   method assertEquals(int,int)
  location: class ExampleUnitTest
4 errors

FAILURE: Build failed with an exception.

* What went wrong:
Execution failed for task ':app:compileDebugUnitTestJavaWithJavac'.
> Compilation failed; see the compiler error output for details.

* Try:
Run with --info or --debug option to get more log output. Run with --scan to get full insights.

* Exception is:
org.gradle.api.tasks.TaskExecutionException: Execution failed for task ':app:compileDebugUnitTestJavaWithJavac'.
	at org.gradle.api.internal.tasks.execution.ExecuteActionsTaskExecuter.execute(ExecuteActionsTaskExecuter.java:95)
	at org.gradle.api.internal.tasks.execution.ResolveTaskOutputCachingStateExecuter.execute(ResolveTaskOutputCachingStateExecuter.java:91)
	at org.gradle.api.internal.tasks.execution.ValidatingTaskExecuter.execute(ValidatingTaskExecuter.java:57)
	at org.gradle.api.internal.tasks.execution.SkipEmptySourceFilesTaskExecuter.execute(SkipEmptySourceFilesTaskExecuter.java:119)
	at org.gradle.api.internal.tasks.execution.ResolvePreviousStateExecuter.execute(ResolvePreviousStateExecuter.java:43)
	at org.gradle.api.internal.tasks.execution.CleanupStaleOutputsExecuter.execute(CleanupStaleOutputsExecuter.java:93)
	at org.gradle.api.internal.tasks.execution.FinalizePropertiesTaskExecuter.execute(FinalizePropertiesTaskExecuter.java:45)
	at org.gradle.api.internal.tasks.execution.ResolveTaskArtifactStateTaskExecuter.execute(ResolveTaskArtifactStateTaskExecuter.java:94)
	at org.gradle.api.internal.tasks.execution.SkipTaskWithNoActionsExecuter.execute(SkipTaskWithNoActionsExecuter.java:56)
	at org.gradle.api.internal.tasks.execution.SkipOnlyIfTaskExecuter.execute(SkipOnlyIfTaskExecuter.java:55)
	at org.gradle.api.internal.tasks.execution.CatchExceptionTaskExecuter.execute(CatchExceptionTaskExecuter.java:36)
	at org.gradle.api.internal.tasks.execution.EventFiringTaskExecuter$1.executeTask(EventFiringTaskExecuter.java:67)
	at org.gradle.api.internal.tasks.execution.EventFiringTaskExecuter$1.call(EventFiringTaskExecuter.java:52)
	at org.gradle.api.internal.tasks.execution.EventFiringTaskExecuter$1.call(EventFiringTaskExecuter.java:49)
	at org.gradle.internal.operations.DefaultBuildOperationExecutor$CallableBuildOperationWorker.execute(DefaultBuildOperationExecutor.java:315)
	at org.gradle.internal.operations.DefaultBuildOperationExecutor$CallableBuildOperationWorker.execute(DefaultBuildOperationExecutor.java:305)
	at org.gradle.internal.operations.DefaultBuildOperationExecutor.execute(DefaultBuildOperationExecutor.java:175)
	at org.gradle.internal.operations.DefaultBuildOperationExecutor.call(DefaultBuildOperationExecutor.java:101)
	at org.gradle.internal.operations.DelegatingBuildOperationExecutor.call(DelegatingBuildOperationExecutor.java:36)
	at org.gradle.api.internal.tasks.execution.EventFiringTaskExecuter.execute(EventFiringTaskExecuter.java:49)
	at org.gradle.execution.plan.LocalTaskNodeExecutor.execute(LocalTaskNodeExecutor.java:43)
	at org.gradle.execution.taskgraph.DefaultTaskExecutionGraph$InvokeNodeExecutorsAction.execute(DefaultTaskExecutionGraph.java:355)
	at org.gradle.execution.taskgraph.DefaultTaskExecutionGraph$InvokeNodeExecutorsAction.execute(DefaultTaskExecutionGraph.java:343)
	at org.gradle.execution.taskgraph.DefaultTaskExecutionGraph$BuildOperationAwareExecutionAction.execute(DefaultTaskExecutionGraph.java:336)
	at org.gradle.execution.taskgraph.DefaultTaskExecutionGraph$BuildOperationAwareExecutionAction.execute(DefaultTaskExecutionGraph.java:322)
	at org.gradle.execution.plan.DefaultPlanExecutor$ExecutorWorker$1.execute(DefaultPlanExecutor.java:134)
	at org.gradle.execution.plan.DefaultPlanExecutor$ExecutorWorker$1.execute(DefaultPlanExecutor.java:129)
	at org.gradle.execution.plan.DefaultPlanExecutor$ExecutorWorker.execute(DefaultPlanExecutor.java:202)
	at org.gradle.execution.plan.DefaultPlanExecutor$ExecutorWorker.executeNextNode(DefaultPlanExecutor.java:193)
	at org.gradle.execution.plan.DefaultPlanExecutor$ExecutorWorker.run(DefaultPlanExecutor.java:129)
	at org.gradle.internal.concurrent.ExecutorPolicy$CatchAndRecordFailures.onExecute(ExecutorPolicy.java:63)
	at org.gradle.internal.concurrent.ManagedExecutorImpl$1.run(ManagedExecutorImpl.java:46)
	at org.gradle.internal.concurrent.ThreadFactoryImpl$ManagedThreadRunnable.run(ThreadFactoryImpl.java:55)
Caused by: org.gradle.api.internal.tasks.compile.CompilationFailedException: Compilation failed; see the compiler error output for details.
	at org.gradle.api.internal.tasks.compile.JdkJavaCompiler.execute(JdkJavaCompiler.java:52)
	at org.gradle.api.internal.tasks.compile.JdkJavaCompiler.execute(JdkJavaCompiler.java:36)
	at org.gradle.api.internal.tasks.compile.NormalizingJavaCompiler.delegateAndHandleErrors(NormalizingJavaCompiler.java:100)
	at org.gradle.api.internal.tasks.compile.NormalizingJavaCompiler.execute(NormalizingJavaCompiler.java:52)
	at org.gradle.api.internal.tasks.compile.NormalizingJavaCompiler.execute(NormalizingJavaCompiler.java:38)
	at org.gradle.api.internal.tasks.compile.AnnotationProcessorDiscoveringCompiler.execute(AnnotationProcessorDiscoveringCompiler.java:51)
	at org.gradle.api.internal.tasks.compile.AnnotationProcessorDiscoveringCompiler.execute(AnnotationProcessorDiscoveringCompiler.java:37)
	at org.gradle.api.internal.tasks.compile.CleaningJavaCompilerSupport.execute(CleaningJavaCompilerSupport.java:39)
	at org.gradle.api.internal.tasks.compile.incremental.IncrementalCompilerFactory$2.execute(IncrementalCompilerFactory.java:110)
	at org.gradle.api.internal.tasks.compile.incremental.IncrementalCompilerFactory$2.execute(IncrementalCompilerFactory.java:106)
	at org.gradle.api.internal.tasks.compile.incremental.IncrementalResultStoringCompiler.execute(IncrementalResultStoringCompiler.java:59)
	at org.gradle.api.internal.tasks.compile.incremental.IncrementalResultStoringCompiler.execute(IncrementalResultStoringCompiler.java:43)
	at org.gradle.api.internal.tasks.compile.CompileJavaBuildOperationReportingCompiler$2.call(CompileJavaBuildOperationReportingCompiler.java:59)
	at org.gradle.api.internal.tasks.compile.CompileJavaBuildOperationReportingCompiler$2.call(CompileJavaBuildOperationReportingCompiler.java:51)
	at org.gradle.internal.operations.DefaultBuildOperationExecutor$CallableBuildOperationWorker.execute(DefaultBuildOperationExecutor.java:315)
	at org.gradle.internal.operations.DefaultBuildOperationExecutor$CallableBuildOperationWorker.execute(DefaultBuildOperationExecutor.java:305)
	at org.gradle.internal.operations.DefaultBuildOperationExecutor.execute(DefaultBuildOperationExecutor.java:175)
	at org.gradle.internal.operations.DefaultBuildOperationExecutor.call(DefaultBuildOperationExecutor.java:101)
	at org.gradle.internal.operations.DelegatingBuildOperationExecutor.call(DelegatingBuildOperationExecutor.java:36)
	at org.gradle.api.internal.tasks.compile.CompileJavaBuildOperationReportingCompiler.execute(CompileJavaBuildOperationReportingCompiler.java:51)
	at org.gradle.api.tasks.compile.JavaCompile.performCompilation(JavaCompile.java:154)
	at org.gradle.api.tasks.compile.JavaCompile.compile(JavaCompile.java:122)
	at com.android.build.gradle.tasks.AndroidJavaCompile.compile(AndroidJavaCompile.kt:214)
	at org.gradle.internal.reflect.JavaMethod.invoke(JavaMethod.java:73)
	at org.gradle.api.internal.project.taskfactory.IncrementalTaskAction.doExecute(IncrementalTaskAction.java:47)
	at org.gradle.api.internal.project.taskfactory.StandardTaskAction.execute(StandardTaskAction.java:41)
	at org.gradle.api.internal.project.taskfactory.StandardTaskAction.execute(StandardTaskAction.java:28)
	at org.gradle.api.internal.tasks.execution.ExecuteActionsTaskExecuter$2.run(ExecuteActionsTaskExecuter.java:284)
	at org.gradle.internal.operations.DefaultBuildOperationExecutor$RunnableBuildOperationWorker.execute(DefaultBuildOperationExecutor.java:301)
	at org.gradle.internal.operations.DefaultBuildOperationExecutor$RunnableBuildOperationWorker.execute(DefaultBuildOperationExecutor.java:293)
	at org.gradle.internal.operations.DefaultBuildOperationExecutor.execute(DefaultBuildOperationExecutor.java:175)
	at org.gradle.internal.operations.DefaultBuildOperationExecutor.run(DefaultBuildOperationExecutor.java:91)
	at org.gradle.internal.operations.DelegatingBuildOperationExecutor.run(DelegatingBuildOperationExecutor.java:31)
	at org.gradle.api.internal.tasks.execution.ExecuteActionsTaskExecuter.executeAction(ExecuteActionsTaskExecuter.java:273)
	at org.gradle.api.internal.tasks.execution.ExecuteActionsTaskExecuter.executeActions(ExecuteActionsTaskExecuter.java:258)
	at org.gradle.api.internal.tasks.execution.ExecuteActionsTaskExecuter.access$200(ExecuteActionsTaskExecuter.java:67)
	at org.gradle.api.internal.tasks.execution.ExecuteActionsTaskExecuter$TaskExecution.execute(ExecuteActionsTaskExecuter.java:145)
	at org.gradle.internal.execution.impl.steps.ExecuteStep.execute(ExecuteStep.java:49)
	at org.gradle.internal.execution.impl.steps.CancelExecutionStep.execute(CancelExecutionStep.java:34)
	at org.gradle.internal.execution.impl.steps.TimeoutStep.executeWithoutTimeout(TimeoutStep.java:69)
	at org.gradle.internal.execution.impl.steps.TimeoutStep.execute(TimeoutStep.java:49)
	at org.gradle.internal.execution.impl.steps.CatchExceptionStep.execute(CatchExceptionStep.java:33)
	at org.gradle.internal.execution.impl.steps.CreateOutputsStep.execute(CreateOutputsStep.java:50)
	at org.gradle.internal.execution.impl.steps.SnapshotOutputStep.execute(SnapshotOutputStep.java:43)
	at org.gradle.internal.execution.impl.steps.SnapshotOutputStep.execute(SnapshotOutputStep.java:29)
	at org.gradle.internal.execution.impl.steps.CacheStep.executeWithoutCache(CacheStep.java:134)
	at org.gradle.internal.execution.impl.steps.CacheStep.lambda$execute$3(CacheStep.java:83)
	at org.gradle.internal.execution.impl.steps.CacheStep.execute(CacheStep.java:82)
	at org.gradle.internal.execution.impl.steps.CacheStep.execute(CacheStep.java:36)
	at org.gradle.internal.execution.impl.steps.PrepareCachingStep.execute(PrepareCachingStep.java:33)
	at org.gradle.internal.execution.impl.steps.StoreSnapshotsStep.execute(StoreSnapshotsStep.java:38)
	at org.gradle.internal.execution.impl.steps.StoreSnapshotsStep.execute(StoreSnapshotsStep.java:23)
	at org.gradle.internal.execution.impl.steps.SkipUpToDateStep.executeBecause(SkipUpToDateStep.java:96)
	at org.gradle.internal.execution.impl.steps.SkipUpToDateStep.lambda$execute$1(SkipUpToDateStep.java:91)
	at org.gradle.internal.execution.impl.steps.SkipUpToDateStep.execute(SkipUpToDateStep.java:91)
	at org.gradle.internal.execution.impl.steps.SkipUpToDateStep.execute(SkipUpToDateStep.java:36)
	at org.gradle.internal.execution.impl.DefaultWorkExecutor.execute(DefaultWorkExecutor.java:34)
	at org.gradle.api.internal.tasks.execution.ExecuteActionsTaskExecuter.execute(ExecuteActionsTaskExecuter.java:91)
	... 32 more


* Get more help at https://help.gradle.org

Deprecated Gradle features were used in this build, making it incompatible with Gradle 6.0.
Use '--warning-mode all' to show the individual deprecation warnings.
See https://docs.gradle.org/5.1.1/userguide/command_line_interface.html#sec:command_line_warnings

BUILD FAILED in 55s
93 actionable tasks: 63 executed, 30 up-to-date

2019-08-04 20:44:25,538 INFO  FullProcessService - Found APK file: /var/folders/bq/vtzpc5ns5sg2cthy61lqpg3dfzgbys/T/1564926169179-0/src/api-controller-master/app/build/outputs/apk/debug/app-debug.apk
