2019-08-02 12:17:39,474 INFO  DownloadService - Downloading "https://github.com/google/agera/archive/master.zip", attempt 3
2019-08-02 12:17:42,283 INFO  DownloadService - Downloaded https://github.com/google/agera/archive/master.zip, attempt 3
2019-08-02 12:17:42,284 INFO  DownloadService - Size of file "/var/folders/bq/vtzpc5ns5sg2cthy61lqpg3dfzgbys/T/1564723059471-0/master.zip": 915 KB
2019-08-02 12:17:42,284 INFO  ArchiveUtils - Checking entries [.gradle] in ZIP file...
2019-08-02 12:17:42,290 INFO  ArchiveUtils - Has entries [.gradle] in ZIP file /var/folders/bq/vtzpc5ns5sg2cthy61lqpg3dfzgbys/T/1564723059471-0/master.zip: true
2019-08-02 12:17:42,290 DEBUG ZipUtil - Extracting '/var/folders/bq/vtzpc5ns5sg2cthy61lqpg3dfzgbys/T/1564723059471-0/master.zip' into '/var/folders/bq/vtzpc5ns5sg2cthy61lqpg3dfzgbys/T/1564723059471-0/src'.
2019-08-02 12:17:42,366 INFO  FullProcessService - Size of directory with sources: 1 MB
2019-08-02 12:17:42,366 INFO  SysUtils - Execute command: [git, init, /var/folders/bq/vtzpc5ns5sg2cthy61lqpg3dfzgbys/T/1564723059471-0/src]
2019-08-02 12:17:42,382 INFO  SysUtils - Initialized empty Git repository in /private/var/folders/bq/vtzpc5ns5sg2cthy61lqpg3dfzgbys/T/1564723059471-0/src/.git/

2019-08-02 12:17:42,391 INFO  ProjectBuildService - Gradle wrapper(s): /var/folders/bq/vtzpc5ns5sg2cthy61lqpg3dfzgbys/T/1564723059471-0/src/agera-master/samples/BasicSample/gradlew /var/folders/bq/vtzpc5ns5sg2cthy61lqpg3dfzgbys/T/1564723059471-0/src/agera-master/samples/BasicSampleWithoutCallbacks/gradlew /var/folders/bq/vtzpc5ns5sg2cthy61lqpg3dfzgbys/T/1564723059471-0/src/agera-master/gradlew
2019-08-02 12:17:42,401 INFO  ProjectBuildService - Build script(s): /var/folders/bq/vtzpc5ns5sg2cthy61lqpg3dfzgbys/T/1564723059471-0/src/agera-master/agera/build.gradle /var/folders/bq/vtzpc5ns5sg2cthy61lqpg3dfzgbys/T/1564723059471-0/src/agera-master/extensions/content/build.gradle /var/folders/bq/vtzpc5ns5sg2cthy61lqpg3dfzgbys/T/1564723059471-0/src/agera-master/extensions/database/build.gradle /var/folders/bq/vtzpc5ns5sg2cthy61lqpg3dfzgbys/T/1564723059471-0/src/agera-master/extensions/net/build.gradle /var/folders/bq/vtzpc5ns5sg2cthy61lqpg3dfzgbys/T/1564723059471-0/src/agera-master/extensions/rvadapter/build.gradle /var/folders/bq/vtzpc5ns5sg2cthy61lqpg3dfzgbys/T/1564723059471-0/src/agera-master/extensions/rvdatabinding/build.gradle /var/folders/bq/vtzpc5ns5sg2cthy61lqpg3dfzgbys/T/1564723059471-0/src/agera-master/samples/BasicSample/app/build.gradle /var/folders/bq/vtzpc5ns5sg2cthy61lqpg3dfzgbys/T/1564723059471-0/src/agera-master/samples/BasicSampleWithoutCallbacks/app/build.gradle /var/folders/bq/vtzpc5ns5sg2cthy61lqpg3dfzgbys/T/1564723059471-0/src/agera-master/testapp/build.gradle /var/folders/bq/vtzpc5ns5sg2cthy61lqpg3dfzgbys/T/1564723059471-0/src/agera-master/build.gradle /var/folders/bq/vtzpc5ns5sg2cthy61lqpg3dfzgbys/T/1564723059471-0/src/agera-master/samples/BasicSample/build.gradle /var/folders/bq/vtzpc5ns5sg2cthy61lqpg3dfzgbys/T/1564723059471-0/src/agera-master/samples/BasicSampleWithoutCallbacks/build.gradle
2019-08-02 12:17:42,409 INFO  ProjectBuildService - All script(s): /var/folders/bq/vtzpc5ns5sg2cthy61lqpg3dfzgbys/T/1564723059471-0/src/agera-master/testapp/build.gradle /var/folders/bq/vtzpc5ns5sg2cthy61lqpg3dfzgbys/T/1564723059471-0/src/agera-master/agera/build.gradle /var/folders/bq/vtzpc5ns5sg2cthy61lqpg3dfzgbys/T/1564723059471-0/src/agera-master/extensions/database/build.gradle /var/folders/bq/vtzpc5ns5sg2cthy61lqpg3dfzgbys/T/1564723059471-0/src/agera-master/extensions/net/build.gradle /var/folders/bq/vtzpc5ns5sg2cthy61lqpg3dfzgbys/T/1564723059471-0/src/agera-master/extensions/rvdatabinding/build.gradle /var/folders/bq/vtzpc5ns5sg2cthy61lqpg3dfzgbys/T/1564723059471-0/src/agera-master/extensions/rvadapter/build.gradle /var/folders/bq/vtzpc5ns5sg2cthy61lqpg3dfzgbys/T/1564723059471-0/src/agera-master/extensions/content/build.gradle /var/folders/bq/vtzpc5ns5sg2cthy61lqpg3dfzgbys/T/1564723059471-0/src/agera-master/samples/BasicSample/app/build.gradle /var/folders/bq/vtzpc5ns5sg2cthy61lqpg3dfzgbys/T/1564723059471-0/src/agera-master/samples/BasicSample/build.gradle /var/folders/bq/vtzpc5ns5sg2cthy61lqpg3dfzgbys/T/1564723059471-0/src/agera-master/samples/BasicSample/settings.gradle /var/folders/bq/vtzpc5ns5sg2cthy61lqpg3dfzgbys/T/1564723059471-0/src/agera-master/samples/BasicSampleWithoutCallbacks/app/build.gradle /var/folders/bq/vtzpc5ns5sg2cthy61lqpg3dfzgbys/T/1564723059471-0/src/agera-master/samples/BasicSampleWithoutCallbacks/build.gradle /var/folders/bq/vtzpc5ns5sg2cthy61lqpg3dfzgbys/T/1564723059471-0/src/agera-master/samples/BasicSampleWithoutCallbacks/settings.gradle /var/folders/bq/vtzpc5ns5sg2cthy61lqpg3dfzgbys/T/1564723059471-0/src/agera-master/build.gradle /var/folders/bq/vtzpc5ns5sg2cthy61lqpg3dfzgbys/T/1564723059471-0/src/agera-master/settings.gradle
2019-08-02 12:17:42,410 INFO  ProjectBuildService - Remote scripts: none
2019-08-02 12:17:42,410 INFO  ProjectFixService - Fixing project...
2019-08-02 12:17:42,432 INFO  LocalPropertiesFixService - Created fake /var/folders/bq/vtzpc5ns5sg2cthy61lqpg3dfzgbys/T/1564723059471-0/src/agera-master/agera/local.properties
2019-08-02 12:17:42,435 INFO  ProjectFixService - Build info for "/var/folders/bq/vtzpc5ns5sg2cthy61lqpg3dfzgbys/T/1564723059471-0/src/agera-master/agera/build.gradle": [buildToolsVersion=23.0.3,compileSdkVersion=23,minSdkVersion=14,targetSdkVersion=23]
2019-08-02 12:17:42,435 INFO  LocalPropertiesFixService - Created fake /var/folders/bq/vtzpc5ns5sg2cthy61lqpg3dfzgbys/T/1564723059471-0/src/agera-master/extensions/content/local.properties
2019-08-02 12:17:42,439 INFO  ProjectFixService - Build info for "/var/folders/bq/vtzpc5ns5sg2cthy61lqpg3dfzgbys/T/1564723059471-0/src/agera-master/extensions/content/build.gradle": [buildToolsVersion=23.0.3,compileSdkVersion=23,minSdkVersion=14,targetSdkVersion=23]
2019-08-02 12:17:42,439 INFO  LocalPropertiesFixService - Created fake /var/folders/bq/vtzpc5ns5sg2cthy61lqpg3dfzgbys/T/1564723059471-0/src/agera-master/extensions/database/local.properties
2019-08-02 12:17:42,442 INFO  ProjectFixService - Build info for "/var/folders/bq/vtzpc5ns5sg2cthy61lqpg3dfzgbys/T/1564723059471-0/src/agera-master/extensions/database/build.gradle": [buildToolsVersion=23.0.3,compileSdkVersion=23,minSdkVersion=14,targetSdkVersion=23]
2019-08-02 12:17:42,443 INFO  LocalPropertiesFixService - Created fake /var/folders/bq/vtzpc5ns5sg2cthy61lqpg3dfzgbys/T/1564723059471-0/src/agera-master/extensions/net/local.properties
2019-08-02 12:17:42,446 INFO  ProjectFixService - Build info for "/var/folders/bq/vtzpc5ns5sg2cthy61lqpg3dfzgbys/T/1564723059471-0/src/agera-master/extensions/net/build.gradle": [buildToolsVersion=23.0.3,compileSdkVersion=23,minSdkVersion=14,targetSdkVersion=23]
2019-08-02 12:17:42,446 INFO  LocalPropertiesFixService - Created fake /var/folders/bq/vtzpc5ns5sg2cthy61lqpg3dfzgbys/T/1564723059471-0/src/agera-master/extensions/rvadapter/local.properties
2019-08-02 12:17:42,449 INFO  ProjectFixService - Build info for "/var/folders/bq/vtzpc5ns5sg2cthy61lqpg3dfzgbys/T/1564723059471-0/src/agera-master/extensions/rvadapter/build.gradle": [buildToolsVersion=23.0.3,compileSdkVersion=23,minSdkVersion=14,targetSdkVersion=23]
2019-08-02 12:17:42,449 INFO  LocalPropertiesFixService - Created fake /var/folders/bq/vtzpc5ns5sg2cthy61lqpg3dfzgbys/T/1564723059471-0/src/agera-master/extensions/rvdatabinding/local.properties
2019-08-02 12:17:42,452 INFO  ProjectFixService - Build info for "/var/folders/bq/vtzpc5ns5sg2cthy61lqpg3dfzgbys/T/1564723059471-0/src/agera-master/extensions/rvdatabinding/build.gradle": [buildToolsVersion=23.0.3,compileSdkVersion=23,minSdkVersion=14,targetSdkVersion=23]
2019-08-02 12:17:42,453 INFO  LocalPropertiesFixService - Created fake /var/folders/bq/vtzpc5ns5sg2cthy61lqpg3dfzgbys/T/1564723059471-0/src/agera-master/samples/BasicSample/app/local.properties
2019-08-02 12:17:42,453 INFO  ProjectFixService - Build info for "/var/folders/bq/vtzpc5ns5sg2cthy61lqpg3dfzgbys/T/1564723059471-0/src/agera-master/samples/BasicSample/app/build.gradle": [buildToolsVersion=23.0.3,compileSdkVersion=23,minSdkVersion=15,targetSdkVersion=23]
2019-08-02 12:17:42,453 INFO  LocalPropertiesFixService - Created fake /var/folders/bq/vtzpc5ns5sg2cthy61lqpg3dfzgbys/T/1564723059471-0/src/agera-master/samples/BasicSampleWithoutCallbacks/app/local.properties
2019-08-02 12:17:42,453 INFO  ProjectFixService - Build info for "/var/folders/bq/vtzpc5ns5sg2cthy61lqpg3dfzgbys/T/1564723059471-0/src/agera-master/samples/BasicSampleWithoutCallbacks/app/build.gradle": [buildToolsVersion=23.0.3,compileSdkVersion=23,minSdkVersion=15,targetSdkVersion=23]
2019-08-02 12:17:42,454 INFO  LocalPropertiesFixService - Created fake /var/folders/bq/vtzpc5ns5sg2cthy61lqpg3dfzgbys/T/1564723059471-0/src/agera-master/testapp/local.properties
2019-08-02 12:17:42,457 INFO  ProjectFixService - Build info for "/var/folders/bq/vtzpc5ns5sg2cthy61lqpg3dfzgbys/T/1564723059471-0/src/agera-master/testapp/build.gradle": [buildToolsVersion=23.0.3,compileSdkVersion=23,minSdkVersion=14,targetSdkVersion=23]
2019-08-02 12:17:42,457 INFO  LocalPropertiesFixService - Created fake /var/folders/bq/vtzpc5ns5sg2cthy61lqpg3dfzgbys/T/1564723059471-0/src/agera-master/local.properties
2019-08-02 12:17:42,458 INFO  WrapperPropertiesFixService - Gradle wrapper: https://services.gradle.org/distributions/gradle-2.14.1-all.zip
2019-08-02 12:17:42,458 INFO  WrapperPropertiesFixService - Gradle wrapper was changed from "-all.zip" to "-bin.zip" (https://services.gradle.org/distributions/gradle-2.14.1-bin.zip)
2019-08-02 12:17:42,461 INFO  ProjectFixService - Build info for "/var/folders/bq/vtzpc5ns5sg2cthy61lqpg3dfzgbys/T/1564723059471-0/src/agera-master/build.gradle": [buildToolsVersion=23.0.3,compileSdkVersion=23,minSdkVersion=14,targetSdkVersion=23]
2019-08-02 12:17:42,462 INFO  LocalPropertiesFixService - Created fake /var/folders/bq/vtzpc5ns5sg2cthy61lqpg3dfzgbys/T/1564723059471-0/src/agera-master/samples/BasicSample/local.properties
2019-08-02 12:17:42,462 INFO  WrapperPropertiesFixService - Gradle wrapper: https://services.gradle.org/distributions/gradle-2.10-all.zip
2019-08-02 12:17:42,462 INFO  WrapperPropertiesFixService - Gradle wrapper was changed from "-all.zip" to "-bin.zip" (https://services.gradle.org/distributions/gradle-2.10-bin.zip)
2019-08-02 12:17:42,465 INFO  ProjectFixService - Build info for "/var/folders/bq/vtzpc5ns5sg2cthy61lqpg3dfzgbys/T/1564723059471-0/src/agera-master/samples/BasicSample/build.gradle": [buildToolsVersion=23.0.3,compileSdkVersion=23,minSdkVersion=14,targetSdkVersion=23]
2019-08-02 12:17:42,466 INFO  LocalPropertiesFixService - Created fake /var/folders/bq/vtzpc5ns5sg2cthy61lqpg3dfzgbys/T/1564723059471-0/src/agera-master/samples/BasicSampleWithoutCallbacks/local.properties
2019-08-02 12:17:42,466 INFO  WrapperPropertiesFixService - Gradle wrapper: https://services.gradle.org/distributions/gradle-2.10-all.zip
2019-08-02 12:17:42,467 INFO  WrapperPropertiesFixService - Gradle wrapper was changed from "-all.zip" to "-bin.zip" (https://services.gradle.org/distributions/gradle-2.10-bin.zip)
2019-08-02 12:17:42,470 INFO  ProjectFixService - Build info for "/var/folders/bq/vtzpc5ns5sg2cthy61lqpg3dfzgbys/T/1564723059471-0/src/agera-master/samples/BasicSampleWithoutCallbacks/build.gradle": [buildToolsVersion=23.0.3,compileSdkVersion=23,minSdkVersion=14,targetSdkVersion=23]
2019-08-02 12:17:42,470 INFO  ProjectFixService - Project was maybe fixed
2019-08-02 12:17:42,470 INFO  ProjectTaskService - Detecting possible tasks...
2019-08-02 12:17:42,470 INFO  SysUtils - Execute command: [/var/folders/bq/vtzpc5ns5sg2cthy61lqpg3dfzgbys/T/1564723059471-0/src/agera-master/gradlew, -b, /var/folders/bq/vtzpc5ns5sg2cthy61lqpg3dfzgbys/T/1564723059471-0/src/agera-master/agera/build.gradle, -Dorg.gradle.daemon=false, -Dorg.gradle.daemon.performance.enable-monitoring=false, -Dorg.gradle.configureondemand=true, tasks]
2019-08-02 12:18:03,125 ERROR ProjectTaskService - Could not detect possible Gradle tasks: Process exited with an error: 1 (Exit value: 1)
2019-08-02 12:18:03,125 INFO  ProjectTaskService - Detected possible tasks: 0
2019-08-02 12:18:03,125 INFO  ProjectTaskService - Excluded tasks (0): none
2019-08-02 12:18:03,125 INFO  SysUtils - Execute command: [/var/folders/bq/vtzpc5ns5sg2cthy61lqpg3dfzgbys/T/1564723059471-0/src/agera-master/gradlew, -b, /var/folders/bq/vtzpc5ns5sg2cthy61lqpg3dfzgbys/T/1564723059471-0/src/agera-master/agera/build.gradle, -Dorg.gradle.daemon=false, -Dorg.gradle.daemon.performance.enable-monitoring=false, -Dorg.gradle.configureondemand=true, --stacktrace, build]
2019-08-02 12:18:15,641 ERROR SysUtils - Could not process external command
org.apache.commons.exec.ExecuteException: Process exited with an error: 1 (Exit value: 1)
	at org.apache.commons.exec.DefaultExecutor.executeInternal(DefaultExecutor.java:404)
	at org.apache.commons.exec.DefaultExecutor.execute(DefaultExecutor.java:166)
	at com.github.vbauer.apkmaster.util.SysUtils.execute(SysUtils.java:67)
	at com.github.vbauer.apkmaster.util.SysUtils.executeSimple(SysUtils.java:43)
	at com.github.vbauer.apkmaster.service.assembly.ProjectBuildService.buildProject(ProjectBuildService.java:78)
	at com.github.vbauer.apkmaster.service.assembly.ProjectBuildService.buildProject(ProjectBuildService.java:64)
	at com.github.vbauer.apkmaster.service.assembly.ProjectBuildService.buildProject(ProjectBuildService.java:43)
	at com.github.vbauer.apkmaster.service.FullProcessService.build(FullProcessService.java:84)
	at com.github.vbauer.apkmaster.service.FullProcessService.process(FullProcessService.java:34)
	at com.github.vbauer.apkmaster.app.MainApplication.process(MainApplication.java:38)
	at com.github.vbauer.apkmaster.app.MainApplication.main(MainApplication.java:20)
	at sun.reflect.NativeMethodAccessorImpl.invoke0(Native Method)
	at sun.reflect.NativeMethodAccessorImpl.invoke(NativeMethodAccessorImpl.java:62)
	at sun.reflect.DelegatingMethodAccessorImpl.invoke(DelegatingMethodAccessorImpl.java:43)
	at java.lang.reflect.Method.invoke(Method.java:498)
	at com.android.arsenal.util.ReflectionUtils.invoke(ReflectionUtils.java:52)
	at com.android.arsenal.util.ApkMasterUtils.main(ApkMasterUtils.java:30)
	at com.android.arsenal.service.processor.impl.BuildProcessorServiceImpl.buildProject(BuildProcessorServiceImpl.java:196)
	at com.android.arsenal.service.processor.impl.BuildProcessorServiceImpl.build(BuildProcessorServiceImpl.java:130)
	at com.android.arsenal.service.processor.impl.BuildProcessorServiceImpl.lambda$createTasks$1(BuildProcessorServiceImpl.java:113)
	at java.util.concurrent.FutureTask.run(FutureTask.java:266)
	at java.util.concurrent.Executors$RunnableAdapter.call(Executors.java:511)
	at java.util.concurrent.FutureTask.run(FutureTask.java:266)
	at java.util.concurrent.ThreadPoolExecutor.runWorker(ThreadPoolExecutor.java:1149)
	at java.util.concurrent.ThreadPoolExecutor$Worker.run(ThreadPoolExecutor.java:624)
	at java.lang.Thread.run(Thread.java:748)
2019-08-02 12:18:15,641 INFO  SysUtils - Configuration on demand is an incubating feature.
Incremental java compilation is an incubating feature.
:agera:preBuild UP-TO-DATE
:agera:preDebugBuild UP-TO-DATE
:agera:checkDebugManifest
:agera:prepareDebugDependencies
:agera:compileDebugAidl
:agera:compileDebugNdk UP-TO-DATE
:agera:compileLint
:agera:copyDebugLint UP-TO-DATE
:agera:compileDebugRenderscript
:agera:generateDebugBuildConfig
:agera:generateDebugResValues
:agera:generateDebugResources
:agera:packageDebugResources
:agera:processDebugManifest
:agera:processDebugResources
:agera:generateDebugSources
:agera:incrementalDebugJavaCompilationSafeguard
:agera:compileDebugJavaWithJavac
:agera:compileDebugJavaWithJavac - is not incremental (e.g. outputs have changed, no previous execution, etc.).
Note: Some input files use unchecked or unsafe operations.
Note: Recompile with -Xlint:unchecked for details.
:agera:extractDebugAnnotations
:agera:mergeDebugShaders
:agera:compileDebugShaders
:agera:generateDebugAssets
:agera:mergeDebugAssets
:agera:mergeDebugProguardFiles
:agera:packageDebugRenderscript UP-TO-DATE
:agera:unzipJacocoAgent
:agera:transformClassesWithJacocoForDebug
:agera:processDebugJavaRes UP-TO-DATE
:agera:transformResourcesWithMergeJavaResForDebug
:agera:transformClassesAndResourcesWithSyncLibJarsForDebug
:agera:mergeDebugJniLibFolders
:agera:transformNative_libsWithMergeJniLibsForDebug
:agera:transformNative_libsWithSyncJniLibsForDebug
:agera:bundleDebug
:agera:compileDebugSources
:agera:assembleDebug
:agera:preReleaseBuild UP-TO-DATE
:agera:checkReleaseManifest
:agera:prepareReleaseDependencies
:agera:compileReleaseAidl
:agera:compileReleaseNdk UP-TO-DATE
:agera:copyReleaseLint UP-TO-DATE
:agera:compileReleaseRenderscript
:agera:generateReleaseBuildConfig
:agera:generateReleaseResValues
:agera:generateReleaseResources
:agera:packageReleaseResources
:agera:processReleaseManifest
:agera:processReleaseResources
:agera:generateReleaseSources
:agera:incrementalReleaseJavaCompilationSafeguard
:agera:compileReleaseJavaWithJavac
:agera:compileReleaseJavaWithJavac - is not incremental (e.g. outputs have changed, no previous execution, etc.).
Note: Some input files use unchecked or unsafe operations.
Note: Recompile with -Xlint:unchecked for details.
:agera:extractReleaseAnnotations
:agera:mergeReleaseShaders
:agera:compileReleaseShaders
:agera:generateReleaseAssets
:agera:mergeReleaseAssets
:agera:mergeReleaseProguardFiles
:agera:packageReleaseRenderscript UP-TO-DATE
:agera:processReleaseJavaRes UP-TO-DATE
:agera:transformResourcesWithMergeJavaResForRelease
:agera:transformClassesAndResourcesWithSyncLibJarsForRelease
:agera:mergeReleaseJniLibFolders
:agera:transformNative_libsWithMergeJniLibsForRelease
:agera:transformNative_libsWithSyncJniLibsForRelease
:agera:bundleRelease
:agera:compileReleaseSources
:agera:assembleRelease
:agera:releaseJavadoc/private/var/folders/bq/vtzpc5ns5sg2cthy61lqpg3dfzgbys/T/1564723059471-0/src/agera-master/agera/src/main/java/com/google/android/agera/ActivationHandler.java:37: warning: no @param for caller
  void observableActivated(@NonNull UpdateDispatcher caller);
       ^
/private/var/folders/bq/vtzpc5ns5sg2cthy61lqpg3dfzgbys/T/1564723059471-0/src/agera-master/agera/src/main/java/com/google/android/agera/ActivationHandler.java:43: warning: no @param for caller
  void observableDeactivated(@NonNull UpdateDispatcher caller);
       ^
/private/var/folders/bq/vtzpc5ns5sg2cthy61lqpg3dfzgbys/T/1564723059471-0/src/agera-master/agera/src/main/java/com/google/android/agera/Observable.java:43: warning: no @param for updatable
  void addUpdatable(@NonNull Updatable updatable);
       ^
/private/var/folders/bq/vtzpc5ns5sg2cthy61lqpg3dfzgbys/T/1564723059471-0/src/agera-master/agera/src/main/java/com/google/android/agera/Observable.java:50: warning: no @param for updatable
  void removeUpdatable(@NonNull Updatable updatable);
       ^
/private/var/folders/bq/vtzpc5ns5sg2cthy61lqpg3dfzgbys/T/1564723059471-0/src/agera-master/agera/src/main/java/com/google/android/agera/Binder.java:28: warning: no @param for first
  void bind(@NonNull TFirst first, @NonNull TSecond second);
       ^
/private/var/folders/bq/vtzpc5ns5sg2cthy61lqpg3dfzgbys/T/1564723059471-0/src/agera-master/agera/src/main/java/com/google/android/agera/Binder.java:28: warning: no @param for second
  void bind(@NonNull TFirst first, @NonNull TSecond second);
       ^
/private/var/folders/bq/vtzpc5ns5sg2cthy61lqpg3dfzgbys/T/1564723059471-0/src/agera-master/agera/src/main/java/com/google/android/agera/Binders.java:32: warning: no @param for <TFirst>
  public static <TFirst, TSecond> Binder<TFirst, TSecond> nullBinder() {
                                                          ^
/private/var/folders/bq/vtzpc5ns5sg2cthy61lqpg3dfzgbys/T/1564723059471-0/src/agera-master/agera/src/main/java/com/google/android/agera/Binders.java:32: warning: no @param for <TSecond>
  public static <TFirst, TSecond> Binder<TFirst, TSecond> nullBinder() {
                                                          ^
/private/var/folders/bq/vtzpc5ns5sg2cthy61lqpg3dfzgbys/T/1564723059471-0/src/agera-master/agera/src/main/java/com/google/android/agera/Binders.java:32: warning: no @return
  public static <TFirst, TSecond> Binder<TFirst, TSecond> nullBinder() {
                                                          ^
/private/var/folders/bq/vtzpc5ns5sg2cthy61lqpg3dfzgbys/T/1564723059471-0/src/agera-master/agera/src/main/java/com/google/android/agera/Condition.java:28: warning: no @return
  boolean applies();
          ^
/private/var/folders/bq/vtzpc5ns5sg2cthy61lqpg3dfzgbys/T/1564723059471-0/src/agera-master/agera/src/main/java/com/google/android/agera/Conditions.java:33: warning: no @return
  public static Condition trueCondition() {
                          ^
/private/var/folders/bq/vtzpc5ns5sg2cthy61lqpg3dfzgbys/T/1564723059471-0/src/agera-master/agera/src/main/java/com/google/android/agera/Conditions.java:41: warning: no @return
  public static Condition falseCondition() {
                          ^
/private/var/folders/bq/vtzpc5ns5sg2cthy61lqpg3dfzgbys/T/1564723059471-0/src/agera-master/agera/src/main/java/com/google/android/agera/Conditions.java:49: warning: no @param for value
  public static Condition staticCondition(final boolean value) {
                          ^
/private/var/folders/bq/vtzpc5ns5sg2cthy61lqpg3dfzgbys/T/1564723059471-0/src/agera-master/agera/src/main/java/com/google/android/agera/Conditions.java:49: warning: no @return
  public static Condition staticCondition(final boolean value) {
                          ^
/private/var/folders/bq/vtzpc5ns5sg2cthy61lqpg3dfzgbys/T/1564723059471-0/src/agera-master/agera/src/main/java/com/google/android/agera/Conditions.java:57: warning: no @param for condition
  public static Condition not(@NonNull final Condition condition) {
                          ^
/private/var/folders/bq/vtzpc5ns5sg2cthy61lqpg3dfzgbys/T/1564723059471-0/src/agera-master/agera/src/main/java/com/google/android/agera/Conditions.java:57: warning: no @return
  public static Condition not(@NonNull final Condition condition) {
                          ^
/private/var/folders/bq/vtzpc5ns5sg2cthy61lqpg3dfzgbys/T/1564723059471-0/src/agera-master/agera/src/main/java/com/google/android/agera/Conditions.java:76: warning: no @param for conditions
  public static Condition any(@NonNull final Condition... conditions) {
                          ^
/private/var/folders/bq/vtzpc5ns5sg2cthy61lqpg3dfzgbys/T/1564723059471-0/src/agera-master/agera/src/main/java/com/google/android/agera/Conditions.java:76: warning: no @return
  public static Condition any(@NonNull final Condition... conditions) {
                          ^
/private/var/folders/bq/vtzpc5ns5sg2cthy61lqpg3dfzgbys/T/1564723059471-0/src/agera-master/agera/src/main/java/com/google/android/agera/Conditions.java:86: warning: no @param for conditions
  public static Condition all(@NonNull final Condition... conditions) {
                          ^
/private/var/folders/bq/vtzpc5ns5sg2cthy61lqpg3dfzgbys/T/1564723059471-0/src/agera-master/agera/src/main/java/com/google/android/agera/Conditions.java:86: warning: no @return
  public static Condition all(@NonNull final Condition... conditions) {
                          ^
/private/var/folders/bq/vtzpc5ns5sg2cthy61lqpg3dfzgbys/T/1564723059471-0/src/agera-master/agera/src/main/java/com/google/android/agera/Conditions.java:99: warning: no @param for <T>
  public static <T> Condition predicateAsCondition(@NonNull final Predicate<T> predicate,
                              ^
/private/var/folders/bq/vtzpc5ns5sg2cthy61lqpg3dfzgbys/T/1564723059471-0/src/agera-master/agera/src/main/java/com/google/android/agera/Conditions.java:99: warning: no @param for predicate
  public static <T> Condition predicateAsCondition(@NonNull final Predicate<T> predicate,
                              ^
/private/var/folders/bq/vtzpc5ns5sg2cthy61lqpg3dfzgbys/T/1564723059471-0/src/agera-master/agera/src/main/java/com/google/android/agera/Conditions.java:99: warning: no @param for supplier
  public static <T> Condition predicateAsCondition(@NonNull final Predicate<T> predicate,
                              ^
/private/var/folders/bq/vtzpc5ns5sg2cthy61lqpg3dfzgbys/T/1564723059471-0/src/agera-master/agera/src/main/java/com/google/android/agera/Conditions.java:99: warning: no @return
  public static <T> Condition predicateAsCondition(@NonNull final Predicate<T> predicate,
                              ^
/private/var/folders/bq/vtzpc5ns5sg2cthy61lqpg3dfzgbys/T/1564723059471-0/src/agera-master/agera/src/main/java/com/google/android/agera/Function.java:31: warning: no @param for input
  TTo apply(@NonNull TFrom input);
      ^
/private/var/folders/bq/vtzpc5ns5sg2cthy61lqpg3dfzgbys/T/1564723059471-0/src/agera-master/agera/src/main/java/com/google/android/agera/Function.java:31: warning: no @return
  TTo apply(@NonNull TFrom input);
      ^
/private/var/folders/bq/vtzpc5ns5sg2cthy61lqpg3dfzgbys/T/1564723059471-0/src/agera-master/agera/src/main/java/com/google/android/agera/FunctionCompilerStates.java:39: warning: no @param for <TTo>
    <TTo> FItem<TTo, TFrom> apply(@NonNull Function<? super TPrev, TTo> function);
                            ^
/private/var/folders/bq/vtzpc5ns5sg2cthy61lqpg3dfzgbys/T/1564723059471-0/src/agera-master/agera/src/main/java/com/google/android/agera/FunctionCompilerStates.java:39: warning: no @return
    <TTo> FItem<TTo, TFrom> apply(@NonNull Function<? super TPrev, TTo> function);
                            ^
/private/var/folders/bq/vtzpc5ns5sg2cthy61lqpg3dfzgbys/T/1564723059471-0/src/agera-master/agera/src/main/java/com/google/android/agera/FunctionCompilerStates.java:47: warning: no @param for <TTo>
    <TTo> Function<TFrom, TTo> thenApply(@NonNull Function<? super TPrev, TTo> function);
                               ^
/private/var/folders/bq/vtzpc5ns5sg2cthy61lqpg3dfzgbys/T/1564723059471-0/src/agera-master/agera/src/main/java/com/google/android/agera/FunctionCompilerStates.java:47: warning: no @return
    <TTo> Function<TFrom, TTo> thenApply(@NonNull Function<? super TPrev, TTo> function);
                               ^
/private/var/folders/bq/vtzpc5ns5sg2cthy61lqpg3dfzgbys/T/1564723059471-0/src/agera-master/agera/src/main/java/com/google/android/agera/FunctionCompilerStates.java:61: warning: no @param for <TTo>
    <TTo> FList<TTo, List<TTo>, TFrom> unpack(@NonNull Function<? super TPrev, List<TTo>> function);
                                       ^
/private/var/folders/bq/vtzpc5ns5sg2cthy61lqpg3dfzgbys/T/1564723059471-0/src/agera-master/agera/src/main/java/com/google/android/agera/FunctionCompilerStates.java:61: warning: no @return
    <TTo> FList<TTo, List<TTo>, TFrom> unpack(@NonNull Function<? super TPrev, List<TTo>> function);
                                       ^
/private/var/folders/bq/vtzpc5ns5sg2cthy61lqpg3dfzgbys/T/1564723059471-0/src/agera-master/agera/src/main/java/com/google/android/agera/FunctionCompilerStates.java:81: warning: no @param for <TTo>
    <TTo> FList<TTo, List<TTo>, TFrom> morph(@NonNull Function<List<TPrev>, List<TTo>> function);
                                       ^
/private/var/folders/bq/vtzpc5ns5sg2cthy61lqpg3dfzgbys/T/1564723059471-0/src/agera-master/agera/src/main/java/com/google/android/agera/FunctionCompilerStates.java:81: warning: no @return
    <TTo> FList<TTo, List<TTo>, TFrom> morph(@NonNull Function<List<TPrev>, List<TTo>> function);
                                       ^
/private/var/folders/bq/vtzpc5ns5sg2cthy61lqpg3dfzgbys/T/1564723059471-0/src/agera-master/agera/src/main/java/com/google/android/agera/FunctionCompilerStates.java:89: warning: no @param for <TTo>
    <TTo> FList<TTo, List<TTo>, TFrom> map(@NonNull Function<TPrev, TTo> function);
                                       ^
/private/var/folders/bq/vtzpc5ns5sg2cthy61lqpg3dfzgbys/T/1564723059471-0/src/agera-master/agera/src/main/java/com/google/android/agera/FunctionCompilerStates.java:89: warning: no @return
    <TTo> FList<TTo, List<TTo>, TFrom> map(@NonNull Function<TPrev, TTo> function);
                                       ^
/private/var/folders/bq/vtzpc5ns5sg2cthy61lqpg3dfzgbys/T/1564723059471-0/src/agera-master/agera/src/main/java/com/google/android/agera/FunctionCompilerStates.java:97: warning: no @param for <TTo>
    <TTo> Function<TFrom, List<TTo>> thenMap(@NonNull Function<? super TPrev, TTo> function);
                                     ^
/private/var/folders/bq/vtzpc5ns5sg2cthy61lqpg3dfzgbys/T/1564723059471-0/src/agera-master/agera/src/main/java/com/google/android/agera/FunctionCompilerStates.java:97: warning: no @return
    <TTo> Function<TFrom, List<TTo>> thenMap(@NonNull Function<? super TPrev, TTo> function);
                                     ^
/private/var/folders/bq/vtzpc5ns5sg2cthy61lqpg3dfzgbys/T/1564723059471-0/src/agera-master/agera/src/main/java/com/google/android/agera/FunctionCompilerStates.java:105: warning: no @return
    FList<TPrev, TPrevList, TFrom> filter(@NonNull Predicate<? super TPrev> filter);
                                   ^
/private/var/folders/bq/vtzpc5ns5sg2cthy61lqpg3dfzgbys/T/1564723059471-0/src/agera-master/agera/src/main/java/com/google/android/agera/FunctionCompilerStates.java:113: warning: no @return
    FList<TPrev, TPrevList, TFrom> limit(int limit);
                                   ^
/private/var/folders/bq/vtzpc5ns5sg2cthy61lqpg3dfzgbys/T/1564723059471-0/src/agera-master/agera/src/main/java/com/google/android/agera/FunctionCompilerStates.java:121: warning: no @return
    FList<TPrev, TPrevList, TFrom> sort(@NonNull Comparator<TPrev> comparator);
                                   ^
/private/var/folders/bq/vtzpc5ns5sg2cthy61lqpg3dfzgbys/T/1564723059471-0/src/agera-master/agera/src/main/java/com/google/android/agera/FunctionCompilerStates.java:129: warning: no @return
    Function<TFrom, TPrevList> thenFilter(@NonNull Predicate<? super TPrev> filter);
                               ^
/private/var/folders/bq/vtzpc5ns5sg2cthy61lqpg3dfzgbys/T/1564723059471-0/src/agera-master/agera/src/main/java/com/google/android/agera/FunctionCompilerStates.java:137: warning: no @return
    Function<TFrom, TPrevList> thenLimit(int limit);
                               ^
/private/var/folders/bq/vtzpc5ns5sg2cthy61lqpg3dfzgbys/T/1564723059471-0/src/agera-master/agera/src/main/java/com/google/android/agera/FunctionCompilerStates.java:145: warning: no @return
    Function<TFrom, TPrevList> thenSort(@NonNull Comparator<TPrev> comparator);
                               ^
/private/var/folders/bq/vtzpc5ns5sg2cthy61lqpg3dfzgbys/T/1564723059471-0/src/agera-master/agera/src/main/java/com/google/android/agera/Functions.java:51: warning: no @param for <F>
  public static <F, T> Function<F, T> staticFunction(@NonNull final T object) {
                                      ^
/private/var/folders/bq/vtzpc5ns5sg2cthy61lqpg3dfzgbys/T/1564723059471-0/src/agera-master/agera/src/main/java/com/google/android/agera/Functions.java:51: warning: no @param for <T>
  public static <F, T> Function<F, T> staticFunction(@NonNull final T object) {
                                      ^
/private/var/folders/bq/vtzpc5ns5sg2cthy61lqpg3dfzgbys/T/1564723059471-0/src/agera-master/agera/src/main/java/com/google/android/agera/Functions.java:51: warning: no @param for object
  public static <F, T> Function<F, T> staticFunction(@NonNull final T object) {
                                      ^
/private/var/folders/bq/vtzpc5ns5sg2cthy61lqpg3dfzgbys/T/1564723059471-0/src/agera-master/agera/src/main/java/com/google/android/agera/Functions.java:51: warning: no @return
  public static <F, T> Function<F, T> staticFunction(@NonNull final T object) {
                                      ^
/private/var/folders/bq/vtzpc5ns5sg2cthy61lqpg3dfzgbys/T/1564723059471-0/src/agera-master/agera/src/main/java/com/google/android/agera/Functions.java:60: warning: no @param for <F>
  public static <F, T> Function<F, T> supplierAsFunction(
                                      ^
/private/var/folders/bq/vtzpc5ns5sg2cthy61lqpg3dfzgbys/T/1564723059471-0/src/agera-master/agera/src/main/java/com/google/android/agera/Functions.java:60: warning: no @param for <T>
  public static <F, T> Function<F, T> supplierAsFunction(
                                      ^
/private/var/folders/bq/vtzpc5ns5sg2cthy61lqpg3dfzgbys/T/1564723059471-0/src/agera-master/agera/src/main/java/com/google/android/agera/Functions.java:60: warning: no @param for supplier
  public static <F, T> Function<F, T> supplierAsFunction(
                                      ^
/private/var/folders/bq/vtzpc5ns5sg2cthy61lqpg3dfzgbys/T/1564723059471-0/src/agera-master/agera/src/main/java/com/google/android/agera/Functions.java:60: warning: no @return
  public static <F, T> Function<F, T> supplierAsFunction(
                                      ^
/private/var/folders/bq/vtzpc5ns5sg2cthy61lqpg3dfzgbys/T/1564723059471-0/src/agera-master/agera/src/main/java/com/google/android/agera/Functions.java:69: warning: no @param for <T>
  public static <T> Function<T, T> identityFunction() {
                                   ^
/private/var/folders/bq/vtzpc5ns5sg2cthy61lqpg3dfzgbys/T/1564723059471-0/src/agera-master/agera/src/main/java/com/google/android/agera/Functions.java:69: warning: no @return
  public static <T> Function<T, T> identityFunction() {
                                   ^
/private/var/folders/bq/vtzpc5ns5sg2cthy61lqpg3dfzgbys/T/1564723059471-0/src/agera-master/agera/src/main/java/com/google/android/agera/Functions.java:82: warning: no @param for <F>
  public static <F> FItem<F, F> functionFrom(@Nullable Class<F> from) {
                                ^
/private/var/folders/bq/vtzpc5ns5sg2cthy61lqpg3dfzgbys/T/1564723059471-0/src/agera-master/agera/src/main/java/com/google/android/agera/Functions.java:82: warning: no @param for from
  public static <F> FItem<F, F> functionFrom(@Nullable Class<F> from) {
                                ^
/private/var/folders/bq/vtzpc5ns5sg2cthy61lqpg3dfzgbys/T/1564723059471-0/src/agera-master/agera/src/main/java/com/google/android/agera/Functions.java:93: warning: no @param for <F>
  public static <F> FList<F, List<F>, List<F>> functionFromListOf(
                                               ^
/private/var/folders/bq/vtzpc5ns5sg2cthy61lqpg3dfzgbys/T/1564723059471-0/src/agera-master/agera/src/main/java/com/google/android/agera/Functions.java:93: warning: no @param for from
  public static <F> FList<F, List<F>, List<F>> functionFromListOf(
                                               ^
/private/var/folders/bq/vtzpc5ns5sg2cthy61lqpg3dfzgbys/T/1564723059471-0/src/agera-master/agera/src/main/java/com/google/android/agera/Functions.java:104: warning: no @param for <T>
  public static <T> Function<Throwable, Result<T>> failedResult() {
                                                   ^
/private/var/folders/bq/vtzpc5ns5sg2cthy61lqpg3dfzgbys/T/1564723059471-0/src/agera-master/agera/src/main/java/com/google/android/agera/Functions.java:104: warning: no @return
  public static <T> Function<Throwable, Result<T>> failedResult() {
                                                   ^
/private/var/folders/bq/vtzpc5ns5sg2cthy61lqpg3dfzgbys/T/1564723059471-0/src/agera-master/agera/src/main/java/com/google/android/agera/Functions.java:114: warning: no @param for <T>
  public static <T> Function<Result<T>, List<T>> resultAsList() {
                                                 ^
/private/var/folders/bq/vtzpc5ns5sg2cthy61lqpg3dfzgbys/T/1564723059471-0/src/agera-master/agera/src/main/java/com/google/android/agera/Functions.java:114: warning: no @return
  public static <T> Function<Result<T>, List<T>> resultAsList() {
                                                 ^
/private/var/folders/bq/vtzpc5ns5sg2cthy61lqpg3dfzgbys/T/1564723059471-0/src/agera-master/agera/src/main/java/com/google/android/agera/Functions.java:124: warning: no @param for <T>
  public static <T> Function<T, List<T>> itemAsList() {
                                         ^
/private/var/folders/bq/vtzpc5ns5sg2cthy61lqpg3dfzgbys/T/1564723059471-0/src/agera-master/agera/src/main/java/com/google/android/agera/Functions.java:124: warning: no @return
  public static <T> Function<T, List<T>> itemAsList() {
                                         ^
/private/var/folders/bq/vtzpc5ns5sg2cthy61lqpg3dfzgbys/T/1564723059471-0/src/agera-master/agera/src/main/java/com/google/android/agera/Functions.java:134: warning: no @param for <T>
  public static <T> Function<Result<List<T>>, List<T>> resultListAsList() {
                                                       ^
/private/var/folders/bq/vtzpc5ns5sg2cthy61lqpg3dfzgbys/T/1564723059471-0/src/agera-master/agera/src/main/java/com/google/android/agera/Functions.java:134: warning: no @return
  public static <T> Function<Result<List<T>>, List<T>> resultListAsList() {
                                                       ^
/private/var/folders/bq/vtzpc5ns5sg2cthy61lqpg3dfzgbys/T/1564723059471-0/src/agera-master/agera/src/main/java/com/google/android/agera/Merger.java:29: warning: no @param for first
  TTo merge(@NonNull TFirst first, @NonNull TSecond second);
      ^
/private/var/folders/bq/vtzpc5ns5sg2cthy61lqpg3dfzgbys/T/1564723059471-0/src/agera-master/agera/src/main/java/com/google/android/agera/Merger.java:29: warning: no @param for second
  TTo merge(@NonNull TFirst first, @NonNull TSecond second);
      ^
/private/var/folders/bq/vtzpc5ns5sg2cthy61lqpg3dfzgbys/T/1564723059471-0/src/agera-master/agera/src/main/java/com/google/android/agera/Merger.java:29: warning: no @return
  TTo merge(@NonNull TFirst first, @NonNull TSecond second);
      ^
/private/var/folders/bq/vtzpc5ns5sg2cthy61lqpg3dfzgbys/T/1564723059471-0/src/agera-master/agera/src/main/java/com/google/android/agera/Mergers.java:32: warning: no @param for <TFirst>
  public static <TFirst, TSecond, TTo> Merger<TFirst, TSecond, TTo> staticMerger(
                                                                    ^
/private/var/folders/bq/vtzpc5ns5sg2cthy61lqpg3dfzgbys/T/1564723059471-0/src/agera-master/agera/src/main/java/com/google/android/agera/Mergers.java:32: warning: no @param for <TSecond>
  public static <TFirst, TSecond, TTo> Merger<TFirst, TSecond, TTo> staticMerger(
                                                                    ^
/private/var/folders/bq/vtzpc5ns5sg2cthy61lqpg3dfzgbys/T/1564723059471-0/src/agera-master/agera/src/main/java/com/google/android/agera/Mergers.java:32: warning: no @param for <TTo>
  public static <TFirst, TSecond, TTo> Merger<TFirst, TSecond, TTo> staticMerger(
                                                                    ^
/private/var/folders/bq/vtzpc5ns5sg2cthy61lqpg3dfzgbys/T/1564723059471-0/src/agera-master/agera/src/main/java/com/google/android/agera/Mergers.java:32: warning: no @param for value
  public static <TFirst, TSecond, TTo> Merger<TFirst, TSecond, TTo> staticMerger(
                                                                    ^
/private/var/folders/bq/vtzpc5ns5sg2cthy61lqpg3dfzgbys/T/1564723059471-0/src/agera-master/agera/src/main/java/com/google/android/agera/Mergers.java:32: warning: no @return
  public static <TFirst, TSecond, TTo> Merger<TFirst, TSecond, TTo> staticMerger(
                                                                    ^
/private/var/folders/bq/vtzpc5ns5sg2cthy61lqpg3dfzgbys/T/1564723059471-0/src/agera-master/agera/src/main/java/com/google/android/agera/Mergers.java:42: warning: no @return
  public static Merger<Object, Object, Boolean> objectsUnequal() {
                                                ^
/private/var/folders/bq/vtzpc5ns5sg2cthy61lqpg3dfzgbys/T/1564723059471-0/src/agera-master/agera/src/main/java/com/google/android/agera/Supplier.java:31: warning: no @return
  T get();
    ^
/private/var/folders/bq/vtzpc5ns5sg2cthy61lqpg3dfzgbys/T/1564723059471-0/src/agera-master/agera/src/main/java/com/google/android/agera/Receiver.java:28: warning: no @param for value
  void accept(@NonNull T value);
       ^
/private/var/folders/bq/vtzpc5ns5sg2cthy61lqpg3dfzgbys/T/1564723059471-0/src/agera-master/agera/src/main/java/com/google/android/agera/Observables.java:44: warning: no @param for observables
  public static Observable compositeObservable(@NonNull final Observable... observables) {
                           ^
/private/var/folders/bq/vtzpc5ns5sg2cthy61lqpg3dfzgbys/T/1564723059471-0/src/agera-master/agera/src/main/java/com/google/android/agera/Observables.java:44: warning: no @return
  public static Observable compositeObservable(@NonNull final Observable... observables) {
                           ^
/private/var/folders/bq/vtzpc5ns5sg2cthy61lqpg3dfzgbys/T/1564723059471-0/src/agera-master/agera/src/main/java/com/google/android/agera/Observables.java:90: warning: no @param for condition
  public static Observable conditionalObservable(
                           ^
/private/var/folders/bq/vtzpc5ns5sg2cthy61lqpg3dfzgbys/T/1564723059471-0/src/agera-master/agera/src/main/java/com/google/android/agera/Observables.java:90: warning: no @param for observables
  public static Observable conditionalObservable(
                           ^
/private/var/folders/bq/vtzpc5ns5sg2cthy61lqpg3dfzgbys/T/1564723059471-0/src/agera-master/agera/src/main/java/com/google/android/agera/Observables.java:90: warning: no @return
  public static Observable conditionalObservable(
                           ^
/private/var/folders/bq/vtzpc5ns5sg2cthy61lqpg3dfzgbys/T/1564723059471-0/src/agera-master/agera/src/main/java/com/google/android/agera/Observables.java:101: warning: no @param for shortestUpdateWindowMillis
  public static Observable perMillisecondObservable(
                           ^
/private/var/folders/bq/vtzpc5ns5sg2cthy61lqpg3dfzgbys/T/1564723059471-0/src/agera-master/agera/src/main/java/com/google/android/agera/Observables.java:101: warning: no @param for observables
  public static Observable perMillisecondObservable(
                           ^
/private/var/folders/bq/vtzpc5ns5sg2cthy61lqpg3dfzgbys/T/1564723059471-0/src/agera-master/agera/src/main/java/com/google/android/agera/Observables.java:101: warning: no @return
  public static Observable perMillisecondObservable(
                           ^
/private/var/folders/bq/vtzpc5ns5sg2cthy61lqpg3dfzgbys/T/1564723059471-0/src/agera-master/agera/src/main/java/com/google/android/agera/Observables.java:111: warning: no @param for observables
  public static Observable perLoopObservable(@NonNull final Observable... observables) {
                           ^
/private/var/folders/bq/vtzpc5ns5sg2cthy61lqpg3dfzgbys/T/1564723059471-0/src/agera-master/agera/src/main/java/com/google/android/agera/Observables.java:111: warning: no @return
  public static Observable perLoopObservable(@NonNull final Observable... observables) {
                           ^
/private/var/folders/bq/vtzpc5ns5sg2cthy61lqpg3dfzgbys/T/1564723059471-0/src/agera-master/agera/src/main/java/com/google/android/agera/Observables.java:124: warning: no @return
  public static UpdateDispatcher updateDispatcher() {
                                 ^
/private/var/folders/bq/vtzpc5ns5sg2cthy61lqpg3dfzgbys/T/1564723059471-0/src/agera-master/agera/src/main/java/com/google/android/agera/Observables.java:141: warning: no @param for activationHandler
  public static UpdateDispatcher updateDispatcher(
                                 ^
/private/var/folders/bq/vtzpc5ns5sg2cthy61lqpg3dfzgbys/T/1564723059471-0/src/agera-master/agera/src/main/java/com/google/android/agera/Observables.java:141: warning: no @return
  public static UpdateDispatcher updateDispatcher(
                                 ^
/private/var/folders/bq/vtzpc5ns5sg2cthy61lqpg3dfzgbys/T/1564723059471-0/src/agera-master/agera/src/main/java/com/google/android/agera/Predicate.java:30: warning: no @param for value
  boolean apply(@NonNull T value);
          ^
/private/var/folders/bq/vtzpc5ns5sg2cthy61lqpg3dfzgbys/T/1564723059471-0/src/agera-master/agera/src/main/java/com/google/android/agera/Predicate.java:30: warning: no @return
  boolean apply(@NonNull T value);
          ^
/private/var/folders/bq/vtzpc5ns5sg2cthy61lqpg3dfzgbys/T/1564723059471-0/src/agera-master/agera/src/main/java/com/google/android/agera/Predicates.java:37: warning: no @param for <T>
  public static <T> Predicate<T> conditionAsPredicate(@NonNull final Condition condition) {
                                 ^
/private/var/folders/bq/vtzpc5ns5sg2cthy61lqpg3dfzgbys/T/1564723059471-0/src/agera-master/agera/src/main/java/com/google/android/agera/Predicates.java:37: warning: no @param for condition
  public static <T> Predicate<T> conditionAsPredicate(@NonNull final Condition condition) {
                                 ^
/private/var/folders/bq/vtzpc5ns5sg2cthy61lqpg3dfzgbys/T/1564723059471-0/src/agera-master/agera/src/main/java/com/google/android/agera/Predicates.java:37: warning: no @return
  public static <T> Predicate<T> conditionAsPredicate(@NonNull final Condition condition) {
                                 ^
/private/var/folders/bq/vtzpc5ns5sg2cthy61lqpg3dfzgbys/T/1564723059471-0/src/agera-master/agera/src/main/java/com/google/android/agera/Predicates.java:52: warning: no @param for <T>
  public static <T> Predicate<T> truePredicate() {
                                 ^
/private/var/folders/bq/vtzpc5ns5sg2cthy61lqpg3dfzgbys/T/1564723059471-0/src/agera-master/agera/src/main/java/com/google/android/agera/Predicates.java:52: warning: no @return
  public static <T> Predicate<T> truePredicate() {
                                 ^
/private/var/folders/bq/vtzpc5ns5sg2cthy61lqpg3dfzgbys/T/1564723059471-0/src/agera-master/agera/src/main/java/com/google/android/agera/Predicates.java:61: warning: no @param for <T>
  public static <T> Predicate<T> falsePredicate() {
                                 ^
/private/var/folders/bq/vtzpc5ns5sg2cthy61lqpg3dfzgbys/T/1564723059471-0/src/agera-master/agera/src/main/java/com/google/android/agera/Predicates.java:61: warning: no @return
  public static <T> Predicate<T> falsePredicate() {
                                 ^
/private/var/folders/bq/vtzpc5ns5sg2cthy61lqpg3dfzgbys/T/1564723059471-0/src/agera-master/agera/src/main/java/com/google/android/agera/Predicates.java:70: warning: no @param for <T>
  public static <T> Predicate<T> equalTo(@NonNull final T object) {
                                 ^

100 warnings
:agera:javadocJar
:agera:sourcesJar
:agera:assemble
:agera:lint FAILED

FAILURE: Build failed with an exception.

* What went wrong:
Execution failed for task ':agera:lint'.
> No toolchains found in the NDK toolchains folder for ABI with prefix: mipsel-linux-android

* Try:
Run with --info or --debug option to get more log output.

* Exception is:
org.gradle.api.tasks.TaskExecutionException: Execution failed for task ':agera:lint'.
	at org.gradle.api.internal.tasks.execution.ExecuteActionsTaskExecuter.executeActions(ExecuteActionsTaskExecuter.java:69)
	at org.gradle.api.internal.tasks.execution.ExecuteActionsTaskExecuter.execute(ExecuteActionsTaskExecuter.java:46)
	at org.gradle.api.internal.tasks.execution.PostExecutionAnalysisTaskExecuter.execute(PostExecutionAnalysisTaskExecuter.java:35)
	at org.gradle.api.internal.tasks.execution.SkipUpToDateTaskExecuter.execute(SkipUpToDateTaskExecuter.java:66)
	at org.gradle.api.internal.tasks.execution.ValidatingTaskExecuter.execute(ValidatingTaskExecuter.java:58)
	at org.gradle.api.internal.tasks.execution.SkipEmptySourceFilesTaskExecuter.execute(SkipEmptySourceFilesTaskExecuter.java:52)
	at org.gradle.api.internal.tasks.execution.SkipTaskWithNoActionsExecuter.execute(SkipTaskWithNoActionsExecuter.java:52)
	at org.gradle.api.internal.tasks.execution.SkipOnlyIfTaskExecuter.execute(SkipOnlyIfTaskExecuter.java:53)
	at org.gradle.api.internal.tasks.execution.ExecuteAtMostOnceTaskExecuter.execute(ExecuteAtMostOnceTaskExecuter.java:43)
	at org.gradle.execution.taskgraph.DefaultTaskGraphExecuter$EventFiringTaskWorker.execute(DefaultTaskGraphExecuter.java:203)
	at org.gradle.execution.taskgraph.DefaultTaskGraphExecuter$EventFiringTaskWorker.execute(DefaultTaskGraphExecuter.java:185)
	at org.gradle.execution.taskgraph.AbstractTaskPlanExecutor$TaskExecutorWorker.processTask(AbstractTaskPlanExecutor.java:66)
	at org.gradle.execution.taskgraph.AbstractTaskPlanExecutor$TaskExecutorWorker.run(AbstractTaskPlanExecutor.java:50)
	at org.gradle.execution.taskgraph.DefaultTaskPlanExecutor.process(DefaultTaskPlanExecutor.java:25)
	at org.gradle.execution.taskgraph.DefaultTaskGraphExecuter.execute(DefaultTaskGraphExecuter.java:110)
	at org.gradle.execution.SelectedTaskExecutionAction.execute(SelectedTaskExecutionAction.java:37)
	at org.gradle.execution.DefaultBuildExecuter.execute(DefaultBuildExecuter.java:37)
	at org.gradle.execution.DefaultBuildExecuter.access$000(DefaultBuildExecuter.java:23)
	at org.gradle.execution.DefaultBuildExecuter$1.proceed(DefaultBuildExecuter.java:43)
	at org.gradle.execution.DryRunBuildExecutionAction.execute(DryRunBuildExecutionAction.java:32)
	at org.gradle.execution.DefaultBuildExecuter.execute(DefaultBuildExecuter.java:37)
	at org.gradle.execution.DefaultBuildExecuter.execute(DefaultBuildExecuter.java:30)
	at org.gradle.initialization.DefaultGradleLauncher$4.run(DefaultGradleLauncher.java:153)
	at org.gradle.internal.Factories$1.create(Factories.java:22)
	at org.gradle.internal.progress.DefaultBuildOperationExecutor.run(DefaultBuildOperationExecutor.java:91)
	at org.gradle.internal.progress.DefaultBuildOperationExecutor.run(DefaultBuildOperationExecutor.java:53)
	at org.gradle.initialization.DefaultGradleLauncher.doBuildStages(DefaultGradleLauncher.java:150)
	at org.gradle.initialization.DefaultGradleLauncher.access$200(DefaultGradleLauncher.java:32)
	at org.gradle.initialization.DefaultGradleLauncher$1.create(DefaultGradleLauncher.java:98)
	at org.gradle.initialization.DefaultGradleLauncher$1.create(DefaultGradleLauncher.java:92)
	at org.gradle.internal.progress.DefaultBuildOperationExecutor.run(DefaultBuildOperationExecutor.java:91)
	at org.gradle.internal.progress.DefaultBuildOperationExecutor.run(DefaultBuildOperationExecutor.java:63)
	at org.gradle.initialization.DefaultGradleLauncher.doBuild(DefaultGradleLauncher.java:92)
	at org.gradle.initialization.DefaultGradleLauncher.run(DefaultGradleLauncher.java:83)
	at org.gradle.launcher.exec.InProcessBuildActionExecuter$DefaultBuildController.run(InProcessBuildActionExecuter.java:99)
	at org.gradle.tooling.internal.provider.ExecuteBuildActionRunner.run(ExecuteBuildActionRunner.java:28)
	at org.gradle.launcher.exec.ChainingBuildActionRunner.run(ChainingBuildActionRunner.java:35)
	at org.gradle.launcher.exec.InProcessBuildActionExecuter.execute(InProcessBuildActionExecuter.java:48)
	at org.gradle.launcher.exec.InProcessBuildActionExecuter.execute(InProcessBuildActionExecuter.java:30)
	at org.gradle.launcher.exec.ContinuousBuildActionExecuter.execute(ContinuousBuildActionExecuter.java:81)
	at org.gradle.launcher.exec.ContinuousBuildActionExecuter.execute(ContinuousBuildActionExecuter.java:46)
	at org.gradle.launcher.exec.DaemonUsageSuggestingBuildActionExecuter.execute(DaemonUsageSuggestingBuildActionExecuter.java:51)
	at org.gradle.launcher.exec.DaemonUsageSuggestingBuildActionExecuter.execute(DaemonUsageSuggestingBuildActionExecuter.java:28)
	at org.gradle.launcher.cli.RunBuildAction.run(RunBuildAction.java:43)
	at org.gradle.internal.Actions$RunnableActionAdapter.execute(Actions.java:173)
	at org.gradle.launcher.cli.CommandLineActionFactory$ParseAndBuildAction.execute(CommandLineActionFactory.java:239)
	at org.gradle.launcher.cli.CommandLineActionFactory$ParseAndBuildAction.execute(CommandLineActionFactory.java:212)
	at org.gradle.launcher.cli.JavaRuntimeValidationAction.execute(JavaRuntimeValidationAction.java:35)
	at org.gradle.launcher.cli.JavaRuntimeValidationAction.execute(JavaRuntimeValidationAction.java:24)
	at org.gradle.launcher.cli.ExceptionReportingAction.execute(ExceptionReportingAction.java:33)
	at org.gradle.launcher.cli.ExceptionReportingAction.execute(ExceptionReportingAction.java:22)
	at org.gradle.launcher.cli.CommandLineActionFactory$WithLogging.execute(CommandLineActionFactory.java:205)
	at org.gradle.launcher.cli.CommandLineActionFactory$WithLogging.execute(CommandLineActionFactory.java:169)
	at org.gradle.launcher.Main.doAction(Main.java:33)
	at org.gradle.launcher.bootstrap.EntryPoint.run(EntryPoint.java:45)
	at org.gradle.launcher.bootstrap.ProcessBootstrap.runNoExit(ProcessBootstrap.java:55)
	at org.gradle.launcher.bootstrap.ProcessBootstrap.run(ProcessBootstrap.java:36)
	at org.gradle.launcher.GradleMain.main(GradleMain.java:23)
	at org.gradle.wrapper.BootstrapMainStarter.start(BootstrapMainStarter.java:30)
	at org.gradle.wrapper.WrapperExecutor.execute(WrapperExecutor.java:129)
	at org.gradle.wrapper.GradleWrapperMain.main(GradleWrapperMain.java:61)
Caused by: java.lang.RuntimeException: No toolchains found in the NDK toolchains folder for ABI with prefix: mipsel-linux-android
	at com.android.build.gradle.internal.ndk.DefaultNdkInfo.getDefaultToolchainVersion(DefaultNdkInfo.java:330)
	at com.android.build.gradle.internal.ndk.DefaultNdkInfo.getToolchainPath(DefaultNdkInfo.java:207)
	at com.android.build.gradle.internal.ndk.DefaultNdkInfo.getCCompiler(DefaultNdkInfo.java:263)
	at com.android.build.gradle.internal.ndk.NdkHandler.getCCompiler(NdkHandler.java:306)
	at com.android.build.gradle.internal.model.ModelBuilder.createNativeToolchainModelMap(ModelBuilder.java:240)
	at com.android.build.gradle.internal.model.ModelBuilder.buildAll(ModelBuilder.java:175)
	at com.android.build.gradle.tasks.Lint.createAndroidProject(Lint.java:288)
	at com.android.build.gradle.tasks.Lint.lint(Lint.java:105)
	at org.gradle.internal.reflect.JavaMethod.invoke(JavaMethod.java:75)
	at org.gradle.api.internal.project.taskfactory.AnnotationProcessingTaskFactory$StandardTaskAction.doExecute(AnnotationProcessingTaskFactory.java:228)
	at org.gradle.api.internal.project.taskfactory.AnnotationProcessingTaskFactory$StandardTaskAction.execute(AnnotationProcessingTaskFactory.java:221)
	at org.gradle.api.internal.project.taskfactory.AnnotationProcessingTaskFactory$StandardTaskAction.execute(AnnotationProcessingTaskFactory.java:210)
	at org.gradle.api.internal.AbstractTask$TaskActionWrapper.execute(AbstractTask.java:621)
	at org.gradle.api.internal.AbstractTask$TaskActionWrapper.execute(AbstractTask.java:604)
	at org.gradle.api.internal.tasks.execution.ExecuteActionsTaskExecuter.executeAction(ExecuteActionsTaskExecuter.java:80)
	at org.gradle.api.internal.tasks.execution.ExecuteActionsTaskExecuter.executeActions(ExecuteActionsTaskExecuter.java:61)
	... 60 more


BUILD FAILED

Total time: 11.947 secs

2019-08-02 12:18:15,664 INFO  ProjectTaskService - Detecting possible tasks...
2019-08-02 12:18:15,665 INFO  SysUtils - Execute command: [/var/folders/bq/vtzpc5ns5sg2cthy61lqpg3dfzgbys/T/1564723059471-0/src/agera-master/gradlew, -b, /var/folders/bq/vtzpc5ns5sg2cthy61lqpg3dfzgbys/T/1564723059471-0/src/agera-master/extensions/content/build.gradle, -Dorg.gradle.daemon=false, -Dorg.gradle.daemon.performance.enable-monitoring=false, -Dorg.gradle.configureondemand=true, tasks]
2019-08-02 12:18:24,191 ERROR ProjectTaskService - Could not detect possible Gradle tasks: Process exited with an error: 1 (Exit value: 1)
2019-08-02 12:18:24,191 INFO  ProjectTaskService - Detected possible tasks: 0
2019-08-02 12:18:24,191 INFO  ProjectTaskService - Excluded tasks (0): none
2019-08-02 12:18:24,192 INFO  SysUtils - Execute command: [/var/folders/bq/vtzpc5ns5sg2cthy61lqpg3dfzgbys/T/1564723059471-0/src/agera-master/gradlew, -b, /var/folders/bq/vtzpc5ns5sg2cthy61lqpg3dfzgbys/T/1564723059471-0/src/agera-master/extensions/content/build.gradle, -Dorg.gradle.daemon=false, -Dorg.gradle.daemon.performance.enable-monitoring=false, -Dorg.gradle.configureondemand=true, --stacktrace, build]
2019-08-02 12:18:34,167 ERROR SysUtils - Could not process external command
org.apache.commons.exec.ExecuteException: Process exited with an error: 1 (Exit value: 1)
	at org.apache.commons.exec.DefaultExecutor.executeInternal(DefaultExecutor.java:404)
	at org.apache.commons.exec.DefaultExecutor.execute(DefaultExecutor.java:166)
	at com.github.vbauer.apkmaster.util.SysUtils.execute(SysUtils.java:67)
	at com.github.vbauer.apkmaster.util.SysUtils.executeSimple(SysUtils.java:43)
	at com.github.vbauer.apkmaster.service.assembly.ProjectBuildService.buildProject(ProjectBuildService.java:78)
	at com.github.vbauer.apkmaster.service.assembly.ProjectBuildService.buildProject(ProjectBuildService.java:64)
	at com.github.vbauer.apkmaster.service.assembly.ProjectBuildService.buildProject(ProjectBuildService.java:43)
	at com.github.vbauer.apkmaster.service.FullProcessService.build(FullProcessService.java:84)
	at com.github.vbauer.apkmaster.service.FullProcessService.process(FullProcessService.java:34)
	at com.github.vbauer.apkmaster.app.MainApplication.process(MainApplication.java:38)
	at com.github.vbauer.apkmaster.app.MainApplication.main(MainApplication.java:20)
	at sun.reflect.NativeMethodAccessorImpl.invoke0(Native Method)
	at sun.reflect.NativeMethodAccessorImpl.invoke(NativeMethodAccessorImpl.java:62)
	at sun.reflect.DelegatingMethodAccessorImpl.invoke(DelegatingMethodAccessorImpl.java:43)
	at java.lang.reflect.Method.invoke(Method.java:498)
	at com.android.arsenal.util.ReflectionUtils.invoke(ReflectionUtils.java:52)
	at com.android.arsenal.util.ApkMasterUtils.main(ApkMasterUtils.java:30)
	at com.android.arsenal.service.processor.impl.BuildProcessorServiceImpl.buildProject(BuildProcessorServiceImpl.java:196)
	at com.android.arsenal.service.processor.impl.BuildProcessorServiceImpl.build(BuildProcessorServiceImpl.java:130)
	at com.android.arsenal.service.processor.impl.BuildProcessorServiceImpl.lambda$createTasks$1(BuildProcessorServiceImpl.java:113)
	at java.util.concurrent.FutureTask.run(FutureTask.java:266)
	at java.util.concurrent.Executors$RunnableAdapter.call(Executors.java:511)
	at java.util.concurrent.FutureTask.run(FutureTask.java:266)
	at java.util.concurrent.ThreadPoolExecutor.runWorker(ThreadPoolExecutor.java:1149)
	at java.util.concurrent.ThreadPoolExecutor$Worker.run(ThreadPoolExecutor.java:624)
	at java.lang.Thread.run(Thread.java:748)
2019-08-02 12:18:34,168 INFO  SysUtils - Configuration on demand is an incubating feature.
Incremental java compilation is an incubating feature.
:extensions:content:preBuild UP-TO-DATE
:extensions:content:preDebugBuild UP-TO-DATE
:extensions:content:checkDebugManifest
:agera:preBuild UP-TO-DATE
:agera:preReleaseBuild UP-TO-DATE
:agera:checkReleaseManifest
:agera:prepareReleaseDependencies
:agera:compileReleaseAidl UP-TO-DATE
:agera:compileReleaseNdk UP-TO-DATE
:agera:compileLint UP-TO-DATE
:agera:copyReleaseLint UP-TO-DATE
:agera:compileReleaseRenderscript UP-TO-DATE
:agera:generateReleaseBuildConfig UP-TO-DATE
:agera:generateReleaseResValues UP-TO-DATE
:agera:generateReleaseResources UP-TO-DATE
:agera:packageReleaseResources UP-TO-DATE
:agera:processReleaseManifest UP-TO-DATE
:agera:processReleaseResources UP-TO-DATE
:agera:generateReleaseSources UP-TO-DATE
:agera:incrementalReleaseJavaCompilationSafeguard UP-TO-DATE
:agera:compileReleaseJavaWithJavac UP-TO-DATE
:agera:extractReleaseAnnotations UP-TO-DATE
:agera:mergeReleaseShaders UP-TO-DATE
:agera:compileReleaseShaders UP-TO-DATE
:agera:generateReleaseAssets UP-TO-DATE
:agera:mergeReleaseAssets UP-TO-DATE
:agera:mergeReleaseProguardFiles UP-TO-DATE
:agera:packageReleaseRenderscript UP-TO-DATE
:agera:processReleaseJavaRes UP-TO-DATE
:agera:transformResourcesWithMergeJavaResForRelease UP-TO-DATE
:agera:transformClassesAndResourcesWithSyncLibJarsForRelease UP-TO-DATE
:agera:mergeReleaseJniLibFolders UP-TO-DATE
:agera:transformNative_libsWithMergeJniLibsForRelease UP-TO-DATE
:agera:transformNative_libsWithSyncJniLibsForRelease UP-TO-DATE
:agera:bundleRelease UP-TO-DATE
:extensions:content:preDebugAndroidTestBuild UP-TO-DATE
:extensions:content:preDebugUnitTestBuild UP-TO-DATE
:extensions:content:preReleaseBuild UP-TO-DATE
:extensions:content:preReleaseUnitTestBuild UP-TO-DATE
:extensions:content:prepareComGoogleAndroidAgeraAgera140Library
:extensions:content:prepareDebugDependencies
:extensions:content:compileDebugAidl
:extensions:content:compileDebugNdk UP-TO-DATE
:extensions:content:compileLint
:extensions:content:copyDebugLint UP-TO-DATE
:extensions:content:compileDebugRenderscript
:extensions:content:generateDebugBuildConfig
:extensions:content:generateDebugResValues
:extensions:content:generateDebugResources
:extensions:content:mergeDebugResources
:extensions:content:processDebugManifest
:extensions:content:processDebugResources
:extensions:content:generateDebugSources
:extensions:content:incrementalDebugJavaCompilationSafeguard
:extensions:content:compileDebugJavaWithJavac
:extensions:content:compileDebugJavaWithJavac - is not incremental (e.g. outputs have changed, no previous execution, etc.).
:extensions:content:extractDebugAnnotations
:extensions:content:mergeDebugShaders
:extensions:content:compileDebugShaders
:extensions:content:generateDebugAssets
:extensions:content:mergeDebugAssets
:extensions:content:mergeDebugProguardFiles
:extensions:content:packageDebugRenderscript UP-TO-DATE
:extensions:content:packageDebugResources
:extensions:content:unzipJacocoAgent
:extensions:content:transformClassesWithJacocoForDebug
:extensions:content:processDebugJavaRes UP-TO-DATE
:extensions:content:transformResourcesWithMergeJavaResForDebug
:extensions:content:transformClassesAndResourcesWithSyncLibJarsForDebug
:extensions:content:mergeDebugJniLibFolders
:extensions:content:transformNative_libsWithMergeJniLibsForDebug
:extensions:content:transformNative_libsWithSyncJniLibsForDebug
:extensions:content:bundleDebug
:extensions:content:compileDebugSources
:extensions:content:assembleDebug
:extensions:content:checkReleaseManifest
:extensions:content:prepareReleaseDependencies
:extensions:content:compileReleaseAidl
:extensions:content:compileReleaseNdk UP-TO-DATE
:extensions:content:copyReleaseLint UP-TO-DATE
:extensions:content:compileReleaseRenderscript
:extensions:content:generateReleaseBuildConfig
:extensions:content:generateReleaseResValues
:extensions:content:generateReleaseResources
:extensions:content:mergeReleaseResources
:extensions:content:processReleaseManifest
:extensions:content:processReleaseResources
:extensions:content:generateReleaseSources
:extensions:content:incrementalReleaseJavaCompilationSafeguard
:extensions:content:compileReleaseJavaWithJavac
:extensions:content:compileReleaseJavaWithJavac - is not incremental (e.g. outputs have changed, no previous execution, etc.).
:extensions:content:extractReleaseAnnotations
:extensions:content:mergeReleaseShaders
:extensions:content:compileReleaseShaders
:extensions:content:generateReleaseAssets
:extensions:content:mergeReleaseAssets
:extensions:content:mergeReleaseProguardFiles
:extensions:content:packageReleaseRenderscript UP-TO-DATE
:extensions:content:packageReleaseResources
:extensions:content:processReleaseJavaRes UP-TO-DATE
:extensions:content:transformResourcesWithMergeJavaResForRelease
:extensions:content:transformClassesAndResourcesWithSyncLibJarsForRelease
:extensions:content:mergeReleaseJniLibFolders
:extensions:content:transformNative_libsWithMergeJniLibsForRelease
:extensions:content:transformNative_libsWithSyncJniLibsForRelease
:extensions:content:bundleRelease
:extensions:content:compileReleaseSources
:extensions:content:assembleRelease
:extensions:content:releaseJavadoc/private/var/folders/bq/vtzpc5ns5sg2cthy61lqpg3dfzgbys/T/1564723059471-0/src/agera-master/extensions/content/src/main/java/com/google/android/agera/content/ContentObservables.java:56: warning: no @param for actions
  public static Observable broadcastObservable(@NonNull final Context context,
                           ^
/private/var/folders/bq/vtzpc5ns5sg2cthy61lqpg3dfzgbys/T/1564723059471-0/src/agera-master/extensions/content/src/main/java/com/google/android/agera/content/ContentObservables.java:56: warning: no @return
  public static Observable broadcastObservable(@NonNull final Context context,
                           ^
/private/var/folders/bq/vtzpc5ns5sg2cthy61lqpg3dfzgbys/T/1564723059471-0/src/agera-master/extensions/content/src/main/java/com/google/android/agera/content/ContentObservables.java:66: warning: no @param for preferences
  public static Observable sharedPreferencesObservable(@NonNull final SharedPreferences preferences,
                           ^
/private/var/folders/bq/vtzpc5ns5sg2cthy61lqpg3dfzgbys/T/1564723059471-0/src/agera-master/extensions/content/src/main/java/com/google/android/agera/content/ContentObservables.java:66: warning: no @param for keys
  public static Observable sharedPreferencesObservable(@NonNull final SharedPreferences preferences,
                           ^
/private/var/folders/bq/vtzpc5ns5sg2cthy61lqpg3dfzgbys/T/1564723059471-0/src/agera-master/extensions/content/src/main/java/com/google/android/agera/content/ContentObservables.java:66: warning: no @return
  public static Observable sharedPreferencesObservable(@NonNull final SharedPreferences preferences,
                           ^

5 warnings
:extensions:content:javadocJar
:extensions:content:sourcesJar
:extensions:content:assemble
:extensions:content:lint FAILED

FAILURE: Build failed with an exception.

* What went wrong:
Execution failed for task ':extensions:content:lint'.
> No toolchains found in the NDK toolchains folder for ABI with prefix: mipsel-linux-android

* Try:
Run with --info or --debug option to get more log output.

* Exception is:
org.gradle.api.tasks.TaskExecutionException: Execution failed for task ':extensions:content:lint'.
	at org.gradle.api.internal.tasks.execution.ExecuteActionsTaskExecuter.executeActions(ExecuteActionsTaskExecuter.java:69)
	at org.gradle.api.internal.tasks.execution.ExecuteActionsTaskExecuter.execute(ExecuteActionsTaskExecuter.java:46)
	at org.gradle.api.internal.tasks.execution.PostExecutionAnalysisTaskExecuter.execute(PostExecutionAnalysisTaskExecuter.java:35)
	at org.gradle.api.internal.tasks.execution.SkipUpToDateTaskExecuter.execute(SkipUpToDateTaskExecuter.java:66)
	at org.gradle.api.internal.tasks.execution.ValidatingTaskExecuter.execute(ValidatingTaskExecuter.java:58)
	at org.gradle.api.internal.tasks.execution.SkipEmptySourceFilesTaskExecuter.execute(SkipEmptySourceFilesTaskExecuter.java:52)
	at org.gradle.api.internal.tasks.execution.SkipTaskWithNoActionsExecuter.execute(SkipTaskWithNoActionsExecuter.java:52)
	at org.gradle.api.internal.tasks.execution.SkipOnlyIfTaskExecuter.execute(SkipOnlyIfTaskExecuter.java:53)
	at org.gradle.api.internal.tasks.execution.ExecuteAtMostOnceTaskExecuter.execute(ExecuteAtMostOnceTaskExecuter.java:43)
	at org.gradle.execution.taskgraph.DefaultTaskGraphExecuter$EventFiringTaskWorker.execute(DefaultTaskGraphExecuter.java:203)
	at org.gradle.execution.taskgraph.DefaultTaskGraphExecuter$EventFiringTaskWorker.execute(DefaultTaskGraphExecuter.java:185)
	at org.gradle.execution.taskgraph.AbstractTaskPlanExecutor$TaskExecutorWorker.processTask(AbstractTaskPlanExecutor.java:66)
	at org.gradle.execution.taskgraph.AbstractTaskPlanExecutor$TaskExecutorWorker.run(AbstractTaskPlanExecutor.java:50)
	at org.gradle.execution.taskgraph.DefaultTaskPlanExecutor.process(DefaultTaskPlanExecutor.java:25)
	at org.gradle.execution.taskgraph.DefaultTaskGraphExecuter.execute(DefaultTaskGraphExecuter.java:110)
	at org.gradle.execution.SelectedTaskExecutionAction.execute(SelectedTaskExecutionAction.java:37)
	at org.gradle.execution.DefaultBuildExecuter.execute(DefaultBuildExecuter.java:37)
	at org.gradle.execution.DefaultBuildExecuter.access$000(DefaultBuildExecuter.java:23)
	at org.gradle.execution.DefaultBuildExecuter$1.proceed(DefaultBuildExecuter.java:43)
	at org.gradle.execution.DryRunBuildExecutionAction.execute(DryRunBuildExecutionAction.java:32)
	at org.gradle.execution.DefaultBuildExecuter.execute(DefaultBuildExecuter.java:37)
	at org.gradle.execution.DefaultBuildExecuter.execute(DefaultBuildExecuter.java:30)
	at org.gradle.initialization.DefaultGradleLauncher$4.run(DefaultGradleLauncher.java:153)
	at org.gradle.internal.Factories$1.create(Factories.java:22)
	at org.gradle.internal.progress.DefaultBuildOperationExecutor.run(DefaultBuildOperationExecutor.java:91)
	at org.gradle.internal.progress.DefaultBuildOperationExecutor.run(DefaultBuildOperationExecutor.java:53)
	at org.gradle.initialization.DefaultGradleLauncher.doBuildStages(DefaultGradleLauncher.java:150)
	at org.gradle.initialization.DefaultGradleLauncher.access$200(DefaultGradleLauncher.java:32)
	at org.gradle.initialization.DefaultGradleLauncher$1.create(DefaultGradleLauncher.java:98)
	at org.gradle.initialization.DefaultGradleLauncher$1.create(DefaultGradleLauncher.java:92)
	at org.gradle.internal.progress.DefaultBuildOperationExecutor.run(DefaultBuildOperationExecutor.java:91)
	at org.gradle.internal.progress.DefaultBuildOperationExecutor.run(DefaultBuildOperationExecutor.java:63)
	at org.gradle.initialization.DefaultGradleLauncher.doBuild(DefaultGradleLauncher.java:92)
	at org.gradle.initialization.DefaultGradleLauncher.run(DefaultGradleLauncher.java:83)
	at org.gradle.launcher.exec.InProcessBuildActionExecuter$DefaultBuildController.run(InProcessBuildActionExecuter.java:99)
	at org.gradle.tooling.internal.provider.ExecuteBuildActionRunner.run(ExecuteBuildActionRunner.java:28)
	at org.gradle.launcher.exec.ChainingBuildActionRunner.run(ChainingBuildActionRunner.java:35)
	at org.gradle.launcher.exec.InProcessBuildActionExecuter.execute(InProcessBuildActionExecuter.java:48)
	at org.gradle.launcher.exec.InProcessBuildActionExecuter.execute(InProcessBuildActionExecuter.java:30)
	at org.gradle.launcher.exec.ContinuousBuildActionExecuter.execute(ContinuousBuildActionExecuter.java:81)
	at org.gradle.launcher.exec.ContinuousBuildActionExecuter.execute(ContinuousBuildActionExecuter.java:46)
	at org.gradle.launcher.exec.DaemonUsageSuggestingBuildActionExecuter.execute(DaemonUsageSuggestingBuildActionExecuter.java:51)
	at org.gradle.launcher.exec.DaemonUsageSuggestingBuildActionExecuter.execute(DaemonUsageSuggestingBuildActionExecuter.java:28)
	at org.gradle.launcher.cli.RunBuildAction.run(RunBuildAction.java:43)
	at org.gradle.internal.Actions$RunnableActionAdapter.execute(Actions.java:173)
	at org.gradle.launcher.cli.CommandLineActionFactory$ParseAndBuildAction.execute(CommandLineActionFactory.java:239)
	at org.gradle.launcher.cli.CommandLineActionFactory$ParseAndBuildAction.execute(CommandLineActionFactory.java:212)
	at org.gradle.launcher.cli.JavaRuntimeValidationAction.execute(JavaRuntimeValidationAction.java:35)
	at org.gradle.launcher.cli.JavaRuntimeValidationAction.execute(JavaRuntimeValidationAction.java:24)
	at org.gradle.launcher.cli.ExceptionReportingAction.execute(ExceptionReportingAction.java:33)
	at org.gradle.launcher.cli.ExceptionReportingAction.execute(ExceptionReportingAction.java:22)
	at org.gradle.launcher.cli.CommandLineActionFactory$WithLogging.execute(CommandLineActionFactory.java:205)
	at org.gradle.launcher.cli.CommandLineActionFactory$WithLogging.execute(CommandLineActionFactory.java:169)
	at org.gradle.launcher.Main.doAction(Main.java:33)
	at org.gradle.launcher.bootstrap.EntryPoint.run(EntryPoint.java:45)
	at org.gradle.launcher.bootstrap.ProcessBootstrap.runNoExit(ProcessBootstrap.java:55)
	at org.gradle.launcher.bootstrap.ProcessBootstrap.run(ProcessBootstrap.java:36)
	at org.gradle.launcher.GradleMain.main(GradleMain.java:23)
	at org.gradle.wrapper.BootstrapMainStarter.start(BootstrapMainStarter.java:30)
	at org.gradle.wrapper.WrapperExecutor.execute(WrapperExecutor.java:129)
	at org.gradle.wrapper.GradleWrapperMain.main(GradleWrapperMain.java:61)
Caused by: java.lang.RuntimeException: No toolchains found in the NDK toolchains folder for ABI with prefix: mipsel-linux-android
	at com.android.build.gradle.internal.ndk.DefaultNdkInfo.getDefaultToolchainVersion(DefaultNdkInfo.java:330)
	at com.android.build.gradle.internal.ndk.DefaultNdkInfo.getToolchainPath(DefaultNdkInfo.java:207)
	at com.android.build.gradle.internal.ndk.DefaultNdkInfo.getCCompiler(DefaultNdkInfo.java:263)
	at com.android.build.gradle.internal.ndk.NdkHandler.getCCompiler(NdkHandler.java:306)
	at com.android.build.gradle.internal.model.ModelBuilder.createNativeToolchainModelMap(ModelBuilder.java:240)
	at com.android.build.gradle.internal.model.ModelBuilder.buildAll(ModelBuilder.java:175)
	at com.android.build.gradle.tasks.Lint.createAndroidProject(Lint.java:288)
	at com.android.build.gradle.tasks.Lint.lint(Lint.java:105)
	at org.gradle.internal.reflect.JavaMethod.invoke(JavaMethod.java:75)
	at org.gradle.api.internal.project.taskfactory.AnnotationProcessingTaskFactory$StandardTaskAction.doExecute(AnnotationProcessingTaskFactory.java:228)
	at org.gradle.api.internal.project.taskfactory.AnnotationProcessingTaskFactory$StandardTaskAction.execute(AnnotationProcessingTaskFactory.java:221)
	at org.gradle.api.internal.project.taskfactory.AnnotationProcessingTaskFactory$StandardTaskAction.execute(AnnotationProcessingTaskFactory.java:210)
	at org.gradle.api.internal.AbstractTask$TaskActionWrapper.execute(AbstractTask.java:621)
	at org.gradle.api.internal.AbstractTask$TaskActionWrapper.execute(AbstractTask.java:604)
	at org.gradle.api.internal.tasks.execution.ExecuteActionsTaskExecuter.executeAction(ExecuteActionsTaskExecuter.java:80)
	at org.gradle.api.internal.tasks.execution.ExecuteActionsTaskExecuter.executeActions(ExecuteActionsTaskExecuter.java:61)
	... 60 more


BUILD FAILED

Total time: 9.42 secs

2019-08-02 12:18:34,197 INFO  ProjectTaskService - Detecting possible tasks...
2019-08-02 12:18:34,197 INFO  SysUtils - Execute command: [/var/folders/bq/vtzpc5ns5sg2cthy61lqpg3dfzgbys/T/1564723059471-0/src/agera-master/gradlew, -b, /var/folders/bq/vtzpc5ns5sg2cthy61lqpg3dfzgbys/T/1564723059471-0/src/agera-master/extensions/database/build.gradle, -Dorg.gradle.daemon=false, -Dorg.gradle.daemon.performance.enable-monitoring=false, -Dorg.gradle.configureondemand=true, tasks]
2019-08-02 12:18:43,341 ERROR ProjectTaskService - Could not detect possible Gradle tasks: Process exited with an error: 1 (Exit value: 1)
2019-08-02 12:18:43,341 INFO  ProjectTaskService - Detected possible tasks: 0
2019-08-02 12:18:43,341 INFO  ProjectTaskService - Excluded tasks (0): none
2019-08-02 12:18:43,342 INFO  SysUtils - Execute command: [/var/folders/bq/vtzpc5ns5sg2cthy61lqpg3dfzgbys/T/1564723059471-0/src/agera-master/gradlew, -b, /var/folders/bq/vtzpc5ns5sg2cthy61lqpg3dfzgbys/T/1564723059471-0/src/agera-master/extensions/database/build.gradle, -Dorg.gradle.daemon=false, -Dorg.gradle.daemon.performance.enable-monitoring=false, -Dorg.gradle.configureondemand=true, --stacktrace, build]
2019-08-02 12:18:53,896 ERROR SysUtils - Could not process external command
org.apache.commons.exec.ExecuteException: Process exited with an error: 1 (Exit value: 1)
	at org.apache.commons.exec.DefaultExecutor.executeInternal(DefaultExecutor.java:404)
	at org.apache.commons.exec.DefaultExecutor.execute(DefaultExecutor.java:166)
	at com.github.vbauer.apkmaster.util.SysUtils.execute(SysUtils.java:67)
	at com.github.vbauer.apkmaster.util.SysUtils.executeSimple(SysUtils.java:43)
	at com.github.vbauer.apkmaster.service.assembly.ProjectBuildService.buildProject(ProjectBuildService.java:78)
	at com.github.vbauer.apkmaster.service.assembly.ProjectBuildService.buildProject(ProjectBuildService.java:64)
	at com.github.vbauer.apkmaster.service.assembly.ProjectBuildService.buildProject(ProjectBuildService.java:43)
	at com.github.vbauer.apkmaster.service.FullProcessService.build(FullProcessService.java:84)
	at com.github.vbauer.apkmaster.service.FullProcessService.process(FullProcessService.java:34)
	at com.github.vbauer.apkmaster.app.MainApplication.process(MainApplication.java:38)
	at com.github.vbauer.apkmaster.app.MainApplication.main(MainApplication.java:20)
	at sun.reflect.NativeMethodAccessorImpl.invoke0(Native Method)
	at sun.reflect.NativeMethodAccessorImpl.invoke(NativeMethodAccessorImpl.java:62)
	at sun.reflect.DelegatingMethodAccessorImpl.invoke(DelegatingMethodAccessorImpl.java:43)
	at java.lang.reflect.Method.invoke(Method.java:498)
	at com.android.arsenal.util.ReflectionUtils.invoke(ReflectionUtils.java:52)
	at com.android.arsenal.util.ApkMasterUtils.main(ApkMasterUtils.java:30)
	at com.android.arsenal.service.processor.impl.BuildProcessorServiceImpl.buildProject(BuildProcessorServiceImpl.java:196)
	at com.android.arsenal.service.processor.impl.BuildProcessorServiceImpl.build(BuildProcessorServiceImpl.java:130)
	at com.android.arsenal.service.processor.impl.BuildProcessorServiceImpl.lambda$createTasks$1(BuildProcessorServiceImpl.java:113)
	at java.util.concurrent.FutureTask.run(FutureTask.java:266)
	at java.util.concurrent.Executors$RunnableAdapter.call(Executors.java:511)
	at java.util.concurrent.FutureTask.run(FutureTask.java:266)
	at java.util.concurrent.ThreadPoolExecutor.runWorker(ThreadPoolExecutor.java:1149)
	at java.util.concurrent.ThreadPoolExecutor$Worker.run(ThreadPoolExecutor.java:624)
	at java.lang.Thread.run(Thread.java:748)
2019-08-02 12:18:53,896 INFO  SysUtils - Configuration on demand is an incubating feature.
Incremental java compilation is an incubating feature.
:extensions:database:preBuild UP-TO-DATE
:extensions:database:preDebugBuild UP-TO-DATE
:extensions:database:checkDebugManifest
:agera:preBuild UP-TO-DATE
:agera:preReleaseBuild UP-TO-DATE
:agera:checkReleaseManifest
:agera:prepareReleaseDependencies
:agera:compileReleaseAidl UP-TO-DATE
:agera:compileReleaseNdk UP-TO-DATE
:agera:compileLint UP-TO-DATE
:agera:copyReleaseLint UP-TO-DATE
:agera:compileReleaseRenderscript UP-TO-DATE
:agera:generateReleaseBuildConfig UP-TO-DATE
:agera:generateReleaseResValues UP-TO-DATE
:agera:generateReleaseResources UP-TO-DATE
:agera:packageReleaseResources UP-TO-DATE
:agera:processReleaseManifest UP-TO-DATE
:agera:processReleaseResources UP-TO-DATE
:agera:generateReleaseSources UP-TO-DATE
:agera:incrementalReleaseJavaCompilationSafeguard UP-TO-DATE
:agera:compileReleaseJavaWithJavac UP-TO-DATE
:agera:extractReleaseAnnotations UP-TO-DATE
:agera:mergeReleaseShaders UP-TO-DATE
:agera:compileReleaseShaders UP-TO-DATE
:agera:generateReleaseAssets UP-TO-DATE
:agera:mergeReleaseAssets UP-TO-DATE
:agera:mergeReleaseProguardFiles UP-TO-DATE
:agera:packageReleaseRenderscript UP-TO-DATE
:agera:processReleaseJavaRes UP-TO-DATE
:agera:transformResourcesWithMergeJavaResForRelease UP-TO-DATE
:agera:transformClassesAndResourcesWithSyncLibJarsForRelease UP-TO-DATE
:agera:mergeReleaseJniLibFolders UP-TO-DATE
:agera:transformNative_libsWithMergeJniLibsForRelease UP-TO-DATE
:agera:transformNative_libsWithSyncJniLibsForRelease UP-TO-DATE
:agera:bundleRelease UP-TO-DATE
:extensions:database:preDebugAndroidTestBuild UP-TO-DATE
:extensions:database:preDebugUnitTestBuild UP-TO-DATE
:extensions:database:preReleaseBuild UP-TO-DATE
:extensions:database:preReleaseUnitTestBuild UP-TO-DATE
:extensions:database:prepareComGoogleAndroidAgeraAgera140Library
:extensions:database:prepareDebugDependencies
:extensions:database:compileDebugAidl
:extensions:database:compileDebugNdk UP-TO-DATE
:extensions:database:compileLint
:extensions:database:copyDebugLint UP-TO-DATE
:extensions:database:compileDebugRenderscript
:extensions:database:generateDebugBuildConfig
:extensions:database:generateDebugResValues
:extensions:database:generateDebugResources
:extensions:database:mergeDebugResources
:extensions:database:processDebugManifest
:extensions:database:processDebugResources
:extensions:database:generateDebugSources
:extensions:database:incrementalDebugJavaCompilationSafeguard
:extensions:database:compileDebugJavaWithJavac
:extensions:database:compileDebugJavaWithJavac - is not incremental (e.g. outputs have changed, no previous execution, etc.).
:extensions:database:extractDebugAnnotations
:extensions:database:mergeDebugShaders
:extensions:database:compileDebugShaders
:extensions:database:generateDebugAssets
:extensions:database:mergeDebugAssets
:extensions:database:mergeDebugProguardFiles
:extensions:database:packageDebugRenderscript UP-TO-DATE
:extensions:database:packageDebugResources
:extensions:database:unzipJacocoAgent
:extensions:database:transformClassesWithJacocoForDebug
:extensions:database:processDebugJavaRes UP-TO-DATE
:extensions:database:transformResourcesWithMergeJavaResForDebug
:extensions:database:transformClassesAndResourcesWithSyncLibJarsForDebug
:extensions:database:mergeDebugJniLibFolders
:extensions:database:transformNative_libsWithMergeJniLibsForDebug
:extensions:database:transformNative_libsWithSyncJniLibsForDebug
:extensions:database:bundleDebug
:extensions:database:compileDebugSources
:extensions:database:assembleDebug
:extensions:database:checkReleaseManifest
:extensions:database:prepareReleaseDependencies
:extensions:database:compileReleaseAidl
:extensions:database:compileReleaseNdk UP-TO-DATE
:extensions:database:copyReleaseLint UP-TO-DATE
:extensions:database:compileReleaseRenderscript
:extensions:database:generateReleaseBuildConfig
:extensions:database:generateReleaseResValues
:extensions:database:generateReleaseResources
:extensions:database:mergeReleaseResources
:extensions:database:processReleaseManifest
:extensions:database:processReleaseResources
:extensions:database:generateReleaseSources
:extensions:database:incrementalReleaseJavaCompilationSafeguard
:extensions:database:compileReleaseJavaWithJavac
:extensions:database:compileReleaseJavaWithJavac - is not incremental (e.g. outputs have changed, no previous execution, etc.).
:extensions:database:extractReleaseAnnotations
:extensions:database:mergeReleaseShaders
:extensions:database:compileReleaseShaders
:extensions:database:generateReleaseAssets
:extensions:database:mergeReleaseAssets
:extensions:database:mergeReleaseProguardFiles
:extensions:database:packageReleaseRenderscript UP-TO-DATE
:extensions:database:packageReleaseResources
:extensions:database:processReleaseJavaRes UP-TO-DATE
:extensions:database:transformResourcesWithMergeJavaResForRelease
:extensions:database:transformClassesAndResourcesWithSyncLibJarsForRelease
:extensions:database:mergeReleaseJniLibFolders
:extensions:database:transformNative_libsWithMergeJniLibsForRelease
:extensions:database:transformNative_libsWithSyncJniLibsForRelease
:extensions:database:bundleRelease
:extensions:database:compileReleaseSources
:extensions:database:assembleRelease
:extensions:database:releaseJavadoc/private/var/folders/bq/vtzpc5ns5sg2cthy61lqpg3dfzgbys/T/1564723059471-0/src/agera-master/extensions/database/src/main/java/com/google/android/agera/database/SqlDatabaseFunctions.java:43: warning: no @param for <T>
  public static <T> Function<SqlRequest, Result<List<T>>> databaseQueryFunction(
                                                          ^
/private/var/folders/bq/vtzpc5ns5sg2cthy61lqpg3dfzgbys/T/1564723059471-0/src/agera-master/extensions/database/src/main/java/com/google/android/agera/database/SqlDatabaseFunctions.java:43: warning: no @param for database
  public static <T> Function<SqlRequest, Result<List<T>>> databaseQueryFunction(
                                                          ^
/private/var/folders/bq/vtzpc5ns5sg2cthy61lqpg3dfzgbys/T/1564723059471-0/src/agera-master/extensions/database/src/main/java/com/google/android/agera/database/SqlDatabaseFunctions.java:43: warning: no @param for rowMap
  public static <T> Function<SqlRequest, Result<List<T>>> databaseQueryFunction(
                                                          ^
/private/var/folders/bq/vtzpc5ns5sg2cthy61lqpg3dfzgbys/T/1564723059471-0/src/agera-master/extensions/database/src/main/java/com/google/android/agera/database/SqlDatabaseFunctions.java:43: warning: no @return
  public static <T> Function<SqlRequest, Result<List<T>>> databaseQueryFunction(
                                                          ^
/private/var/folders/bq/vtzpc5ns5sg2cthy61lqpg3dfzgbys/T/1564723059471-0/src/agera-master/extensions/database/src/main/java/com/google/android/agera/database/SqlDatabaseFunctions.java:53: warning: no @param for database
  public static Function<SqlInsertRequest, Result<Long>> databaseInsertFunction(
                                                         ^
/private/var/folders/bq/vtzpc5ns5sg2cthy61lqpg3dfzgbys/T/1564723059471-0/src/agera-master/extensions/database/src/main/java/com/google/android/agera/database/SqlDatabaseFunctions.java:53: warning: no @return
  public static Function<SqlInsertRequest, Result<Long>> databaseInsertFunction(
                                                         ^
/private/var/folders/bq/vtzpc5ns5sg2cthy61lqpg3dfzgbys/T/1564723059471-0/src/agera-master/extensions/database/src/main/java/com/google/android/agera/database/SqlDatabaseFunctions.java:62: warning: no @param for database
  public static Function<SqlUpdateRequest, Result<Integer>> databaseUpdateFunction(
                                                            ^
/private/var/folders/bq/vtzpc5ns5sg2cthy61lqpg3dfzgbys/T/1564723059471-0/src/agera-master/extensions/database/src/main/java/com/google/android/agera/database/SqlDatabaseFunctions.java:62: warning: no @return
  public static Function<SqlUpdateRequest, Result<Integer>> databaseUpdateFunction(
                                                            ^
/private/var/folders/bq/vtzpc5ns5sg2cthy61lqpg3dfzgbys/T/1564723059471-0/src/agera-master/extensions/database/src/main/java/com/google/android/agera/database/SqlDatabaseFunctions.java:71: warning: no @param for database
  public static Function<SqlDeleteRequest, Result<Integer>> databaseDeleteFunction(
                                                            ^
/private/var/folders/bq/vtzpc5ns5sg2cthy61lqpg3dfzgbys/T/1564723059471-0/src/agera-master/extensions/database/src/main/java/com/google/android/agera/database/SqlDatabaseFunctions.java:71: warning: no @return
  public static Function<SqlDeleteRequest, Result<Integer>> databaseDeleteFunction(
                                                            ^
/private/var/folders/bq/vtzpc5ns5sg2cthy61lqpg3dfzgbys/T/1564723059471-0/src/agera-master/extensions/database/src/main/java/com/google/android/agera/database/SqlDatabaseSupplier.java:41: warning: no @param for context
  public SqlDatabaseSupplier(@NonNull final Context context, @NonNull final String path,
         ^
/private/var/folders/bq/vtzpc5ns5sg2cthy61lqpg3dfzgbys/T/1564723059471-0/src/agera-master/extensions/database/src/main/java/com/google/android/agera/database/SqlDatabaseSupplier.java:41: warning: no @param for path
  public SqlDatabaseSupplier(@NonNull final Context context, @NonNull final String path,
         ^
/private/var/folders/bq/vtzpc5ns5sg2cthy61lqpg3dfzgbys/T/1564723059471-0/src/agera-master/extensions/database/src/main/java/com/google/android/agera/database/SqlDatabaseSupplier.java:41: warning: no @param for factory
  public SqlDatabaseSupplier(@NonNull final Context context, @NonNull final String path,
         ^
/private/var/folders/bq/vtzpc5ns5sg2cthy61lqpg3dfzgbys/T/1564723059471-0/src/agera-master/extensions/database/src/main/java/com/google/android/agera/database/SqlDatabaseSupplier.java:41: warning: no @param for version
  public SqlDatabaseSupplier(@NonNull final Context context, @NonNull final String path,
         ^
/private/var/folders/bq/vtzpc5ns5sg2cthy61lqpg3dfzgbys/T/1564723059471-0/src/agera-master/extensions/database/src/main/java/com/google/android/agera/database/SqlRequestCompilerStates.java:174: warning: no @return
    T compile();
      ^
/private/var/folders/bq/vtzpc5ns5sg2cthy61lqpg3dfzgbys/T/1564723059471-0/src/agera-master/extensions/database/src/main/java/com/google/android/agera/database/SqlRequestCompilerStates.java:148: warning: no @return
    T failOnConflict();
      ^
/private/var/folders/bq/vtzpc5ns5sg2cthy61lqpg3dfzgbys/T/1564723059471-0/src/agera-master/extensions/database/src/main/java/com/google/android/agera/database/SqlRequestCompilerStates.java:155: warning: no @return
    T ignoreOnConflict();
      ^
/private/var/folders/bq/vtzpc5ns5sg2cthy61lqpg3dfzgbys/T/1564723059471-0/src/agera-master/extensions/database/src/main/java/com/google/android/agera/database/SqlRequestCompilerStates.java:162: warning: no @return
    T replaceOnConflict();
      ^
/private/var/folders/bq/vtzpc5ns5sg2cthy61lqpg3dfzgbys/T/1564723059471-0/src/agera-master/extensions/database/src/main/java/com/google/android/agera/database/SqlRequestCompilerStates.java:79: warning: no @param for column
    T column(@NonNull String column, @Nullable String value);
      ^
/private/var/folders/bq/vtzpc5ns5sg2cthy61lqpg3dfzgbys/T/1564723059471-0/src/agera-master/extensions/database/src/main/java/com/google/android/agera/database/SqlRequestCompilerStates.java:79: warning: no @param for value
    T column(@NonNull String column, @Nullable String value);
      ^
/private/var/folders/bq/vtzpc5ns5sg2cthy61lqpg3dfzgbys/T/1564723059471-0/src/agera-master/extensions/database/src/main/java/com/google/android/agera/database/SqlRequestCompilerStates.java:79: warning: no @return
    T column(@NonNull String column, @Nullable String value);
      ^
/private/var/folders/bq/vtzpc5ns5sg2cthy61lqpg3dfzgbys/T/1564723059471-0/src/agera-master/extensions/database/src/main/java/com/google/android/agera/database/SqlRequestCompilerStates.java:85: warning: no @param for column
    T column(@NonNull String column, @Nullable Byte value);
      ^
/private/var/folders/bq/vtzpc5ns5sg2cthy61lqpg3dfzgbys/T/1564723059471-0/src/agera-master/extensions/database/src/main/java/com/google/android/agera/database/SqlRequestCompilerStates.java:85: warning: no @param for value
    T column(@NonNull String column, @Nullable Byte value);
      ^
/private/var/folders/bq/vtzpc5ns5sg2cthy61lqpg3dfzgbys/T/1564723059471-0/src/agera-master/extensions/database/src/main/java/com/google/android/agera/database/SqlRequestCompilerStates.java:85: warning: no @return
    T column(@NonNull String column, @Nullable Byte value);
      ^
/private/var/folders/bq/vtzpc5ns5sg2cthy61lqpg3dfzgbys/T/1564723059471-0/src/agera-master/extensions/database/src/main/java/com/google/android/agera/database/SqlRequestCompilerStates.java:91: warning: no @param for column
    T column(@NonNull String column, @Nullable Short value);
      ^
/private/var/folders/bq/vtzpc5ns5sg2cthy61lqpg3dfzgbys/T/1564723059471-0/src/agera-master/extensions/database/src/main/java/com/google/android/agera/database/SqlRequestCompilerStates.java:91: warning: no @param for value
    T column(@NonNull String column, @Nullable Short value);
      ^
/private/var/folders/bq/vtzpc5ns5sg2cthy61lqpg3dfzgbys/T/1564723059471-0/src/agera-master/extensions/database/src/main/java/com/google/android/agera/database/SqlRequestCompilerStates.java:91: warning: no @return
    T column(@NonNull String column, @Nullable Short value);
      ^
/private/var/folders/bq/vtzpc5ns5sg2cthy61lqpg3dfzgbys/T/1564723059471-0/src/agera-master/extensions/database/src/main/java/com/google/android/agera/database/SqlRequestCompilerStates.java:97: warning: no @param for column
    T column(@NonNull String column, @Nullable Integer value);
      ^
/private/var/folders/bq/vtzpc5ns5sg2cthy61lqpg3dfzgbys/T/1564723059471-0/src/agera-master/extensions/database/src/main/java/com/google/android/agera/database/SqlRequestCompilerStates.java:97: warning: no @param for value
    T column(@NonNull String column, @Nullable Integer value);
      ^
/private/var/folders/bq/vtzpc5ns5sg2cthy61lqpg3dfzgbys/T/1564723059471-0/src/agera-master/extensions/database/src/main/java/com/google/android/agera/database/SqlRequestCompilerStates.java:97: warning: no @return
    T column(@NonNull String column, @Nullable Integer value);
      ^
/private/var/folders/bq/vtzpc5ns5sg2cthy61lqpg3dfzgbys/T/1564723059471-0/src/agera-master/extensions/database/src/main/java/com/google/android/agera/database/SqlRequestCompilerStates.java:103: warning: no @param for column
    T column(@NonNull String column, @Nullable Long value);
      ^
/private/var/folders/bq/vtzpc5ns5sg2cthy61lqpg3dfzgbys/T/1564723059471-0/src/agera-master/extensions/database/src/main/java/com/google/android/agera/database/SqlRequestCompilerStates.java:103: warning: no @param for value
    T column(@NonNull String column, @Nullable Long value);
      ^
/private/var/folders/bq/vtzpc5ns5sg2cthy61lqpg3dfzgbys/T/1564723059471-0/src/agera-master/extensions/database/src/main/java/com/google/android/agera/database/SqlRequestCompilerStates.java:103: warning: no @return
    T column(@NonNull String column, @Nullable Long value);
      ^
/private/var/folders/bq/vtzpc5ns5sg2cthy61lqpg3dfzgbys/T/1564723059471-0/src/agera-master/extensions/database/src/main/java/com/google/android/agera/database/SqlRequestCompilerStates.java:109: warning: no @param for column
    T column(@NonNull String column, @Nullable Float value);
      ^
/private/var/folders/bq/vtzpc5ns5sg2cthy61lqpg3dfzgbys/T/1564723059471-0/src/agera-master/extensions/database/src/main/java/com/google/android/agera/database/SqlRequestCompilerStates.java:109: warning: no @param for value
    T column(@NonNull String column, @Nullable Float value);
      ^
/private/var/folders/bq/vtzpc5ns5sg2cthy61lqpg3dfzgbys/T/1564723059471-0/src/agera-master/extensions/database/src/main/java/com/google/android/agera/database/SqlRequestCompilerStates.java:109: warning: no @return
    T column(@NonNull String column, @Nullable Float value);
      ^
/private/var/folders/bq/vtzpc5ns5sg2cthy61lqpg3dfzgbys/T/1564723059471-0/src/agera-master/extensions/database/src/main/java/com/google/android/agera/database/SqlRequestCompilerStates.java:115: warning: no @param for column
    T column(@NonNull String column, @Nullable Double value);
      ^
/private/var/folders/bq/vtzpc5ns5sg2cthy61lqpg3dfzgbys/T/1564723059471-0/src/agera-master/extensions/database/src/main/java/com/google/android/agera/database/SqlRequestCompilerStates.java:115: warning: no @param for value
    T column(@NonNull String column, @Nullable Double value);
      ^
/private/var/folders/bq/vtzpc5ns5sg2cthy61lqpg3dfzgbys/T/1564723059471-0/src/agera-master/extensions/database/src/main/java/com/google/android/agera/database/SqlRequestCompilerStates.java:115: warning: no @return
    T column(@NonNull String column, @Nullable Double value);
      ^
/private/var/folders/bq/vtzpc5ns5sg2cthy61lqpg3dfzgbys/T/1564723059471-0/src/agera-master/extensions/database/src/main/java/com/google/android/agera/database/SqlRequestCompilerStates.java:121: warning: no @param for column
    T column(@NonNull String column, @Nullable Boolean value);
      ^
/private/var/folders/bq/vtzpc5ns5sg2cthy61lqpg3dfzgbys/T/1564723059471-0/src/agera-master/extensions/database/src/main/java/com/google/android/agera/database/SqlRequestCompilerStates.java:121: warning: no @param for value
    T column(@NonNull String column, @Nullable Boolean value);
      ^
/private/var/folders/bq/vtzpc5ns5sg2cthy61lqpg3dfzgbys/T/1564723059471-0/src/agera-master/extensions/database/src/main/java/com/google/android/agera/database/SqlRequestCompilerStates.java:121: warning: no @return
    T column(@NonNull String column, @Nullable Boolean value);
      ^
/private/var/folders/bq/vtzpc5ns5sg2cthy61lqpg3dfzgbys/T/1564723059471-0/src/agera-master/extensions/database/src/main/java/com/google/android/agera/database/SqlRequestCompilerStates.java:127: warning: no @param for column
    T column(@NonNull String column, @Nullable byte[] value);
      ^
/private/var/folders/bq/vtzpc5ns5sg2cthy61lqpg3dfzgbys/T/1564723059471-0/src/agera-master/extensions/database/src/main/java/com/google/android/agera/database/SqlRequestCompilerStates.java:127: warning: no @param for value
    T column(@NonNull String column, @Nullable byte[] value);
      ^
/private/var/folders/bq/vtzpc5ns5sg2cthy61lqpg3dfzgbys/T/1564723059471-0/src/agera-master/extensions/database/src/main/java/com/google/android/agera/database/SqlRequestCompilerStates.java:127: warning: no @return
    T column(@NonNull String column, @Nullable byte[] value);
      ^
/private/var/folders/bq/vtzpc5ns5sg2cthy61lqpg3dfzgbys/T/1564723059471-0/src/agera-master/extensions/database/src/main/java/com/google/android/agera/database/SqlRequestCompilerStates.java:133: warning: no @param for column
    T emptyColumn(@NonNull String column);
      ^
/private/var/folders/bq/vtzpc5ns5sg2cthy61lqpg3dfzgbys/T/1564723059471-0/src/agera-master/extensions/database/src/main/java/com/google/android/agera/database/SqlRequestCompilerStates.java:133: warning: no @return
    T emptyColumn(@NonNull String column);
      ^
/private/var/folders/bq/vtzpc5ns5sg2cthy61lqpg3dfzgbys/T/1564723059471-0/src/agera-master/extensions/database/src/main/java/com/google/android/agera/database/SqlRequestCompilerStates.java:59: warning: no @param for where
    T where(@NonNull String where);
      ^
/private/var/folders/bq/vtzpc5ns5sg2cthy61lqpg3dfzgbys/T/1564723059471-0/src/agera-master/extensions/database/src/main/java/com/google/android/agera/database/SqlRequestCompilerStates.java:59: warning: no @return
    T where(@NonNull String where);
      ^
/private/var/folders/bq/vtzpc5ns5sg2cthy61lqpg3dfzgbys/T/1564723059471-0/src/agera-master/extensions/database/src/main/java/com/google/android/agera/database/SqlRequestCompilerStates.java:35: warning: no @param for sql
    T sql(@NonNull String sql);
      ^
/private/var/folders/bq/vtzpc5ns5sg2cthy61lqpg3dfzgbys/T/1564723059471-0/src/agera-master/extensions/database/src/main/java/com/google/android/agera/database/SqlRequestCompilerStates.java:35: warning: no @return
    T sql(@NonNull String sql);
      ^
/private/var/folders/bq/vtzpc5ns5sg2cthy61lqpg3dfzgbys/T/1564723059471-0/src/agera-master/extensions/database/src/main/java/com/google/android/agera/database/SqlRequestCompilerStates.java:47: warning: no @param for table
    T table(@NonNull String table);
      ^
/private/var/folders/bq/vtzpc5ns5sg2cthy61lqpg3dfzgbys/T/1564723059471-0/src/agera-master/extensions/database/src/main/java/com/google/android/agera/database/SqlRequestCompilerStates.java:47: warning: no @return
    T table(@NonNull String table);
      ^
/private/var/folders/bq/vtzpc5ns5sg2cthy61lqpg3dfzgbys/T/1564723059471-0/src/agera-master/extensions/database/src/main/java/com/google/android/agera/database/SqlRequests.java:45: warning: no @return
      SqlRequest, DBArgumentCompile<SqlRequest, DBCompile<SqlRequest>>>> sqlRequest() {
                                                                         ^
/private/var/folders/bq/vtzpc5ns5sg2cthy61lqpg3dfzgbys/T/1564723059471-0/src/agera-master/extensions/database/src/main/java/com/google/android/agera/database/SqlRequests.java:55: warning: no @return
      SqlDeleteRequest, DBCompile<SqlDeleteRequest>>>> sqlDeleteRequest() {
                                                       ^
/private/var/folders/bq/vtzpc5ns5sg2cthy61lqpg3dfzgbys/T/1564723059471-0/src/agera-master/extensions/database/src/main/java/com/google/android/agera/database/SqlRequests.java:64: warning: no @return
  public static DBTable<DBColumn<DBColumnConflictCompile<SqlInsertRequest, ?>>> sqlInsertRequest() {
                                                                                ^
/private/var/folders/bq/vtzpc5ns5sg2cthy61lqpg3dfzgbys/T/1564723059471-0/src/agera-master/extensions/database/src/main/java/com/google/android/agera/database/SqlRequests.java:75: warning: no @return
  sqlUpdateRequest() {
  ^

57 warnings
:extensions:database:javadocJar
:extensions:database:sourcesJar
:extensions:database:assemble
:extensions:database:lint FAILED

FAILURE: Build failed with an exception.

* What went wrong:
Execution failed for task ':extensions:database:lint'.
> No toolchains found in the NDK toolchains folder for ABI with prefix: mipsel-linux-android

* Try:
Run with --info or --debug option to get more log output.

* Exception is:
org.gradle.api.tasks.TaskExecutionException: Execution failed for task ':extensions:database:lint'.
	at org.gradle.api.internal.tasks.execution.ExecuteActionsTaskExecuter.executeActions(ExecuteActionsTaskExecuter.java:69)
	at org.gradle.api.internal.tasks.execution.ExecuteActionsTaskExecuter.execute(ExecuteActionsTaskExecuter.java:46)
	at org.gradle.api.internal.tasks.execution.PostExecutionAnalysisTaskExecuter.execute(PostExecutionAnalysisTaskExecuter.java:35)
	at org.gradle.api.internal.tasks.execution.SkipUpToDateTaskExecuter.execute(SkipUpToDateTaskExecuter.java:66)
	at org.gradle.api.internal.tasks.execution.ValidatingTaskExecuter.execute(ValidatingTaskExecuter.java:58)
	at org.gradle.api.internal.tasks.execution.SkipEmptySourceFilesTaskExecuter.execute(SkipEmptySourceFilesTaskExecuter.java:52)
	at org.gradle.api.internal.tasks.execution.SkipTaskWithNoActionsExecuter.execute(SkipTaskWithNoActionsExecuter.java:52)
	at org.gradle.api.internal.tasks.execution.SkipOnlyIfTaskExecuter.execute(SkipOnlyIfTaskExecuter.java:53)
	at org.gradle.api.internal.tasks.execution.ExecuteAtMostOnceTaskExecuter.execute(ExecuteAtMostOnceTaskExecuter.java:43)
	at org.gradle.execution.taskgraph.DefaultTaskGraphExecuter$EventFiringTaskWorker.execute(DefaultTaskGraphExecuter.java:203)
	at org.gradle.execution.taskgraph.DefaultTaskGraphExecuter$EventFiringTaskWorker.execute(DefaultTaskGraphExecuter.java:185)
	at org.gradle.execution.taskgraph.AbstractTaskPlanExecutor$TaskExecutorWorker.processTask(AbstractTaskPlanExecutor.java:66)
	at org.gradle.execution.taskgraph.AbstractTaskPlanExecutor$TaskExecutorWorker.run(AbstractTaskPlanExecutor.java:50)
	at org.gradle.execution.taskgraph.DefaultTaskPlanExecutor.process(DefaultTaskPlanExecutor.java:25)
	at org.gradle.execution.taskgraph.DefaultTaskGraphExecuter.execute(DefaultTaskGraphExecuter.java:110)
	at org.gradle.execution.SelectedTaskExecutionAction.execute(SelectedTaskExecutionAction.java:37)
	at org.gradle.execution.DefaultBuildExecuter.execute(DefaultBuildExecuter.java:37)
	at org.gradle.execution.DefaultBuildExecuter.access$000(DefaultBuildExecuter.java:23)
	at org.gradle.execution.DefaultBuildExecuter$1.proceed(DefaultBuildExecuter.java:43)
	at org.gradle.execution.DryRunBuildExecutionAction.execute(DryRunBuildExecutionAction.java:32)
	at org.gradle.execution.DefaultBuildExecuter.execute(DefaultBuildExecuter.java:37)
	at org.gradle.execution.DefaultBuildExecuter.execute(DefaultBuildExecuter.java:30)
	at org.gradle.initialization.DefaultGradleLauncher$4.run(DefaultGradleLauncher.java:153)
	at org.gradle.internal.Factories$1.create(Factories.java:22)
	at org.gradle.internal.progress.DefaultBuildOperationExecutor.run(DefaultBuildOperationExecutor.java:91)
	at org.gradle.internal.progress.DefaultBuildOperationExecutor.run(DefaultBuildOperationExecutor.java:53)
	at org.gradle.initialization.DefaultGradleLauncher.doBuildStages(DefaultGradleLauncher.java:150)
	at org.gradle.initialization.DefaultGradleLauncher.access$200(DefaultGradleLauncher.java:32)
	at org.gradle.initialization.DefaultGradleLauncher$1.create(DefaultGradleLauncher.java:98)
	at org.gradle.initialization.DefaultGradleLauncher$1.create(DefaultGradleLauncher.java:92)
	at org.gradle.internal.progress.DefaultBuildOperationExecutor.run(DefaultBuildOperationExecutor.java:91)
	at org.gradle.internal.progress.DefaultBuildOperationExecutor.run(DefaultBuildOperationExecutor.java:63)
	at org.gradle.initialization.DefaultGradleLauncher.doBuild(DefaultGradleLauncher.java:92)
	at org.gradle.initialization.DefaultGradleLauncher.run(DefaultGradleLauncher.java:83)
	at org.gradle.launcher.exec.InProcessBuildActionExecuter$DefaultBuildController.run(InProcessBuildActionExecuter.java:99)
	at org.gradle.tooling.internal.provider.ExecuteBuildActionRunner.run(ExecuteBuildActionRunner.java:28)
	at org.gradle.launcher.exec.ChainingBuildActionRunner.run(ChainingBuildActionRunner.java:35)
	at org.gradle.launcher.exec.InProcessBuildActionExecuter.execute(InProcessBuildActionExecuter.java:48)
	at org.gradle.launcher.exec.InProcessBuildActionExecuter.execute(InProcessBuildActionExecuter.java:30)
	at org.gradle.launcher.exec.ContinuousBuildActionExecuter.execute(ContinuousBuildActionExecuter.java:81)
	at org.gradle.launcher.exec.ContinuousBuildActionExecuter.execute(ContinuousBuildActionExecuter.java:46)
	at org.gradle.launcher.exec.DaemonUsageSuggestingBuildActionExecuter.execute(DaemonUsageSuggestingBuildActionExecuter.java:51)
	at org.gradle.launcher.exec.DaemonUsageSuggestingBuildActionExecuter.execute(DaemonUsageSuggestingBuildActionExecuter.java:28)
	at org.gradle.launcher.cli.RunBuildAction.run(RunBuildAction.java:43)
	at org.gradle.internal.Actions$RunnableActionAdapter.execute(Actions.java:173)
	at org.gradle.launcher.cli.CommandLineActionFactory$ParseAndBuildAction.execute(CommandLineActionFactory.java:239)
	at org.gradle.launcher.cli.CommandLineActionFactory$ParseAndBuildAction.execute(CommandLineActionFactory.java:212)
	at org.gradle.launcher.cli.JavaRuntimeValidationAction.execute(JavaRuntimeValidationAction.java:35)
	at org.gradle.launcher.cli.JavaRuntimeValidationAction.execute(JavaRuntimeValidationAction.java:24)
	at org.gradle.launcher.cli.ExceptionReportingAction.execute(ExceptionReportingAction.java:33)
	at org.gradle.launcher.cli.ExceptionReportingAction.execute(ExceptionReportingAction.java:22)
	at org.gradle.launcher.cli.CommandLineActionFactory$WithLogging.execute(CommandLineActionFactory.java:205)
	at org.gradle.launcher.cli.CommandLineActionFactory$WithLogging.execute(CommandLineActionFactory.java:169)
	at org.gradle.launcher.Main.doAction(Main.java:33)
	at org.gradle.launcher.bootstrap.EntryPoint.run(EntryPoint.java:45)
	at org.gradle.launcher.bootstrap.ProcessBootstrap.runNoExit(ProcessBootstrap.java:55)
	at org.gradle.launcher.bootstrap.ProcessBootstrap.run(ProcessBootstrap.java:36)
	at org.gradle.launcher.GradleMain.main(GradleMain.java:23)
	at org.gradle.wrapper.BootstrapMainStarter.start(BootstrapMainStarter.java:30)
	at org.gradle.wrapper.WrapperExecutor.execute(WrapperExecutor.java:129)
	at org.gradle.wrapper.GradleWrapperMain.main(GradleWrapperMain.java:61)
Caused by: java.lang.RuntimeException: No toolchains found in the NDK toolchains folder for ABI with prefix: mipsel-linux-android
	at com.android.build.gradle.internal.ndk.DefaultNdkInfo.getDefaultToolchainVersion(DefaultNdkInfo.java:330)
	at com.android.build.gradle.internal.ndk.DefaultNdkInfo.getToolchainPath(DefaultNdkInfo.java:207)
	at com.android.build.gradle.internal.ndk.DefaultNdkInfo.getCCompiler(DefaultNdkInfo.java:263)
	at com.android.build.gradle.internal.ndk.NdkHandler.getCCompiler(NdkHandler.java:306)
	at com.android.build.gradle.internal.model.ModelBuilder.createNativeToolchainModelMap(ModelBuilder.java:240)
	at com.android.build.gradle.internal.model.ModelBuilder.buildAll(ModelBuilder.java:175)
	at com.android.build.gradle.tasks.Lint.createAndroidProject(Lint.java:288)
	at com.android.build.gradle.tasks.Lint.lint(Lint.java:105)
	at org.gradle.internal.reflect.JavaMethod.invoke(JavaMethod.java:75)
	at org.gradle.api.internal.project.taskfactory.AnnotationProcessingTaskFactory$StandardTaskAction.doExecute(AnnotationProcessingTaskFactory.java:228)
	at org.gradle.api.internal.project.taskfactory.AnnotationProcessingTaskFactory$StandardTaskAction.execute(AnnotationProcessingTaskFactory.java:221)
	at org.gradle.api.internal.project.taskfactory.AnnotationProcessingTaskFactory$StandardTaskAction.execute(AnnotationProcessingTaskFactory.java:210)
	at org.gradle.api.internal.AbstractTask$TaskActionWrapper.execute(AbstractTask.java:621)
	at org.gradle.api.internal.AbstractTask$TaskActionWrapper.execute(AbstractTask.java:604)
	at org.gradle.api.internal.tasks.execution.ExecuteActionsTaskExecuter.executeAction(ExecuteActionsTaskExecuter.java:80)
	at org.gradle.api.internal.tasks.execution.ExecuteActionsTaskExecuter.executeActions(ExecuteActionsTaskExecuter.java:61)
	... 60 more


BUILD FAILED

Total time: 10.007 secs

2019-08-02 12:18:53,932 INFO  ProjectTaskService - Detecting possible tasks...
2019-08-02 12:18:53,932 INFO  SysUtils - Execute command: [/var/folders/bq/vtzpc5ns5sg2cthy61lqpg3dfzgbys/T/1564723059471-0/src/agera-master/gradlew, -b, /var/folders/bq/vtzpc5ns5sg2cthy61lqpg3dfzgbys/T/1564723059471-0/src/agera-master/extensions/net/build.gradle, -Dorg.gradle.daemon=false, -Dorg.gradle.daemon.performance.enable-monitoring=false, -Dorg.gradle.configureondemand=true, tasks]
2019-08-02 12:19:02,849 ERROR ProjectTaskService - Could not detect possible Gradle tasks: Process exited with an error: 1 (Exit value: 1)
2019-08-02 12:19:02,849 INFO  ProjectTaskService - Detected possible tasks: 0
2019-08-02 12:19:02,849 INFO  ProjectTaskService - Excluded tasks (0): none
2019-08-02 12:19:02,849 INFO  SysUtils - Execute command: [/var/folders/bq/vtzpc5ns5sg2cthy61lqpg3dfzgbys/T/1564723059471-0/src/agera-master/gradlew, -b, /var/folders/bq/vtzpc5ns5sg2cthy61lqpg3dfzgbys/T/1564723059471-0/src/agera-master/extensions/net/build.gradle, -Dorg.gradle.daemon=false, -Dorg.gradle.daemon.performance.enable-monitoring=false, -Dorg.gradle.configureondemand=true, --stacktrace, build]
2019-08-02 12:19:14,971 ERROR SysUtils - Could not process external command
org.apache.commons.exec.ExecuteException: Process exited with an error: 1 (Exit value: 1)
	at org.apache.commons.exec.DefaultExecutor.executeInternal(DefaultExecutor.java:404)
	at org.apache.commons.exec.DefaultExecutor.execute(DefaultExecutor.java:166)
	at com.github.vbauer.apkmaster.util.SysUtils.execute(SysUtils.java:67)
	at com.github.vbauer.apkmaster.util.SysUtils.executeSimple(SysUtils.java:43)
	at com.github.vbauer.apkmaster.service.assembly.ProjectBuildService.buildProject(ProjectBuildService.java:78)
	at com.github.vbauer.apkmaster.service.assembly.ProjectBuildService.buildProject(ProjectBuildService.java:64)
	at com.github.vbauer.apkmaster.service.assembly.ProjectBuildService.buildProject(ProjectBuildService.java:43)
	at com.github.vbauer.apkmaster.service.FullProcessService.build(FullProcessService.java:84)
	at com.github.vbauer.apkmaster.service.FullProcessService.process(FullProcessService.java:34)
	at com.github.vbauer.apkmaster.app.MainApplication.process(MainApplication.java:38)
	at com.github.vbauer.apkmaster.app.MainApplication.main(MainApplication.java:20)
	at sun.reflect.NativeMethodAccessorImpl.invoke0(Native Method)
	at sun.reflect.NativeMethodAccessorImpl.invoke(NativeMethodAccessorImpl.java:62)
	at sun.reflect.DelegatingMethodAccessorImpl.invoke(DelegatingMethodAccessorImpl.java:43)
	at java.lang.reflect.Method.invoke(Method.java:498)
	at com.android.arsenal.util.ReflectionUtils.invoke(ReflectionUtils.java:52)
	at com.android.arsenal.util.ApkMasterUtils.main(ApkMasterUtils.java:30)
	at com.android.arsenal.service.processor.impl.BuildProcessorServiceImpl.buildProject(BuildProcessorServiceImpl.java:196)
	at com.android.arsenal.service.processor.impl.BuildProcessorServiceImpl.build(BuildProcessorServiceImpl.java:130)
	at com.android.arsenal.service.processor.impl.BuildProcessorServiceImpl.lambda$createTasks$1(BuildProcessorServiceImpl.java:113)
	at java.util.concurrent.FutureTask.run(FutureTask.java:266)
	at java.util.concurrent.Executors$RunnableAdapter.call(Executors.java:511)
	at java.util.concurrent.FutureTask.run(FutureTask.java:266)
	at java.util.concurrent.ThreadPoolExecutor.runWorker(ThreadPoolExecutor.java:1149)
	at java.util.concurrent.ThreadPoolExecutor$Worker.run(ThreadPoolExecutor.java:624)
	at java.lang.Thread.run(Thread.java:748)
2019-08-02 12:19:14,971 INFO  SysUtils - Configuration on demand is an incubating feature.
Incremental java compilation is an incubating feature.
:extensions:net:preBuild UP-TO-DATE
:extensions:net:preDebugBuild UP-TO-DATE
:extensions:net:checkDebugManifest
:agera:preBuild UP-TO-DATE
:agera:preReleaseBuild UP-TO-DATE
:agera:checkReleaseManifest
:agera:prepareReleaseDependencies
:agera:compileReleaseAidl UP-TO-DATE
:agera:compileReleaseNdk UP-TO-DATE
:agera:compileLint UP-TO-DATE
:agera:copyReleaseLint UP-TO-DATE
:agera:compileReleaseRenderscript UP-TO-DATE
:agera:generateReleaseBuildConfig UP-TO-DATE
:agera:generateReleaseResValues UP-TO-DATE
:agera:generateReleaseResources UP-TO-DATE
:agera:packageReleaseResources UP-TO-DATE
:agera:processReleaseManifest UP-TO-DATE
:agera:processReleaseResources UP-TO-DATE
:agera:generateReleaseSources UP-TO-DATE
:agera:incrementalReleaseJavaCompilationSafeguard UP-TO-DATE
:agera:compileReleaseJavaWithJavac UP-TO-DATE
:agera:extractReleaseAnnotations UP-TO-DATE
:agera:mergeReleaseShaders UP-TO-DATE
:agera:compileReleaseShaders UP-TO-DATE
:agera:generateReleaseAssets UP-TO-DATE
:agera:mergeReleaseAssets UP-TO-DATE
:agera:mergeReleaseProguardFiles UP-TO-DATE
:agera:packageReleaseRenderscript UP-TO-DATE
:agera:processReleaseJavaRes UP-TO-DATE
:agera:transformResourcesWithMergeJavaResForRelease UP-TO-DATE
:agera:transformClassesAndResourcesWithSyncLibJarsForRelease UP-TO-DATE
:agera:mergeReleaseJniLibFolders UP-TO-DATE
:agera:transformNative_libsWithMergeJniLibsForRelease UP-TO-DATE
:agera:transformNative_libsWithSyncJniLibsForRelease UP-TO-DATE
:agera:bundleRelease UP-TO-DATE
:extensions:net:preDebugAndroidTestBuild UP-TO-DATE
:extensions:net:preDebugUnitTestBuild UP-TO-DATE
:extensions:net:preReleaseBuild UP-TO-DATE
:extensions:net:preReleaseUnitTestBuild UP-TO-DATE
:extensions:net:prepareComGoogleAndroidAgeraAgera140Library
:extensions:net:prepareDebugDependencies
:extensions:net:compileDebugAidl
:extensions:net:compileDebugNdk UP-TO-DATE
:extensions:net:compileLint
:extensions:net:copyDebugLint UP-TO-DATE
:extensions:net:compileDebugRenderscript
:extensions:net:generateDebugBuildConfig
:extensions:net:generateDebugResValues
:extensions:net:generateDebugResources
:extensions:net:mergeDebugResources
:extensions:net:processDebugManifest
:extensions:net:processDebugResources
:extensions:net:generateDebugSources
:extensions:net:incrementalDebugJavaCompilationSafeguard
:extensions:net:compileDebugJavaWithJavac
:extensions:net:compileDebugJavaWithJavac - is not incremental (e.g. outputs have changed, no previous execution, etc.).
:extensions:net:extractDebugAnnotations
:extensions:net:mergeDebugShaders
:extensions:net:compileDebugShaders
:extensions:net:generateDebugAssets
:extensions:net:mergeDebugAssets
:extensions:net:mergeDebugProguardFiles
:extensions:net:packageDebugRenderscript UP-TO-DATE
:extensions:net:packageDebugResources
:extensions:net:unzipJacocoAgent
:extensions:net:transformClassesWithJacocoForDebug
:extensions:net:processDebugJavaRes UP-TO-DATE
:extensions:net:transformResourcesWithMergeJavaResForDebug
:extensions:net:transformClassesAndResourcesWithSyncLibJarsForDebug
:extensions:net:mergeDebugJniLibFolders
:extensions:net:transformNative_libsWithMergeJniLibsForDebug
:extensions:net:transformNative_libsWithSyncJniLibsForDebug
:extensions:net:bundleDebug
:extensions:net:compileDebugSources
:extensions:net:assembleDebug
:extensions:net:checkReleaseManifest
:extensions:net:prepareReleaseDependencies
:extensions:net:compileReleaseAidl
:extensions:net:compileReleaseNdk UP-TO-DATE
:extensions:net:copyReleaseLint UP-TO-DATE
:extensions:net:compileReleaseRenderscript
:extensions:net:generateReleaseBuildConfig
:extensions:net:generateReleaseResValues
:extensions:net:generateReleaseResources
:extensions:net:mergeReleaseResources
:extensions:net:processReleaseManifest
:extensions:net:processReleaseResources
:extensions:net:generateReleaseSources
:extensions:net:incrementalReleaseJavaCompilationSafeguard
:extensions:net:compileReleaseJavaWithJavac
:extensions:net:compileReleaseJavaWithJavac - is not incremental (e.g. outputs have changed, no previous execution, etc.).
:extensions:net:extractReleaseAnnotations
:extensions:net:mergeReleaseShaders
:extensions:net:compileReleaseShaders
:extensions:net:generateReleaseAssets
:extensions:net:mergeReleaseAssets
:extensions:net:mergeReleaseProguardFiles
:extensions:net:packageReleaseRenderscript UP-TO-DATE
:extensions:net:packageReleaseResources
:extensions:net:processReleaseJavaRes UP-TO-DATE
:extensions:net:transformResourcesWithMergeJavaResForRelease
:extensions:net:transformClassesAndResourcesWithSyncLibJarsForRelease
:extensions:net:mergeReleaseJniLibFolders
:extensions:net:transformNative_libsWithMergeJniLibsForRelease
:extensions:net:transformNative_libsWithSyncJniLibsForRelease
:extensions:net:bundleRelease
:extensions:net:compileReleaseSources
:extensions:net:assembleRelease
:extensions:net:releaseJavadoc/private/var/folders/bq/vtzpc5ns5sg2cthy61lqpg3dfzgbys/T/1564723059471-0/src/agera-master/extensions/net/src/main/java/com/google/android/agera/net/HttpFunctions.java:38: warning: no @return
  public static Function<HttpRequest, Result<HttpResponse>> httpFunction() {
                                                            ^
/private/var/folders/bq/vtzpc5ns5sg2cthy61lqpg3dfzgbys/T/1564723059471-0/src/agera-master/extensions/net/src/main/java/com/google/android/agera/net/HttpRequestCompilerStates.java:34: warning: no @param for body
    HTHeaderFieldRedirectsCachesConnectionTimeoutReadTimeoutCompile body(
                                                                    ^
/private/var/folders/bq/vtzpc5ns5sg2cthy61lqpg3dfzgbys/T/1564723059471-0/src/agera-master/extensions/net/src/main/java/com/google/android/agera/net/HttpRequestCompilerStates.java:34: warning: no @return
    HTHeaderFieldRedirectsCachesConnectionTimeoutReadTimeoutCompile body(
                                                                    ^
/private/var/folders/bq/vtzpc5ns5sg2cthy61lqpg3dfzgbys/T/1564723059471-0/src/agera-master/extensions/net/src/main/java/com/google/android/agera/net/HttpRequestCompilerStates.java:60: warning: no @param for name
    HTHeaderFieldRedirectsCachesConnectionTimeoutReadTimeoutCompile headerField(
                                                                    ^
/private/var/folders/bq/vtzpc5ns5sg2cthy61lqpg3dfzgbys/T/1564723059471-0/src/agera-master/extensions/net/src/main/java/com/google/android/agera/net/HttpRequestCompilerStates.java:60: warning: no @param for value
    HTHeaderFieldRedirectsCachesConnectionTimeoutReadTimeoutCompile headerField(
                                                                    ^
/private/var/folders/bq/vtzpc5ns5sg2cthy61lqpg3dfzgbys/T/1564723059471-0/src/agera-master/extensions/net/src/main/java/com/google/android/agera/net/HttpRequestCompilerStates.java:60: warning: no @return
    HTHeaderFieldRedirectsCachesConnectionTimeoutReadTimeoutCompile headerField(
                                                                    ^
/private/var/folders/bq/vtzpc5ns5sg2cthy61lqpg3dfzgbys/T/1564723059471-0/src/agera-master/extensions/net/src/main/java/com/google/android/agera/net/HttpRequestCompilerStates.java:68: warning: no @return
    HTCachesConnectionTimeoutReadTimeoutCompile noRedirects();
                                                ^
/private/var/folders/bq/vtzpc5ns5sg2cthy61lqpg3dfzgbys/T/1564723059471-0/src/agera-master/extensions/net/src/main/java/com/google/android/agera/net/HttpRequestCompilerStates.java:106: warning: no @return
    HTConnectionTimeoutReadTimeoutCompile noCaches();
                                          ^
/private/var/folders/bq/vtzpc5ns5sg2cthy61lqpg3dfzgbys/T/1564723059471-0/src/agera-master/extensions/net/src/main/java/com/google/android/agera/net/HttpRequestCompilerStates.java:92: warning: no @param for connectionTimeoutMs
    HTReadTimeoutCompile connectTimeoutMs(int connectionTimeoutMs);
                         ^
/private/var/folders/bq/vtzpc5ns5sg2cthy61lqpg3dfzgbys/T/1564723059471-0/src/agera-master/extensions/net/src/main/java/com/google/android/agera/net/HttpRequestCompilerStates.java:92: warning: no @return
    HTReadTimeoutCompile connectTimeoutMs(int connectionTimeoutMs);
                         ^
/private/var/folders/bq/vtzpc5ns5sg2cthy61lqpg3dfzgbys/T/1564723059471-0/src/agera-master/extensions/net/src/main/java/com/google/android/agera/net/HttpRequestCompilerStates.java:80: warning: no @param for readTimeoutMs
    HTCompile readTimeoutMs(int readTimeoutMs);
              ^
/private/var/folders/bq/vtzpc5ns5sg2cthy61lqpg3dfzgbys/T/1564723059471-0/src/agera-master/extensions/net/src/main/java/com/google/android/agera/net/HttpRequestCompilerStates.java:80: warning: no @return
    HTCompile readTimeoutMs(int readTimeoutMs);
              ^
/private/var/folders/bq/vtzpc5ns5sg2cthy61lqpg3dfzgbys/T/1564723059471-0/src/agera-master/extensions/net/src/main/java/com/google/android/agera/net/HttpRequestCompilerStates.java:47: warning: no @return
    HttpRequest compile();
                ^
/private/var/folders/bq/vtzpc5ns5sg2cthy61lqpg3dfzgbys/T/1564723059471-0/src/agera-master/extensions/net/src/main/java/com/google/android/agera/net/HttpRequests.java:33: warning: no @param for url
  httpGetRequest(@NonNull final String url) {
  ^
/private/var/folders/bq/vtzpc5ns5sg2cthy61lqpg3dfzgbys/T/1564723059471-0/src/agera-master/extensions/net/src/main/java/com/google/android/agera/net/HttpRequests.java:33: warning: no @return
  httpGetRequest(@NonNull final String url) {
  ^
/private/var/folders/bq/vtzpc5ns5sg2cthy61lqpg3dfzgbys/T/1564723059471-0/src/agera-master/extensions/net/src/main/java/com/google/android/agera/net/HttpRequests.java:43: warning: no @param for url
  httpPutRequest(@NonNull final String url) {
  ^
/private/var/folders/bq/vtzpc5ns5sg2cthy61lqpg3dfzgbys/T/1564723059471-0/src/agera-master/extensions/net/src/main/java/com/google/android/agera/net/HttpRequests.java:43: warning: no @return
  httpPutRequest(@NonNull final String url) {
  ^
/private/var/folders/bq/vtzpc5ns5sg2cthy61lqpg3dfzgbys/T/1564723059471-0/src/agera-master/extensions/net/src/main/java/com/google/android/agera/net/HttpRequests.java:53: warning: no @param for url
  httpPostRequest(@NonNull final String url) {
  ^
/private/var/folders/bq/vtzpc5ns5sg2cthy61lqpg3dfzgbys/T/1564723059471-0/src/agera-master/extensions/net/src/main/java/com/google/android/agera/net/HttpRequests.java:53: warning: no @return
  httpPostRequest(@NonNull final String url) {
  ^
/private/var/folders/bq/vtzpc5ns5sg2cthy61lqpg3dfzgbys/T/1564723059471-0/src/agera-master/extensions/net/src/main/java/com/google/android/agera/net/HttpRequests.java:63: warning: no @param for url
  httpDeleteRequest(@NonNull final String url) {
  ^
/private/var/folders/bq/vtzpc5ns5sg2cthy61lqpg3dfzgbys/T/1564723059471-0/src/agera-master/extensions/net/src/main/java/com/google/android/agera/net/HttpRequests.java:63: warning: no @return
  httpDeleteRequest(@NonNull final String url) {
  ^
/private/var/folders/bq/vtzpc5ns5sg2cthy61lqpg3dfzgbys/T/1564723059471-0/src/agera-master/extensions/net/src/main/java/com/google/android/agera/net/HttpResponse.java:68: warning: no @param for responseCode
  public static HttpResponse httpResponse(final int responseCode,
                             ^
/private/var/folders/bq/vtzpc5ns5sg2cthy61lqpg3dfzgbys/T/1564723059471-0/src/agera-master/extensions/net/src/main/java/com/google/android/agera/net/HttpResponse.java:68: warning: no @param for responseMessage
  public static HttpResponse httpResponse(final int responseCode,
                             ^
/private/var/folders/bq/vtzpc5ns5sg2cthy61lqpg3dfzgbys/T/1564723059471-0/src/agera-master/extensions/net/src/main/java/com/google/android/agera/net/HttpResponse.java:68: warning: no @param for header
  public static HttpResponse httpResponse(final int responseCode,
                             ^
/private/var/folders/bq/vtzpc5ns5sg2cthy61lqpg3dfzgbys/T/1564723059471-0/src/agera-master/extensions/net/src/main/java/com/google/android/agera/net/HttpResponse.java:68: warning: no @param for body
  public static HttpResponse httpResponse(final int responseCode,
                             ^
/private/var/folders/bq/vtzpc5ns5sg2cthy61lqpg3dfzgbys/T/1564723059471-0/src/agera-master/extensions/net/src/main/java/com/google/android/agera/net/HttpResponse.java:68: warning: no @return
  public static HttpResponse httpResponse(final int responseCode,
                             ^
/private/var/folders/bq/vtzpc5ns5sg2cthy61lqpg3dfzgbys/T/1564723059471-0/src/agera-master/extensions/net/src/main/java/com/google/android/agera/net/HttpResponse.java:78: warning: no @return
  public byte[] getBody() {
                ^
/private/var/folders/bq/vtzpc5ns5sg2cthy61lqpg3dfzgbys/T/1564723059471-0/src/agera-master/extensions/net/src/main/java/com/google/android/agera/net/HttpResponse.java:88: warning: no @return
  public Result<String> getBodyString() {
                        ^
/private/var/folders/bq/vtzpc5ns5sg2cthy61lqpg3dfzgbys/T/1564723059471-0/src/agera-master/extensions/net/src/main/java/com/google/android/agera/net/HttpResponse.java:101: warning: no @return
  public int getResponseCode() {
             ^
/private/var/folders/bq/vtzpc5ns5sg2cthy61lqpg3dfzgbys/T/1564723059471-0/src/agera-master/extensions/net/src/main/java/com/google/android/agera/net/HttpResponse.java:109: warning: no @return
  public String getResponseMessage() {
                ^
/private/var/folders/bq/vtzpc5ns5sg2cthy61lqpg3dfzgbys/T/1564723059471-0/src/agera-master/extensions/net/src/main/java/com/google/android/agera/net/HttpResponse.java:118: warning: no @param for field
  public Result<String> getHeaderFieldValue(@NonNull final String field) {
                        ^
/private/var/folders/bq/vtzpc5ns5sg2cthy61lqpg3dfzgbys/T/1564723059471-0/src/agera-master/extensions/net/src/main/java/com/google/android/agera/net/HttpResponse.java:118: warning: no @return
  public Result<String> getHeaderFieldValue(@NonNull final String field) {
                        ^

32 warnings
:extensions:net:javadocJar
:extensions:net:sourcesJar
:extensions:net:assemble
:extensions:net:lint FAILED

FAILURE: Build failed with an exception.

* What went wrong:
Execution failed for task ':extensions:net:lint'.
> No toolchains found in the NDK toolchains folder for ABI with prefix: mipsel-linux-android

* Try:
Run with --info or --debug option to get more log output.

* Exception is:
org.gradle.api.tasks.TaskExecutionException: Execution failed for task ':extensions:net:lint'.
	at org.gradle.api.internal.tasks.execution.ExecuteActionsTaskExecuter.executeActions(ExecuteActionsTaskExecuter.java:69)
	at org.gradle.api.internal.tasks.execution.ExecuteActionsTaskExecuter.execute(ExecuteActionsTaskExecuter.java:46)
	at org.gradle.api.internal.tasks.execution.PostExecutionAnalysisTaskExecuter.execute(PostExecutionAnalysisTaskExecuter.java:35)
	at org.gradle.api.internal.tasks.execution.SkipUpToDateTaskExecuter.execute(SkipUpToDateTaskExecuter.java:66)
	at org.gradle.api.internal.tasks.execution.ValidatingTaskExecuter.execute(ValidatingTaskExecuter.java:58)
	at org.gradle.api.internal.tasks.execution.SkipEmptySourceFilesTaskExecuter.execute(SkipEmptySourceFilesTaskExecuter.java:52)
	at org.gradle.api.internal.tasks.execution.SkipTaskWithNoActionsExecuter.execute(SkipTaskWithNoActionsExecuter.java:52)
	at org.gradle.api.internal.tasks.execution.SkipOnlyIfTaskExecuter.execute(SkipOnlyIfTaskExecuter.java:53)
	at org.gradle.api.internal.tasks.execution.ExecuteAtMostOnceTaskExecuter.execute(ExecuteAtMostOnceTaskExecuter.java:43)
	at org.gradle.execution.taskgraph.DefaultTaskGraphExecuter$EventFiringTaskWorker.execute(DefaultTaskGraphExecuter.java:203)
	at org.gradle.execution.taskgraph.DefaultTaskGraphExecuter$EventFiringTaskWorker.execute(DefaultTaskGraphExecuter.java:185)
	at org.gradle.execution.taskgraph.AbstractTaskPlanExecutor$TaskExecutorWorker.processTask(AbstractTaskPlanExecutor.java:66)
	at org.gradle.execution.taskgraph.AbstractTaskPlanExecutor$TaskExecutorWorker.run(AbstractTaskPlanExecutor.java:50)
	at org.gradle.execution.taskgraph.DefaultTaskPlanExecutor.process(DefaultTaskPlanExecutor.java:25)
	at org.gradle.execution.taskgraph.DefaultTaskGraphExecuter.execute(DefaultTaskGraphExecuter.java:110)
	at org.gradle.execution.SelectedTaskExecutionAction.execute(SelectedTaskExecutionAction.java:37)
	at org.gradle.execution.DefaultBuildExecuter.execute(DefaultBuildExecuter.java:37)
	at org.gradle.execution.DefaultBuildExecuter.access$000(DefaultBuildExecuter.java:23)
	at org.gradle.execution.DefaultBuildExecuter$1.proceed(DefaultBuildExecuter.java:43)
	at org.gradle.execution.DryRunBuildExecutionAction.execute(DryRunBuildExecutionAction.java:32)
	at org.gradle.execution.DefaultBuildExecuter.execute(DefaultBuildExecuter.java:37)
	at org.gradle.execution.DefaultBuildExecuter.execute(DefaultBuildExecuter.java:30)
	at org.gradle.initialization.DefaultGradleLauncher$4.run(DefaultGradleLauncher.java:153)
	at org.gradle.internal.Factories$1.create(Factories.java:22)
	at org.gradle.internal.progress.DefaultBuildOperationExecutor.run(DefaultBuildOperationExecutor.java:91)
	at org.gradle.internal.progress.DefaultBuildOperationExecutor.run(DefaultBuildOperationExecutor.java:53)
	at org.gradle.initialization.DefaultGradleLauncher.doBuildStages(DefaultGradleLauncher.java:150)
	at org.gradle.initialization.DefaultGradleLauncher.access$200(DefaultGradleLauncher.java:32)
	at org.gradle.initialization.DefaultGradleLauncher$1.create(DefaultGradleLauncher.java:98)
	at org.gradle.initialization.DefaultGradleLauncher$1.create(DefaultGradleLauncher.java:92)
	at org.gradle.internal.progress.DefaultBuildOperationExecutor.run(DefaultBuildOperationExecutor.java:91)
	at org.gradle.internal.progress.DefaultBuildOperationExecutor.run(DefaultBuildOperationExecutor.java:63)
	at org.gradle.initialization.DefaultGradleLauncher.doBuild(DefaultGradleLauncher.java:92)
	at org.gradle.initialization.DefaultGradleLauncher.run(DefaultGradleLauncher.java:83)
	at org.gradle.launcher.exec.InProcessBuildActionExecuter$DefaultBuildController.run(InProcessBuildActionExecuter.java:99)
	at org.gradle.tooling.internal.provider.ExecuteBuildActionRunner.run(ExecuteBuildActionRunner.java:28)
	at org.gradle.launcher.exec.ChainingBuildActionRunner.run(ChainingBuildActionRunner.java:35)
	at org.gradle.launcher.exec.InProcessBuildActionExecuter.execute(InProcessBuildActionExecuter.java:48)
	at org.gradle.launcher.exec.InProcessBuildActionExecuter.execute(InProcessBuildActionExecuter.java:30)
	at org.gradle.launcher.exec.ContinuousBuildActionExecuter.execute(ContinuousBuildActionExecuter.java:81)
	at org.gradle.launcher.exec.ContinuousBuildActionExecuter.execute(ContinuousBuildActionExecuter.java:46)
	at org.gradle.launcher.exec.DaemonUsageSuggestingBuildActionExecuter.execute(DaemonUsageSuggestingBuildActionExecuter.java:51)
	at org.gradle.launcher.exec.DaemonUsageSuggestingBuildActionExecuter.execute(DaemonUsageSuggestingBuildActionExecuter.java:28)
	at org.gradle.launcher.cli.RunBuildAction.run(RunBuildAction.java:43)
	at org.gradle.internal.Actions$RunnableActionAdapter.execute(Actions.java:173)
	at org.gradle.launcher.cli.CommandLineActionFactory$ParseAndBuildAction.execute(CommandLineActionFactory.java:239)
	at org.gradle.launcher.cli.CommandLineActionFactory$ParseAndBuildAction.execute(CommandLineActionFactory.java:212)
	at org.gradle.launcher.cli.JavaRuntimeValidationAction.execute(JavaRuntimeValidationAction.java:35)
	at org.gradle.launcher.cli.JavaRuntimeValidationAction.execute(JavaRuntimeValidationAction.java:24)
	at org.gradle.launcher.cli.ExceptionReportingAction.execute(ExceptionReportingAction.java:33)
	at org.gradle.launcher.cli.ExceptionReportingAction.execute(ExceptionReportingAction.java:22)
	at org.gradle.launcher.cli.CommandLineActionFactory$WithLogging.execute(CommandLineActionFactory.java:205)
	at org.gradle.launcher.cli.CommandLineActionFactory$WithLogging.execute(CommandLineActionFactory.java:169)
	at org.gradle.launcher.Main.doAction(Main.java:33)
	at org.gradle.launcher.bootstrap.EntryPoint.run(EntryPoint.java:45)
	at org.gradle.launcher.bootstrap.ProcessBootstrap.runNoExit(ProcessBootstrap.java:55)
	at org.gradle.launcher.bootstrap.ProcessBootstrap.run(ProcessBootstrap.java:36)
	at org.gradle.launcher.GradleMain.main(GradleMain.java:23)
	at org.gradle.wrapper.BootstrapMainStarter.start(BootstrapMainStarter.java:30)
	at org.gradle.wrapper.WrapperExecutor.execute(WrapperExecutor.java:129)
	at org.gradle.wrapper.GradleWrapperMain.main(GradleWrapperMain.java:61)
Caused by: java.lang.RuntimeException: No toolchains found in the NDK toolchains folder for ABI with prefix: mipsel-linux-android
	at com.android.build.gradle.internal.ndk.DefaultNdkInfo.getDefaultToolchainVersion(DefaultNdkInfo.java:330)
	at com.android.build.gradle.internal.ndk.DefaultNdkInfo.getToolchainPath(DefaultNdkInfo.java:207)
	at com.android.build.gradle.internal.ndk.DefaultNdkInfo.getCCompiler(DefaultNdkInfo.java:263)
	at com.android.build.gradle.internal.ndk.NdkHandler.getCCompiler(NdkHandler.java:306)
	at com.android.build.gradle.internal.model.ModelBuilder.createNativeToolchainModelMap(ModelBuilder.java:240)
	at com.android.build.gradle.internal.model.ModelBuilder.buildAll(ModelBuilder.java:175)
	at com.android.build.gradle.tasks.Lint.createAndroidProject(Lint.java:288)
	at com.android.build.gradle.tasks.Lint.lint(Lint.java:105)
	at org.gradle.internal.reflect.JavaMethod.invoke(JavaMethod.java:75)
	at org.gradle.api.internal.project.taskfactory.AnnotationProcessingTaskFactory$StandardTaskAction.doExecute(AnnotationProcessingTaskFactory.java:228)
	at org.gradle.api.internal.project.taskfactory.AnnotationProcessingTaskFactory$StandardTaskAction.execute(AnnotationProcessingTaskFactory.java:221)
	at org.gradle.api.internal.project.taskfactory.AnnotationProcessingTaskFactory$StandardTaskAction.execute(AnnotationProcessingTaskFactory.java:210)
	at org.gradle.api.internal.AbstractTask$TaskActionWrapper.execute(AbstractTask.java:621)
	at org.gradle.api.internal.AbstractTask$TaskActionWrapper.execute(AbstractTask.java:604)
	at org.gradle.api.internal.tasks.execution.ExecuteActionsTaskExecuter.executeAction(ExecuteActionsTaskExecuter.java:80)
	at org.gradle.api.internal.tasks.execution.ExecuteActionsTaskExecuter.executeActions(ExecuteActionsTaskExecuter.java:61)
	... 60 more


BUILD FAILED

Total time: 11.56 secs

2019-08-02 12:19:15,014 INFO  ProjectTaskService - Detecting possible tasks...
2019-08-02 12:19:15,014 INFO  SysUtils - Execute command: [/var/folders/bq/vtzpc5ns5sg2cthy61lqpg3dfzgbys/T/1564723059471-0/src/agera-master/gradlew, -b, /var/folders/bq/vtzpc5ns5sg2cthy61lqpg3dfzgbys/T/1564723059471-0/src/agera-master/extensions/rvadapter/build.gradle, -Dorg.gradle.daemon=false, -Dorg.gradle.daemon.performance.enable-monitoring=false, -Dorg.gradle.configureondemand=true, tasks]
2019-08-02 12:19:23,787 ERROR ProjectTaskService - Could not detect possible Gradle tasks: Process exited with an error: 1 (Exit value: 1)
2019-08-02 12:19:23,787 INFO  ProjectTaskService - Detected possible tasks: 0
2019-08-02 12:19:23,787 INFO  ProjectTaskService - Excluded tasks (0): none
2019-08-02 12:19:23,787 INFO  SysUtils - Execute command: [/var/folders/bq/vtzpc5ns5sg2cthy61lqpg3dfzgbys/T/1564723059471-0/src/agera-master/gradlew, -b, /var/folders/bq/vtzpc5ns5sg2cthy61lqpg3dfzgbys/T/1564723059471-0/src/agera-master/extensions/rvadapter/build.gradle, -Dorg.gradle.daemon=false, -Dorg.gradle.daemon.performance.enable-monitoring=false, -Dorg.gradle.configureondemand=true, --stacktrace, build]
2019-08-02 12:19:36,632 ERROR SysUtils - Could not process external command
org.apache.commons.exec.ExecuteException: Process exited with an error: 1 (Exit value: 1)
	at org.apache.commons.exec.DefaultExecutor.executeInternal(DefaultExecutor.java:404)
	at org.apache.commons.exec.DefaultExecutor.execute(DefaultExecutor.java:166)
	at com.github.vbauer.apkmaster.util.SysUtils.execute(SysUtils.java:67)
	at com.github.vbauer.apkmaster.util.SysUtils.executeSimple(SysUtils.java:43)
	at com.github.vbauer.apkmaster.service.assembly.ProjectBuildService.buildProject(ProjectBuildService.java:78)
	at com.github.vbauer.apkmaster.service.assembly.ProjectBuildService.buildProject(ProjectBuildService.java:64)
	at com.github.vbauer.apkmaster.service.assembly.ProjectBuildService.buildProject(ProjectBuildService.java:43)
	at com.github.vbauer.apkmaster.service.FullProcessService.build(FullProcessService.java:84)
	at com.github.vbauer.apkmaster.service.FullProcessService.process(FullProcessService.java:34)
	at com.github.vbauer.apkmaster.app.MainApplication.process(MainApplication.java:38)
	at com.github.vbauer.apkmaster.app.MainApplication.main(MainApplication.java:20)
	at sun.reflect.NativeMethodAccessorImpl.invoke0(Native Method)
	at sun.reflect.NativeMethodAccessorImpl.invoke(NativeMethodAccessorImpl.java:62)
	at sun.reflect.DelegatingMethodAccessorImpl.invoke(DelegatingMethodAccessorImpl.java:43)
	at java.lang.reflect.Method.invoke(Method.java:498)
	at com.android.arsenal.util.ReflectionUtils.invoke(ReflectionUtils.java:52)
	at com.android.arsenal.util.ApkMasterUtils.main(ApkMasterUtils.java:30)
	at com.android.arsenal.service.processor.impl.BuildProcessorServiceImpl.buildProject(BuildProcessorServiceImpl.java:196)
	at com.android.arsenal.service.processor.impl.BuildProcessorServiceImpl.build(BuildProcessorServiceImpl.java:130)
	at com.android.arsenal.service.processor.impl.BuildProcessorServiceImpl.lambda$createTasks$1(BuildProcessorServiceImpl.java:113)
	at java.util.concurrent.FutureTask.run(FutureTask.java:266)
	at java.util.concurrent.Executors$RunnableAdapter.call(Executors.java:511)
	at java.util.concurrent.FutureTask.run(FutureTask.java:266)
	at java.util.concurrent.ThreadPoolExecutor.runWorker(ThreadPoolExecutor.java:1149)
	at java.util.concurrent.ThreadPoolExecutor$Worker.run(ThreadPoolExecutor.java:624)
	at java.lang.Thread.run(Thread.java:748)
2019-08-02 12:19:36,632 INFO  SysUtils - Configuration on demand is an incubating feature.
Incremental java compilation is an incubating feature.
:extensions:rvadapter:preBuild UP-TO-DATE
:extensions:rvadapter:preDebugBuild UP-TO-DATE
:extensions:rvadapter:checkDebugManifest
:agera:preBuild UP-TO-DATE
:agera:preReleaseBuild UP-TO-DATE
:agera:checkReleaseManifest
:agera:prepareReleaseDependencies
:agera:compileReleaseAidl UP-TO-DATE
:agera:compileReleaseNdk UP-TO-DATE
:agera:compileLint UP-TO-DATE
:agera:copyReleaseLint UP-TO-DATE
:agera:compileReleaseRenderscript UP-TO-DATE
:agera:generateReleaseBuildConfig UP-TO-DATE
:agera:generateReleaseResValues UP-TO-DATE
:agera:generateReleaseResources UP-TO-DATE
:agera:packageReleaseResources UP-TO-DATE
:agera:processReleaseManifest UP-TO-DATE
:agera:processReleaseResources UP-TO-DATE
:agera:generateReleaseSources UP-TO-DATE
:agera:incrementalReleaseJavaCompilationSafeguard UP-TO-DATE
:agera:compileReleaseJavaWithJavac UP-TO-DATE
:agera:extractReleaseAnnotations UP-TO-DATE
:agera:mergeReleaseShaders UP-TO-DATE
:agera:compileReleaseShaders UP-TO-DATE
:agera:generateReleaseAssets UP-TO-DATE
:agera:mergeReleaseAssets UP-TO-DATE
:agera:mergeReleaseProguardFiles UP-TO-DATE
:agera:packageReleaseRenderscript UP-TO-DATE
:agera:processReleaseJavaRes UP-TO-DATE
:agera:transformResourcesWithMergeJavaResForRelease UP-TO-DATE
:agera:transformClassesAndResourcesWithSyncLibJarsForRelease UP-TO-DATE
:agera:mergeReleaseJniLibFolders UP-TO-DATE
:agera:transformNative_libsWithMergeJniLibsForRelease UP-TO-DATE
:agera:transformNative_libsWithSyncJniLibsForRelease UP-TO-DATE
:agera:bundleRelease UP-TO-DATE
:extensions:rvadapter:preDebugAndroidTestBuild UP-TO-DATE
:extensions:rvadapter:preDebugUnitTestBuild UP-TO-DATE
:extensions:rvadapter:preReleaseBuild UP-TO-DATE
:extensions:rvadapter:preReleaseUnitTestBuild UP-TO-DATE
:extensions:rvadapter:prepareComAndroidSupportRecyclerviewV72520Library
:extensions:rvadapter:prepareComAndroidSupportSupportCompat2520Library
:extensions:rvadapter:prepareComAndroidSupportSupportCoreUi2520Library
:extensions:rvadapter:prepareComGoogleAndroidAgeraAgera140Library
:extensions:rvadapter:prepareDebugDependencies
:extensions:rvadapter:compileDebugAidl
:extensions:rvadapter:compileDebugNdk UP-TO-DATE
:extensions:rvadapter:compileLint
:extensions:rvadapter:copyDebugLint UP-TO-DATE
:extensions:rvadapter:compileDebugRenderscript
:extensions:rvadapter:generateDebugBuildConfig
:extensions:rvadapter:generateDebugResValues
:extensions:rvadapter:generateDebugResources
:extensions:rvadapter:mergeDebugResources
:extensions:rvadapter:processDebugManifest
:extensions:rvadapter:processDebugResources
:extensions:rvadapter:generateDebugSources
:extensions:rvadapter:incrementalDebugJavaCompilationSafeguard
:extensions:rvadapter:compileDebugJavaWithJavac
:extensions:rvadapter:compileDebugJavaWithJavac - is not incremental (e.g. outputs have changed, no previous execution, etc.).
Note: Some input files use unchecked or unsafe operations.
Note: Recompile with -Xlint:unchecked for details.
:extensions:rvadapter:extractDebugAnnotations
Warning: /private/var/folders/bq/vtzpc5ns5sg2cthy61lqpg3dfzgbys/T/1564723059471-0/src/agera-master/extensions/rvadapter/src/main/java/com/google/android/agera/rvadapter/RepositoryAdapter.java: The typedef annotation com.google.android.agera.rvadapter.RepositoryAdapter.ListUpdateAction should have @Retention(RetentionPolicy.SOURCE)
:extensions:rvadapter:mergeDebugShaders
:extensions:rvadapter:compileDebugShaders
:extensions:rvadapter:generateDebugAssets
:extensions:rvadapter:mergeDebugAssets
:extensions:rvadapter:mergeDebugProguardFiles
:extensions:rvadapter:packageDebugRenderscript UP-TO-DATE
:extensions:rvadapter:packageDebugResources
:extensions:rvadapter:unzipJacocoAgent
:extensions:rvadapter:transformClassesWithJacocoForDebug
:extensions:rvadapter:processDebugJavaRes UP-TO-DATE
:extensions:rvadapter:transformResourcesWithMergeJavaResForDebug
:extensions:rvadapter:transformClassesAndResourcesWithSyncLibJarsForDebug
:extensions:rvadapter:mergeDebugJniLibFolders
:extensions:rvadapter:transformNative_libsWithMergeJniLibsForDebug
:extensions:rvadapter:transformNative_libsWithSyncJniLibsForDebug
:extensions:rvadapter:bundleDebug
:extensions:rvadapter:compileDebugSources
:extensions:rvadapter:assembleDebug
:extensions:rvadapter:checkReleaseManifest
:extensions:rvadapter:prepareReleaseDependencies
:extensions:rvadapter:compileReleaseAidl
:extensions:rvadapter:compileReleaseNdk UP-TO-DATE
:extensions:rvadapter:copyReleaseLint UP-TO-DATE
:extensions:rvadapter:compileReleaseRenderscript
:extensions:rvadapter:generateReleaseBuildConfig
:extensions:rvadapter:generateReleaseResValues
:extensions:rvadapter:generateReleaseResources
:extensions:rvadapter:mergeReleaseResources
:extensions:rvadapter:processReleaseManifest
:extensions:rvadapter:processReleaseResources
:extensions:rvadapter:generateReleaseSources
:extensions:rvadapter:incrementalReleaseJavaCompilationSafeguard
:extensions:rvadapter:compileReleaseJavaWithJavac
:extensions:rvadapter:compileReleaseJavaWithJavac - is not incremental (e.g. outputs have changed, no previous execution, etc.).
Note: Some input files use unchecked or unsafe operations.
Note: Recompile with -Xlint:unchecked for details.
:extensions:rvadapter:extractReleaseAnnotations
Warning: /private/var/folders/bq/vtzpc5ns5sg2cthy61lqpg3dfzgbys/T/1564723059471-0/src/agera-master/extensions/rvadapter/src/main/java/com/google/android/agera/rvadapter/RepositoryAdapter.java: The typedef annotation com.google.android.agera.rvadapter.RepositoryAdapter.ListUpdateAction should have @Retention(RetentionPolicy.SOURCE)
:extensions:rvadapter:mergeReleaseShaders
:extensions:rvadapter:compileReleaseShaders
:extensions:rvadapter:generateReleaseAssets
:extensions:rvadapter:mergeReleaseAssets
:extensions:rvadapter:mergeReleaseProguardFiles
:extensions:rvadapter:packageReleaseRenderscript UP-TO-DATE
:extensions:rvadapter:packageReleaseResources
:extensions:rvadapter:processReleaseJavaRes UP-TO-DATE
:extensions:rvadapter:transformResourcesWithMergeJavaResForRelease
:extensions:rvadapter:transformClassesAndResourcesWithSyncLibJarsForRelease
:extensions:rvadapter:mergeReleaseJniLibFolders
:extensions:rvadapter:transformNative_libsWithMergeJniLibsForRelease
:extensions:rvadapter:transformNative_libsWithSyncJniLibsForRelease
:extensions:rvadapter:bundleRelease
:extensions:rvadapter:compileReleaseSources
:extensions:rvadapter:assembleRelease
:extensions:rvadapter:releaseJavadoc/private/var/folders/bq/vtzpc5ns5sg2cthy61lqpg3dfzgbys/T/1564723059471-0/src/agera-master/extensions/rvadapter/src/main/java/com/google/android/agera/rvadapter/LayoutPresenter.java:30: warning: no @return
  public abstract int getLayoutResId();
                      ^
/private/var/folders/bq/vtzpc5ns5sg2cthy61lqpg3dfzgbys/T/1564723059471-0/src/agera-master/extensions/rvadapter/src/main/java/com/google/android/agera/rvadapter/LayoutPresenters.java:35: warning: no @param for layoutId
  public static Builder layoutPresenterFor(@LayoutRes int layoutId) {
                        ^
/private/var/folders/bq/vtzpc5ns5sg2cthy61lqpg3dfzgbys/T/1564723059471-0/src/agera-master/extensions/rvadapter/src/main/java/com/google/android/agera/rvadapter/LayoutPresenters.java:35: warning: no @return
  public static Builder layoutPresenterFor(@LayoutRes int layoutId) {
                        ^
/private/var/folders/bq/vtzpc5ns5sg2cthy61lqpg3dfzgbys/T/1564723059471-0/src/agera-master/extensions/rvadapter/src/main/java/com/google/android/agera/rvadapter/LayoutPresenters.java:44: warning: no @param for layoutId
  public static LayoutPresenter layout(@LayoutRes int layoutId) {
                                ^
/private/var/folders/bq/vtzpc5ns5sg2cthy61lqpg3dfzgbys/T/1564723059471-0/src/agera-master/extensions/rvadapter/src/main/java/com/google/android/agera/rvadapter/LayoutPresenters.java:44: warning: no @return
  public static LayoutPresenter layout(@LayoutRes int layoutId) {
                                ^
/private/var/folders/bq/vtzpc5ns5sg2cthy61lqpg3dfzgbys/T/1564723059471-0/src/agera-master/extensions/rvadapter/src/main/java/com/google/android/agera/rvadapter/RepositoryAdapter.java:77: warning: no @return
  public static Builder repositoryAdapter() {
                        ^
/private/var/folders/bq/vtzpc5ns5sg2cthy61lqpg3dfzgbys/T/1564723059471-0/src/agera-master/extensions/rvadapter/src/main/java/com/google/android/agera/rvadapter/RepositoryAdapter.java:109: warning: no @param for <T>
    public <T> Builder add(@NonNull final Repository<T> repository,
                       ^
/private/var/folders/bq/vtzpc5ns5sg2cthy61lqpg3dfzgbys/T/1564723059471-0/src/agera-master/extensions/rvadapter/src/main/java/com/google/android/agera/rvadapter/RepositoryAdapter.java:142: warning: no @param for <T>
    public <T> Builder addItem(@NonNull final T item,
                       ^
/private/var/folders/bq/vtzpc5ns5sg2cthy61lqpg3dfzgbys/T/1564723059471-0/src/agera-master/extensions/rvadapter/src/main/java/com/google/android/agera/rvadapter/RepositoryAdapter.java:201: warning: no @return
    public RepositoryAdapter build() {
                             ^
/private/var/folders/bq/vtzpc5ns5sg2cthy61lqpg3dfzgbys/T/1564723059471-0/src/agera-master/extensions/rvadapter/src/main/java/com/google/android/agera/rvadapter/RepositoryAdapter.java:215: warning: no @param for activity
    public Adapter<ViewHolder> whileResumed(@NonNull final Activity activity) {
                               ^
/private/var/folders/bq/vtzpc5ns5sg2cthy61lqpg3dfzgbys/T/1564723059471-0/src/agera-master/extensions/rvadapter/src/main/java/com/google/android/agera/rvadapter/RepositoryAdapter.java:215: warning: no @return
    public Adapter<ViewHolder> whileResumed(@NonNull final Activity activity) {
                               ^
/private/var/folders/bq/vtzpc5ns5sg2cthy61lqpg3dfzgbys/T/1564723059471-0/src/agera-master/extensions/rvadapter/src/main/java/com/google/android/agera/rvadapter/RepositoryAdapter.java:232: warning: no @param for activity
    public Adapter<ViewHolder> whileStarted(@NonNull final Activity activity) {
                               ^
/private/var/folders/bq/vtzpc5ns5sg2cthy61lqpg3dfzgbys/T/1564723059471-0/src/agera-master/extensions/rvadapter/src/main/java/com/google/android/agera/rvadapter/RepositoryAdapter.java:232: warning: no @return
    public Adapter<ViewHolder> whileStarted(@NonNull final Activity activity) {
                               ^
/private/var/folders/bq/vtzpc5ns5sg2cthy61lqpg3dfzgbys/T/1564723059471-0/src/agera-master/extensions/rvadapter/src/main/java/com/google/android/agera/rvadapter/RepositoryPresenter.java:34: warning: no @param for data
  public abstract int getItemCount(@NonNull T data);
                      ^
/private/var/folders/bq/vtzpc5ns5sg2cthy61lqpg3dfzgbys/T/1564723059471-0/src/agera-master/extensions/rvadapter/src/main/java/com/google/android/agera/rvadapter/RepositoryPresenter.java:34: warning: no @return
  public abstract int getItemCount(@NonNull T data);
                      ^
/private/var/folders/bq/vtzpc5ns5sg2cthy61lqpg3dfzgbys/T/1564723059471-0/src/agera-master/extensions/rvadapter/src/main/java/com/google/android/agera/rvadapter/RepositoryPresenter.java:46: warning: no @param for data
  public long getItemId(@NonNull final T data, final int index) {
              ^
/private/var/folders/bq/vtzpc5ns5sg2cthy61lqpg3dfzgbys/T/1564723059471-0/src/agera-master/extensions/rvadapter/src/main/java/com/google/android/agera/rvadapter/RepositoryPresenter.java:46: warning: no @return
  public long getItemId(@NonNull final T data, final int index) {
              ^
/private/var/folders/bq/vtzpc5ns5sg2cthy61lqpg3dfzgbys/T/1564723059471-0/src/agera-master/extensions/rvadapter/src/main/java/com/google/android/agera/rvadapter/RepositoryPresenter.java:56: warning: no @param for data
  public abstract @LayoutRes int getLayoutResId(@NonNull T data, int index);
                                 ^
/private/var/folders/bq/vtzpc5ns5sg2cthy61lqpg3dfzgbys/T/1564723059471-0/src/agera-master/extensions/rvadapter/src/main/java/com/google/android/agera/rvadapter/RepositoryPresenter.java:56: warning: no @return
  public abstract @LayoutRes int getLayoutResId(@NonNull T data, int index);
                                 ^
/private/var/folders/bq/vtzpc5ns5sg2cthy61lqpg3dfzgbys/T/1564723059471-0/src/agera-master/extensions/rvadapter/src/main/java/com/google/android/agera/rvadapter/RepositoryPresenter.java:70: warning: no @param for data
  public abstract void bind(@NonNull T data, int index, @NonNull RecyclerView.ViewHolder holder);
                       ^
/private/var/folders/bq/vtzpc5ns5sg2cthy61lqpg3dfzgbys/T/1564723059471-0/src/agera-master/extensions/rvadapter/src/main/java/com/google/android/agera/rvadapter/RepositoryPresenterCompilerStates.java:86: warning: no @return
    TRet diffWith(@NonNull Function<? super TVal, ?> keyForItem, boolean detectMoves);
         ^
/private/var/folders/bq/vtzpc5ns5sg2cthy61lqpg3dfzgbys/T/1564723059471-0/src/agera-master/extensions/rvadapter/src/main/java/com/google/android/agera/rvadapter/RepositoryPresenterCompilerStates.java:110: warning: no @return
    RPItemCompile<TVal> diff();
                        ^
/private/var/folders/bq/vtzpc5ns5sg2cthy61lqpg3dfzgbys/T/1564723059471-0/src/agera-master/extensions/rvadapter/src/main/java/com/google/android/agera/rvadapter/RepositoryPresenterCompilerStates.java:117: warning: no @return
    RepositoryPresenter<TVal> forItem();
                              ^
/private/var/folders/bq/vtzpc5ns5sg2cthy61lqpg3dfzgbys/T/1564723059471-0/src/agera-master/extensions/rvadapter/src/main/java/com/google/android/agera/rvadapter/RepositoryPresenterCompilerStates.java:124: warning: no @return
    RepositoryPresenter<Result<TVal>> forResult();
                                      ^
/private/var/folders/bq/vtzpc5ns5sg2cthy61lqpg3dfzgbys/T/1564723059471-0/src/agera-master/extensions/rvadapter/src/main/java/com/google/android/agera/rvadapter/RepositoryPresenterCompilerStates.java:48: warning: no @param for layoutId
    TRet layout(@LayoutRes int layoutId);
         ^
/private/var/folders/bq/vtzpc5ns5sg2cthy61lqpg3dfzgbys/T/1564723059471-0/src/agera-master/extensions/rvadapter/src/main/java/com/google/android/agera/rvadapter/RepositoryPresenterCompilerStates.java:48: warning: no @return
    TRet layout(@LayoutRes int layoutId);
         ^
/private/var/folders/bq/vtzpc5ns5sg2cthy61lqpg3dfzgbys/T/1564723059471-0/src/agera-master/extensions/rvadapter/src/main/java/com/google/android/agera/rvadapter/RepositoryPresenterCompilerStates.java:55: warning: no @param for layoutForItem
    TRet layoutForItem(@NonNull Function<TVal, Integer> layoutForItem);
         ^
/private/var/folders/bq/vtzpc5ns5sg2cthy61lqpg3dfzgbys/T/1564723059471-0/src/agera-master/extensions/rvadapter/src/main/java/com/google/android/agera/rvadapter/RepositoryPresenterCompilerStates.java:55: warning: no @return
    TRet layoutForItem(@NonNull Function<TVal, Integer> layoutForItem);
         ^
/private/var/folders/bq/vtzpc5ns5sg2cthy61lqpg3dfzgbys/T/1564723059471-0/src/agera-master/extensions/rvadapter/src/main/java/com/google/android/agera/rvadapter/RepositoryPresenterCompilerStates.java:153: warning: no @param for viewBinder
    RPMain<T> bindWith(@NonNull Binder<T, View> viewBinder);
              ^
/private/var/folders/bq/vtzpc5ns5sg2cthy61lqpg3dfzgbys/T/1564723059471-0/src/agera-master/extensions/rvadapter/src/main/java/com/google/android/agera/rvadapter/RepositoryPresenterCompilerStates.java:153: warning: no @return
    RPMain<T> bindWith(@NonNull Binder<T, View> viewBinder);
              ^
/private/var/folders/bq/vtzpc5ns5sg2cthy61lqpg3dfzgbys/T/1564723059471-0/src/agera-master/extensions/rvadapter/src/main/java/com/google/android/agera/rvadapter/RepositoryPresenterCompilerStates.java:159: warning: no @param for recycler
    RPMain<T> recycleWith(@NonNull Receiver<View> recycler);
              ^
/private/var/folders/bq/vtzpc5ns5sg2cthy61lqpg3dfzgbys/T/1564723059471-0/src/agera-master/extensions/rvadapter/src/main/java/com/google/android/agera/rvadapter/RepositoryPresenterCompilerStates.java:159: warning: no @return
    RPMain<T> recycleWith(@NonNull Receiver<View> recycler);
              ^
/private/var/folders/bq/vtzpc5ns5sg2cthy61lqpg3dfzgbys/T/1564723059471-0/src/agera-master/extensions/rvadapter/src/main/java/com/google/android/agera/rvadapter/RepositoryPresenterCompilerStates.java:171: warning: no @param for stableIdForItem
    RPMain<T> stableIdForItem(@NonNull Function<? super T, Long> stableIdForItem);
              ^
/private/var/folders/bq/vtzpc5ns5sg2cthy61lqpg3dfzgbys/T/1564723059471-0/src/agera-master/extensions/rvadapter/src/main/java/com/google/android/agera/rvadapter/RepositoryPresenterCompilerStates.java:171: warning: no @return
    RPMain<T> stableIdForItem(@NonNull Function<? super T, Long> stableIdForItem);
              ^
/private/var/folders/bq/vtzpc5ns5sg2cthy61lqpg3dfzgbys/T/1564723059471-0/src/agera-master/extensions/rvadapter/src/main/java/com/google/android/agera/rvadapter/RepositoryPresenterCompilerStates.java:182: warning: no @param for stableId
    RPItemCompile<T> stableId(long stableId);
                     ^
/private/var/folders/bq/vtzpc5ns5sg2cthy61lqpg3dfzgbys/T/1564723059471-0/src/agera-master/extensions/rvadapter/src/main/java/com/google/android/agera/rvadapter/RepositoryPresenterCompilerStates.java:182: warning: no @return
    RPItemCompile<T> stableId(long stableId);
                     ^
/private/var/folders/bq/vtzpc5ns5sg2cthy61lqpg3dfzgbys/T/1564723059471-0/src/agera-master/extensions/rvadapter/src/main/java/com/google/android/agera/rvadapter/RepositoryPresenterCompilerStates.java:192: warning: no @param for <TCol>
    <TCol> RPTypedCollectionCompile<T, TCol> bindCollectionWith(
                                             ^
/private/var/folders/bq/vtzpc5ns5sg2cthy61lqpg3dfzgbys/T/1564723059471-0/src/agera-master/extensions/rvadapter/src/main/java/com/google/android/agera/rvadapter/RepositoryPresenterCompilerStates.java:192: warning: no @param for collectionBinder
    <TCol> RPTypedCollectionCompile<T, TCol> bindCollectionWith(
                                             ^
/private/var/folders/bq/vtzpc5ns5sg2cthy61lqpg3dfzgbys/T/1564723059471-0/src/agera-master/extensions/rvadapter/src/main/java/com/google/android/agera/rvadapter/RepositoryPresenterCompilerStates.java:192: warning: no @return
    <TCol> RPTypedCollectionCompile<T, TCol> bindCollectionWith(
                                             ^
/private/var/folders/bq/vtzpc5ns5sg2cthy61lqpg3dfzgbys/T/1564723059471-0/src/agera-master/extensions/rvadapter/src/main/java/com/google/android/agera/rvadapter/RepositoryPresenterCompilerStates.java:200: warning: no @return
    RepositoryPresenter<List<T>> forList();
                                 ^
/private/var/folders/bq/vtzpc5ns5sg2cthy61lqpg3dfzgbys/T/1564723059471-0/src/agera-master/extensions/rvadapter/src/main/java/com/google/android/agera/rvadapter/RepositoryPresenterCompilerStates.java:208: warning: no @return
    RepositoryPresenter<Result<List<T>>> forResultList();
                                         ^
/private/var/folders/bq/vtzpc5ns5sg2cthy61lqpg3dfzgbys/T/1564723059471-0/src/agera-master/extensions/rvadapter/src/main/java/com/google/android/agera/rvadapter/RepositoryPresenterCompilerStates.java:215: warning: no @param for <TCol>
    <TCol> RepositoryPresenter<TCol> forCollection(@NonNull Function<TCol, List<T>> converter);
                                     ^
/private/var/folders/bq/vtzpc5ns5sg2cthy61lqpg3dfzgbys/T/1564723059471-0/src/agera-master/extensions/rvadapter/src/main/java/com/google/android/agera/rvadapter/RepositoryPresenterCompilerStates.java:215: warning: no @param for converter
    <TCol> RepositoryPresenter<TCol> forCollection(@NonNull Function<TCol, List<T>> converter);
                                     ^
/private/var/folders/bq/vtzpc5ns5sg2cthy61lqpg3dfzgbys/T/1564723059471-0/src/agera-master/extensions/rvadapter/src/main/java/com/google/android/agera/rvadapter/RepositoryPresenterCompilerStates.java:215: warning: no @return
    <TCol> RepositoryPresenter<TCol> forCollection(@NonNull Function<TCol, List<T>> converter);
                                     ^
/private/var/folders/bq/vtzpc5ns5sg2cthy61lqpg3dfzgbys/T/1564723059471-0/src/agera-master/extensions/rvadapter/src/main/java/com/google/android/agera/rvadapter/RepositoryPresenterCompilerStates.java:138: warning: no @param for <TColE>
    <TColE extends TCol> RepositoryPresenter<TColE> forCollection(
                                                    ^
/private/var/folders/bq/vtzpc5ns5sg2cthy61lqpg3dfzgbys/T/1564723059471-0/src/agera-master/extensions/rvadapter/src/main/java/com/google/android/agera/rvadapter/RepositoryPresenterCompilerStates.java:138: warning: no @param for converter
    <TColE extends TCol> RepositoryPresenter<TColE> forCollection(
                                                    ^
/private/var/folders/bq/vtzpc5ns5sg2cthy61lqpg3dfzgbys/T/1564723059471-0/src/agera-master/extensions/rvadapter/src/main/java/com/google/android/agera/rvadapter/RepositoryPresenterCompilerStates.java:138: warning: no @return
    <TColE extends TCol> RepositoryPresenter<TColE> forCollection(
                                                    ^
/private/var/folders/bq/vtzpc5ns5sg2cthy61lqpg3dfzgbys/T/1564723059471-0/src/agera-master/extensions/rvadapter/src/main/java/com/google/android/agera/rvadapter/RepositoryPresenters.java:52: warning: no @param for <T>
  public static <T> RPLayout<T, RPMain<T>> repositoryPresenterOf(@Nullable final Class<T> type) {
                                           ^
/private/var/folders/bq/vtzpc5ns5sg2cthy61lqpg3dfzgbys/T/1564723059471-0/src/agera-master/extensions/rvadapter/src/main/java/com/google/android/agera/rvadapter/RepositoryPresenters.java:52: warning: no @return
  public static <T> RPLayout<T, RPMain<T>> repositoryPresenterOf(@Nullable final Class<T> type) {
                                           ^

49 warnings
:extensions:rvadapter:javadocJar
:extensions:rvadapter:sourcesJar
:extensions:rvadapter:assemble
:extensions:rvadapter:lint FAILED

FAILURE: Build failed with an exception.

* What went wrong:
Execution failed for task ':extensions:rvadapter:lint'.
> No toolchains found in the NDK toolchains folder for ABI with prefix: mipsel-linux-android

* Try:
Run with --info or --debug option to get more log output.

* Exception is:
org.gradle.api.tasks.TaskExecutionException: Execution failed for task ':extensions:rvadapter:lint'.
	at org.gradle.api.internal.tasks.execution.ExecuteActionsTaskExecuter.executeActions(ExecuteActionsTaskExecuter.java:69)
	at org.gradle.api.internal.tasks.execution.ExecuteActionsTaskExecuter.execute(ExecuteActionsTaskExecuter.java:46)
	at org.gradle.api.internal.tasks.execution.PostExecutionAnalysisTaskExecuter.execute(PostExecutionAnalysisTaskExecuter.java:35)
	at org.gradle.api.internal.tasks.execution.SkipUpToDateTaskExecuter.execute(SkipUpToDateTaskExecuter.java:66)
	at org.gradle.api.internal.tasks.execution.ValidatingTaskExecuter.execute(ValidatingTaskExecuter.java:58)
	at org.gradle.api.internal.tasks.execution.SkipEmptySourceFilesTaskExecuter.execute(SkipEmptySourceFilesTaskExecuter.java:52)
	at org.gradle.api.internal.tasks.execution.SkipTaskWithNoActionsExecuter.execute(SkipTaskWithNoActionsExecuter.java:52)
	at org.gradle.api.internal.tasks.execution.SkipOnlyIfTaskExecuter.execute(SkipOnlyIfTaskExecuter.java:53)
	at org.gradle.api.internal.tasks.execution.ExecuteAtMostOnceTaskExecuter.execute(ExecuteAtMostOnceTaskExecuter.java:43)
	at org.gradle.execution.taskgraph.DefaultTaskGraphExecuter$EventFiringTaskWorker.execute(DefaultTaskGraphExecuter.java:203)
	at org.gradle.execution.taskgraph.DefaultTaskGraphExecuter$EventFiringTaskWorker.execute(DefaultTaskGraphExecuter.java:185)
	at org.gradle.execution.taskgraph.AbstractTaskPlanExecutor$TaskExecutorWorker.processTask(AbstractTaskPlanExecutor.java:66)
	at org.gradle.execution.taskgraph.AbstractTaskPlanExecutor$TaskExecutorWorker.run(AbstractTaskPlanExecutor.java:50)
	at org.gradle.execution.taskgraph.DefaultTaskPlanExecutor.process(DefaultTaskPlanExecutor.java:25)
	at org.gradle.execution.taskgraph.DefaultTaskGraphExecuter.execute(DefaultTaskGraphExecuter.java:110)
	at org.gradle.execution.SelectedTaskExecutionAction.execute(SelectedTaskExecutionAction.java:37)
	at org.gradle.execution.DefaultBuildExecuter.execute(DefaultBuildExecuter.java:37)
	at org.gradle.execution.DefaultBuildExecuter.access$000(DefaultBuildExecuter.java:23)
	at org.gradle.execution.DefaultBuildExecuter$1.proceed(DefaultBuildExecuter.java:43)
	at org.gradle.execution.DryRunBuildExecutionAction.execute(DryRunBuildExecutionAction.java:32)
	at org.gradle.execution.DefaultBuildExecuter.execute(DefaultBuildExecuter.java:37)
	at org.gradle.execution.DefaultBuildExecuter.execute(DefaultBuildExecuter.java:30)
	at org.gradle.initialization.DefaultGradleLauncher$4.run(DefaultGradleLauncher.java:153)
	at org.gradle.internal.Factories$1.create(Factories.java:22)
	at org.gradle.internal.progress.DefaultBuildOperationExecutor.run(DefaultBuildOperationExecutor.java:91)
	at org.gradle.internal.progress.DefaultBuildOperationExecutor.run(DefaultBuildOperationExecutor.java:53)
	at org.gradle.initialization.DefaultGradleLauncher.doBuildStages(DefaultGradleLauncher.java:150)
	at org.gradle.initialization.DefaultGradleLauncher.access$200(DefaultGradleLauncher.java:32)
	at org.gradle.initialization.DefaultGradleLauncher$1.create(DefaultGradleLauncher.java:98)
	at org.gradle.initialization.DefaultGradleLauncher$1.create(DefaultGradleLauncher.java:92)
	at org.gradle.internal.progress.DefaultBuildOperationExecutor.run(DefaultBuildOperationExecutor.java:91)
	at org.gradle.internal.progress.DefaultBuildOperationExecutor.run(DefaultBuildOperationExecutor.java:63)
	at org.gradle.initialization.DefaultGradleLauncher.doBuild(DefaultGradleLauncher.java:92)
	at org.gradle.initialization.DefaultGradleLauncher.run(DefaultGradleLauncher.java:83)
	at org.gradle.launcher.exec.InProcessBuildActionExecuter$DefaultBuildController.run(InProcessBuildActionExecuter.java:99)
	at org.gradle.tooling.internal.provider.ExecuteBuildActionRunner.run(ExecuteBuildActionRunner.java:28)
	at org.gradle.launcher.exec.ChainingBuildActionRunner.run(ChainingBuildActionRunner.java:35)
	at org.gradle.launcher.exec.InProcessBuildActionExecuter.execute(InProcessBuildActionExecuter.java:48)
	at org.gradle.launcher.exec.InProcessBuildActionExecuter.execute(InProcessBuildActionExecuter.java:30)
	at org.gradle.launcher.exec.ContinuousBuildActionExecuter.execute(ContinuousBuildActionExecuter.java:81)
	at org.gradle.launcher.exec.ContinuousBuildActionExecuter.execute(ContinuousBuildActionExecuter.java:46)
	at org.gradle.launcher.exec.DaemonUsageSuggestingBuildActionExecuter.execute(DaemonUsageSuggestingBuildActionExecuter.java:51)
	at org.gradle.launcher.exec.DaemonUsageSuggestingBuildActionExecuter.execute(DaemonUsageSuggestingBuildActionExecuter.java:28)
	at org.gradle.launcher.cli.RunBuildAction.run(RunBuildAction.java:43)
	at org.gradle.internal.Actions$RunnableActionAdapter.execute(Actions.java:173)
	at org.gradle.launcher.cli.CommandLineActionFactory$ParseAndBuildAction.execute(CommandLineActionFactory.java:239)
	at org.gradle.launcher.cli.CommandLineActionFactory$ParseAndBuildAction.execute(CommandLineActionFactory.java:212)
	at org.gradle.launcher.cli.JavaRuntimeValidationAction.execute(JavaRuntimeValidationAction.java:35)
	at org.gradle.launcher.cli.JavaRuntimeValidationAction.execute(JavaRuntimeValidationAction.java:24)
	at org.gradle.launcher.cli.ExceptionReportingAction.execute(ExceptionReportingAction.java:33)
	at org.gradle.launcher.cli.ExceptionReportingAction.execute(ExceptionReportingAction.java:22)
	at org.gradle.launcher.cli.CommandLineActionFactory$WithLogging.execute(CommandLineActionFactory.java:205)
	at org.gradle.launcher.cli.CommandLineActionFactory$WithLogging.execute(CommandLineActionFactory.java:169)
	at org.gradle.launcher.Main.doAction(Main.java:33)
	at org.gradle.launcher.bootstrap.EntryPoint.run(EntryPoint.java:45)
	at org.gradle.launcher.bootstrap.ProcessBootstrap.runNoExit(ProcessBootstrap.java:55)
	at org.gradle.launcher.bootstrap.ProcessBootstrap.run(ProcessBootstrap.java:36)
	at org.gradle.launcher.GradleMain.main(GradleMain.java:23)
	at org.gradle.wrapper.BootstrapMainStarter.start(BootstrapMainStarter.java:30)
	at org.gradle.wrapper.WrapperExecutor.execute(WrapperExecutor.java:129)
	at org.gradle.wrapper.GradleWrapperMain.main(GradleWrapperMain.java:61)
Caused by: java.lang.RuntimeException: No toolchains found in the NDK toolchains folder for ABI with prefix: mipsel-linux-android
	at com.android.build.gradle.internal.ndk.DefaultNdkInfo.getDefaultToolchainVersion(DefaultNdkInfo.java:330)
	at com.android.build.gradle.internal.ndk.DefaultNdkInfo.getToolchainPath(DefaultNdkInfo.java:207)
	at com.android.build.gradle.internal.ndk.DefaultNdkInfo.getCCompiler(DefaultNdkInfo.java:263)
	at com.android.build.gradle.internal.ndk.NdkHandler.getCCompiler(NdkHandler.java:306)
	at com.android.build.gradle.internal.model.ModelBuilder.createNativeToolchainModelMap(ModelBuilder.java:240)
	at com.android.build.gradle.internal.model.ModelBuilder.buildAll(ModelBuilder.java:175)
	at com.android.build.gradle.tasks.Lint.createAndroidProject(Lint.java:288)
	at com.android.build.gradle.tasks.Lint.lint(Lint.java:105)
	at org.gradle.internal.reflect.JavaMethod.invoke(JavaMethod.java:75)
	at org.gradle.api.internal.project.taskfactory.AnnotationProcessingTaskFactory$StandardTaskAction.doExecute(AnnotationProcessingTaskFactory.java:228)
	at org.gradle.api.internal.project.taskfactory.AnnotationProcessingTaskFactory$StandardTaskAction.execute(AnnotationProcessingTaskFactory.java:221)
	at org.gradle.api.internal.project.taskfactory.AnnotationProcessingTaskFactory$StandardTaskAction.execute(AnnotationProcessingTaskFactory.java:210)
	at org.gradle.api.internal.AbstractTask$TaskActionWrapper.execute(AbstractTask.java:621)
	at org.gradle.api.internal.AbstractTask$TaskActionWrapper.execute(AbstractTask.java:604)
	at org.gradle.api.internal.tasks.execution.ExecuteActionsTaskExecuter.executeAction(ExecuteActionsTaskExecuter.java:80)
	at org.gradle.api.internal.tasks.execution.ExecuteActionsTaskExecuter.executeActions(ExecuteActionsTaskExecuter.java:61)
	... 60 more


BUILD FAILED

Total time: 12.264 secs

2019-08-02 12:19:36,688 INFO  ProjectTaskService - Detecting possible tasks...
2019-08-02 12:19:36,688 INFO  SysUtils - Execute command: [/var/folders/bq/vtzpc5ns5sg2cthy61lqpg3dfzgbys/T/1564723059471-0/src/agera-master/gradlew, -b, /var/folders/bq/vtzpc5ns5sg2cthy61lqpg3dfzgbys/T/1564723059471-0/src/agera-master/extensions/rvdatabinding/build.gradle, -Dorg.gradle.daemon=false, -Dorg.gradle.daemon.performance.enable-monitoring=false, -Dorg.gradle.configureondemand=true, tasks]
2019-08-02 12:19:45,627 ERROR ProjectTaskService - Could not detect possible Gradle tasks: Process exited with an error: 1 (Exit value: 1)
2019-08-02 12:19:45,627 INFO  ProjectTaskService - Detected possible tasks: 0
2019-08-02 12:19:45,627 INFO  ProjectTaskService - Excluded tasks (0): none
2019-08-02 12:19:45,627 INFO  SysUtils - Execute command: [/var/folders/bq/vtzpc5ns5sg2cthy61lqpg3dfzgbys/T/1564723059471-0/src/agera-master/gradlew, -b, /var/folders/bq/vtzpc5ns5sg2cthy61lqpg3dfzgbys/T/1564723059471-0/src/agera-master/extensions/rvdatabinding/build.gradle, -Dorg.gradle.daemon=false, -Dorg.gradle.daemon.performance.enable-monitoring=false, -Dorg.gradle.configureondemand=true, --stacktrace, build]
2019-08-02 12:19:58,069 ERROR SysUtils - Could not process external command
org.apache.commons.exec.ExecuteException: Process exited with an error: 1 (Exit value: 1)
	at org.apache.commons.exec.DefaultExecutor.executeInternal(DefaultExecutor.java:404)
	at org.apache.commons.exec.DefaultExecutor.execute(DefaultExecutor.java:166)
	at com.github.vbauer.apkmaster.util.SysUtils.execute(SysUtils.java:67)
	at com.github.vbauer.apkmaster.util.SysUtils.executeSimple(SysUtils.java:43)
	at com.github.vbauer.apkmaster.service.assembly.ProjectBuildService.buildProject(ProjectBuildService.java:78)
	at com.github.vbauer.apkmaster.service.assembly.ProjectBuildService.buildProject(ProjectBuildService.java:64)
	at com.github.vbauer.apkmaster.service.assembly.ProjectBuildService.buildProject(ProjectBuildService.java:43)
	at com.github.vbauer.apkmaster.service.FullProcessService.build(FullProcessService.java:84)
	at com.github.vbauer.apkmaster.service.FullProcessService.process(FullProcessService.java:34)
	at com.github.vbauer.apkmaster.app.MainApplication.process(MainApplication.java:38)
	at com.github.vbauer.apkmaster.app.MainApplication.main(MainApplication.java:20)
	at sun.reflect.NativeMethodAccessorImpl.invoke0(Native Method)
	at sun.reflect.NativeMethodAccessorImpl.invoke(NativeMethodAccessorImpl.java:62)
	at sun.reflect.DelegatingMethodAccessorImpl.invoke(DelegatingMethodAccessorImpl.java:43)
	at java.lang.reflect.Method.invoke(Method.java:498)
	at com.android.arsenal.util.ReflectionUtils.invoke(ReflectionUtils.java:52)
	at com.android.arsenal.util.ApkMasterUtils.main(ApkMasterUtils.java:30)
	at com.android.arsenal.service.processor.impl.BuildProcessorServiceImpl.buildProject(BuildProcessorServiceImpl.java:196)
	at com.android.arsenal.service.processor.impl.BuildProcessorServiceImpl.build(BuildProcessorServiceImpl.java:130)
	at com.android.arsenal.service.processor.impl.BuildProcessorServiceImpl.lambda$createTasks$1(BuildProcessorServiceImpl.java:113)
	at java.util.concurrent.FutureTask.run(FutureTask.java:266)
	at java.util.concurrent.Executors$RunnableAdapter.call(Executors.java:511)
	at java.util.concurrent.FutureTask.run(FutureTask.java:266)
	at java.util.concurrent.ThreadPoolExecutor.runWorker(ThreadPoolExecutor.java:1149)
	at java.util.concurrent.ThreadPoolExecutor$Worker.run(ThreadPoolExecutor.java:624)
	at java.lang.Thread.run(Thread.java:748)
2019-08-02 12:19:58,069 INFO  SysUtils - Configuration on demand is an incubating feature.
Incremental java compilation is an incubating feature.
:extensions:rvdatabinding:preBuild UP-TO-DATE
:extensions:rvdatabinding:preDebugBuild UP-TO-DATE
:extensions:rvdatabinding:checkDebugManifest
:agera:preBuild UP-TO-DATE
:agera:preReleaseBuild UP-TO-DATE
:agera:checkReleaseManifest
:agera:prepareReleaseDependencies
:agera:compileReleaseAidl UP-TO-DATE
:agera:compileReleaseNdk UP-TO-DATE
:agera:compileLint UP-TO-DATE
:agera:copyReleaseLint UP-TO-DATE
:agera:compileReleaseRenderscript UP-TO-DATE
:agera:generateReleaseBuildConfig UP-TO-DATE
:agera:generateReleaseResValues UP-TO-DATE
:agera:generateReleaseResources UP-TO-DATE
:agera:packageReleaseResources UP-TO-DATE
:agera:processReleaseManifest UP-TO-DATE
:agera:processReleaseResources UP-TO-DATE
:agera:generateReleaseSources UP-TO-DATE
:agera:incrementalReleaseJavaCompilationSafeguard UP-TO-DATE
:agera:compileReleaseJavaWithJavac UP-TO-DATE
:agera:extractReleaseAnnotations UP-TO-DATE
:agera:mergeReleaseShaders UP-TO-DATE
:agera:compileReleaseShaders UP-TO-DATE
:agera:generateReleaseAssets UP-TO-DATE
:agera:mergeReleaseAssets UP-TO-DATE
:agera:mergeReleaseProguardFiles UP-TO-DATE
:agera:packageReleaseRenderscript UP-TO-DATE
:agera:processReleaseJavaRes UP-TO-DATE
:agera:transformResourcesWithMergeJavaResForRelease UP-TO-DATE
:agera:transformClassesAndResourcesWithSyncLibJarsForRelease UP-TO-DATE
:agera:mergeReleaseJniLibFolders UP-TO-DATE
:agera:transformNative_libsWithMergeJniLibsForRelease UP-TO-DATE
:agera:transformNative_libsWithSyncJniLibsForRelease UP-TO-DATE
:agera:bundleRelease UP-TO-DATE
:extensions:rvadapter:preBuild UP-TO-DATE
:extensions:rvadapter:preReleaseBuild UP-TO-DATE
:extensions:rvadapter:checkReleaseManifest
:extensions:rvadapter:preDebugAndroidTestBuild UP-TO-DATE
:extensions:rvadapter:preDebugBuild UP-TO-DATE
:extensions:rvadapter:preDebugUnitTestBuild UP-TO-DATE
:extensions:rvadapter:preReleaseUnitTestBuild UP-TO-DATE
:extensions:rvadapter:prepareComAndroidSupportRecyclerviewV72520Library UP-TO-DATE
:extensions:rvadapter:prepareComAndroidSupportSupportCompat2520Library UP-TO-DATE
:extensions:rvadapter:prepareComAndroidSupportSupportCoreUi2520Library UP-TO-DATE
:extensions:rvadapter:prepareComGoogleAndroidAgeraAgera140Library UP-TO-DATE
:extensions:rvadapter:prepareReleaseDependencies
:extensions:rvadapter:compileReleaseAidl UP-TO-DATE
:extensions:rvadapter:compileReleaseNdk UP-TO-DATE
:extensions:rvadapter:compileLint UP-TO-DATE
:extensions:rvadapter:copyReleaseLint UP-TO-DATE
:extensions:rvadapter:compileReleaseRenderscript UP-TO-DATE
:extensions:rvadapter:generateReleaseBuildConfig UP-TO-DATE
:extensions:rvadapter:generateReleaseResValues UP-TO-DATE
:extensions:rvadapter:generateReleaseResources UP-TO-DATE
:extensions:rvadapter:mergeReleaseResources UP-TO-DATE
:extensions:rvadapter:processReleaseManifest UP-TO-DATE
:extensions:rvadapter:processReleaseResources UP-TO-DATE
:extensions:rvadapter:generateReleaseSources UP-TO-DATE
:extensions:rvadapter:incrementalReleaseJavaCompilationSafeguard UP-TO-DATE
:extensions:rvadapter:compileReleaseJavaWithJavac UP-TO-DATE
:extensions:rvadapter:extractReleaseAnnotations UP-TO-DATE
:extensions:rvadapter:mergeReleaseShaders UP-TO-DATE
:extensions:rvadapter:compileReleaseShaders UP-TO-DATE
:extensions:rvadapter:generateReleaseAssets UP-TO-DATE
:extensions:rvadapter:mergeReleaseAssets UP-TO-DATE
:extensions:rvadapter:mergeReleaseProguardFiles UP-TO-DATE
:extensions:rvadapter:packageReleaseRenderscript UP-TO-DATE
:extensions:rvadapter:packageReleaseResources UP-TO-DATE
:extensions:rvadapter:processReleaseJavaRes UP-TO-DATE
:extensions:rvadapter:transformResourcesWithMergeJavaResForRelease UP-TO-DATE
:extensions:rvadapter:transformClassesAndResourcesWithSyncLibJarsForRelease UP-TO-DATE
:extensions:rvadapter:mergeReleaseJniLibFolders UP-TO-DATE
:extensions:rvadapter:transformNative_libsWithMergeJniLibsForRelease UP-TO-DATE
:extensions:rvadapter:transformNative_libsWithSyncJniLibsForRelease UP-TO-DATE
:extensions:rvadapter:bundleRelease UP-TO-DATE
:extensions:rvdatabinding:preDebugAndroidTestBuild UP-TO-DATE
:extensions:rvdatabinding:preDebugUnitTestBuild UP-TO-DATE
:extensions:rvdatabinding:preReleaseBuild UP-TO-DATE
:extensions:rvdatabinding:preReleaseUnitTestBuild UP-TO-DATE
:extensions:rvdatabinding:prepareComAndroidDatabindingAdapters121Library
:extensions:rvdatabinding:prepareComAndroidDatabindingLibrary121Library
:extensions:rvdatabinding:prepareComAndroidSupportRecyclerviewV72520Library
:extensions:rvdatabinding:prepareComAndroidSupportSupportCompat2520Library
:extensions:rvdatabinding:prepareComAndroidSupportSupportCoreUi2520Library
:extensions:rvdatabinding:prepareComAndroidSupportSupportV42103Library
:extensions:rvdatabinding:prepareComGoogleAndroidAgeraAgera140Library
:extensions:rvdatabinding:prepareComGoogleAndroidAgeraRvadapter140Library
:extensions:rvdatabinding:prepareDebugDependencies
:extensions:rvdatabinding:compileDebugAidl
:extensions:rvdatabinding:compileDebugNdk UP-TO-DATE
:extensions:rvdatabinding:compileLint
:extensions:rvdatabinding:copyDebugLint UP-TO-DATE
:extensions:rvdatabinding:compileDebugRenderscript
:extensions:rvdatabinding:generateDebugResValues
:extensions:rvdatabinding:generateDebugResources
:extensions:rvdatabinding:mergeDebugResources
:extensions:rvdatabinding:dataBindingProcessLayoutsDebug
:extensions:rvdatabinding:generateDebugBuildConfig
:extensions:rvdatabinding:processDebugManifest
:extensions:rvdatabinding:processDebugResources
:extensions:rvdatabinding:generateDebugSources
:extensions:rvdatabinding:dataBindingExportBuildInfoDebug
:extensions:rvdatabinding:incrementalDebugJavaCompilationSafeguard
:extensions:rvdatabinding:compileDebugJavaWithJavac
:extensions:rvdatabinding:extractDebugAnnotations
:extensions:rvdatabinding:mergeDebugShaders
:extensions:rvdatabinding:compileDebugShaders
:extensions:rvdatabinding:generateDebugAssets
:extensions:rvdatabinding:mergeDebugAssets
:extensions:rvdatabinding:mergeDebugProguardFiles
:extensions:rvdatabinding:packageDebugRenderscript UP-TO-DATE
:extensions:rvdatabinding:packageDebugResources
:extensions:rvdatabinding:unzipJacocoAgent
:extensions:rvdatabinding:transformClassesWithJacocoForDebug
:extensions:rvdatabinding:processDebugJavaRes UP-TO-DATE
:extensions:rvdatabinding:transformResourcesWithMergeJavaResForDebug
:extensions:rvdatabinding:transformClassesAndResourcesWithSyncLibJarsForDebug
:extensions:rvdatabinding:mergeDebugJniLibFolders
:extensions:rvdatabinding:transformNative_libsWithMergeJniLibsForDebug
:extensions:rvdatabinding:transformNative_libsWithSyncJniLibsForDebug
:extensions:rvdatabinding:bundleDebug
:extensions:rvdatabinding:compileDebugSources
:extensions:rvdatabinding:assembleDebug
:extensions:rvdatabinding:checkReleaseManifest
:extensions:rvdatabinding:prepareReleaseDependencies
:extensions:rvdatabinding:compileReleaseAidl
:extensions:rvdatabinding:compileReleaseNdk UP-TO-DATE
:extensions:rvdatabinding:copyReleaseLint UP-TO-DATE
:extensions:rvdatabinding:compileReleaseRenderscript
:extensions:rvdatabinding:generateReleaseResValues
:extensions:rvdatabinding:generateReleaseResources
:extensions:rvdatabinding:mergeReleaseResources
:extensions:rvdatabinding:dataBindingProcessLayoutsRelease
:extensions:rvdatabinding:generateReleaseBuildConfig
:extensions:rvdatabinding:processReleaseManifest
:extensions:rvdatabinding:processReleaseResources
:extensions:rvdatabinding:generateReleaseSources
:extensions:rvdatabinding:dataBindingExportBuildInfoRelease
:extensions:rvdatabinding:incrementalReleaseJavaCompilationSafeguard
:extensions:rvdatabinding:compileReleaseJavaWithJavac
:extensions:rvdatabinding:extractReleaseAnnotations
:extensions:rvdatabinding:mergeReleaseShaders
:extensions:rvdatabinding:compileReleaseShaders
:extensions:rvdatabinding:generateReleaseAssets
:extensions:rvdatabinding:mergeReleaseAssets
:extensions:rvdatabinding:mergeReleaseProguardFiles
:extensions:rvdatabinding:packageReleaseRenderscript UP-TO-DATE
:extensions:rvdatabinding:packageReleaseResources
:extensions:rvdatabinding:processReleaseJavaRes UP-TO-DATE
:extensions:rvdatabinding:transformResourcesWithMergeJavaResForRelease
:extensions:rvdatabinding:transformClassesAndResourcesWithSyncLibJarsForRelease
:extensions:rvdatabinding:mergeReleaseJniLibFolders
:extensions:rvdatabinding:transformNative_libsWithMergeJniLibsForRelease
:extensions:rvdatabinding:transformNative_libsWithSyncJniLibsForRelease
:extensions:rvdatabinding:bundleRelease
:extensions:rvdatabinding:compileReleaseSources
:extensions:rvdatabinding:assembleRelease
:extensions:rvdatabinding:releaseJavadoc/private/var/folders/bq/vtzpc5ns5sg2cthy61lqpg3dfzgbys/T/1564723059471-0/src/agera-master/extensions/rvdatabinding/src/main/java/com/google/android/agera/rvdatabinding/DataBindingLayoutPresenters.java:48: warning: no @param for layoutId
  public static Builder dataBindingLayoutPresenterFor(@LayoutRes final int layoutId) {
                        ^
/private/var/folders/bq/vtzpc5ns5sg2cthy61lqpg3dfzgbys/T/1564723059471-0/src/agera-master/extensions/rvdatabinding/src/main/java/com/google/android/agera/rvdatabinding/DataBindingLayoutPresenters.java:48: warning: no @return
  public static Builder dataBindingLayoutPresenterFor(@LayoutRes final int layoutId) {
                        ^
/private/var/folders/bq/vtzpc5ns5sg2cthy61lqpg3dfzgbys/T/1564723059471-0/src/agera-master/extensions/rvdatabinding/src/main/java/com/google/android/agera/rvdatabinding/DataBindingRepositoryPresenterCompilerStates.java:46: warning: no @param for itemId
    DBRPMain<T> itemId(int itemId);
                ^
/private/var/folders/bq/vtzpc5ns5sg2cthy61lqpg3dfzgbys/T/1564723059471-0/src/agera-master/extensions/rvdatabinding/src/main/java/com/google/android/agera/rvdatabinding/DataBindingRepositoryPresenterCompilerStates.java:46: warning: no @return
    DBRPMain<T> itemId(int itemId);
                ^
/private/var/folders/bq/vtzpc5ns5sg2cthy61lqpg3dfzgbys/T/1564723059471-0/src/agera-master/extensions/rvdatabinding/src/main/java/com/google/android/agera/rvdatabinding/DataBindingRepositoryPresenterCompilerStates.java:53: warning: no @param for itemIdForItem
    DBRPMain<T> itemIdForItem(@NonNull Function<T, Integer> itemIdForItem);
                ^
/private/var/folders/bq/vtzpc5ns5sg2cthy61lqpg3dfzgbys/T/1564723059471-0/src/agera-master/extensions/rvdatabinding/src/main/java/com/google/android/agera/rvdatabinding/DataBindingRepositoryPresenterCompilerStates.java:53: warning: no @return
    DBRPMain<T> itemIdForItem(@NonNull Function<T, Integer> itemIdForItem);
                ^
/private/var/folders/bq/vtzpc5ns5sg2cthy61lqpg3dfzgbys/T/1564723059471-0/src/agera-master/extensions/rvdatabinding/src/main/java/com/google/android/agera/rvdatabinding/DataBindingRepositoryPresenterCompilerStates.java:60: warning: no @param for handlerId
    DBRPMain<T> handler(int handlerId, @NonNull Object handler);
                ^
/private/var/folders/bq/vtzpc5ns5sg2cthy61lqpg3dfzgbys/T/1564723059471-0/src/agera-master/extensions/rvdatabinding/src/main/java/com/google/android/agera/rvdatabinding/DataBindingRepositoryPresenterCompilerStates.java:60: warning: no @param for handler
    DBRPMain<T> handler(int handlerId, @NonNull Object handler);
                ^
/private/var/folders/bq/vtzpc5ns5sg2cthy61lqpg3dfzgbys/T/1564723059471-0/src/agera-master/extensions/rvdatabinding/src/main/java/com/google/android/agera/rvdatabinding/DataBindingRepositoryPresenterCompilerStates.java:60: warning: no @return
    DBRPMain<T> handler(int handlerId, @NonNull Object handler);
                ^
/private/var/folders/bq/vtzpc5ns5sg2cthy61lqpg3dfzgbys/T/1564723059471-0/src/agera-master/extensions/rvdatabinding/src/main/java/com/google/android/agera/rvdatabinding/DataBindingRepositoryPresenterCompilerStates.java:67: warning: no @param for recycleConfig
    DBRPMain<T> onRecycle(@RecycleConfig int recycleConfig);
                ^
/private/var/folders/bq/vtzpc5ns5sg2cthy61lqpg3dfzgbys/T/1564723059471-0/src/agera-master/extensions/rvdatabinding/src/main/java/com/google/android/agera/rvdatabinding/DataBindingRepositoryPresenterCompilerStates.java:67: warning: no @return
    DBRPMain<T> onRecycle(@RecycleConfig int recycleConfig);
                ^
/private/var/folders/bq/vtzpc5ns5sg2cthy61lqpg3dfzgbys/T/1564723059471-0/src/agera-master/extensions/rvdatabinding/src/main/java/com/google/android/agera/rvdatabinding/DataBindingRepositoryPresenterCompilerStates.java:74: warning: no @param for collectionId
    DBRPMain<T> collectionId(int collectionId);
                ^
/private/var/folders/bq/vtzpc5ns5sg2cthy61lqpg3dfzgbys/T/1564723059471-0/src/agera-master/extensions/rvdatabinding/src/main/java/com/google/android/agera/rvdatabinding/DataBindingRepositoryPresenterCompilerStates.java:74: warning: no @return
    DBRPMain<T> collectionId(int collectionId);
                ^
/private/var/folders/bq/vtzpc5ns5sg2cthy61lqpg3dfzgbys/T/1564723059471-0/src/agera-master/extensions/rvdatabinding/src/main/java/com/google/android/agera/rvdatabinding/DataBindingRepositoryPresenterCompilerStates.java:86: warning: no @param for stableIdForItem
    DBRPMain<T> stableIdForItem(@NonNull Function<? super T, Long> stableIdForItem);
                ^
/private/var/folders/bq/vtzpc5ns5sg2cthy61lqpg3dfzgbys/T/1564723059471-0/src/agera-master/extensions/rvdatabinding/src/main/java/com/google/android/agera/rvdatabinding/DataBindingRepositoryPresenterCompilerStates.java:86: warning: no @return
    DBRPMain<T> stableIdForItem(@NonNull Function<? super T, Long> stableIdForItem);
                ^
/private/var/folders/bq/vtzpc5ns5sg2cthy61lqpg3dfzgbys/T/1564723059471-0/src/agera-master/extensions/rvdatabinding/src/main/java/com/google/android/agera/rvdatabinding/DataBindingRepositoryPresenterCompilerStates.java:97: warning: no @param for stableId
    RPItemCompile<T> stableId(long stableId);
                     ^
/private/var/folders/bq/vtzpc5ns5sg2cthy61lqpg3dfzgbys/T/1564723059471-0/src/agera-master/extensions/rvdatabinding/src/main/java/com/google/android/agera/rvdatabinding/DataBindingRepositoryPresenterCompilerStates.java:97: warning: no @return
    RPItemCompile<T> stableId(long stableId);
                     ^
/private/var/folders/bq/vtzpc5ns5sg2cthy61lqpg3dfzgbys/T/1564723059471-0/src/agera-master/extensions/rvdatabinding/src/main/java/com/google/android/agera/rvdatabinding/DataBindingRepositoryPresenterCompilerStates.java:104: warning: no @return
    RepositoryPresenter<List<T>> forList();
                                 ^
/private/var/folders/bq/vtzpc5ns5sg2cthy61lqpg3dfzgbys/T/1564723059471-0/src/agera-master/extensions/rvdatabinding/src/main/java/com/google/android/agera/rvdatabinding/DataBindingRepositoryPresenterCompilerStates.java:112: warning: no @return
    RepositoryPresenter<Result<List<T>>> forResultList();
                                         ^
/private/var/folders/bq/vtzpc5ns5sg2cthy61lqpg3dfzgbys/T/1564723059471-0/src/agera-master/extensions/rvdatabinding/src/main/java/com/google/android/agera/rvdatabinding/DataBindingRepositoryPresenterCompilerStates.java:119: warning: no @param for <TCol>
    <TCol> RepositoryPresenter<TCol> forCollection(@NonNull Function<TCol, List<T>> converter);
                                     ^
/private/var/folders/bq/vtzpc5ns5sg2cthy61lqpg3dfzgbys/T/1564723059471-0/src/agera-master/extensions/rvdatabinding/src/main/java/com/google/android/agera/rvdatabinding/DataBindingRepositoryPresenterCompilerStates.java:119: warning: no @param for converter
    <TCol> RepositoryPresenter<TCol> forCollection(@NonNull Function<TCol, List<T>> converter);
                                     ^
/private/var/folders/bq/vtzpc5ns5sg2cthy61lqpg3dfzgbys/T/1564723059471-0/src/agera-master/extensions/rvdatabinding/src/main/java/com/google/android/agera/rvdatabinding/DataBindingRepositoryPresenterCompilerStates.java:119: warning: no @return
    <TCol> RepositoryPresenter<TCol> forCollection(@NonNull Function<TCol, List<T>> converter);
                                     ^
/private/var/folders/bq/vtzpc5ns5sg2cthy61lqpg3dfzgbys/T/1564723059471-0/src/agera-master/extensions/rvdatabinding/src/main/java/com/google/android/agera/rvdatabinding/DataBindingRepositoryPresenters.java:80: warning: no @param for <T>
  public static <T> RPLayout<T, DBRPMain<T>> dataBindingRepositoryPresenterOf(
                                             ^
/private/var/folders/bq/vtzpc5ns5sg2cthy61lqpg3dfzgbys/T/1564723059471-0/src/agera-master/extensions/rvdatabinding/src/main/java/com/google/android/agera/rvdatabinding/DataBindingRepositoryPresenters.java:80: warning: no @param for type
  public static <T> RPLayout<T, DBRPMain<T>> dataBindingRepositoryPresenterOf(
                                             ^
/private/var/folders/bq/vtzpc5ns5sg2cthy61lqpg3dfzgbys/T/1564723059471-0/src/agera-master/extensions/rvdatabinding/src/main/java/com/google/android/agera/rvdatabinding/DataBindingRepositoryPresenters.java:80: warning: no @return
  public static <T> RPLayout<T, DBRPMain<T>> dataBindingRepositoryPresenterOf(
                                             ^

25 warnings
:extensions:rvdatabinding:javadocJar
:extensions:rvdatabinding:sourcesJar
:extensions:rvdatabinding:assemble
:extensions:rvdatabinding:lint FAILED

FAILURE: Build failed with an exception.

* What went wrong:
Execution failed for task ':extensions:rvdatabinding:lint'.
> No toolchains found in the NDK toolchains folder for ABI with prefix: mipsel-linux-android

* Try:
Run with --info or --debug option to get more log output.

* Exception is:
org.gradle.api.tasks.TaskExecutionException: Execution failed for task ':extensions:rvdatabinding:lint'.
	at org.gradle.api.internal.tasks.execution.ExecuteActionsTaskExecuter.executeActions(ExecuteActionsTaskExecuter.java:69)
	at org.gradle.api.internal.tasks.execution.ExecuteActionsTaskExecuter.execute(ExecuteActionsTaskExecuter.java:46)
	at org.gradle.api.internal.tasks.execution.PostExecutionAnalysisTaskExecuter.execute(PostExecutionAnalysisTaskExecuter.java:35)
	at org.gradle.api.internal.tasks.execution.SkipUpToDateTaskExecuter.execute(SkipUpToDateTaskExecuter.java:66)
	at org.gradle.api.internal.tasks.execution.ValidatingTaskExecuter.execute(ValidatingTaskExecuter.java:58)
	at org.gradle.api.internal.tasks.execution.SkipEmptySourceFilesTaskExecuter.execute(SkipEmptySourceFilesTaskExecuter.java:52)
	at org.gradle.api.internal.tasks.execution.SkipTaskWithNoActionsExecuter.execute(SkipTaskWithNoActionsExecuter.java:52)
	at org.gradle.api.internal.tasks.execution.SkipOnlyIfTaskExecuter.execute(SkipOnlyIfTaskExecuter.java:53)
	at org.gradle.api.internal.tasks.execution.ExecuteAtMostOnceTaskExecuter.execute(ExecuteAtMostOnceTaskExecuter.java:43)
	at org.gradle.execution.taskgraph.DefaultTaskGraphExecuter$EventFiringTaskWorker.execute(DefaultTaskGraphExecuter.java:203)
	at org.gradle.execution.taskgraph.DefaultTaskGraphExecuter$EventFiringTaskWorker.execute(DefaultTaskGraphExecuter.java:185)
	at org.gradle.execution.taskgraph.AbstractTaskPlanExecutor$TaskExecutorWorker.processTask(AbstractTaskPlanExecutor.java:66)
	at org.gradle.execution.taskgraph.AbstractTaskPlanExecutor$TaskExecutorWorker.run(AbstractTaskPlanExecutor.java:50)
	at org.gradle.execution.taskgraph.DefaultTaskPlanExecutor.process(DefaultTaskPlanExecutor.java:25)
	at org.gradle.execution.taskgraph.DefaultTaskGraphExecuter.execute(DefaultTaskGraphExecuter.java:110)
	at org.gradle.execution.SelectedTaskExecutionAction.execute(SelectedTaskExecutionAction.java:37)
	at org.gradle.execution.DefaultBuildExecuter.execute(DefaultBuildExecuter.java:37)
	at org.gradle.execution.DefaultBuildExecuter.access$000(DefaultBuildExecuter.java:23)
	at org.gradle.execution.DefaultBuildExecuter$1.proceed(DefaultBuildExecuter.java:43)
	at org.gradle.execution.DryRunBuildExecutionAction.execute(DryRunBuildExecutionAction.java:32)
	at org.gradle.execution.DefaultBuildExecuter.execute(DefaultBuildExecuter.java:37)
	at org.gradle.execution.DefaultBuildExecuter.execute(DefaultBuildExecuter.java:30)
	at org.gradle.initialization.DefaultGradleLauncher$4.run(DefaultGradleLauncher.java:153)
	at org.gradle.internal.Factories$1.create(Factories.java:22)
	at org.gradle.internal.progress.DefaultBuildOperationExecutor.run(DefaultBuildOperationExecutor.java:91)
	at org.gradle.internal.progress.DefaultBuildOperationExecutor.run(DefaultBuildOperationExecutor.java:53)
	at org.gradle.initialization.DefaultGradleLauncher.doBuildStages(DefaultGradleLauncher.java:150)
	at org.gradle.initialization.DefaultGradleLauncher.access$200(DefaultGradleLauncher.java:32)
	at org.gradle.initialization.DefaultGradleLauncher$1.create(DefaultGradleLauncher.java:98)
	at org.gradle.initialization.DefaultGradleLauncher$1.create(DefaultGradleLauncher.java:92)
	at org.gradle.internal.progress.DefaultBuildOperationExecutor.run(DefaultBuildOperationExecutor.java:91)
	at org.gradle.internal.progress.DefaultBuildOperationExecutor.run(DefaultBuildOperationExecutor.java:63)
	at org.gradle.initialization.DefaultGradleLauncher.doBuild(DefaultGradleLauncher.java:92)
	at org.gradle.initialization.DefaultGradleLauncher.run(DefaultGradleLauncher.java:83)
	at org.gradle.launcher.exec.InProcessBuildActionExecuter$DefaultBuildController.run(InProcessBuildActionExecuter.java:99)
	at org.gradle.tooling.internal.provider.ExecuteBuildActionRunner.run(ExecuteBuildActionRunner.java:28)
	at org.gradle.launcher.exec.ChainingBuildActionRunner.run(ChainingBuildActionRunner.java:35)
	at org.gradle.launcher.exec.InProcessBuildActionExecuter.execute(InProcessBuildActionExecuter.java:48)
	at org.gradle.launcher.exec.InProcessBuildActionExecuter.execute(InProcessBuildActionExecuter.java:30)
	at org.gradle.launcher.exec.ContinuousBuildActionExecuter.execute(ContinuousBuildActionExecuter.java:81)
	at org.gradle.launcher.exec.ContinuousBuildActionExecuter.execute(ContinuousBuildActionExecuter.java:46)
	at org.gradle.launcher.exec.DaemonUsageSuggestingBuildActionExecuter.execute(DaemonUsageSuggestingBuildActionExecuter.java:51)
	at org.gradle.launcher.exec.DaemonUsageSuggestingBuildActionExecuter.execute(DaemonUsageSuggestingBuildActionExecuter.java:28)
	at org.gradle.launcher.cli.RunBuildAction.run(RunBuildAction.java:43)
	at org.gradle.internal.Actions$RunnableActionAdapter.execute(Actions.java:173)
	at org.gradle.launcher.cli.CommandLineActionFactory$ParseAndBuildAction.execute(CommandLineActionFactory.java:239)
	at org.gradle.launcher.cli.CommandLineActionFactory$ParseAndBuildAction.execute(CommandLineActionFactory.java:212)
	at org.gradle.launcher.cli.JavaRuntimeValidationAction.execute(JavaRuntimeValidationAction.java:35)
	at org.gradle.launcher.cli.JavaRuntimeValidationAction.execute(JavaRuntimeValidationAction.java:24)
	at org.gradle.launcher.cli.ExceptionReportingAction.execute(ExceptionReportingAction.java:33)
	at org.gradle.launcher.cli.ExceptionReportingAction.execute(ExceptionReportingAction.java:22)
	at org.gradle.launcher.cli.CommandLineActionFactory$WithLogging.execute(CommandLineActionFactory.java:205)
	at org.gradle.launcher.cli.CommandLineActionFactory$WithLogging.execute(CommandLineActionFactory.java:169)
	at org.gradle.launcher.Main.doAction(Main.java:33)
	at org.gradle.launcher.bootstrap.EntryPoint.run(EntryPoint.java:45)
	at org.gradle.launcher.bootstrap.ProcessBootstrap.runNoExit(ProcessBootstrap.java:55)
	at org.gradle.launcher.bootstrap.ProcessBootstrap.run(ProcessBootstrap.java:36)
	at org.gradle.launcher.GradleMain.main(GradleMain.java:23)
	at org.gradle.wrapper.BootstrapMainStarter.start(BootstrapMainStarter.java:30)
	at org.gradle.wrapper.WrapperExecutor.execute(WrapperExecutor.java:129)
	at org.gradle.wrapper.GradleWrapperMain.main(GradleWrapperMain.java:61)
Caused by: java.lang.RuntimeException: No toolchains found in the NDK toolchains folder for ABI with prefix: mipsel-linux-android
	at com.android.build.gradle.internal.ndk.DefaultNdkInfo.getDefaultToolchainVersion(DefaultNdkInfo.java:330)
	at com.android.build.gradle.internal.ndk.DefaultNdkInfo.getToolchainPath(DefaultNdkInfo.java:207)
	at com.android.build.gradle.internal.ndk.DefaultNdkInfo.getCCompiler(DefaultNdkInfo.java:263)
	at com.android.build.gradle.internal.ndk.NdkHandler.getCCompiler(NdkHandler.java:306)
	at com.android.build.gradle.internal.model.ModelBuilder.createNativeToolchainModelMap(ModelBuilder.java:240)
	at com.android.build.gradle.internal.model.ModelBuilder.buildAll(ModelBuilder.java:175)
	at com.android.build.gradle.tasks.Lint.createAndroidProject(Lint.java:288)
	at com.android.build.gradle.tasks.Lint.lint(Lint.java:105)
	at org.gradle.internal.reflect.JavaMethod.invoke(JavaMethod.java:75)
	at org.gradle.api.internal.project.taskfactory.AnnotationProcessingTaskFactory$StandardTaskAction.doExecute(AnnotationProcessingTaskFactory.java:228)
	at org.gradle.api.internal.project.taskfactory.AnnotationProcessingTaskFactory$StandardTaskAction.execute(AnnotationProcessingTaskFactory.java:221)
	at org.gradle.api.internal.project.taskfactory.AnnotationProcessingTaskFactory$StandardTaskAction.execute(AnnotationProcessingTaskFactory.java:210)
	at org.gradle.api.internal.AbstractTask$TaskActionWrapper.execute(AbstractTask.java:621)
	at org.gradle.api.internal.AbstractTask$TaskActionWrapper.execute(AbstractTask.java:604)
	at org.gradle.api.internal.tasks.execution.ExecuteActionsTaskExecuter.executeAction(ExecuteActionsTaskExecuter.java:80)
	at org.gradle.api.internal.tasks.execution.ExecuteActionsTaskExecuter.executeActions(ExecuteActionsTaskExecuter.java:61)
	... 60 more


BUILD FAILED

Total time: 11.852 secs

2019-08-02 12:19:58,140 INFO  ProjectTaskService - Detecting possible tasks...
2019-08-02 12:19:58,140 INFO  SysUtils - Execute command: [/var/folders/bq/vtzpc5ns5sg2cthy61lqpg3dfzgbys/T/1564723059471-0/src/agera-master/samples/BasicSample/gradlew, -b, /var/folders/bq/vtzpc5ns5sg2cthy61lqpg3dfzgbys/T/1564723059471-0/src/agera-master/samples/BasicSample/app/build.gradle, -Dorg.gradle.daemon=false, -Dorg.gradle.daemon.performance.enable-monitoring=false, -Dorg.gradle.configureondemand=true, tasks]
2019-08-02 12:20:08,221 INFO  ProjectTaskService - Detected possible tasks: 70
2019-08-02 12:20:08,221 INFO  ProjectTaskService - Excluded tasks (19): lintDebug mockableAndroidJar deviceCheck lint testReleaseUnitTest uninstallRelease deviceAndroidTest uninstallDebugAndroidTest installDebugAndroidTest connectedCheck connectedDebugAndroidTest uninstallAll test check testDebugUnitTest connectedAndroidTest installDebug lintRelease uninstallDebug
2019-08-02 12:20:08,221 INFO  SysUtils - Execute command: [/var/folders/bq/vtzpc5ns5sg2cthy61lqpg3dfzgbys/T/1564723059471-0/src/agera-master/samples/BasicSample/gradlew, -b, /var/folders/bq/vtzpc5ns5sg2cthy61lqpg3dfzgbys/T/1564723059471-0/src/agera-master/samples/BasicSample/app/build.gradle, -Dorg.gradle.daemon=false, -Dorg.gradle.daemon.performance.enable-monitoring=false, -Dorg.gradle.configureondemand=true, --stacktrace, -x, lintDebug, -x, mockableAndroidJar, -x, deviceCheck, -x, lint, -x, testReleaseUnitTest, -x, uninstallRelease, -x, deviceAndroidTest, -x, uninstallDebugAndroidTest, -x, installDebugAndroidTest, -x, connectedCheck, -x, connectedDebugAndroidTest, -x, uninstallAll, -x, test, -x, check, -x, testDebugUnitTest, -x, connectedAndroidTest, -x, installDebug, -x, lintRelease, -x, uninstallDebug, build]
2019-08-02 12:20:21,562 ERROR SysUtils - Could not process external command
org.apache.commons.exec.ExecuteException: Process exited with an error: 1 (Exit value: 1)
	at org.apache.commons.exec.DefaultExecutor.executeInternal(DefaultExecutor.java:404)
	at org.apache.commons.exec.DefaultExecutor.execute(DefaultExecutor.java:166)
	at com.github.vbauer.apkmaster.util.SysUtils.execute(SysUtils.java:67)
	at com.github.vbauer.apkmaster.util.SysUtils.executeSimple(SysUtils.java:43)
	at com.github.vbauer.apkmaster.service.assembly.ProjectBuildService.buildProject(ProjectBuildService.java:78)
	at com.github.vbauer.apkmaster.service.assembly.ProjectBuildService.buildProject(ProjectBuildService.java:64)
	at com.github.vbauer.apkmaster.service.assembly.ProjectBuildService.buildProject(ProjectBuildService.java:43)
	at com.github.vbauer.apkmaster.service.FullProcessService.build(FullProcessService.java:84)
	at com.github.vbauer.apkmaster.service.FullProcessService.process(FullProcessService.java:34)
	at com.github.vbauer.apkmaster.app.MainApplication.process(MainApplication.java:38)
	at com.github.vbauer.apkmaster.app.MainApplication.main(MainApplication.java:20)
	at sun.reflect.NativeMethodAccessorImpl.invoke0(Native Method)
	at sun.reflect.NativeMethodAccessorImpl.invoke(NativeMethodAccessorImpl.java:62)
	at sun.reflect.DelegatingMethodAccessorImpl.invoke(DelegatingMethodAccessorImpl.java:43)
	at java.lang.reflect.Method.invoke(Method.java:498)
	at com.android.arsenal.util.ReflectionUtils.invoke(ReflectionUtils.java:52)
	at com.android.arsenal.util.ApkMasterUtils.main(ApkMasterUtils.java:30)
	at com.android.arsenal.service.processor.impl.BuildProcessorServiceImpl.buildProject(BuildProcessorServiceImpl.java:196)
	at com.android.arsenal.service.processor.impl.BuildProcessorServiceImpl.build(BuildProcessorServiceImpl.java:130)
	at com.android.arsenal.service.processor.impl.BuildProcessorServiceImpl.lambda$createTasks$1(BuildProcessorServiceImpl.java:113)
	at java.util.concurrent.FutureTask.run(FutureTask.java:266)
	at java.util.concurrent.Executors$RunnableAdapter.call(Executors.java:511)
	at java.util.concurrent.FutureTask.run(FutureTask.java:266)
	at java.util.concurrent.ThreadPoolExecutor.runWorker(ThreadPoolExecutor.java:1149)
	at java.util.concurrent.ThreadPoolExecutor$Worker.run(ThreadPoolExecutor.java:624)
	at java.lang.Thread.run(Thread.java:748)
2019-08-02 12:20:21,562 INFO  SysUtils - Configuration on demand is an incubating feature.
Incremental java compilation is an incubating feature.
:app:preBuild UP-TO-DATE
:app:preDebugBuild UP-TO-DATE
:app:checkDebugManifest
:app:preReleaseBuild UP-TO-DATE
:app:prepareComAndroidSupportAnimatedVectorDrawable2330Library
:app:prepareComAndroidSupportAppcompatV72330Library
:app:prepareComAndroidSupportSupportV42330Library
:app:prepareComAndroidSupportSupportVectorDrawable2330Library
:app:prepareComAndroidSupportTestEspressoEspressoIdlingResource222Library
:app:prepareComGoogleAndroidAgeraAgera100Rc2Library
:app:prepareDebugDependencies
:app:compileDebugAidl
:app:compileDebugRenderscript
:app:generateDebugBuildConfig
:app:mergeDebugShaders
:app:compileDebugShaders
:app:generateDebugAssets
:app:mergeDebugAssets
:app:generateDebugResValues
:app:generateDebugResources
:app:mergeDebugResources
:app:processDebugManifest
:app:processDebugResources
:app:generateDebugSources
:app:incrementalDebugJavaCompilationSafeguard
:app:compileDebugJavaWithJavac
:app:compileDebugJavaWithJavac - is not incremental (e.g. outputs have changed, no previous execution, etc.).
:app:compileDebugNdk UP-TO-DATE
:app:compileDebugSources
:app:prePackageMarkerForDebug
:app:transformClassesWithDexForDebug
Merged dex #1 (5 defs/15.3KiB)
Merged dex #2 (329 defs/536.4KiB)
Merged dex #3 (770 defs/937.2KiB)
Merged dex #4 (17 defs/48.5KiB)
Merged dex #5 (4 defs/4.1KiB)
Merged dex #6 (78 defs/66.2KiB)
Merged dex #7 (37 defs/91.6KiB)
Merged dex #8 (333 defs/262.4KiB)
Merged dex #9 (41 defs/6.5KiB)
Result is 1614 defs/2382.3KiB. Took 0.2s
:app:mergeDebugJniLibFolders
:app:transformNative_libsWithMergeJniLibsForDebug
:app:processDebugJavaRes UP-TO-DATE
:app:transformResourcesWithMergeJavaResForDebug
:app:validateDebugSigning
:app:packageDebug
:app:zipalignDebug
:app:assembleDebug
:app:checkReleaseManifest
:app:prepareReleaseDependencies
:app:compileReleaseAidl
:app:compileReleaseRenderscript
:app:generateReleaseBuildConfig
:app:mergeReleaseShaders
:app:compileReleaseShaders
:app:generateReleaseAssets
:app:mergeReleaseAssets
:app:generateReleaseResValues
:app:generateReleaseResources
:app:mergeReleaseResources
:app:processReleaseManifest
:app:processReleaseResources
:app:generateReleaseSources
:app:incrementalReleaseJavaCompilationSafeguard
:app:compileReleaseJavaWithJavac
:app:compileReleaseJavaWithJavac - is not incremental (e.g. outputs have changed, no previous execution, etc.).
:app:compileReleaseNdk UP-TO-DATE
:app:compileReleaseSources
:app:lintVitalRelease FAILED

FAILURE: Build failed with an exception.

* What went wrong:
Execution failed for task ':app:lintVitalRelease'.
> No toolchains found in the NDK toolchains folder for ABI with prefix: mipsel-linux-android

* Try:
Run with --info or --debug option to get more log output.

* Exception is:
org.gradle.api.tasks.TaskExecutionException: Execution failed for task ':app:lintVitalRelease'.
	at org.gradle.api.internal.tasks.execution.ExecuteActionsTaskExecuter.executeActions(ExecuteActionsTaskExecuter.java:69)
	at org.gradle.api.internal.tasks.execution.ExecuteActionsTaskExecuter.execute(ExecuteActionsTaskExecuter.java:46)
	at org.gradle.api.internal.tasks.execution.PostExecutionAnalysisTaskExecuter.execute(PostExecutionAnalysisTaskExecuter.java:35)
	at org.gradle.api.internal.tasks.execution.SkipUpToDateTaskExecuter.execute(SkipUpToDateTaskExecuter.java:64)
	at org.gradle.api.internal.tasks.execution.ValidatingTaskExecuter.execute(ValidatingTaskExecuter.java:58)
	at org.gradle.api.internal.tasks.execution.SkipEmptySourceFilesTaskExecuter.execute(SkipEmptySourceFilesTaskExecuter.java:52)
	at org.gradle.api.internal.tasks.execution.SkipTaskWithNoActionsExecuter.execute(SkipTaskWithNoActionsExecuter.java:52)
	at org.gradle.api.internal.tasks.execution.SkipOnlyIfTaskExecuter.execute(SkipOnlyIfTaskExecuter.java:53)
	at org.gradle.api.internal.tasks.execution.ExecuteAtMostOnceTaskExecuter.execute(ExecuteAtMostOnceTaskExecuter.java:43)
	at org.gradle.execution.taskgraph.DefaultTaskGraphExecuter$EventFiringTaskWorker.execute(DefaultTaskGraphExecuter.java:203)
	at org.gradle.execution.taskgraph.DefaultTaskGraphExecuter$EventFiringTaskWorker.execute(DefaultTaskGraphExecuter.java:185)
	at org.gradle.execution.taskgraph.AbstractTaskPlanExecutor$TaskExecutorWorker.processTask(AbstractTaskPlanExecutor.java:66)
	at org.gradle.execution.taskgraph.AbstractTaskPlanExecutor$TaskExecutorWorker.run(AbstractTaskPlanExecutor.java:50)
	at org.gradle.execution.taskgraph.DefaultTaskPlanExecutor.process(DefaultTaskPlanExecutor.java:25)
	at org.gradle.execution.taskgraph.DefaultTaskGraphExecuter.execute(DefaultTaskGraphExecuter.java:110)
	at org.gradle.execution.SelectedTaskExecutionAction.execute(SelectedTaskExecutionAction.java:37)
	at org.gradle.execution.DefaultBuildExecuter.execute(DefaultBuildExecuter.java:37)
	at org.gradle.execution.DefaultBuildExecuter.access$000(DefaultBuildExecuter.java:23)
	at org.gradle.execution.DefaultBuildExecuter$1.proceed(DefaultBuildExecuter.java:43)
	at org.gradle.execution.DryRunBuildExecutionAction.execute(DryRunBuildExecutionAction.java:32)
	at org.gradle.execution.DefaultBuildExecuter.execute(DefaultBuildExecuter.java:37)
	at org.gradle.execution.DefaultBuildExecuter.execute(DefaultBuildExecuter.java:30)
	at org.gradle.initialization.DefaultGradleLauncher$4.run(DefaultGradleLauncher.java:154)
	at org.gradle.internal.Factories$1.create(Factories.java:22)
	at org.gradle.internal.progress.DefaultBuildOperationExecutor.run(DefaultBuildOperationExecutor.java:90)
	at org.gradle.internal.progress.DefaultBuildOperationExecutor.run(DefaultBuildOperationExecutor.java:52)
	at org.gradle.initialization.DefaultGradleLauncher.doBuildStages(DefaultGradleLauncher.java:151)
	at org.gradle.initialization.DefaultGradleLauncher.access$200(DefaultGradleLauncher.java:32)
	at org.gradle.initialization.DefaultGradleLauncher$1.create(DefaultGradleLauncher.java:99)
	at org.gradle.initialization.DefaultGradleLauncher$1.create(DefaultGradleLauncher.java:93)
	at org.gradle.internal.progress.DefaultBuildOperationExecutor.run(DefaultBuildOperationExecutor.java:90)
	at org.gradle.internal.progress.DefaultBuildOperationExecutor.run(DefaultBuildOperationExecutor.java:62)
	at org.gradle.initialization.DefaultGradleLauncher.doBuild(DefaultGradleLauncher.java:93)
	at org.gradle.initialization.DefaultGradleLauncher.run(DefaultGradleLauncher.java:82)
	at org.gradle.launcher.exec.InProcessBuildActionExecuter$DefaultBuildController.run(InProcessBuildActionExecuter.java:94)
	at org.gradle.tooling.internal.provider.ExecuteBuildActionRunner.run(ExecuteBuildActionRunner.java:28)
	at org.gradle.launcher.exec.ChainingBuildActionRunner.run(ChainingBuildActionRunner.java:35)
	at org.gradle.launcher.exec.InProcessBuildActionExecuter.execute(InProcessBuildActionExecuter.java:43)
	at org.gradle.launcher.exec.InProcessBuildActionExecuter.execute(InProcessBuildActionExecuter.java:28)
	at org.gradle.launcher.exec.ContinuousBuildActionExecuter.execute(ContinuousBuildActionExecuter.java:78)
	at org.gradle.launcher.exec.ContinuousBuildActionExecuter.execute(ContinuousBuildActionExecuter.java:48)
	at org.gradle.launcher.exec.DaemonUsageSuggestingBuildActionExecuter.execute(DaemonUsageSuggestingBuildActionExecuter.java:51)
	at org.gradle.launcher.exec.DaemonUsageSuggestingBuildActionExecuter.execute(DaemonUsageSuggestingBuildActionExecuter.java:28)
	at org.gradle.launcher.cli.RunBuildAction.run(RunBuildAction.java:43)
	at org.gradle.internal.Actions$RunnableActionAdapter.execute(Actions.java:170)
	at org.gradle.launcher.cli.CommandLineActionFactory$ParseAndBuildAction.execute(CommandLineActionFactory.java:237)
	at org.gradle.launcher.cli.CommandLineActionFactory$ParseAndBuildAction.execute(CommandLineActionFactory.java:210)
	at org.gradle.launcher.cli.JavaRuntimeValidationAction.execute(JavaRuntimeValidationAction.java:35)
	at org.gradle.launcher.cli.JavaRuntimeValidationAction.execute(JavaRuntimeValidationAction.java:24)
	at org.gradle.launcher.cli.CommandLineActionFactory$WithLogging.execute(CommandLineActionFactory.java:206)
	at org.gradle.launcher.cli.CommandLineActionFactory$WithLogging.execute(CommandLineActionFactory.java:169)
	at org.gradle.launcher.cli.ExceptionReportingAction.execute(ExceptionReportingAction.java:33)
	at org.gradle.launcher.cli.ExceptionReportingAction.execute(ExceptionReportingAction.java:22)
	at org.gradle.launcher.Main.doAction(Main.java:33)
	at org.gradle.launcher.bootstrap.EntryPoint.run(EntryPoint.java:45)
	at org.gradle.launcher.bootstrap.ProcessBootstrap.runNoExit(ProcessBootstrap.java:54)
	at org.gradle.launcher.bootstrap.ProcessBootstrap.run(ProcessBootstrap.java:35)
	at org.gradle.launcher.GradleMain.main(GradleMain.java:23)
	at org.gradle.wrapper.BootstrapMainStarter.start(BootstrapMainStarter.java:30)
	at org.gradle.wrapper.WrapperExecutor.execute(WrapperExecutor.java:129)
	at org.gradle.wrapper.GradleWrapperMain.main(GradleWrapperMain.java:61)
Caused by: java.lang.RuntimeException: No toolchains found in the NDK toolchains folder for ABI with prefix: mipsel-linux-android
	at com.android.build.gradle.internal.NdkHandler.getDefaultToolchainVersion(NdkHandler.java:375)
	at com.android.build.gradle.internal.NdkHandler.getToolchainPath(NdkHandler.java:273)
	at com.android.build.gradle.internal.NdkHandler.getCCompiler(NdkHandler.java:461)
	at com.android.build.gradle.internal.model.ModelBuilder.createNativeToolchainModelMap(ModelBuilder.java:227)
	at com.android.build.gradle.internal.model.ModelBuilder.buildAll(ModelBuilder.java:166)
	at org.gradle.tooling.provider.model.ToolingModelBuilder$buildAll.call(Unknown Source)
	at com.android.build.gradle.tasks.Lint.createAndroidProject(Lint.groovy:256)
	at com.android.build.gradle.tasks.Lint.lint(Lint.groovy:73)
	at org.gradle.internal.reflect.JavaMethod.invoke(JavaMethod.java:75)
	at org.gradle.api.internal.project.taskfactory.AnnotationProcessingTaskFactory$StandardTaskAction.doExecute(AnnotationProcessingTaskFactory.java:227)
	at org.gradle.api.internal.project.taskfactory.AnnotationProcessingTaskFactory$StandardTaskAction.execute(AnnotationProcessingTaskFactory.java:220)
	at org.gradle.api.internal.project.taskfactory.AnnotationProcessingTaskFactory$StandardTaskAction.execute(AnnotationProcessingTaskFactory.java:209)
	at org.gradle.api.internal.AbstractTask$TaskActionWrapper.execute(AbstractTask.java:585)
	at org.gradle.api.internal.AbstractTask$TaskActionWrapper.execute(AbstractTask.java:568)
	at org.gradle.api.internal.tasks.execution.ExecuteActionsTaskExecuter.executeAction(ExecuteActionsTaskExecuter.java:80)
	at org.gradle.api.internal.tasks.execution.ExecuteActionsTaskExecuter.executeActions(ExecuteActionsTaskExecuter.java:61)
	... 60 more


BUILD FAILED

Total time: 12.799 secs

2019-08-02 12:20:21,666 INFO  FullProcessService - Found APK file: /var/folders/bq/vtzpc5ns5sg2cthy61lqpg3dfzgbys/T/1564723059471-0/src/agera-master/samples/BasicSample/app/build/outputs/apk/app-debug.apk
