2019-01-06 19:42:44,379 INFO  DownloadService - Downloading "https://github.com/wandup/RxSensor/archive/master.zip", attempt 3
2019-01-06 19:42:44,988 INFO  DownloadService - Downloaded https://github.com/wandup/RxSensor/archive/master.zip, attempt 3
2019-01-06 19:42:44,988 INFO  DownloadService - Size of file "/var/folders/bq/vtzpc5ns5sg2cthy61lqpg3dfzgbys/T/1546778564375-0/master.zip": 107 KB
2019-01-06 19:42:44,988 INFO  ArchiveUtils - Checking entries [.gradle] in ZIP file...
2019-01-06 19:42:44,989 INFO  ArchiveUtils - Has entries [.gradle] in ZIP file /var/folders/bq/vtzpc5ns5sg2cthy61lqpg3dfzgbys/T/1546778564375-0/master.zip: true
2019-01-06 19:42:44,989 DEBUG ZipUtil - Extracting '/var/folders/bq/vtzpc5ns5sg2cthy61lqpg3dfzgbys/T/1546778564375-0/master.zip' into '/var/folders/bq/vtzpc5ns5sg2cthy61lqpg3dfzgbys/T/1546778564375-0/src'.
2019-01-06 19:42:45,008 INFO  FullProcessService - Size of directory with sources: 127 KB
2019-01-06 19:42:45,008 INFO  SysUtils - Execute command: [git, init, /var/folders/bq/vtzpc5ns5sg2cthy61lqpg3dfzgbys/T/1546778564375-0/src]
2019-01-06 19:42:45,029 INFO  SysUtils - Initialized empty Git repository in /private/var/folders/bq/vtzpc5ns5sg2cthy61lqpg3dfzgbys/T/1546778564375-0/src/.git/

2019-01-06 19:42:45,033 INFO  ProjectBuildService - Gradle wrapper(s): /var/folders/bq/vtzpc5ns5sg2cthy61lqpg3dfzgbys/T/1546778564375-0/src/RxSensor-master/gradlew
2019-01-06 19:42:45,036 INFO  ProjectBuildService - Build script(s): /var/folders/bq/vtzpc5ns5sg2cthy61lqpg3dfzgbys/T/1546778564375-0/src/RxSensor-master/rxsensor/build.gradle /var/folders/bq/vtzpc5ns5sg2cthy61lqpg3dfzgbys/T/1546778564375-0/src/RxSensor-master/sample/build.gradle /var/folders/bq/vtzpc5ns5sg2cthy61lqpg3dfzgbys/T/1546778564375-0/src/RxSensor-master/build.gradle
2019-01-06 19:42:45,038 INFO  ProjectBuildService - All script(s): /var/folders/bq/vtzpc5ns5sg2cthy61lqpg3dfzgbys/T/1546778564375-0/src/RxSensor-master/rxsensor/build.gradle /var/folders/bq/vtzpc5ns5sg2cthy61lqpg3dfzgbys/T/1546778564375-0/src/RxSensor-master/script/checkstyle.gradle /var/folders/bq/vtzpc5ns5sg2cthy61lqpg3dfzgbys/T/1546778564375-0/src/RxSensor-master/script/publish.gradle /var/folders/bq/vtzpc5ns5sg2cthy61lqpg3dfzgbys/T/1546778564375-0/src/RxSensor-master/build.gradle /var/folders/bq/vtzpc5ns5sg2cthy61lqpg3dfzgbys/T/1546778564375-0/src/RxSensor-master/sample/build.gradle /var/folders/bq/vtzpc5ns5sg2cthy61lqpg3dfzgbys/T/1546778564375-0/src/RxSensor-master/settings.gradle
2019-01-06 19:42:45,039 INFO  ProjectBuildService - Remote scripts: none
2019-01-06 19:42:45,039 INFO  ProjectFixService - Fixing project...
2019-01-06 19:42:45,048 INFO  LocalPropertiesFixService - Created fake /var/folders/bq/vtzpc5ns5sg2cthy61lqpg3dfzgbys/T/1546778564375-0/src/RxSensor-master/rxsensor/local.properties
2019-01-06 19:42:45,051 INFO  ProjectFixService - Build info for "/var/folders/bq/vtzpc5ns5sg2cthy61lqpg3dfzgbys/T/1546778564375-0/src/RxSensor-master/rxsensor/build.gradle": [buildToolsVersion=23.0.3,compileSdkVersion=23,minSdkVersion=15,targetSdkVersion=23]
2019-01-06 19:42:45,052 INFO  LocalPropertiesFixService - Created fake /var/folders/bq/vtzpc5ns5sg2cthy61lqpg3dfzgbys/T/1546778564375-0/src/RxSensor-master/sample/local.properties
2019-01-06 19:42:45,052 INFO  ProjectFixService - Build info for "/var/folders/bq/vtzpc5ns5sg2cthy61lqpg3dfzgbys/T/1546778564375-0/src/RxSensor-master/sample/build.gradle": [buildToolsVersion=23.0.3,compileSdkVersion=23,minSdkVersion=15,targetSdkVersion=23]
2019-01-06 19:42:45,053 INFO  LocalPropertiesFixService - Created fake /var/folders/bq/vtzpc5ns5sg2cthy61lqpg3dfzgbys/T/1546778564375-0/src/RxSensor-master/local.properties
2019-01-06 19:42:45,053 INFO  WrapperPropertiesFixService - Gradle wrapper: https://services.gradle.org/distributions/gradle-2.10-all.zip
2019-01-06 19:42:45,054 INFO  WrapperPropertiesFixService - Gradle wrapper was changed from "-all.zip" to "-bin.zip" (https://services.gradle.org/distributions/gradle-2.10-bin.zip)
2019-01-06 19:42:45,056 INFO  ProjectFixService - Build info for "/var/folders/bq/vtzpc5ns5sg2cthy61lqpg3dfzgbys/T/1546778564375-0/src/RxSensor-master/build.gradle": [buildToolsVersion=23.0.3,compileSdkVersion=23,minSdkVersion=15,targetSdkVersion=23]
2019-01-06 19:42:45,056 INFO  ProjectFixService - Project was maybe fixed
2019-01-06 19:42:45,056 INFO  ProjectTaskService - Detecting possible tasks...
2019-01-06 19:42:45,056 INFO  SysUtils - Execute command: [/var/folders/bq/vtzpc5ns5sg2cthy61lqpg3dfzgbys/T/1546778564375-0/src/RxSensor-master/gradlew, -b, /var/folders/bq/vtzpc5ns5sg2cthy61lqpg3dfzgbys/T/1546778564375-0/src/RxSensor-master/rxsensor/build.gradle, -Dorg.gradle.daemon=false, -Dorg.gradle.daemon.performance.enable-monitoring=false, -Dorg.gradle.configureondemand=true, tasks]
2019-01-06 19:43:02,625 ERROR ProjectTaskService - Could not detect possible Gradle tasks: Process exited with an error: 1 (Exit value: 1)
2019-01-06 19:43:02,626 INFO  ProjectTaskService - Detected possible tasks: 0
2019-01-06 19:43:02,626 INFO  ProjectTaskService - Excluded tasks (0): none
2019-01-06 19:43:02,626 INFO  SysUtils - Execute command: [/var/folders/bq/vtzpc5ns5sg2cthy61lqpg3dfzgbys/T/1546778564375-0/src/RxSensor-master/gradlew, -b, /var/folders/bq/vtzpc5ns5sg2cthy61lqpg3dfzgbys/T/1546778564375-0/src/RxSensor-master/rxsensor/build.gradle, -Dorg.gradle.daemon=false, -Dorg.gradle.daemon.performance.enable-monitoring=false, -Dorg.gradle.configureondemand=true, --stacktrace, build]
2019-01-06 19:43:15,276 ERROR SysUtils - Could not process external command
org.apache.commons.exec.ExecuteException: Process exited with an error: 1 (Exit value: 1)
	at org.apache.commons.exec.DefaultExecutor.executeInternal(DefaultExecutor.java:404)
	at org.apache.commons.exec.DefaultExecutor.execute(DefaultExecutor.java:166)
	at com.github.vbauer.apkmaster.util.SysUtils.execute(SysUtils.java:67)
	at com.github.vbauer.apkmaster.util.SysUtils.executeSimple(SysUtils.java:43)
	at com.github.vbauer.apkmaster.service.assembly.ProjectBuildService.buildProject(ProjectBuildService.java:78)
	at com.github.vbauer.apkmaster.service.assembly.ProjectBuildService.buildProject(ProjectBuildService.java:64)
	at com.github.vbauer.apkmaster.service.assembly.ProjectBuildService.buildProject(ProjectBuildService.java:43)
	at com.github.vbauer.apkmaster.service.FullProcessService.build(FullProcessService.java:84)
	at com.github.vbauer.apkmaster.service.FullProcessService.process(FullProcessService.java:34)
	at com.github.vbauer.apkmaster.app.MainApplication.process(MainApplication.java:38)
	at com.github.vbauer.apkmaster.app.MainApplication.main(MainApplication.java:20)
	at sun.reflect.NativeMethodAccessorImpl.invoke0(Native Method)
	at sun.reflect.NativeMethodAccessorImpl.invoke(NativeMethodAccessorImpl.java:62)
	at sun.reflect.DelegatingMethodAccessorImpl.invoke(DelegatingMethodAccessorImpl.java:43)
	at java.lang.reflect.Method.invoke(Method.java:498)
	at com.android.arsenal.util.ReflectionUtils.invoke(ReflectionUtils.java:52)
	at com.android.arsenal.util.ApkMasterUtils.main(ApkMasterUtils.java:30)
	at com.android.arsenal.service.processor.impl.BuildProcessorServiceImpl.buildProject(BuildProcessorServiceImpl.java:196)
	at com.android.arsenal.service.processor.impl.BuildProcessorServiceImpl.build(BuildProcessorServiceImpl.java:130)
	at com.android.arsenal.service.processor.impl.BuildProcessorServiceImpl.lambda$createTasks$1(BuildProcessorServiceImpl.java:113)
	at java.util.concurrent.FutureTask.run(FutureTask.java:266)
	at java.util.concurrent.Executors$RunnableAdapter.call(Executors.java:511)
	at java.util.concurrent.FutureTask.run(FutureTask.java:266)
	at java.util.concurrent.ThreadPoolExecutor.runWorker(ThreadPoolExecutor.java:1149)
	at java.util.concurrent.ThreadPoolExecutor$Worker.run(ThreadPoolExecutor.java:624)
	at java.lang.Thread.run(Thread.java:748)
2019-01-06 19:43:15,276 INFO  SysUtils - Configuration on demand is an incubating feature.
Incremental java compilation is an incubating feature.
:rxsensor:androidJavadocs/private/var/folders/bq/vtzpc5ns5sg2cthy61lqpg3dfzgbys/T/1546778564375-0/src/RxSensor-master/rxsensor/src/main/java/com/getwandup/rxsensor/transformer/LowPassFilter.java:5: error: package rx does not exist
import rx.Observable;
         ^
/private/var/folders/bq/vtzpc5ns5sg2cthy61lqpg3dfzgbys/T/1546778564375-0/src/RxSensor-master/rxsensor/src/main/java/com/getwandup/rxsensor/transformer/LowPassFilter.java:6: error: package rx.Observable does not exist
import rx.Observable.Transformer;
                    ^
/private/var/folders/bq/vtzpc5ns5sg2cthy61lqpg3dfzgbys/T/1546778564375-0/src/RxSensor-master/rxsensor/src/main/java/com/getwandup/rxsensor/transformer/LowPassFilter.java:7: error: package rx.functions does not exist
import rx.functions.Func1;
                   ^
/private/var/folders/bq/vtzpc5ns5sg2cthy61lqpg3dfzgbys/T/1546778564375-0/src/RxSensor-master/rxsensor/src/main/java/com/getwandup/rxsensor/transformer/LowPassFilter.java:17: error: cannot find symbol
public class LowPassFilter implements Transformer<RxSensorEvent, RxSensorEvent> {
                                      ^
  symbol: class Transformer
/private/var/folders/bq/vtzpc5ns5sg2cthy61lqpg3dfzgbys/T/1546778564375-0/src/RxSensor-master/rxsensor/src/main/java/com/getwandup/rxsensor/transformer/LowPassFilter.java:26: error: cannot find symbol
    public Observable<RxSensorEvent> call(Observable<RxSensorEvent> source) {
                                          ^
  symbol:   class Observable
  location: class LowPassFilter
/private/var/folders/bq/vtzpc5ns5sg2cthy61lqpg3dfzgbys/T/1546778564375-0/src/RxSensor-master/rxsensor/src/main/java/com/getwandup/rxsensor/transformer/LowPassFilter.java:26: error: cannot find symbol
    public Observable<RxSensorEvent> call(Observable<RxSensorEvent> source) {
           ^
  symbol:   class Observable
  location: class LowPassFilter
/private/var/folders/bq/vtzpc5ns5sg2cthy61lqpg3dfzgbys/T/1546778564375-0/src/RxSensor-master/rxsensor/src/main/java/com/getwandup/rxsensor/RxSensor.java:11: error: package rx does not exist
import rx.Observable;
         ^
/private/var/folders/bq/vtzpc5ns5sg2cthy61lqpg3dfzgbys/T/1546778564375-0/src/RxSensor-master/rxsensor/src/main/java/com/getwandup/rxsensor/RxSensor.java:12: error: package rx does not exist
import rx.Subscriber;
         ^
/private/var/folders/bq/vtzpc5ns5sg2cthy61lqpg3dfzgbys/T/1546778564375-0/src/RxSensor-master/rxsensor/src/main/java/com/getwandup/rxsensor/RxSensor.java:13: error: package rx does not exist
import rx.Subscription;
         ^
/private/var/folders/bq/vtzpc5ns5sg2cthy61lqpg3dfzgbys/T/1546778564375-0/src/RxSensor-master/rxsensor/src/main/java/com/getwandup/rxsensor/RxSensor.java:28: error: cannot find symbol
    public Observable<RxSensorEvent> observe(final int sensorType, final int samplingPeriodUs) {
           ^
  symbol:   class Observable
  location: class RxSensor

10 warnings
:rxsensor:androidJavadocsJar
:rxsensor:androidSourcesJar
:rxsensor:preBuild UP-TO-DATE
:rxsensor:preDebugBuild UP-TO-DATE
:rxsensor:compileDebugNdk UP-TO-DATE
:rxsensor:compileLint
:rxsensor:copyDebugLint UP-TO-DATE
:rxsensor:checkDebugManifest
:rxsensor:preDebugAndroidTestBuild UP-TO-DATE
:rxsensor:preDebugUnitTestBuild UP-TO-DATE
:rxsensor:preReleaseBuild UP-TO-DATE
:rxsensor:preReleaseUnitTestBuild UP-TO-DATE
:rxsensor:prepareComAndroidSupportAnimatedVectorDrawable2340Library
:rxsensor:prepareComAndroidSupportAppcompatV72340Library
:rxsensor:prepareComAndroidSupportSupportV42340Library
:rxsensor:prepareComAndroidSupportSupportVectorDrawable2340Library
:rxsensor:prepareIoReactivexRxandroid120Library
:rxsensor:prepareDebugDependencies
:rxsensor:compileDebugAidl
:rxsensor:compileDebugRenderscript
:rxsensor:generateDebugBuildConfig
:rxsensor:mergeDebugShaders
:rxsensor:compileDebugShaders
:rxsensor:generateDebugAssets
:rxsensor:mergeDebugAssets
:rxsensor:generateDebugResValues
:rxsensor:generateDebugResources
:rxsensor:mergeDebugResources
:rxsensor:processDebugManifest
:rxsensor:processDebugResources
:rxsensor:generateDebugSources
:rxsensor:incrementalDebugJavaCompilationSafeguard
:rxsensor:compileDebugJavaWithJavac
:rxsensor:compileDebugJavaWithJavac - is not incremental (e.g. outputs have changed, no previous execution, etc.).
:rxsensor:extractDebugAnnotations
:rxsensor:mergeDebugProguardFiles
:rxsensor:packageDebugRenderscript UP-TO-DATE
:rxsensor:packageDebugResources
:rxsensor:unzipJacocoAgent
:rxsensor:transformClassesWithJacocoForDebug
:rxsensor:processDebugJavaRes UP-TO-DATE
:rxsensor:transformResourcesWithMergeJavaResForDebug
:rxsensor:transformClassesAndResourcesWithSyncLibJarsForDebug
:rxsensor:mergeDebugJniLibFolders
:rxsensor:transformNative_libsWithMergeJniLibsForDebug
:rxsensor:transformNative_libsWithSyncJniLibsForDebug
:rxsensor:bundleDebug
:rxsensor:compileDebugSources
:rxsensor:assembleDebug
:rxsensor:compileReleaseNdk UP-TO-DATE
:rxsensor:copyReleaseLint UP-TO-DATE
:rxsensor:checkReleaseManifest
:rxsensor:prepareReleaseDependencies
:rxsensor:compileReleaseAidl
:rxsensor:compileReleaseRenderscript
:rxsensor:generateReleaseBuildConfig
:rxsensor:mergeReleaseShaders
:rxsensor:compileReleaseShaders
:rxsensor:generateReleaseAssets
:rxsensor:mergeReleaseAssets
:rxsensor:generateReleaseResValues
:rxsensor:generateReleaseResources
:rxsensor:mergeReleaseResources
:rxsensor:processReleaseManifest
:rxsensor:processReleaseResources
:rxsensor:generateReleaseSources
:rxsensor:incrementalReleaseJavaCompilationSafeguard
:rxsensor:compileReleaseJavaWithJavac
:rxsensor:compileReleaseJavaWithJavac - is not incremental (e.g. outputs have changed, no previous execution, etc.).
:rxsensor:extractReleaseAnnotations
:rxsensor:mergeReleaseProguardFiles
:rxsensor:packageReleaseRenderscript UP-TO-DATE
:rxsensor:packageReleaseResources
:rxsensor:processReleaseJavaRes UP-TO-DATE
:rxsensor:transformResourcesWithMergeJavaResForRelease
:rxsensor:transformClassesAndResourcesWithSyncLibJarsForRelease
:rxsensor:mergeReleaseJniLibFolders
:rxsensor:transformNative_libsWithMergeJniLibsForRelease
:rxsensor:transformNative_libsWithSyncJniLibsForRelease
:rxsensor:bundleRelease
:rxsensor:compileReleaseSources
:rxsensor:assembleRelease
:rxsensor:signArchives SKIPPED
:rxsensor:assemble
:rxsensor:lint FAILED

FAILURE: Build failed with an exception.

* What went wrong:
Execution failed for task ':rxsensor:lint'.
> No toolchains found in the NDK toolchains folder for ABI with prefix: mipsel-linux-android

* Try:
Run with --info or --debug option to get more log output.

* Exception is:
org.gradle.api.tasks.TaskExecutionException: Execution failed for task ':rxsensor:lint'.
	at org.gradle.api.internal.tasks.execution.ExecuteActionsTaskExecuter.executeActions(ExecuteActionsTaskExecuter.java:69)
	at org.gradle.api.internal.tasks.execution.ExecuteActionsTaskExecuter.execute(ExecuteActionsTaskExecuter.java:46)
	at org.gradle.api.internal.tasks.execution.PostExecutionAnalysisTaskExecuter.execute(PostExecutionAnalysisTaskExecuter.java:35)
	at org.gradle.api.internal.tasks.execution.SkipUpToDateTaskExecuter.execute(SkipUpToDateTaskExecuter.java:64)
	at org.gradle.api.internal.tasks.execution.ValidatingTaskExecuter.execute(ValidatingTaskExecuter.java:58)
	at org.gradle.api.internal.tasks.execution.SkipEmptySourceFilesTaskExecuter.execute(SkipEmptySourceFilesTaskExecuter.java:52)
	at org.gradle.api.internal.tasks.execution.SkipTaskWithNoActionsExecuter.execute(SkipTaskWithNoActionsExecuter.java:52)
	at org.gradle.api.internal.tasks.execution.SkipOnlyIfTaskExecuter.execute(SkipOnlyIfTaskExecuter.java:53)
	at org.gradle.api.internal.tasks.execution.ExecuteAtMostOnceTaskExecuter.execute(ExecuteAtMostOnceTaskExecuter.java:43)
	at org.gradle.execution.taskgraph.DefaultTaskGraphExecuter$EventFiringTaskWorker.execute(DefaultTaskGraphExecuter.java:203)
	at org.gradle.execution.taskgraph.DefaultTaskGraphExecuter$EventFiringTaskWorker.execute(DefaultTaskGraphExecuter.java:185)
	at org.gradle.execution.taskgraph.AbstractTaskPlanExecutor$TaskExecutorWorker.processTask(AbstractTaskPlanExecutor.java:66)
	at org.gradle.execution.taskgraph.AbstractTaskPlanExecutor$TaskExecutorWorker.run(AbstractTaskPlanExecutor.java:50)
	at org.gradle.execution.taskgraph.DefaultTaskPlanExecutor.process(DefaultTaskPlanExecutor.java:25)
	at org.gradle.execution.taskgraph.DefaultTaskGraphExecuter.execute(DefaultTaskGraphExecuter.java:110)
	at org.gradle.execution.SelectedTaskExecutionAction.execute(SelectedTaskExecutionAction.java:37)
	at org.gradle.execution.DefaultBuildExecuter.execute(DefaultBuildExecuter.java:37)
	at org.gradle.execution.DefaultBuildExecuter.access$000(DefaultBuildExecuter.java:23)
	at org.gradle.execution.DefaultBuildExecuter$1.proceed(DefaultBuildExecuter.java:43)
	at org.gradle.execution.DryRunBuildExecutionAction.execute(DryRunBuildExecutionAction.java:32)
	at org.gradle.execution.DefaultBuildExecuter.execute(DefaultBuildExecuter.java:37)
	at org.gradle.execution.DefaultBuildExecuter.execute(DefaultBuildExecuter.java:30)
	at org.gradle.initialization.DefaultGradleLauncher$4.run(DefaultGradleLauncher.java:154)
	at org.gradle.internal.Factories$1.create(Factories.java:22)
	at org.gradle.internal.progress.DefaultBuildOperationExecutor.run(DefaultBuildOperationExecutor.java:90)
	at org.gradle.internal.progress.DefaultBuildOperationExecutor.run(DefaultBuildOperationExecutor.java:52)
	at org.gradle.initialization.DefaultGradleLauncher.doBuildStages(DefaultGradleLauncher.java:151)
	at org.gradle.initialization.DefaultGradleLauncher.access$200(DefaultGradleLauncher.java:32)
	at org.gradle.initialization.DefaultGradleLauncher$1.create(DefaultGradleLauncher.java:99)
	at org.gradle.initialization.DefaultGradleLauncher$1.create(DefaultGradleLauncher.java:93)
	at org.gradle.internal.progress.DefaultBuildOperationExecutor.run(DefaultBuildOperationExecutor.java:90)
	at org.gradle.internal.progress.DefaultBuildOperationExecutor.run(DefaultBuildOperationExecutor.java:62)
	at org.gradle.initialization.DefaultGradleLauncher.doBuild(DefaultGradleLauncher.java:93)
	at org.gradle.initialization.DefaultGradleLauncher.run(DefaultGradleLauncher.java:82)
	at org.gradle.launcher.exec.InProcessBuildActionExecuter$DefaultBuildController.run(InProcessBuildActionExecuter.java:94)
	at org.gradle.tooling.internal.provider.ExecuteBuildActionRunner.run(ExecuteBuildActionRunner.java:28)
	at org.gradle.launcher.exec.ChainingBuildActionRunner.run(ChainingBuildActionRunner.java:35)
	at org.gradle.launcher.exec.InProcessBuildActionExecuter.execute(InProcessBuildActionExecuter.java:43)
	at org.gradle.launcher.exec.InProcessBuildActionExecuter.execute(InProcessBuildActionExecuter.java:28)
	at org.gradle.launcher.exec.ContinuousBuildActionExecuter.execute(ContinuousBuildActionExecuter.java:78)
	at org.gradle.launcher.exec.ContinuousBuildActionExecuter.execute(ContinuousBuildActionExecuter.java:48)
	at org.gradle.launcher.exec.DaemonUsageSuggestingBuildActionExecuter.execute(DaemonUsageSuggestingBuildActionExecuter.java:51)
	at org.gradle.launcher.exec.DaemonUsageSuggestingBuildActionExecuter.execute(DaemonUsageSuggestingBuildActionExecuter.java:28)
	at org.gradle.launcher.cli.RunBuildAction.run(RunBuildAction.java:43)
	at org.gradle.internal.Actions$RunnableActionAdapter.execute(Actions.java:170)
	at org.gradle.launcher.cli.CommandLineActionFactory$ParseAndBuildAction.execute(CommandLineActionFactory.java:237)
	at org.gradle.launcher.cli.CommandLineActionFactory$ParseAndBuildAction.execute(CommandLineActionFactory.java:210)
	at org.gradle.launcher.cli.JavaRuntimeValidationAction.execute(JavaRuntimeValidationAction.java:35)
	at org.gradle.launcher.cli.JavaRuntimeValidationAction.execute(JavaRuntimeValidationAction.java:24)
	at org.gradle.launcher.cli.CommandLineActionFactory$WithLogging.execute(CommandLineActionFactory.java:206)
	at org.gradle.launcher.cli.CommandLineActionFactory$WithLogging.execute(CommandLineActionFactory.java:169)
	at org.gradle.launcher.cli.ExceptionReportingAction.execute(ExceptionReportingAction.java:33)
	at org.gradle.launcher.cli.ExceptionReportingAction.execute(ExceptionReportingAction.java:22)
	at org.gradle.launcher.Main.doAction(Main.java:33)
	at org.gradle.launcher.bootstrap.EntryPoint.run(EntryPoint.java:45)
	at org.gradle.launcher.bootstrap.ProcessBootstrap.runNoExit(ProcessBootstrap.java:54)
	at org.gradle.launcher.bootstrap.ProcessBootstrap.run(ProcessBootstrap.java:35)
	at org.gradle.launcher.GradleMain.main(GradleMain.java:23)
	at org.gradle.wrapper.BootstrapMainStarter.start(BootstrapMainStarter.java:30)
	at org.gradle.wrapper.WrapperExecutor.execute(WrapperExecutor.java:129)
	at org.gradle.wrapper.GradleWrapperMain.main(GradleWrapperMain.java:61)
Caused by: java.lang.RuntimeException: No toolchains found in the NDK toolchains folder for ABI with prefix: mipsel-linux-android
	at com.android.build.gradle.internal.NdkHandler.getDefaultToolchainVersion(NdkHandler.java:375)
	at com.android.build.gradle.internal.NdkHandler.getToolchainPath(NdkHandler.java:273)
	at com.android.build.gradle.internal.NdkHandler.getCCompiler(NdkHandler.java:461)
	at com.android.build.gradle.internal.model.ModelBuilder.createNativeToolchainModelMap(ModelBuilder.java:227)
	at com.android.build.gradle.internal.model.ModelBuilder.buildAll(ModelBuilder.java:166)
	at org.gradle.tooling.provider.model.ToolingModelBuilder$buildAll.call(Unknown Source)
	at com.android.build.gradle.tasks.Lint.createAndroidProject(Lint.groovy:256)
	at com.android.build.gradle.tasks.Lint.lint(Lint.groovy:73)
	at org.gradle.internal.reflect.JavaMethod.invoke(JavaMethod.java:75)
	at org.gradle.api.internal.project.taskfactory.AnnotationProcessingTaskFactory$StandardTaskAction.doExecute(AnnotationProcessingTaskFactory.java:227)
	at org.gradle.api.internal.project.taskfactory.AnnotationProcessingTaskFactory$StandardTaskAction.execute(AnnotationProcessingTaskFactory.java:220)
	at org.gradle.api.internal.project.taskfactory.AnnotationProcessingTaskFactory$StandardTaskAction.execute(AnnotationProcessingTaskFactory.java:209)
	at org.gradle.api.internal.AbstractTask$TaskActionWrapper.execute(AbstractTask.java:585)
	at org.gradle.api.internal.AbstractTask$TaskActionWrapper.execute(AbstractTask.java:568)
	at org.gradle.api.internal.tasks.execution.ExecuteActionsTaskExecuter.executeAction(ExecuteActionsTaskExecuter.java:80)
	at org.gradle.api.internal.tasks.execution.ExecuteActionsTaskExecuter.executeActions(ExecuteActionsTaskExecuter.java:61)
	... 60 more


BUILD FAILED

Total time: 12.13 secs

2019-01-06 19:43:15,336 INFO  ProjectTaskService - Detecting possible tasks...
2019-01-06 19:43:15,336 INFO  SysUtils - Execute command: [/var/folders/bq/vtzpc5ns5sg2cthy61lqpg3dfzgbys/T/1546778564375-0/src/RxSensor-master/gradlew, -b, /var/folders/bq/vtzpc5ns5sg2cthy61lqpg3dfzgbys/T/1546778564375-0/src/RxSensor-master/sample/build.gradle, -Dorg.gradle.daemon=false, -Dorg.gradle.daemon.performance.enable-monitoring=false, -Dorg.gradle.configureondemand=true, tasks]
2019-01-06 19:43:21,826 INFO  ProjectTaskService - Detected possible tasks: 69
2019-01-06 19:43:21,826 INFO  ProjectTaskService - Excluded tasks (19): lintDebug mockableAndroidJar deviceCheck lint testReleaseUnitTest uninstallRelease deviceAndroidTest uninstallDebugAndroidTest installDebugAndroidTest connectedCheck connectedDebugAndroidTest uninstallAll test check testDebugUnitTest connectedAndroidTest installDebug lintRelease uninstallDebug
2019-01-06 19:43:21,827 INFO  SysUtils - Execute command: [/var/folders/bq/vtzpc5ns5sg2cthy61lqpg3dfzgbys/T/1546778564375-0/src/RxSensor-master/gradlew, -b, /var/folders/bq/vtzpc5ns5sg2cthy61lqpg3dfzgbys/T/1546778564375-0/src/RxSensor-master/sample/build.gradle, -Dorg.gradle.daemon=false, -Dorg.gradle.daemon.performance.enable-monitoring=false, -Dorg.gradle.configureondemand=true, --stacktrace, -x, lintDebug, -x, mockableAndroidJar, -x, deviceCheck, -x, lint, -x, testReleaseUnitTest, -x, uninstallRelease, -x, deviceAndroidTest, -x, uninstallDebugAndroidTest, -x, installDebugAndroidTest, -x, connectedCheck, -x, connectedDebugAndroidTest, -x, uninstallAll, -x, test, -x, check, -x, testDebugUnitTest, -x, connectedAndroidTest, -x, installDebug, -x, lintRelease, -x, uninstallDebug, build]
2019-01-06 19:43:37,100 ERROR SysUtils - Could not process external command
org.apache.commons.exec.ExecuteException: Process exited with an error: 1 (Exit value: 1)
	at org.apache.commons.exec.DefaultExecutor.executeInternal(DefaultExecutor.java:404)
	at org.apache.commons.exec.DefaultExecutor.execute(DefaultExecutor.java:166)
	at com.github.vbauer.apkmaster.util.SysUtils.execute(SysUtils.java:67)
	at com.github.vbauer.apkmaster.util.SysUtils.executeSimple(SysUtils.java:43)
	at com.github.vbauer.apkmaster.service.assembly.ProjectBuildService.buildProject(ProjectBuildService.java:78)
	at com.github.vbauer.apkmaster.service.assembly.ProjectBuildService.buildProject(ProjectBuildService.java:64)
	at com.github.vbauer.apkmaster.service.assembly.ProjectBuildService.buildProject(ProjectBuildService.java:43)
	at com.github.vbauer.apkmaster.service.FullProcessService.build(FullProcessService.java:84)
	at com.github.vbauer.apkmaster.service.FullProcessService.process(FullProcessService.java:34)
	at com.github.vbauer.apkmaster.app.MainApplication.process(MainApplication.java:38)
	at com.github.vbauer.apkmaster.app.MainApplication.main(MainApplication.java:20)
	at sun.reflect.NativeMethodAccessorImpl.invoke0(Native Method)
	at sun.reflect.NativeMethodAccessorImpl.invoke(NativeMethodAccessorImpl.java:62)
	at sun.reflect.DelegatingMethodAccessorImpl.invoke(DelegatingMethodAccessorImpl.java:43)
	at java.lang.reflect.Method.invoke(Method.java:498)
	at com.android.arsenal.util.ReflectionUtils.invoke(ReflectionUtils.java:52)
	at com.android.arsenal.util.ApkMasterUtils.main(ApkMasterUtils.java:30)
	at com.android.arsenal.service.processor.impl.BuildProcessorServiceImpl.buildProject(BuildProcessorServiceImpl.java:196)
	at com.android.arsenal.service.processor.impl.BuildProcessorServiceImpl.build(BuildProcessorServiceImpl.java:130)
	at com.android.arsenal.service.processor.impl.BuildProcessorServiceImpl.lambda$createTasks$1(BuildProcessorServiceImpl.java:113)
	at java.util.concurrent.FutureTask.run(FutureTask.java:266)
	at java.util.concurrent.Executors$RunnableAdapter.call(Executors.java:511)
	at java.util.concurrent.FutureTask.run(FutureTask.java:266)
	at java.util.concurrent.ThreadPoolExecutor.runWorker(ThreadPoolExecutor.java:1149)
	at java.util.concurrent.ThreadPoolExecutor$Worker.run(ThreadPoolExecutor.java:624)
	at java.lang.Thread.run(Thread.java:748)
2019-01-06 19:43:37,100 INFO  SysUtils - Configuration on demand is an incubating feature.
Incremental java compilation is an incubating feature.
:rxsensor:preBuild UP-TO-DATE
:rxsensor:preReleaseBuild UP-TO-DATE
:rxsensor:compileReleaseNdk UP-TO-DATE
:rxsensor:compileLint
:rxsensor:copyReleaseLint UP-TO-DATE
:rxsensor:checkReleaseManifest
:rxsensor:preDebugAndroidTestBuild UP-TO-DATE
:rxsensor:preDebugBuild UP-TO-DATE
:rxsensor:preDebugUnitTestBuild UP-TO-DATE
:rxsensor:preReleaseUnitTestBuild UP-TO-DATE
:rxsensor:prepareComAndroidSupportAnimatedVectorDrawable2340Library UP-TO-DATE
:rxsensor:prepareComAndroidSupportAppcompatV72340Library UP-TO-DATE
:rxsensor:prepareComAndroidSupportSupportV42340Library UP-TO-DATE
:rxsensor:prepareComAndroidSupportSupportVectorDrawable2340Library UP-TO-DATE
:rxsensor:prepareIoReactivexRxandroid120Library UP-TO-DATE
:rxsensor:prepareReleaseDependencies
:rxsensor:compileReleaseAidl UP-TO-DATE
:rxsensor:compileReleaseRenderscript UP-TO-DATE
:rxsensor:generateReleaseBuildConfig UP-TO-DATE
:rxsensor:mergeReleaseShaders UP-TO-DATE
:rxsensor:compileReleaseShaders UP-TO-DATE
:rxsensor:generateReleaseAssets UP-TO-DATE
:rxsensor:mergeReleaseAssets UP-TO-DATE
:rxsensor:generateReleaseResValues UP-TO-DATE
:rxsensor:generateReleaseResources UP-TO-DATE
:rxsensor:mergeReleaseResources UP-TO-DATE
:rxsensor:processReleaseManifest UP-TO-DATE
:rxsensor:processReleaseResources UP-TO-DATE
:rxsensor:generateReleaseSources UP-TO-DATE
:rxsensor:incrementalReleaseJavaCompilationSafeguard UP-TO-DATE
:rxsensor:compileReleaseJavaWithJavac UP-TO-DATE
:rxsensor:extractReleaseAnnotations UP-TO-DATE
:rxsensor:mergeReleaseProguardFiles UP-TO-DATE
:rxsensor:packageReleaseRenderscript UP-TO-DATE
:rxsensor:packageReleaseResources UP-TO-DATE
:rxsensor:processReleaseJavaRes UP-TO-DATE
:rxsensor:transformResourcesWithMergeJavaResForRelease UP-TO-DATE
:rxsensor:transformClassesAndResourcesWithSyncLibJarsForRelease UP-TO-DATE
:rxsensor:mergeReleaseJniLibFolders UP-TO-DATE
:rxsensor:transformNative_libsWithMergeJniLibsForRelease UP-TO-DATE
:rxsensor:transformNative_libsWithSyncJniLibsForRelease UP-TO-DATE
:rxsensor:bundleRelease UP-TO-DATE
:sample:preBuild UP-TO-DATE
:sample:preDebugBuild UP-TO-DATE
:sample:checkDebugManifest
:sample:preReleaseBuild UP-TO-DATE
:sample:prepareComAndroidSupportAnimatedVectorDrawable2340Library
:sample:prepareComAndroidSupportAppcompatV72340Library
:sample:prepareComAndroidSupportSupportV42340Library
:sample:prepareComAndroidSupportSupportVectorDrawable2340Library
:sample:prepareIoReactivexRxandroid120Library
:sample:prepareRxSensorMasterRxsensorUnspecifiedLibrary
:sample:prepareDebugDependencies
:sample:compileDebugAidl
:sample:compileDebugRenderscript
:sample:generateDebugBuildConfig
:sample:mergeDebugShaders
:sample:compileDebugShaders
:sample:generateDebugAssets
:sample:mergeDebugAssets
:sample:generateDebugResValues
:sample:generateDebugResources
:sample:mergeDebugResources
:sample:processDebugManifest
:sample:processDebugResources
:sample:generateDebugSources
:sample:incrementalDebugJavaCompilationSafeguard
:sample:compileDebugJavaWithJavac
:sample:compileDebugJavaWithJavac - is not incremental (e.g. outputs have changed, no previous execution, etc.).
:sample:compileDebugNdk UP-TO-DATE
:sample:compileDebugSources
:sample:prePackageMarkerForDebug
:sample:transformClassesWithDexForDebug
Merged dex #1 (9 defs/6.5KiB)
Merged dex #2 (5 defs/15.3KiB)
Merged dex #3 (330 defs/538.0KiB)
Merged dex #4 (770 defs/937.1KiB)
Merged dex #5 (17 defs/48.5KiB)
Merged dex #6 (43 defs/101.7KiB)
Merged dex #7 (335 defs/262.9KiB)
Merged dex #8 (10 defs/7.8KiB)
Merged dex #9 (931 defs/763.4KiB)
Merged dex #10 (41 defs/6.5KiB)
Result is 2491 defs/3311.0KiB. Took 0.3s
:sample:mergeDebugJniLibFolders
:sample:transformNative_libsWithMergeJniLibsForDebug
:sample:processDebugJavaRes UP-TO-DATE
:sample:transformResourcesWithMergeJavaResForDebug
:sample:validateDebugSigning
:sample:packageDebug
:sample:zipalignDebug
:sample:assembleDebug
:sample:checkReleaseManifest
:sample:prepareReleaseDependencies
:sample:compileReleaseAidl
:sample:compileReleaseRenderscript
:sample:generateReleaseBuildConfig
:sample:mergeReleaseShaders
:sample:compileReleaseShaders
:sample:generateReleaseAssets
:sample:mergeReleaseAssets
:sample:generateReleaseResValues
:sample:generateReleaseResources
:sample:mergeReleaseResources
:sample:processReleaseManifest
:sample:processReleaseResources
:sample:generateReleaseSources
:sample:incrementalReleaseJavaCompilationSafeguard
:sample:compileReleaseJavaWithJavac
:sample:compileReleaseJavaWithJavac - is not incremental (e.g. outputs have changed, no previous execution, etc.).
:sample:compileReleaseNdk UP-TO-DATE
:sample:compileReleaseSources
:sample:lintVitalRelease FAILED

FAILURE: Build failed with an exception.

* What went wrong:
Execution failed for task ':sample:lintVitalRelease'.
> No toolchains found in the NDK toolchains folder for ABI with prefix: mipsel-linux-android

* Try:
Run with --info or --debug option to get more log output.

* Exception is:
org.gradle.api.tasks.TaskExecutionException: Execution failed for task ':sample:lintVitalRelease'.
	at org.gradle.api.internal.tasks.execution.ExecuteActionsTaskExecuter.executeActions(ExecuteActionsTaskExecuter.java:69)
	at org.gradle.api.internal.tasks.execution.ExecuteActionsTaskExecuter.execute(ExecuteActionsTaskExecuter.java:46)
	at org.gradle.api.internal.tasks.execution.PostExecutionAnalysisTaskExecuter.execute(PostExecutionAnalysisTaskExecuter.java:35)
	at org.gradle.api.internal.tasks.execution.SkipUpToDateTaskExecuter.execute(SkipUpToDateTaskExecuter.java:64)
	at org.gradle.api.internal.tasks.execution.ValidatingTaskExecuter.execute(ValidatingTaskExecuter.java:58)
	at org.gradle.api.internal.tasks.execution.SkipEmptySourceFilesTaskExecuter.execute(SkipEmptySourceFilesTaskExecuter.java:52)
	at org.gradle.api.internal.tasks.execution.SkipTaskWithNoActionsExecuter.execute(SkipTaskWithNoActionsExecuter.java:52)
	at org.gradle.api.internal.tasks.execution.SkipOnlyIfTaskExecuter.execute(SkipOnlyIfTaskExecuter.java:53)
	at org.gradle.api.internal.tasks.execution.ExecuteAtMostOnceTaskExecuter.execute(ExecuteAtMostOnceTaskExecuter.java:43)
	at org.gradle.execution.taskgraph.DefaultTaskGraphExecuter$EventFiringTaskWorker.execute(DefaultTaskGraphExecuter.java:203)
	at org.gradle.execution.taskgraph.DefaultTaskGraphExecuter$EventFiringTaskWorker.execute(DefaultTaskGraphExecuter.java:185)
	at org.gradle.execution.taskgraph.AbstractTaskPlanExecutor$TaskExecutorWorker.processTask(AbstractTaskPlanExecutor.java:66)
	at org.gradle.execution.taskgraph.AbstractTaskPlanExecutor$TaskExecutorWorker.run(AbstractTaskPlanExecutor.java:50)
	at org.gradle.execution.taskgraph.DefaultTaskPlanExecutor.process(DefaultTaskPlanExecutor.java:25)
	at org.gradle.execution.taskgraph.DefaultTaskGraphExecuter.execute(DefaultTaskGraphExecuter.java:110)
	at org.gradle.execution.SelectedTaskExecutionAction.execute(SelectedTaskExecutionAction.java:37)
	at org.gradle.execution.DefaultBuildExecuter.execute(DefaultBuildExecuter.java:37)
	at org.gradle.execution.DefaultBuildExecuter.access$000(DefaultBuildExecuter.java:23)
	at org.gradle.execution.DefaultBuildExecuter$1.proceed(DefaultBuildExecuter.java:43)
	at org.gradle.execution.DryRunBuildExecutionAction.execute(DryRunBuildExecutionAction.java:32)
	at org.gradle.execution.DefaultBuildExecuter.execute(DefaultBuildExecuter.java:37)
	at org.gradle.execution.DefaultBuildExecuter.execute(DefaultBuildExecuter.java:30)
	at org.gradle.initialization.DefaultGradleLauncher$4.run(DefaultGradleLauncher.java:154)
	at org.gradle.internal.Factories$1.create(Factories.java:22)
	at org.gradle.internal.progress.DefaultBuildOperationExecutor.run(DefaultBuildOperationExecutor.java:90)
	at org.gradle.internal.progress.DefaultBuildOperationExecutor.run(DefaultBuildOperationExecutor.java:52)
	at org.gradle.initialization.DefaultGradleLauncher.doBuildStages(DefaultGradleLauncher.java:151)
	at org.gradle.initialization.DefaultGradleLauncher.access$200(DefaultGradleLauncher.java:32)
	at org.gradle.initialization.DefaultGradleLauncher$1.create(DefaultGradleLauncher.java:99)
	at org.gradle.initialization.DefaultGradleLauncher$1.create(DefaultGradleLauncher.java:93)
	at org.gradle.internal.progress.DefaultBuildOperationExecutor.run(DefaultBuildOperationExecutor.java:90)
	at org.gradle.internal.progress.DefaultBuildOperationExecutor.run(DefaultBuildOperationExecutor.java:62)
	at org.gradle.initialization.DefaultGradleLauncher.doBuild(DefaultGradleLauncher.java:93)
	at org.gradle.initialization.DefaultGradleLauncher.run(DefaultGradleLauncher.java:82)
	at org.gradle.launcher.exec.InProcessBuildActionExecuter$DefaultBuildController.run(InProcessBuildActionExecuter.java:94)
	at org.gradle.tooling.internal.provider.ExecuteBuildActionRunner.run(ExecuteBuildActionRunner.java:28)
	at org.gradle.launcher.exec.ChainingBuildActionRunner.run(ChainingBuildActionRunner.java:35)
	at org.gradle.launcher.exec.InProcessBuildActionExecuter.execute(InProcessBuildActionExecuter.java:43)
	at org.gradle.launcher.exec.InProcessBuildActionExecuter.execute(InProcessBuildActionExecuter.java:28)
	at org.gradle.launcher.exec.ContinuousBuildActionExecuter.execute(ContinuousBuildActionExecuter.java:78)
	at org.gradle.launcher.exec.ContinuousBuildActionExecuter.execute(ContinuousBuildActionExecuter.java:48)
	at org.gradle.launcher.exec.DaemonUsageSuggestingBuildActionExecuter.execute(DaemonUsageSuggestingBuildActionExecuter.java:51)
	at org.gradle.launcher.exec.DaemonUsageSuggestingBuildActionExecuter.execute(DaemonUsageSuggestingBuildActionExecuter.java:28)
	at org.gradle.launcher.cli.RunBuildAction.run(RunBuildAction.java:43)
	at org.gradle.internal.Actions$RunnableActionAdapter.execute(Actions.java:170)
	at org.gradle.launcher.cli.CommandLineActionFactory$ParseAndBuildAction.execute(CommandLineActionFactory.java:237)
	at org.gradle.launcher.cli.CommandLineActionFactory$ParseAndBuildAction.execute(CommandLineActionFactory.java:210)
	at org.gradle.launcher.cli.JavaRuntimeValidationAction.execute(JavaRuntimeValidationAction.java:35)
	at org.gradle.launcher.cli.JavaRuntimeValidationAction.execute(JavaRuntimeValidationAction.java:24)
	at org.gradle.launcher.cli.CommandLineActionFactory$WithLogging.execute(CommandLineActionFactory.java:206)
	at org.gradle.launcher.cli.CommandLineActionFactory$WithLogging.execute(CommandLineActionFactory.java:169)
	at org.gradle.launcher.cli.ExceptionReportingAction.execute(ExceptionReportingAction.java:33)
	at org.gradle.launcher.cli.ExceptionReportingAction.execute(ExceptionReportingAction.java:22)
	at org.gradle.launcher.Main.doAction(Main.java:33)
	at org.gradle.launcher.bootstrap.EntryPoint.run(EntryPoint.java:45)
	at org.gradle.launcher.bootstrap.ProcessBootstrap.runNoExit(ProcessBootstrap.java:54)
	at org.gradle.launcher.bootstrap.ProcessBootstrap.run(ProcessBootstrap.java:35)
	at org.gradle.launcher.GradleMain.main(GradleMain.java:23)
	at org.gradle.wrapper.BootstrapMainStarter.start(BootstrapMainStarter.java:30)
	at org.gradle.wrapper.WrapperExecutor.execute(WrapperExecutor.java:129)
	at org.gradle.wrapper.GradleWrapperMain.main(GradleWrapperMain.java:61)
Caused by: java.lang.RuntimeException: No toolchains found in the NDK toolchains folder for ABI with prefix: mipsel-linux-android
	at com.android.build.gradle.internal.NdkHandler.getDefaultToolchainVersion(NdkHandler.java:375)
	at com.android.build.gradle.internal.NdkHandler.getToolchainPath(NdkHandler.java:273)
	at com.android.build.gradle.internal.NdkHandler.getCCompiler(NdkHandler.java:461)
	at com.android.build.gradle.internal.model.ModelBuilder.createNativeToolchainModelMap(ModelBuilder.java:227)
	at com.android.build.gradle.internal.model.ModelBuilder.buildAll(ModelBuilder.java:166)
	at org.gradle.tooling.provider.model.ToolingModelBuilder$buildAll.call(Unknown Source)
	at com.android.build.gradle.tasks.Lint.createAndroidProject(Lint.groovy:256)
	at com.android.build.gradle.tasks.Lint.lint(Lint.groovy:73)
	at org.gradle.internal.reflect.JavaMethod.invoke(JavaMethod.java:75)
	at org.gradle.api.internal.project.taskfactory.AnnotationProcessingTaskFactory$StandardTaskAction.doExecute(AnnotationProcessingTaskFactory.java:227)
	at org.gradle.api.internal.project.taskfactory.AnnotationProcessingTaskFactory$StandardTaskAction.execute(AnnotationProcessingTaskFactory.java:220)
	at org.gradle.api.internal.project.taskfactory.AnnotationProcessingTaskFactory$StandardTaskAction.execute(AnnotationProcessingTaskFactory.java:209)
	at org.gradle.api.internal.AbstractTask$TaskActionWrapper.execute(AbstractTask.java:585)
	at org.gradle.api.internal.AbstractTask$TaskActionWrapper.execute(AbstractTask.java:568)
	at org.gradle.api.internal.tasks.execution.ExecuteActionsTaskExecuter.executeAction(ExecuteActionsTaskExecuter.java:80)
	at org.gradle.api.internal.tasks.execution.ExecuteActionsTaskExecuter.executeActions(ExecuteActionsTaskExecuter.java:61)
	... 60 more


BUILD FAILED

Total time: 14.694 secs

2019-01-06 19:43:37,216 INFO  FullProcessService - Found APK file: /var/folders/bq/vtzpc5ns5sg2cthy61lqpg3dfzgbys/T/1546778564375-0/src/RxSensor-master/sample/build/outputs/apk/sample-debug-unaligned.apk
