2019-01-09 13:40:56,913 INFO  DownloadService - Downloading "https://github.com/patloew/RxWear/archive/master.zip", attempt 3
2019-01-09 13:41:02,429 INFO  DownloadService - Downloading "https://github.com/patloew/RxWear/archive/master.zip", attempt 2
2019-01-09 13:41:08,379 INFO  DownloadService - Downloading "https://github.com/patloew/RxWear/archive/master.zip", attempt 1
2019-01-09 13:42:09,553 INFO  GithubDownloadService - Could not find ZIP archive for master branch
2019-01-09 13:42:10,697 INFO  GithubDownloadService - Default branch of this repository: 1.x
2019-01-09 13:42:10,697 INFO  DownloadService - Downloading "https://github.com/patloew/RxWear/archive/1.x.zip", attempt 3
2019-01-09 13:43:12,174 DEBUG FullProcessService - Repository https://github.com/patloew/RxWear available: true
2019-01-09 13:43:12,174 INFO  FullProcessService - Could not download ZIP file from Github, lets clone it
2019-01-09 13:43:12,174 INFO  SysUtils - Execute command: [git, clone, -q, --single-branch, --depth, 1, https://github.com/patloew/RxWear, /var/folders/bq/vtzpc5ns5sg2cthy61lqpg3dfzgbys/T/1547016056910-0/src]
2019-01-09 13:43:14,482 INFO  SysUtils - 
2019-01-09 13:43:14,493 INFO  GitService - Deleted "/var/folders/bq/vtzpc5ns5sg2cthy61lqpg3dfzgbys/T/1547016056910-0/src/.git": true
2019-01-09 13:43:14,498 INFO  FullProcessService - Size of directory with sources: 392 KB
2019-01-09 13:43:14,498 INFO  SysUtils - Execute command: [git, init, /var/folders/bq/vtzpc5ns5sg2cthy61lqpg3dfzgbys/T/1547016056910-0/src]
2019-01-09 13:43:14,517 INFO  SysUtils - Initialized empty Git repository in /private/var/folders/bq/vtzpc5ns5sg2cthy61lqpg3dfzgbys/T/1547016056910-0/src/.git/

2019-01-09 13:43:14,522 INFO  ProjectBuildService - Gradle wrapper(s): /var/folders/bq/vtzpc5ns5sg2cthy61lqpg3dfzgbys/T/1547016056910-0/src/gradlew
2019-01-09 13:43:14,527 INFO  ProjectBuildService - Build script(s): /var/folders/bq/vtzpc5ns5sg2cthy61lqpg3dfzgbys/T/1547016056910-0/src/library/build.gradle /var/folders/bq/vtzpc5ns5sg2cthy61lqpg3dfzgbys/T/1547016056910-0/src/sample/build.gradle /var/folders/bq/vtzpc5ns5sg2cthy61lqpg3dfzgbys/T/1547016056910-0/src/wearsample/build.gradle /var/folders/bq/vtzpc5ns5sg2cthy61lqpg3dfzgbys/T/1547016056910-0/src/build.gradle
2019-01-09 13:43:14,532 INFO  ProjectBuildService - All script(s): /var/folders/bq/vtzpc5ns5sg2cthy61lqpg3dfzgbys/T/1547016056910-0/src/wearsample/build.gradle /var/folders/bq/vtzpc5ns5sg2cthy61lqpg3dfzgbys/T/1547016056910-0/src/library/build.gradle /var/folders/bq/vtzpc5ns5sg2cthy61lqpg3dfzgbys/T/1547016056910-0/src/build.gradle /var/folders/bq/vtzpc5ns5sg2cthy61lqpg3dfzgbys/T/1547016056910-0/src/sample/build.gradle /var/folders/bq/vtzpc5ns5sg2cthy61lqpg3dfzgbys/T/1547016056910-0/src/settings.gradle
2019-01-09 13:43:14,532 INFO  ProjectBuildService - Remote scripts: none
2019-01-09 13:43:14,533 INFO  ProjectFixService - Fixing project...
2019-01-09 13:43:14,556 INFO  LocalPropertiesFixService - Created fake /var/folders/bq/vtzpc5ns5sg2cthy61lqpg3dfzgbys/T/1547016056910-0/src/library/local.properties
2019-01-09 13:43:14,556 INFO  ProjectFixService - Build info for "/var/folders/bq/vtzpc5ns5sg2cthy61lqpg3dfzgbys/T/1547016056910-0/src/library/build.gradle": [buildToolsVersion=25.0.0,compileSdkVersion=25,minSdkVersion=9,targetSdkVersion=25]
2019-01-09 13:43:14,557 INFO  LocalPropertiesFixService - Created fake /var/folders/bq/vtzpc5ns5sg2cthy61lqpg3dfzgbys/T/1547016056910-0/src/sample/local.properties
2019-01-09 13:43:14,558 INFO  ProjectFixService - Build info for "/var/folders/bq/vtzpc5ns5sg2cthy61lqpg3dfzgbys/T/1547016056910-0/src/sample/build.gradle": [buildToolsVersion=25.0.0,compileSdkVersion=25,minSdkVersion=14,targetSdkVersion=25]
2019-01-09 13:43:14,559 INFO  LocalPropertiesFixService - Created fake /var/folders/bq/vtzpc5ns5sg2cthy61lqpg3dfzgbys/T/1547016056910-0/src/wearsample/local.properties
2019-01-09 13:43:14,559 INFO  ProjectFixService - Build info for "/var/folders/bq/vtzpc5ns5sg2cthy61lqpg3dfzgbys/T/1547016056910-0/src/wearsample/build.gradle": [buildToolsVersion=25.0.0,compileSdkVersion=25,minSdkVersion=22,targetSdkVersion=25]
2019-01-09 13:43:14,560 INFO  LocalPropertiesFixService - Created fake /var/folders/bq/vtzpc5ns5sg2cthy61lqpg3dfzgbys/T/1547016056910-0/src/local.properties
2019-01-09 13:43:14,560 INFO  WrapperPropertiesFixService - Gradle wrapper: https://services.gradle.org/distributions/gradle-3.1-all.zip
2019-01-09 13:43:14,561 INFO  WrapperPropertiesFixService - Gradle wrapper was changed from "-all.zip" to "-bin.zip" (https://services.gradle.org/distributions/gradle-3.1-bin.zip)
2019-01-09 13:43:14,562 INFO  ProjectFixService - Build info for "/var/folders/bq/vtzpc5ns5sg2cthy61lqpg3dfzgbys/T/1547016056910-0/src/build.gradle": [buildToolsVersion=25.0.0,compileSdkVersion=25,minSdkVersion=22,targetSdkVersion=25]
2019-01-09 13:43:14,563 INFO  ProjectFixService - Project was maybe fixed
2019-01-09 13:43:14,563 INFO  ProjectTaskService - Detecting possible tasks...
2019-01-09 13:43:14,563 INFO  SysUtils - Execute command: [/var/folders/bq/vtzpc5ns5sg2cthy61lqpg3dfzgbys/T/1547016056910-0/src/gradlew, -b, /var/folders/bq/vtzpc5ns5sg2cthy61lqpg3dfzgbys/T/1547016056910-0/src/library/build.gradle, -Dorg.gradle.daemon=false, -Dorg.gradle.daemon.performance.enable-monitoring=false, -Dorg.gradle.configureondemand=true, tasks]
2019-01-09 13:43:30,929 ERROR ProjectTaskService - Could not detect possible Gradle tasks: Process exited with an error: 1 (Exit value: 1)
2019-01-09 13:43:30,930 INFO  ProjectTaskService - Detected possible tasks: 0
2019-01-09 13:43:30,930 INFO  ProjectTaskService - Excluded tasks (0): none
2019-01-09 13:43:30,930 INFO  SysUtils - Execute command: [/var/folders/bq/vtzpc5ns5sg2cthy61lqpg3dfzgbys/T/1547016056910-0/src/gradlew, -b, /var/folders/bq/vtzpc5ns5sg2cthy61lqpg3dfzgbys/T/1547016056910-0/src/library/build.gradle, -Dorg.gradle.daemon=false, -Dorg.gradle.daemon.performance.enable-monitoring=false, -Dorg.gradle.configureondemand=true, --stacktrace, build]
2019-01-09 13:43:46,344 ERROR SysUtils - Could not process external command
org.apache.commons.exec.ExecuteException: Process exited with an error: 1 (Exit value: 1)
	at org.apache.commons.exec.DefaultExecutor.executeInternal(DefaultExecutor.java:404)
	at org.apache.commons.exec.DefaultExecutor.execute(DefaultExecutor.java:166)
	at com.github.vbauer.apkmaster.util.SysUtils.execute(SysUtils.java:67)
	at com.github.vbauer.apkmaster.util.SysUtils.executeSimple(SysUtils.java:43)
	at com.github.vbauer.apkmaster.service.assembly.ProjectBuildService.buildProject(ProjectBuildService.java:78)
	at com.github.vbauer.apkmaster.service.assembly.ProjectBuildService.buildProject(ProjectBuildService.java:64)
	at com.github.vbauer.apkmaster.service.assembly.ProjectBuildService.buildProject(ProjectBuildService.java:43)
	at com.github.vbauer.apkmaster.service.FullProcessService.build(FullProcessService.java:84)
	at com.github.vbauer.apkmaster.service.FullProcessService.process(FullProcessService.java:34)
	at com.github.vbauer.apkmaster.app.MainApplication.process(MainApplication.java:38)
	at com.github.vbauer.apkmaster.app.MainApplication.main(MainApplication.java:20)
	at sun.reflect.NativeMethodAccessorImpl.invoke0(Native Method)
	at sun.reflect.NativeMethodAccessorImpl.invoke(NativeMethodAccessorImpl.java:62)
	at sun.reflect.DelegatingMethodAccessorImpl.invoke(DelegatingMethodAccessorImpl.java:43)
	at java.lang.reflect.Method.invoke(Method.java:498)
	at com.android.arsenal.util.ReflectionUtils.invoke(ReflectionUtils.java:52)
	at com.android.arsenal.util.ApkMasterUtils.main(ApkMasterUtils.java:30)
	at com.android.arsenal.service.processor.impl.BuildProcessorServiceImpl.buildProject(BuildProcessorServiceImpl.java:196)
	at com.android.arsenal.service.processor.impl.BuildProcessorServiceImpl.build(BuildProcessorServiceImpl.java:130)
	at com.android.arsenal.service.processor.impl.BuildProcessorServiceImpl.lambda$createTasks$1(BuildProcessorServiceImpl.java:113)
	at java.util.concurrent.FutureTask.run(FutureTask.java:266)
	at java.util.concurrent.Executors$RunnableAdapter.call(Executors.java:511)
	at java.util.concurrent.FutureTask.run(FutureTask.java:266)
	at java.util.concurrent.ThreadPoolExecutor.runWorker(ThreadPoolExecutor.java:1149)
	at java.util.concurrent.ThreadPoolExecutor$Worker.run(ThreadPoolExecutor.java:624)
	at java.lang.Thread.run(Thread.java:748)
2019-01-09 13:43:46,344 INFO  SysUtils - Configuration on demand is an incubating feature.
The TaskInputs.source(Object) method has been deprecated and is scheduled to be removed in Gradle 4.0. Please use TaskInputs.file(Object).skipWhenEmpty() instead.
extractDebugAnnotations is incompatible with java 8 sources and has been disabled.
extractReleaseAnnotations is incompatible with java 8 sources and has been disabled.
:library:preBuild UP-TO-DATE
:library:preDebugBuild UP-TO-DATE
:library:checkDebugManifest
:library:preDebugAndroidTestBuild UP-TO-DATE
:library:preDebugUnitTestBuild UP-TO-DATE
:library:preReleaseBuild UP-TO-DATE
:library:preReleaseUnitTestBuild UP-TO-DATE
:library:prepareComAndroidSupportSupportV42400Library
:library:prepareComGoogleAndroidGmsPlayServicesBase980Library
:library:prepareComGoogleAndroidGmsPlayServicesBasement980Library
:library:prepareComGoogleAndroidGmsPlayServicesTasks980Library
:library:prepareComGoogleAndroidGmsPlayServicesWearable980Library
:library:prepareDebugDependencies
:library:compileDebugAidl
:library:compileDebugNdk UP-TO-DATE
:library:compileLint
:library:copyDebugLint UP-TO-DATE
:library:compileDebugRenderscript
:library:generateDebugBuildConfig
:library:generateDebugResValues
:library:generateDebugResources
:library:mergeDebugResources
:library:processDebugManifest
:library:processDebugResources
:library:generateDebugSources
:library:incrementalDebugJavaCompilationSafeguard
:library:compileDebugJavaWithJavacNote: /private/var/folders/bq/vtzpc5ns5sg2cthy61lqpg3dfzgbys/T/1547016056910-0/src/library/src/main/java/com/patloew/rxwear/NodeListenerObservable.java uses or overrides a deprecated API.
Note: Recompile with -Xlint:deprecation for details.
Note: Some input files use unchecked or unsafe operations.
Note: Recompile with -Xlint:unchecked for details.

:library:extractDebugAnnotations
:library:mergeDebugShaders
:library:compileDebugShaders
:library:generateDebugAssets
:library:mergeDebugAssets
:library:mergeDebugProguardFiles
:library:packageDebugRenderscript UP-TO-DATE
:library:packageDebugResources
:library:transformClassesWithRetrolambdaForDebug
Download https://jcenter.bintray.com/net/orfjackal/retrolambda/retrolambda/2.3.0/retrolambda-2.3.0.pom
Download https://jcenter.bintray.com/net/orfjackal/retrolambda/parent/2.3.0/parent-2.3.0.pom
Download https://jcenter.bintray.com/net/orfjackal/retrolambda/retrolambda/2.3.0/retrolambda-2.3.0.jar
:library:processDebugJavaRes UP-TO-DATE
:library:transformResourcesWithMergeJavaResForDebug
:library:transformClassesAndResourcesWithSyncLibJarsForDebug
:library:mergeDebugJniLibFolders
:library:transformNative_libsWithMergeJniLibsForDebug
:library:transformNative_libsWithSyncJniLibsForDebug
:library:bundleDebug
:library:compileDebugSources
:library:assembleDebug
:library:checkReleaseManifest
:library:prepareReleaseDependencies
:library:compileReleaseAidl
:library:compileReleaseNdk UP-TO-DATE
:library:copyReleaseLint UP-TO-DATE
:library:compileReleaseRenderscript
:library:generateReleaseBuildConfig
:library:generateReleaseResValues
:library:generateReleaseResources
:library:mergeReleaseResources
:library:processReleaseManifest
:library:processReleaseResources
:library:generateReleaseSources
:library:incrementalReleaseJavaCompilationSafeguard
:library:compileReleaseJavaWithJavacNote: /private/var/folders/bq/vtzpc5ns5sg2cthy61lqpg3dfzgbys/T/1547016056910-0/src/library/src/main/java/com/patloew/rxwear/NodeListenerObservable.java uses or overrides a deprecated API.
Note: Recompile with -Xlint:deprecation for details.
Note: Some input files use unchecked or unsafe operations.
Note: Recompile with -Xlint:unchecked for details.

:library:extractReleaseAnnotations
:library:mergeReleaseShaders
:library:compileReleaseShaders
:library:generateReleaseAssets
:library:mergeReleaseAssets
:library:mergeReleaseProguardFiles
:library:packageReleaseRenderscript UP-TO-DATE
:library:packageReleaseResources
:library:transformClassesWithRetrolambdaForRelease
:library:processReleaseJavaRes UP-TO-DATE
:library:transformResourcesWithMergeJavaResForRelease
:library:transformClassesAndResourcesWithSyncLibJarsForRelease
:library:mergeReleaseJniLibFolders
:library:transformNative_libsWithMergeJniLibsForRelease
:library:transformNative_libsWithSyncJniLibsForRelease
:library:bundleRelease
:library:compileReleaseSources
:library:assembleRelease
:library:generateJavadocs/private/var/folders/bq/vtzpc5ns5sg2cthy61lqpg3dfzgbys/T/1547016056910-0/src/library/src/main/java/com/patloew/rxwear/ChannelCloseSingle.java:3: error: package com.google.android.gms.common.api does not exist
import com.google.android.gms.common.api.GoogleApiClient;
                                        ^
/private/var/folders/bq/vtzpc5ns5sg2cthy61lqpg3dfzgbys/T/1547016056910-0/src/library/src/main/java/com/patloew/rxwear/ChannelCloseSingle.java:4: error: package com.google.android.gms.common.api does not exist
import com.google.android.gms.common.api.ResultCallback;
                                        ^
/private/var/folders/bq/vtzpc5ns5sg2cthy61lqpg3dfzgbys/T/1547016056910-0/src/library/src/main/java/com/patloew/rxwear/ChannelCloseSingle.java:5: error: package com.google.android.gms.common.api does not exist
import com.google.android.gms.common.api.Status;
                                        ^
/private/var/folders/bq/vtzpc5ns5sg2cthy61lqpg3dfzgbys/T/1547016056910-0/src/library/src/main/java/com/patloew/rxwear/ChannelCloseSingle.java:6: error: package com.google.android.gms.wearable does not exist
import com.google.android.gms.wearable.Channel;
                                      ^
/private/var/folders/bq/vtzpc5ns5sg2cthy61lqpg3dfzgbys/T/1547016056910-0/src/library/src/main/java/com/patloew/rxwear/ChannelCloseSingle.java:10: error: package rx does not exist
import rx.SingleSubscriber;
         ^
/private/var/folders/bq/vtzpc5ns5sg2cthy61lqpg3dfzgbys/T/1547016056910-0/src/library/src/main/java/com/patloew/rxwear/BaseSingle.java:5: error: package android.support.annotation does not exist
import android.support.annotation.NonNull;
                                 ^
/private/var/folders/bq/vtzpc5ns5sg2cthy61lqpg3dfzgbys/T/1547016056910-0/src/library/src/main/java/com/patloew/rxwear/BaseSingle.java:7: error: package com.google.android.gms.common does not exist
import com.google.android.gms.common.ConnectionResult;
                                    ^
/private/var/folders/bq/vtzpc5ns5sg2cthy61lqpg3dfzgbys/T/1547016056910-0/src/library/src/main/java/com/patloew/rxwear/BaseSingle.java:8: error: package com.google.android.gms.common.api does not exist
import com.google.android.gms.common.api.Api;
                                        ^
/private/var/folders/bq/vtzpc5ns5sg2cthy61lqpg3dfzgbys/T/1547016056910-0/src/library/src/main/java/com/patloew/rxwear/BaseSingle.java:9: error: package com.google.android.gms.common.api does not exist
import com.google.android.gms.common.api.GoogleApiClient;
                                        ^
/private/var/folders/bq/vtzpc5ns5sg2cthy61lqpg3dfzgbys/T/1547016056910-0/src/library/src/main/java/com/patloew/rxwear/BaseSingle.java:10: error: package com.google.android.gms.common.api does not exist
import com.google.android.gms.common.api.Scope;
                                        ^
/private/var/folders/bq/vtzpc5ns5sg2cthy61lqpg3dfzgbys/T/1547016056910-0/src/library/src/main/java/com/patloew/rxwear/BaseSingle.java:14: error: package rx does not exist
import rx.Single;
         ^
/private/var/folders/bq/vtzpc5ns5sg2cthy61lqpg3dfzgbys/T/1547016056910-0/src/library/src/main/java/com/patloew/rxwear/BaseSingle.java:15: error: package rx does not exist
import rx.SingleSubscriber;
         ^
/private/var/folders/bq/vtzpc5ns5sg2cthy61lqpg3dfzgbys/T/1547016056910-0/src/library/src/main/java/com/patloew/rxwear/BaseSingle.java:16: error: package rx.subscriptions does not exist
import rx.subscriptions.Subscriptions;
                       ^
/private/var/folders/bq/vtzpc5ns5sg2cthy61lqpg3dfzgbys/T/1547016056910-0/src/library/src/main/java/com/patloew/rxwear/BaseRx.java:4: error: package android.support.annotation does not exist
import android.support.annotation.NonNull;
                                 ^
/private/var/folders/bq/vtzpc5ns5sg2cthy61lqpg3dfzgbys/T/1547016056910-0/src/library/src/main/java/com/patloew/rxwear/BaseRx.java:6: error: package com.google.android.gms.common.api does not exist
import com.google.android.gms.common.api.Api;
                                        ^
/private/var/folders/bq/vtzpc5ns5sg2cthy61lqpg3dfzgbys/T/1547016056910-0/src/library/src/main/java/com/patloew/rxwear/BaseRx.java:7: error: package com.google.android.gms.common.api does not exist
import com.google.android.gms.common.api.GoogleApiClient;
                                        ^
/private/var/folders/bq/vtzpc5ns5sg2cthy61lqpg3dfzgbys/T/1547016056910-0/src/library/src/main/java/com/patloew/rxwear/BaseRx.java:8: error: package com.google.android.gms.common.api does not exist
import com.google.android.gms.common.api.PendingResult;
                                        ^
/private/var/folders/bq/vtzpc5ns5sg2cthy61lqpg3dfzgbys/T/1547016056910-0/src/library/src/main/java/com/patloew/rxwear/BaseRx.java:9: error: package com.google.android.gms.common.api does not exist
import com.google.android.gms.common.api.Result;
                                        ^
/private/var/folders/bq/vtzpc5ns5sg2cthy61lqpg3dfzgbys/T/1547016056910-0/src/library/src/main/java/com/patloew/rxwear/BaseRx.java:10: error: package com.google.android.gms.common.api does not exist
import com.google.android.gms.common.api.ResultCallback;
                                        ^
/private/var/folders/bq/vtzpc5ns5sg2cthy61lqpg3dfzgbys/T/1547016056910-0/src/library/src/main/java/com/patloew/rxwear/BaseRx.java:11: error: package com.google.android.gms.common.api does not exist
import com.google.android.gms.common.api.Scope;
                                        ^
/private/var/folders/bq/vtzpc5ns5sg2cthy61lqpg3dfzgbys/T/1547016056910-0/src/library/src/main/java/com/patloew/rxwear/BaseRx.java:12: error: package com.google.android.gms.wearable does not exist
import com.google.android.gms.wearable.Wearable;
                                      ^
/private/var/folders/bq/vtzpc5ns5sg2cthy61lqpg3dfzgbys/T/1547016056910-0/src/library/src/main/java/com/patloew/rxwear/BaseSingle.java:37: error: package Single does not exist
abstract class BaseSingle<T> extends BaseRx<T> implements Single.OnSubscribe<T> {
                                                                ^
/private/var/folders/bq/vtzpc5ns5sg2cthy61lqpg3dfzgbys/T/1547016056910-0/src/library/src/main/java/com/patloew/rxwear/ChannelCloseSingle.java:25: error: cannot find symbol
class ChannelCloseSingle extends BaseSingle<Status> {
                                            ^
  symbol: class Status
/private/var/folders/bq/vtzpc5ns5sg2cthy61lqpg3dfzgbys/T/1547016056910-0/src/library/src/main/java/com/patloew/rxwear/Channel.java:4: error: package android.support.annotation does not exist
import android.support.annotation.NonNull;
                                 ^
/private/var/folders/bq/vtzpc5ns5sg2cthy61lqpg3dfzgbys/T/1547016056910-0/src/library/src/main/java/com/patloew/rxwear/Channel.java:6: error: package com.google.android.gms.common.api does not exist
import com.google.android.gms.common.api.Status;
                                        ^
/private/var/folders/bq/vtzpc5ns5sg2cthy61lqpg3dfzgbys/T/1547016056910-0/src/library/src/main/java/com/patloew/rxwear/Channel.java:13: error: package rx does not exist
import rx.Observable;
         ^
/private/var/folders/bq/vtzpc5ns5sg2cthy61lqpg3dfzgbys/T/1547016056910-0/src/library/src/main/java/com/patloew/rxwear/Channel.java:14: error: package rx does not exist
import rx.Single;
         ^
/private/var/folders/bq/vtzpc5ns5sg2cthy61lqpg3dfzgbys/T/1547016056910-0/src/library/src/main/java/com/patloew/rxwear/RxWear.java:4: error: package android.support.annotation does not exist
import android.support.annotation.NonNull;
                                 ^
/private/var/folders/bq/vtzpc5ns5sg2cthy61lqpg3dfzgbys/T/1547016056910-0/src/library/src/main/java/com/patloew/rxwear/RxWear.java:6: error: package com.google.android.gms.common.api does not exist
import com.google.android.gms.common.api.GoogleApiClient;
                                        ^
/private/var/folders/bq/vtzpc5ns5sg2cthy61lqpg3dfzgbys/T/1547016056910-0/src/library/src/main/java/com/patloew/rxwear/RxWear.java:7: error: package com.google.android.gms.wearable does not exist
import com.google.android.gms.wearable.Wearable;
                                      ^
/private/var/folders/bq/vtzpc5ns5sg2cthy61lqpg3dfzgbys/T/1547016056910-0/src/library/src/main/java/com/patloew/rxwear/RxWear.java:11: error: package rx does not exist
import rx.Completable;
         ^
/private/var/folders/bq/vtzpc5ns5sg2cthy61lqpg3dfzgbys/T/1547016056910-0/src/library/src/main/java/com/patloew/rxwear/RxWear.java:12: error: package rx does not exist
import rx.Single;
         ^
/private/var/folders/bq/vtzpc5ns5sg2cthy61lqpg3dfzgbys/T/1547016056910-0/src/library/src/main/java/com/patloew/rxwear/ChannelCloseSingle.java:37: error: cannot find symbol
    protected void onGoogleApiClientReady(GoogleApiClient apiClient, final SingleSubscriber<? super Status> subscriber) {
                                          ^
  symbol:   class GoogleApiClient
  location: class ChannelCloseSingle
/private/var/folders/bq/vtzpc5ns5sg2cthy61lqpg3dfzgbys/T/1547016056910-0/src/library/src/main/java/com/patloew/rxwear/ChannelCloseSingle.java:37: error: cannot find symbol
    protected void onGoogleApiClientReady(GoogleApiClient apiClient, final SingleSubscriber<? super Status> subscriber) {
                                                                           ^
  symbol:   class SingleSubscriber
  location: class ChannelCloseSingle
/private/var/folders/bq/vtzpc5ns5sg2cthy61lqpg3dfzgbys/T/1547016056910-0/src/library/src/main/java/com/patloew/rxwear/ChannelCloseSingle.java:37: error: cannot find symbol
    protected void onGoogleApiClientReady(GoogleApiClient apiClient, final SingleSubscriber<? super Status> subscriber) {
                                                                                                    ^
  symbol:   class Status
  location: class ChannelCloseSingle
/private/var/folders/bq/vtzpc5ns5sg2cthy61lqpg3dfzgbys/T/1547016056910-0/src/library/src/main/java/com/patloew/rxwear/BaseSingle.java:43: error: cannot find symbol
    protected BaseSingle(@NonNull Context ctx, @NonNull Api<? extends Api.ApiOptions.NotRequiredOptions>[] services, Scope[] scopes) {
                                                        ^
  symbol:   class Api
  location: class BaseSingle<T>
  where T is a type-variable:
    T extends Object declared in class BaseSingle
/private/var/folders/bq/vtzpc5ns5sg2cthy61lqpg3dfzgbys/T/1547016056910-0/src/library/src/main/java/com/patloew/rxwear/BaseSingle.java:43: error: package Api.ApiOptions does not exist
    protected BaseSingle(@NonNull Context ctx, @NonNull Api<? extends Api.ApiOptions.NotRequiredOptions>[] services, Scope[] scopes) {
                                                                                    ^
/private/var/folders/bq/vtzpc5ns5sg2cthy61lqpg3dfzgbys/T/1547016056910-0/src/library/src/main/java/com/patloew/rxwear/BaseSingle.java:43: error: cannot find symbol
    protected BaseSingle(@NonNull Context ctx, @NonNull Api<? extends Api.ApiOptions.NotRequiredOptions>[] services, Scope[] scopes) {
                                                                                                                     ^
  symbol:   class Scope
  location: class BaseSingle<T>
  where T is a type-variable:
    T extends Object declared in class BaseSingle
/private/var/folders/bq/vtzpc5ns5sg2cthy61lqpg3dfzgbys/T/1547016056910-0/src/library/src/main/java/com/patloew/rxwear/BaseSingle.java:48: error: cannot find symbol
    public final void call(SingleSubscriber<? super T> subscriber) {
                           ^
  symbol:   class SingleSubscriber
  location: class BaseSingle<T>
  where T is a type-variable:
    T extends Object declared in class BaseSingle
/private/var/folders/bq/vtzpc5ns5sg2cthy61lqpg3dfzgbys/T/1547016056910-0/src/library/src/main/java/com/patloew/rxwear/BaseSingle.java:65: error: cannot find symbol
    protected abstract void onGoogleApiClientReady(GoogleApiClient apiClient, SingleSubscriber<? super T> subscriber);
                                                   ^
  symbol:   class GoogleApiClient
  location: class BaseSingle<T>
  where T is a type-variable:
    T extends Object declared in class BaseSingle
/private/var/folders/bq/vtzpc5ns5sg2cthy61lqpg3dfzgbys/T/1547016056910-0/src/library/src/main/java/com/patloew/rxwear/BaseSingle.java:65: error: cannot find symbol
    protected abstract void onGoogleApiClientReady(GoogleApiClient apiClient, SingleSubscriber<? super T> subscriber);
                                                                              ^
  symbol:   class SingleSubscriber
  location: class BaseSingle<T>
  where T is a type-variable:
    T extends Object declared in class BaseSingle
/private/var/folders/bq/vtzpc5ns5sg2cthy61lqpg3dfzgbys/T/1547016056910-0/src/library/src/main/java/com/patloew/rxwear/BaseRx.java:37: error: cannot find symbol
    private final Api<? extends Api.ApiOptions.NotRequiredOptions>[] services;
                  ^
  symbol:   class Api
  location: class BaseRx<T>
  where T is a type-variable:
    T extends Object declared in class BaseRx
/private/var/folders/bq/vtzpc5ns5sg2cthy61lqpg3dfzgbys/T/1547016056910-0/src/library/src/main/java/com/patloew/rxwear/BaseRx.java:37: error: package Api.ApiOptions does not exist
    private final Api<? extends Api.ApiOptions.NotRequiredOptions>[] services;
                                              ^
/private/var/folders/bq/vtzpc5ns5sg2cthy61lqpg3dfzgbys/T/1547016056910-0/src/library/src/main/java/com/patloew/rxwear/BaseRx.java:38: error: cannot find symbol
    private final Scope[] scopes;
                  ^
  symbol:   class Scope
  location: class BaseRx<T>
  where T is a type-variable:
    T extends Object declared in class BaseRx
/private/var/folders/bq/vtzpc5ns5sg2cthy61lqpg3dfzgbys/T/1547016056910-0/src/library/src/main/java/com/patloew/rxwear/BaseRx.java:56: error: cannot find symbol
    protected BaseRx(@NonNull Context ctx, @NonNull Api<? extends Api.ApiOptions.NotRequiredOptions>[] services, Scope[] scopes) {
                                                    ^
  symbol:   class Api
  location: class BaseRx<T>
  where T is a type-variable:
    T extends Object declared in class BaseRx
/private/var/folders/bq/vtzpc5ns5sg2cthy61lqpg3dfzgbys/T/1547016056910-0/src/library/src/main/java/com/patloew/rxwear/BaseRx.java:56: error: package Api.ApiOptions does not exist
    protected BaseRx(@NonNull Context ctx, @NonNull Api<? extends Api.ApiOptions.NotRequiredOptions>[] services, Scope[] scopes) {
                                                                                ^
/private/var/folders/bq/vtzpc5ns5sg2cthy61lqpg3dfzgbys/T/1547016056910-0/src/library/src/main/java/com/patloew/rxwear/BaseRx.java:56: error: cannot find symbol
    protected BaseRx(@NonNull Context ctx, @NonNull Api<? extends Api.ApiOptions.NotRequiredOptions>[] services, Scope[] scopes) {
                                                                                                                 ^
  symbol:   class Scope
  location: class BaseRx<T>
  where T is a type-variable:
    T extends Object declared in class BaseRx
/private/var/folders/bq/vtzpc5ns5sg2cthy61lqpg3dfzgbys/T/1547016056910-0/src/library/src/main/java/com/patloew/rxwear/BaseRx.java:64: error: cannot find symbol
    protected final <T extends Result> void setupWearPendingResult(PendingResult<T> pendingResult, ResultCallback<? super T> resultCallback) {
                               ^
  symbol:   class Result
  location: class BaseRx<T>
  where T is a type-variable:
    T extends Object declared in class BaseRx
/private/var/folders/bq/vtzpc5ns5sg2cthy61lqpg3dfzgbys/T/1547016056910-0/src/library/src/main/java/com/patloew/rxwear/BaseRx.java:64: error: cannot find symbol
    protected final <T extends Result> void setupWearPendingResult(PendingResult<T> pendingResult, ResultCallback<? super T> resultCallback) {
                                                                   ^
  symbol:   class PendingResult
  location: class BaseRx<T>
  where T is a type-variable:
    T extends Object declared in class BaseRx
/private/var/folders/bq/vtzpc5ns5sg2cthy61lqpg3dfzgbys/T/1547016056910-0/src/library/src/main/java/com/patloew/rxwear/BaseRx.java:64: error: cannot find symbol
    protected final <T extends Result> void setupWearPendingResult(PendingResult<T> pendingResult, ResultCallback<? super T> resultCallback) {
                                                                                                   ^
  symbol:   class ResultCallback
  location: class BaseRx<T>
  where T is a type-variable:
    T extends Object declared in class BaseRx
/private/var/folders/bq/vtzpc5ns5sg2cthy61lqpg3dfzgbys/T/1547016056910-0/src/library/src/main/java/com/patloew/rxwear/BaseRx.java:72: error: package GoogleApiClient does not exist
    protected GoogleApiClient.Builder getApiClientBuilder() {
                             ^
/private/var/folders/bq/vtzpc5ns5sg2cthy61lqpg3dfzgbys/T/1547016056910-0/src/library/src/main/java/com/patloew/rxwear/BaseRx.java:103: error: package GoogleApiClient does not exist
            GoogleApiClient.ConnectionCallbacks,
                           ^
/private/var/folders/bq/vtzpc5ns5sg2cthy61lqpg3dfzgbys/T/1547016056910-0/src/library/src/main/java/com/patloew/rxwear/BaseRx.java:104: error: package GoogleApiClient does not exist
            GoogleApiClient.OnConnectionFailedListener {
                           ^
/private/var/folders/bq/vtzpc5ns5sg2cthy61lqpg3dfzgbys/T/1547016056910-0/src/library/src/main/java/com/patloew/rxwear/BaseRx.java:76: error: cannot find symbol
    protected GoogleApiClient createApiClient(ApiClientConnectionCallbacks apiClientConnectionCallbacks) {
              ^
  symbol:   class GoogleApiClient
  location: class BaseRx<T>
  where T is a type-variable:
    T extends Object declared in class BaseRx
/private/var/folders/bq/vtzpc5ns5sg2cthy61lqpg3dfzgbys/T/1547016056910-0/src/library/src/main/java/com/patloew/rxwear/BaseRx.java:100: error: cannot find symbol
    protected void onUnsubscribed(GoogleApiClient locationClient) { }
                                  ^
  symbol:   class GoogleApiClient
  location: class BaseRx<T>
  where T is a type-variable:
    T extends Object declared in class BaseRx
/private/var/folders/bq/vtzpc5ns5sg2cthy61lqpg3dfzgbys/T/1547016056910-0/src/library/src/main/java/com/patloew/rxwear/Channel.java:39: error: cannot find symbol
    public Observable<ChannelEvent> listen() {
           ^
  symbol:   class Observable
  location: class Channel
/private/var/folders/bq/vtzpc5ns5sg2cthy61lqpg3dfzgbys/T/1547016056910-0/src/library/src/main/java/com/patloew/rxwear/events/ChannelEvent.java:3: error: package com.google.android.gms.wearable does not exist
import com.google.android.gms.wearable.Channel;
                                      ^
/private/var/folders/bq/vtzpc5ns5sg2cthy61lqpg3dfzgbys/T/1547016056910-0/src/library/src/main/java/com/patloew/rxwear/Channel.java:43: error: cannot find symbol
    public Observable<ChannelEvent> listen(long timeout, @NonNull TimeUnit timeUnit) {
           ^
  symbol:   class Observable
  location: class Channel
/private/var/folders/bq/vtzpc5ns5sg2cthy61lqpg3dfzgbys/T/1547016056910-0/src/library/src/main/java/com/patloew/rxwear/Channel.java:47: error: package com.google.android.gms.wearable does not exist
    public Observable<ChannelEvent> listen(@NonNull com.google.android.gms.wearable.Channel channel) {
                                                                                   ^
/private/var/folders/bq/vtzpc5ns5sg2cthy61lqpg3dfzgbys/T/1547016056910-0/src/library/src/main/java/com/patloew/rxwear/Channel.java:47: error: cannot find symbol
    public Observable<ChannelEvent> listen(@NonNull com.google.android.gms.wearable.Channel channel) {
           ^
  symbol:   class Observable
  location: class Channel
/private/var/folders/bq/vtzpc5ns5sg2cthy61lqpg3dfzgbys/T/1547016056910-0/src/library/src/main/java/com/patloew/rxwear/Channel.java:51: error: package com.google.android.gms.wearable does not exist
    public Observable<ChannelEvent> listen(@NonNull com.google.android.gms.wearable.Channel channel, long timeout, @NonNull TimeUnit timeUnit) {
                                                                                   ^
/private/var/folders/bq/vtzpc5ns5sg2cthy61lqpg3dfzgbys/T/1547016056910-0/src/library/src/main/java/com/patloew/rxwear/Channel.java:51: error: cannot find symbol
    public Observable<ChannelEvent> listen(@NonNull com.google.android.gms.wearable.Channel channel, long timeout, @NonNull TimeUnit timeUnit) {
           ^
  symbol:   class Observable
  location: class Channel
/private/var/folders/bq/vtzpc5ns5sg2cthy61lqpg3dfzgbys/T/1547016056910-0/src/library/src/main/java/com/patloew/rxwear/Channel.java:55: error: package com.google.android.gms.wearable does not exist
    private Observable<ChannelEvent> listenInternal(com.google.android.gms.wearable.Channel channel, Long timeout, TimeUnit timeUnit) {
                                                                                   ^
/private/var/folders/bq/vtzpc5ns5sg2cthy61lqpg3dfzgbys/T/1547016056910-0/src/library/src/main/java/com/patloew/rxwear/Channel.java:55: error: cannot find symbol
    private Observable<ChannelEvent> listenInternal(com.google.android.gms.wearable.Channel channel, Long timeout, TimeUnit timeUnit) {
            ^
  symbol:   class Observable
  location: class Channel
/private/var/folders/bq/vtzpc5ns5sg2cthy61lqpg3dfzgbys/T/1547016056910-0/src/library/src/main/java/com/patloew/rxwear/Channel.java:61: error: package com.google.android.gms.wearable does not exist
    public Single<Status> close(@NonNull com.google.android.gms.wearable.Channel channel) {
                                                                        ^
/private/var/folders/bq/vtzpc5ns5sg2cthy61lqpg3dfzgbys/T/1547016056910-0/src/library/src/main/java/com/patloew/rxwear/Channel.java:61: error: cannot find symbol
    public Single<Status> close(@NonNull com.google.android.gms.wearable.Channel channel) {
           ^
  symbol:   class Single
  location: class Channel
/private/var/folders/bq/vtzpc5ns5sg2cthy61lqpg3dfzgbys/T/1547016056910-0/src/library/src/main/java/com/patloew/rxwear/Channel.java:61: error: cannot find symbol
    public Single<Status> close(@NonNull com.google.android.gms.wearable.Channel channel) {
                  ^
  symbol:   class Status
  location: class Channel
/private/var/folders/bq/vtzpc5ns5sg2cthy61lqpg3dfzgbys/T/1547016056910-0/src/library/src/main/java/com/patloew/rxwear/Channel.java:65: error: package com.google.android.gms.wearable does not exist
    public Single<Status> close(@NonNull com.google.android.gms.wearable.Channel channel, long timeout, @NonNull TimeUnit timeUnit) {
                                                                        ^
/private/var/folders/bq/vtzpc5ns5sg2cthy61lqpg3dfzgbys/T/1547016056910-0/src/library/src/main/java/com/patloew/rxwear/Channel.java:65: error: cannot find symbol
    public Single<Status> close(@NonNull com.google.android.gms.wearable.Channel channel, long timeout, @NonNull TimeUnit timeUnit) {
           ^
  symbol:   class Single
  location: class Channel
/private/var/folders/bq/vtzpc5ns5sg2cthy61lqpg3dfzgbys/T/1547016056910-0/src/library/src/main/java/com/patloew/rxwear/Channel.java:65: error: cannot find symbol
    public Single<Status> close(@NonNull com.google.android.gms.wearable.Channel channel, long timeout, @NonNull TimeUnit timeUnit) {
                  ^
  symbol:   class Status
  location: class Channel
/private/var/folders/bq/vtzpc5ns5sg2cthy61lqpg3dfzgbys/T/1547016056910-0/src/library/src/main/java/com/patloew/rxwear/Channel.java:69: error: package com.google.android.gms.wearable does not exist
    public Single<Status> close(@NonNull com.google.android.gms.wearable.Channel channel, int errorCode) {
                                                                        ^
/private/var/folders/bq/vtzpc5ns5sg2cthy61lqpg3dfzgbys/T/1547016056910-0/src/library/src/main/java/com/patloew/rxwear/Channel.java:69: error: cannot find symbol
    public Single<Status> close(@NonNull com.google.android.gms.wearable.Channel channel, int errorCode) {
           ^
  symbol:   class Single
  location: class Channel
/private/var/folders/bq/vtzpc5ns5sg2cthy61lqpg3dfzgbys/T/1547016056910-0/src/library/src/main/java/com/patloew/rxwear/Channel.java:69: error: cannot find symbol
    public Single<Status> close(@NonNull com.google.android.gms.wearable.Channel channel, int errorCode) {
                  ^
  symbol:   class Status
  location: class Channel
/private/var/folders/bq/vtzpc5ns5sg2cthy61lqpg3dfzgbys/T/1547016056910-0/src/library/src/main/java/com/patloew/rxwear/Channel.java:73: error: package com.google.android.gms.wearable does not exist
    public Single<Status> close(@NonNull com.google.android.gms.wearable.Channel channel, int errorCode, long timeout, @NonNull TimeUnit timeUnit) {
                                                                        ^
/private/var/folders/bq/vtzpc5ns5sg2cthy61lqpg3dfzgbys/T/1547016056910-0/src/library/src/main/java/com/patloew/rxwear/Channel.java:73: error: cannot find symbol
    public Single<Status> close(@NonNull com.google.android.gms.wearable.Channel channel, int errorCode, long timeout, @NonNull TimeUnit timeUnit) {
           ^
  symbol:   class Single
  location: class Channel
/private/var/folders/bq/vtzpc5ns5sg2cthy61lqpg3dfzgbys/T/1547016056910-0/src/library/src/main/java/com/patloew/rxwear/Channel.java:73: error: cannot find symbol
    public Single<Status> close(@NonNull com.google.android.gms.wearable.Channel channel, int errorCode, long timeout, @NonNull TimeUnit timeUnit) {
                  ^
  symbol:   class Status
  location: class Channel
/private/var/folders/bq/vtzpc5ns5sg2cthy61lqpg3dfzgbys/T/1547016056910-0/src/library/src/main/java/com/patloew/rxwear/Channel.java:77: error: package com.google.android.gms.wearable does not exist
    private Single<Status> closeInternal(com.google.android.gms.wearable.Channel channel, Integer errorCode, Long timeout, TimeUnit timeUnit) {
                                                                        ^
/private/var/folders/bq/vtzpc5ns5sg2cthy61lqpg3dfzgbys/T/1547016056910-0/src/library/src/main/java/com/patloew/rxwear/Channel.java:77: error: cannot find symbol
    private Single<Status> closeInternal(com.google.android.gms.wearable.Channel channel, Integer errorCode, Long timeout, TimeUnit timeUnit) {
            ^
  symbol:   class Single
  location: class Channel
/private/var/folders/bq/vtzpc5ns5sg2cthy61lqpg3dfzgbys/T/1547016056910-0/src/library/src/main/java/com/patloew/rxwear/Channel.java:77: error: cannot find symbol
    private Single<Status> closeInternal(com.google.android.gms.wearable.Channel channel, Integer errorCode, Long timeout, TimeUnit timeUnit) {
                   ^
  symbol:   class Status
  location: class Channel
/private/var/folders/bq/vtzpc5ns5sg2cthy61lqpg3dfzgbys/T/1547016056910-0/src/library/src/main/java/com/patloew/rxwear/Channel.java:83: error: package com.google.android.gms.wearable does not exist
    public Single<Status> sendFile(@NonNull com.google.android.gms.wearable.Channel channel, @NonNull Uri uri) {
                                                                           ^
/private/var/folders/bq/vtzpc5ns5sg2cthy61lqpg3dfzgbys/T/1547016056910-0/src/library/src/main/java/com/patloew/rxwear/Channel.java:83: error: cannot find symbol
    public Single<Status> sendFile(@NonNull com.google.android.gms.wearable.Channel channel, @NonNull Uri uri) {
           ^
  symbol:   class Single
  location: class Channel
/private/var/folders/bq/vtzpc5ns5sg2cthy61lqpg3dfzgbys/T/1547016056910-0/src/library/src/main/java/com/patloew/rxwear/Channel.java:83: error: cannot find symbol
    public Single<Status> sendFile(@NonNull com.google.android.gms.wearable.Channel channel, @NonNull Uri uri) {
                  ^
  symbol:   class Status
  location: class Channel
/private/var/folders/bq/vtzpc5ns5sg2cthy61lqpg3dfzgbys/T/1547016056910-0/src/library/src/main/java/com/patloew/rxwear/Channel.java:87: error: package com.google.android.gms.wearable does not exist
    public Single<Status> sendFile(@NonNull com.google.android.gms.wearable.Channel channel, @NonNull Uri uri, long timeout, @NonNull TimeUnit timeUnit) {
                                                                           ^
/private/var/folders/bq/vtzpc5ns5sg2cthy61lqpg3dfzgbys/T/1547016056910-0/src/library/src/main/java/com/patloew/rxwear/Channel.java:87: error: cannot find symbol
    public Single<Status> sendFile(@NonNull com.google.android.gms.wearable.Channel channel, @NonNull Uri uri, long timeout, @NonNull TimeUnit timeUnit) {
           ^
  symbol:   class Single
  location: class Channel
/private/var/folders/bq/vtzpc5ns5sg2cthy61lqpg3dfzgbys/T/1547016056910-0/src/library/src/main/java/com/patloew/rxwear/Channel.java:87: error: cannot find symbol
    public Single<Status> sendFile(@NonNull com.google.android.gms.wearable.Channel channel, @NonNull Uri uri, long timeout, @NonNull TimeUnit timeUnit) {
                  ^
  symbol:   class Status
  location: class Channel
/private/var/folders/bq/vtzpc5ns5sg2cthy61lqpg3dfzgbys/T/1547016056910-0/src/library/src/main/java/com/patloew/rxwear/Channel.java:91: error: package com.google.android.gms.wearable does not exist
    public Single<Status> sendFile(@NonNull com.google.android.gms.wearable.Channel channel, @NonNull Uri uri, long startOffset, long length) {
                                                                           ^
/private/var/folders/bq/vtzpc5ns5sg2cthy61lqpg3dfzgbys/T/1547016056910-0/src/library/src/main/java/com/patloew/rxwear/Channel.java:91: error: cannot find symbol
    public Single<Status> sendFile(@NonNull com.google.android.gms.wearable.Channel channel, @NonNull Uri uri, long startOffset, long length) {
           ^
  symbol:   class Single
  location: class Channel
/private/var/folders/bq/vtzpc5ns5sg2cthy61lqpg3dfzgbys/T/1547016056910-0/src/library/src/main/java/com/patloew/rxwear/Channel.java:91: error: cannot find symbol
    public Single<Status> sendFile(@NonNull com.google.android.gms.wearable.Channel channel, @NonNull Uri uri, long startOffset, long length) {
                  ^
  symbol:   class Status
  location: class Channel
/private/var/folders/bq/vtzpc5ns5sg2cthy61lqpg3dfzgbys/T/1547016056910-0/src/library/src/main/java/com/patloew/rxwear/Channel.java:95: error: package com.google.android.gms.wearable does not exist
    public Single<Status> sendFile(@NonNull com.google.android.gms.wearable.Channel channel, @NonNull Uri uri, long startOffset, long length, long timeout, @NonNull TimeUnit timeUnit) {
                                                                           ^
/private/var/folders/bq/vtzpc5ns5sg2cthy61lqpg3dfzgbys/T/1547016056910-0/src/library/src/main/java/com/patloew/rxwear/Channel.java:95: error: cannot find symbol
    public Single<Status> sendFile(@NonNull com.google.android.gms.wearable.Channel channel, @NonNull Uri uri, long startOffset, long length, long timeout, @NonNull TimeUnit timeUnit) {
           ^
  symbol:   class Single
  location: class Channel
/private/var/folders/bq/vtzpc5ns5sg2cthy61lqpg3dfzgbys/T/1547016056910-0/src/library/src/main/java/com/patloew/rxwear/Channel.java:95: error: cannot find symbol
    public Single<Status> sendFile(@NonNull com.google.android.gms.wearable.Channel channel, @NonNull Uri uri, long startOffset, long length, long timeout, @NonNull TimeUnit timeUnit) {
                  ^
  symbol:   class Status
  location: class Channel
/private/var/folders/bq/vtzpc5ns5sg2cthy61lqpg3dfzgbys/T/1547016056910-0/src/library/src/main/java/com/patloew/rxwear/Channel.java:99: error: package com.google.android.gms.wearable does not exist
    private Single<Status> sendFileInternal(com.google.android.gms.wearable.Channel channel, Uri uri, Long startOffset, Long length, Long timeout, TimeUnit timeUnit) {
                                                                           ^
/private/var/folders/bq/vtzpc5ns5sg2cthy61lqpg3dfzgbys/T/1547016056910-0/src/library/src/main/java/com/patloew/rxwear/Channel.java:99: error: cannot find symbol
    private Single<Status> sendFileInternal(com.google.android.gms.wearable.Channel channel, Uri uri, Long startOffset, Long length, Long timeout, TimeUnit timeUnit) {
            ^
  symbol:   class Single
  location: class Channel
/private/var/folders/bq/vtzpc5ns5sg2cthy61lqpg3dfzgbys/T/1547016056910-0/src/library/src/main/java/com/patloew/rxwear/Channel.java:99: error: cannot find symbol
    private Single<Status> sendFileInternal(com.google.android.gms.wearable.Channel channel, Uri uri, Long startOffset, Long length, Long timeout, TimeUnit timeUnit) {
                   ^
  symbol:   class Status
  location: class Channel
/private/var/folders/bq/vtzpc5ns5sg2cthy61lqpg3dfzgbys/T/1547016056910-0/src/library/src/main/java/com/patloew/rxwear/Channel.java:105: error: package com.google.android.gms.wearable does not exist
    public Single<Status> receiveFile(@NonNull com.google.android.gms.wearable.Channel channel, @NonNull Uri uri, boolean append) {
                                                                              ^
/private/var/folders/bq/vtzpc5ns5sg2cthy61lqpg3dfzgbys/T/1547016056910-0/src/library/src/main/java/com/patloew/rxwear/Channel.java:105: error: cannot find symbol
    public Single<Status> receiveFile(@NonNull com.google.android.gms.wearable.Channel channel, @NonNull Uri uri, boolean append) {
           ^
  symbol:   class Single
  location: class Channel
/private/var/folders/bq/vtzpc5ns5sg2cthy61lqpg3dfzgbys/T/1547016056910-0/src/library/src/main/java/com/patloew/rxwear/Channel.java:105: error: cannot find symbol
    public Single<Status> receiveFile(@NonNull com.google.android.gms.wearable.Channel channel, @NonNull Uri uri, boolean append) {
                  ^
  symbol:   class Status
  location: class Channel
/private/var/folders/bq/vtzpc5ns5sg2cthy61lqpg3dfzgbys/T/1547016056910-0/src/library/src/main/java/com/patloew/rxwear/Channel.java:109: error: package com.google.android.gms.wearable does not exist
    public Single<Status> receiveFile(@NonNull com.google.android.gms.wearable.Channel channel, @NonNull Uri uri, boolean append, long timeout, @NonNull TimeUnit timeUnit) {
                                                                              ^
/private/var/folders/bq/vtzpc5ns5sg2cthy61lqpg3dfzgbys/T/1547016056910-0/src/library/src/main/java/com/patloew/rxwear/Channel.java:109: error: cannot find symbol
    public Single<Status> receiveFile(@NonNull com.google.android.gms.wearable.Channel channel, @NonNull Uri uri, boolean append, long timeout, @NonNull TimeUnit timeUnit) {
           ^
  symbol:   class Single
  location: class Channel
/private/var/folders/bq/vtzpc5ns5sg2cthy61lqpg3dfzgbys/T/1547016056910-0/src/library/src/main/java/com/patloew/rxwear/Channel.java:109: error: cannot find symbol
    public Single<Status> receiveFile(@NonNull com.google.android.gms.wearable.Channel channel, @NonNull Uri uri, boolean append, long timeout, @NonNull TimeUnit timeUnit) {
                  ^
  symbol:   class Status
  location: class Channel

100 warnings
:library:generateJavadocsJar
:library:generateSourcesJar
:library:assemble
:library:lint FAILED

FAILURE: Build failed with an exception.

* What went wrong:
Execution failed for task ':library:lint'.
> No toolchains found in the NDK toolchains folder for ABI with prefix: mipsel-linux-android

* Try:
Run with --info or --debug option to get more log output.

* Exception is:
org.gradle.api.tasks.TaskExecutionException: Execution failed for task ':library:lint'.
	at org.gradle.api.internal.tasks.execution.ExecuteActionsTaskExecuter.executeActions(ExecuteActionsTaskExecuter.java:69)
	at org.gradle.api.internal.tasks.execution.ExecuteActionsTaskExecuter.execute(ExecuteActionsTaskExecuter.java:46)
	at org.gradle.api.internal.tasks.execution.PostExecutionAnalysisTaskExecuter.execute(PostExecutionAnalysisTaskExecuter.java:35)
	at org.gradle.api.internal.tasks.execution.SkipUpToDateTaskExecuter.execute(SkipUpToDateTaskExecuter.java:64)
	at org.gradle.api.internal.tasks.execution.ValidatingTaskExecuter.execute(ValidatingTaskExecuter.java:58)
	at org.gradle.api.internal.tasks.execution.SkipEmptySourceFilesTaskExecuter.execute(SkipEmptySourceFilesTaskExecuter.java:52)
	at org.gradle.api.internal.tasks.execution.SkipTaskWithNoActionsExecuter.execute(SkipTaskWithNoActionsExecuter.java:52)
	at org.gradle.api.internal.tasks.execution.SkipOnlyIfTaskExecuter.execute(SkipOnlyIfTaskExecuter.java:53)
	at org.gradle.api.internal.tasks.execution.ExecuteAtMostOnceTaskExecuter.execute(ExecuteAtMostOnceTaskExecuter.java:43)
	at org.gradle.execution.taskgraph.DefaultTaskGraphExecuter$EventFiringTaskWorker.execute(DefaultTaskGraphExecuter.java:233)
	at org.gradle.execution.taskgraph.DefaultTaskGraphExecuter$EventFiringTaskWorker.execute(DefaultTaskGraphExecuter.java:215)
	at org.gradle.execution.taskgraph.AbstractTaskPlanExecutor$TaskExecutorWorker.processTask(AbstractTaskPlanExecutor.java:74)
	at org.gradle.execution.taskgraph.AbstractTaskPlanExecutor$TaskExecutorWorker.run(AbstractTaskPlanExecutor.java:55)
	at org.gradle.execution.taskgraph.DefaultTaskPlanExecutor.process(DefaultTaskPlanExecutor.java:32)
	at org.gradle.execution.taskgraph.DefaultTaskGraphExecuter.execute(DefaultTaskGraphExecuter.java:113)
	at org.gradle.execution.SelectedTaskExecutionAction.execute(SelectedTaskExecutionAction.java:37)
	at org.gradle.execution.DefaultBuildExecuter.execute(DefaultBuildExecuter.java:37)
	at org.gradle.execution.DefaultBuildExecuter.access$000(DefaultBuildExecuter.java:23)
	at org.gradle.execution.DefaultBuildExecuter$1.proceed(DefaultBuildExecuter.java:43)
	at org.gradle.execution.DryRunBuildExecutionAction.execute(DryRunBuildExecutionAction.java:32)
	at org.gradle.execution.DefaultBuildExecuter.execute(DefaultBuildExecuter.java:37)
	at org.gradle.execution.DefaultBuildExecuter.execute(DefaultBuildExecuter.java:30)
	at org.gradle.initialization.DefaultGradleLauncher$4.run(DefaultGradleLauncher.java:186)
	at org.gradle.internal.Factories$1.create(Factories.java:22)
	at org.gradle.internal.progress.DefaultBuildOperationExecutor.run(DefaultBuildOperationExecutor.java:91)
	at org.gradle.internal.progress.DefaultBuildOperationExecutor.run(DefaultBuildOperationExecutor.java:53)
	at org.gradle.initialization.DefaultGradleLauncher.doBuildStages(DefaultGradleLauncher.java:183)
	at org.gradle.initialization.DefaultGradleLauncher.access$200(DefaultGradleLauncher.java:33)
	at org.gradle.initialization.DefaultGradleLauncher$1.create(DefaultGradleLauncher.java:112)
	at org.gradle.initialization.DefaultGradleLauncher$1.create(DefaultGradleLauncher.java:106)
	at org.gradle.internal.progress.DefaultBuildOperationExecutor.run(DefaultBuildOperationExecutor.java:91)
	at org.gradle.internal.progress.DefaultBuildOperationExecutor.run(DefaultBuildOperationExecutor.java:63)
	at org.gradle.initialization.DefaultGradleLauncher.doBuild(DefaultGradleLauncher.java:106)
	at org.gradle.initialization.DefaultGradleLauncher.run(DefaultGradleLauncher.java:92)
	at org.gradle.launcher.exec.GradleBuildController.run(GradleBuildController.java:66)
	at org.gradle.tooling.internal.provider.ExecuteBuildActionRunner.run(ExecuteBuildActionRunner.java:28)
	at org.gradle.launcher.exec.ChainingBuildActionRunner.run(ChainingBuildActionRunner.java:35)
	at org.gradle.launcher.exec.InProcessBuildActionExecuter.execute(InProcessBuildActionExecuter.java:41)
	at org.gradle.launcher.exec.InProcessBuildActionExecuter.execute(InProcessBuildActionExecuter.java:26)
	at org.gradle.tooling.internal.provider.ContinuousBuildActionExecuter.execute(ContinuousBuildActionExecuter.java:79)
	at org.gradle.tooling.internal.provider.ContinuousBuildActionExecuter.execute(ContinuousBuildActionExecuter.java:51)
	at org.gradle.launcher.cli.RunBuildAction.run(RunBuildAction.java:51)
	at org.gradle.internal.Actions$RunnableActionAdapter.execute(Actions.java:173)
	at org.gradle.launcher.cli.CommandLineActionFactory$ParseAndBuildAction.execute(CommandLineActionFactory.java:244)
	at org.gradle.launcher.cli.CommandLineActionFactory$ParseAndBuildAction.execute(CommandLineActionFactory.java:217)
	at org.gradle.launcher.cli.JavaRuntimeValidationAction.execute(JavaRuntimeValidationAction.java:33)
	at org.gradle.launcher.cli.JavaRuntimeValidationAction.execute(JavaRuntimeValidationAction.java:24)
	at org.gradle.launcher.cli.ExceptionReportingAction.execute(ExceptionReportingAction.java:33)
	at org.gradle.launcher.cli.ExceptionReportingAction.execute(ExceptionReportingAction.java:22)
	at org.gradle.launcher.cli.CommandLineActionFactory$WithLogging.execute(CommandLineActionFactory.java:210)
	at org.gradle.launcher.cli.CommandLineActionFactory$WithLogging.execute(CommandLineActionFactory.java:174)
	at org.gradle.launcher.Main.doAction(Main.java:33)
	at org.gradle.launcher.bootstrap.EntryPoint.run(EntryPoint.java:45)
	at org.gradle.launcher.bootstrap.ProcessBootstrap.runNoExit(ProcessBootstrap.java:60)
	at org.gradle.launcher.bootstrap.ProcessBootstrap.run(ProcessBootstrap.java:37)
	at org.gradle.launcher.GradleMain.main(GradleMain.java:23)
	at org.gradle.wrapper.BootstrapMainStarter.start(BootstrapMainStarter.java:30)
	at org.gradle.wrapper.WrapperExecutor.execute(WrapperExecutor.java:129)
	at org.gradle.wrapper.GradleWrapperMain.main(GradleWrapperMain.java:61)
Caused by: java.lang.RuntimeException: No toolchains found in the NDK toolchains folder for ABI with prefix: mipsel-linux-android
	at com.android.build.gradle.internal.ndk.DefaultNdkInfo.getDefaultToolchainVersion(DefaultNdkInfo.java:330)
	at com.android.build.gradle.internal.ndk.DefaultNdkInfo.getToolchainPath(DefaultNdkInfo.java:207)
	at com.android.build.gradle.internal.ndk.DefaultNdkInfo.getCCompiler(DefaultNdkInfo.java:263)
	at com.android.build.gradle.internal.ndk.NdkHandler.getCCompiler(NdkHandler.java:306)
	at com.android.build.gradle.internal.model.ModelBuilder.createNativeToolchainModelMap(ModelBuilder.java:240)
	at com.android.build.gradle.internal.model.ModelBuilder.buildAll(ModelBuilder.java:175)
	at com.android.build.gradle.tasks.Lint.createAndroidProject(Lint.java:288)
	at com.android.build.gradle.tasks.Lint.lint(Lint.java:105)
	at org.gradle.internal.reflect.JavaMethod.invoke(JavaMethod.java:75)
	at org.gradle.api.internal.project.taskfactory.DefaultTaskClassInfoStore$StandardTaskAction.doExecute(DefaultTaskClassInfoStore.java:136)
	at org.gradle.api.internal.project.taskfactory.DefaultTaskClassInfoStore$StandardTaskAction.execute(DefaultTaskClassInfoStore.java:129)
	at org.gradle.api.internal.project.taskfactory.DefaultTaskClassInfoStore$StandardTaskAction.execute(DefaultTaskClassInfoStore.java:118)
	at org.gradle.api.internal.AbstractTask$TaskActionWrapper.execute(AbstractTask.java:623)
	at org.gradle.api.internal.AbstractTask$TaskActionWrapper.execute(AbstractTask.java:606)
	at org.gradle.api.internal.tasks.execution.ExecuteActionsTaskExecuter.executeAction(ExecuteActionsTaskExecuter.java:80)
	at org.gradle.api.internal.tasks.execution.ExecuteActionsTaskExecuter.executeActions(ExecuteActionsTaskExecuter.java:61)
	... 58 more


BUILD FAILED

Total time: 15.184 secs

2019-01-09 13:43:46,405 INFO  ProjectTaskService - Detecting possible tasks...
2019-01-09 13:43:46,405 INFO  SysUtils - Execute command: [/var/folders/bq/vtzpc5ns5sg2cthy61lqpg3dfzgbys/T/1547016056910-0/src/gradlew, -b, /var/folders/bq/vtzpc5ns5sg2cthy61lqpg3dfzgbys/T/1547016056910-0/src/sample/build.gradle, -Dorg.gradle.daemon=false, -Dorg.gradle.daemon.performance.enable-monitoring=false, -Dorg.gradle.configureondemand=true, tasks]
2019-01-09 13:43:52,783 ERROR ProjectTaskService - Could not detect possible Gradle tasks: Process exited with an error: 1 (Exit value: 1)
2019-01-09 13:43:52,784 INFO  ProjectTaskService - Detected possible tasks: 0
2019-01-09 13:43:52,784 INFO  ProjectTaskService - Excluded tasks (0): none
2019-01-09 13:43:52,784 INFO  SysUtils - Execute command: [/var/folders/bq/vtzpc5ns5sg2cthy61lqpg3dfzgbys/T/1547016056910-0/src/gradlew, -b, /var/folders/bq/vtzpc5ns5sg2cthy61lqpg3dfzgbys/T/1547016056910-0/src/sample/build.gradle, -Dorg.gradle.daemon=false, -Dorg.gradle.daemon.performance.enable-monitoring=false, -Dorg.gradle.configureondemand=true, --stacktrace, build]
2019-01-09 13:43:59,689 ERROR SysUtils - Could not process external command
org.apache.commons.exec.ExecuteException: Process exited with an error: 1 (Exit value: 1)
	at org.apache.commons.exec.DefaultExecutor.executeInternal(DefaultExecutor.java:404)
	at org.apache.commons.exec.DefaultExecutor.execute(DefaultExecutor.java:166)
	at com.github.vbauer.apkmaster.util.SysUtils.execute(SysUtils.java:67)
	at com.github.vbauer.apkmaster.util.SysUtils.executeSimple(SysUtils.java:43)
	at com.github.vbauer.apkmaster.service.assembly.ProjectBuildService.buildProject(ProjectBuildService.java:78)
	at com.github.vbauer.apkmaster.service.assembly.ProjectBuildService.buildProject(ProjectBuildService.java:64)
	at com.github.vbauer.apkmaster.service.assembly.ProjectBuildService.buildProject(ProjectBuildService.java:43)
	at com.github.vbauer.apkmaster.service.FullProcessService.build(FullProcessService.java:84)
	at com.github.vbauer.apkmaster.service.FullProcessService.process(FullProcessService.java:34)
	at com.github.vbauer.apkmaster.app.MainApplication.process(MainApplication.java:38)
	at com.github.vbauer.apkmaster.app.MainApplication.main(MainApplication.java:20)
	at sun.reflect.NativeMethodAccessorImpl.invoke0(Native Method)
	at sun.reflect.NativeMethodAccessorImpl.invoke(NativeMethodAccessorImpl.java:62)
	at sun.reflect.DelegatingMethodAccessorImpl.invoke(DelegatingMethodAccessorImpl.java:43)
	at java.lang.reflect.Method.invoke(Method.java:498)
	at com.android.arsenal.util.ReflectionUtils.invoke(ReflectionUtils.java:52)
	at com.android.arsenal.util.ApkMasterUtils.main(ApkMasterUtils.java:30)
	at com.android.arsenal.service.processor.impl.BuildProcessorServiceImpl.buildProject(BuildProcessorServiceImpl.java:196)
	at com.android.arsenal.service.processor.impl.BuildProcessorServiceImpl.build(BuildProcessorServiceImpl.java:130)
	at com.android.arsenal.service.processor.impl.BuildProcessorServiceImpl.lambda$createTasks$1(BuildProcessorServiceImpl.java:113)
	at java.util.concurrent.FutureTask.run(FutureTask.java:266)
	at java.util.concurrent.Executors$RunnableAdapter.call(Executors.java:511)
	at java.util.concurrent.FutureTask.run(FutureTask.java:266)
	at java.util.concurrent.ThreadPoolExecutor.runWorker(ThreadPoolExecutor.java:1149)
	at java.util.concurrent.ThreadPoolExecutor$Worker.run(ThreadPoolExecutor.java:624)
	at java.lang.Thread.run(Thread.java:748)
2019-01-09 13:43:59,690 INFO  SysUtils - Configuration on demand is an incubating feature.
The TaskInputs.source(Object) method has been deprecated and is scheduled to be removed in Gradle 4.0. Please use TaskInputs.file(Object).skipWhenEmpty() instead.
extractDebugAnnotations is incompatible with java 8 sources and has been disabled.
extractReleaseAnnotations is incompatible with java 8 sources and has been disabled.
Jack is disabled, but one of the plugins you are using supports Java 8 language features.

FAILURE: Build failed with an exception.

* What went wrong:
A problem occurred configuring project ':sample'.
> Could not resolve all dependencies for configuration ':sample:_debugApk'.
   > A problem occurred configuring project ':wearsample'.
      > No toolchains found in the NDK toolchains folder for ABI with prefix: mipsel-linux-android

* Try:
Run with --info or --debug option to get more log output.

* Exception is:
org.gradle.api.ProjectConfigurationException: A problem occurred configuring project ':sample'.
	at org.gradle.configuration.project.LifecycleProjectEvaluator.addConfigurationFailure(LifecycleProjectEvaluator.java:79)
	at org.gradle.configuration.project.LifecycleProjectEvaluator.notifyAfterEvaluate(LifecycleProjectEvaluator.java:74)
	at org.gradle.configuration.project.LifecycleProjectEvaluator.evaluate(LifecycleProjectEvaluator.java:61)
	at org.gradle.api.internal.project.DefaultProject.evaluate(DefaultProject.java:573)
	at org.gradle.api.internal.project.DefaultProject.evaluate(DefaultProject.java:125)
	at org.gradle.execution.TaskPathProjectEvaluator.configureHierarchy(TaskPathProjectEvaluator.java:42)
	at org.gradle.execution.TaskSelector.getSelection(TaskSelector.java:84)
	at org.gradle.execution.TaskSelector.getSelection(TaskSelector.java:75)
	at org.gradle.execution.commandline.CommandLineTaskParser.parseTasks(CommandLineTaskParser.java:42)
	at org.gradle.execution.TaskNameResolvingBuildConfigurationAction.configure(TaskNameResolvingBuildConfigurationAction.java:44)
	at org.gradle.execution.DefaultBuildConfigurationActionExecuter.configure(DefaultBuildConfigurationActionExecuter.java:48)
	at org.gradle.execution.DefaultBuildConfigurationActionExecuter.access$000(DefaultBuildConfigurationActionExecuter.java:25)
	at org.gradle.execution.DefaultBuildConfigurationActionExecuter$1.proceed(DefaultBuildConfigurationActionExecuter.java:54)
	at org.gradle.execution.DefaultTasksBuildExecutionAction.configure(DefaultTasksBuildExecutionAction.java:44)
	at org.gradle.execution.DefaultBuildConfigurationActionExecuter.configure(DefaultBuildConfigurationActionExecuter.java:48)
	at org.gradle.execution.DefaultBuildConfigurationActionExecuter.access$000(DefaultBuildConfigurationActionExecuter.java:25)
	at org.gradle.execution.DefaultBuildConfigurationActionExecuter$1.proceed(DefaultBuildConfigurationActionExecuter.java:54)
	at org.gradle.execution.ExcludedTaskFilteringBuildConfigurationAction.configure(ExcludedTaskFilteringBuildConfigurationAction.java:47)
	at org.gradle.execution.DefaultBuildConfigurationActionExecuter.configure(DefaultBuildConfigurationActionExecuter.java:48)
	at org.gradle.execution.DefaultBuildConfigurationActionExecuter.select(DefaultBuildConfigurationActionExecuter.java:36)
	at org.gradle.initialization.DefaultGradleLauncher$3.run(DefaultGradleLauncher.java:175)
	at org.gradle.internal.Factories$1.create(Factories.java:22)
	at org.gradle.internal.progress.DefaultBuildOperationExecutor.run(DefaultBuildOperationExecutor.java:91)
	at org.gradle.internal.progress.DefaultBuildOperationExecutor.run(DefaultBuildOperationExecutor.java:53)
	at org.gradle.initialization.DefaultGradleLauncher.doBuildStages(DefaultGradleLauncher.java:172)
	at org.gradle.initialization.DefaultGradleLauncher.access$200(DefaultGradleLauncher.java:33)
	at org.gradle.initialization.DefaultGradleLauncher$1.create(DefaultGradleLauncher.java:112)
	at org.gradle.initialization.DefaultGradleLauncher$1.create(DefaultGradleLauncher.java:106)
	at org.gradle.internal.progress.DefaultBuildOperationExecutor.run(DefaultBuildOperationExecutor.java:91)
	at org.gradle.internal.progress.DefaultBuildOperationExecutor.run(DefaultBuildOperationExecutor.java:63)
	at org.gradle.initialization.DefaultGradleLauncher.doBuild(DefaultGradleLauncher.java:106)
	at org.gradle.initialization.DefaultGradleLauncher.run(DefaultGradleLauncher.java:92)
	at org.gradle.launcher.exec.GradleBuildController.run(GradleBuildController.java:66)
	at org.gradle.tooling.internal.provider.ExecuteBuildActionRunner.run(ExecuteBuildActionRunner.java:28)
	at org.gradle.launcher.exec.ChainingBuildActionRunner.run(ChainingBuildActionRunner.java:35)
	at org.gradle.launcher.exec.InProcessBuildActionExecuter.execute(InProcessBuildActionExecuter.java:41)
	at org.gradle.launcher.exec.InProcessBuildActionExecuter.execute(InProcessBuildActionExecuter.java:26)
	at org.gradle.tooling.internal.provider.ContinuousBuildActionExecuter.execute(ContinuousBuildActionExecuter.java:79)
	at org.gradle.tooling.internal.provider.ContinuousBuildActionExecuter.execute(ContinuousBuildActionExecuter.java:51)
	at org.gradle.launcher.cli.RunBuildAction.run(RunBuildAction.java:51)
	at org.gradle.internal.Actions$RunnableActionAdapter.execute(Actions.java:173)
	at org.gradle.launcher.cli.CommandLineActionFactory$ParseAndBuildAction.execute(CommandLineActionFactory.java:244)
	at org.gradle.launcher.cli.CommandLineActionFactory$ParseAndBuildAction.execute(CommandLineActionFactory.java:217)
	at org.gradle.launcher.cli.JavaRuntimeValidationAction.execute(JavaRuntimeValidationAction.java:33)
	at org.gradle.launcher.cli.JavaRuntimeValidationAction.execute(JavaRuntimeValidationAction.java:24)
	at org.gradle.launcher.cli.ExceptionReportingAction.execute(ExceptionReportingAction.java:33)
	at org.gradle.launcher.cli.ExceptionReportingAction.execute(ExceptionReportingAction.java:22)
	at org.gradle.launcher.cli.CommandLineActionFactory$WithLogging.execute(CommandLineActionFactory.java:210)
	at org.gradle.launcher.cli.CommandLineActionFactory$WithLogging.execute(CommandLineActionFactory.java:174)
	at org.gradle.launcher.Main.doAction(Main.java:33)
	at org.gradle.launcher.bootstrap.EntryPoint.run(EntryPoint.java:45)
	at org.gradle.launcher.bootstrap.ProcessBootstrap.runNoExit(ProcessBootstrap.java:60)
	at org.gradle.launcher.bootstrap.ProcessBootstrap.run(ProcessBootstrap.java:37)
	at org.gradle.launcher.GradleMain.main(GradleMain.java:23)
	at org.gradle.wrapper.BootstrapMainStarter.start(BootstrapMainStarter.java:30)
	at org.gradle.wrapper.WrapperExecutor.execute(WrapperExecutor.java:129)
	at org.gradle.wrapper.GradleWrapperMain.main(GradleWrapperMain.java:61)
Caused by: org.gradle.api.artifacts.ResolveException: Could not resolve all dependencies for configuration ':sample:_debugApk'.
	at org.gradle.api.internal.artifacts.ivyservice.ErrorHandlingConfigurationResolver.wrapException(ErrorHandlingConfigurationResolver.java:70)
	at org.gradle.api.internal.artifacts.ivyservice.ErrorHandlingConfigurationResolver.resolve(ErrorHandlingConfigurationResolver.java:45)
	at org.gradle.api.internal.artifacts.configurations.DefaultConfiguration.resolveGraphIfRequired(DefaultConfiguration.java:396)
	at org.gradle.api.internal.artifacts.configurations.DefaultConfiguration.resolveNow(DefaultConfiguration.java:371)
	at org.gradle.api.internal.artifacts.configurations.DefaultConfiguration.getResolvedConfiguration(DefaultConfiguration.java:364)
	at org.gradle.api.internal.artifacts.configurations.DefaultConfiguration_Decorated.getResolvedConfiguration(Unknown Source)
	at com.android.build.gradle.internal.DependencyManager.collectArtifacts(DependencyManager.java:501)
	at com.android.build.gradle.internal.DependencyManager.gatherDependencies(DependencyManager.java:379)
	at com.android.build.gradle.internal.DependencyManager.resolveDependencyForConfig(DependencyManager.java:282)
	at com.android.build.gradle.internal.DependencyManager.resolveDependencies(DependencyManager.java:159)
	at com.android.build.gradle.internal.TaskManager.resolveDependencies(TaskManager.java:364)
	at com.android.build.gradle.internal.VariantManager$9.call(VariantManager.java:636)
	at com.android.build.gradle.internal.VariantManager$9.call(VariantManager.java:633)
	at com.android.builder.profile.ThreadRecorder.record(ThreadRecorder.java:156)
	at com.android.builder.profile.ThreadRecorder.record(ThreadRecorder.java:120)
	at com.android.build.gradle.internal.profile.SpanRecorders.record(SpanRecorders.java:44)
	at com.android.build.gradle.internal.VariantManager.createVariantData(VariantManager.java:629)
	at com.android.build.gradle.internal.VariantManager.createVariantDataForProductFlavors(VariantManager.java:823)
	at com.android.build.gradle.internal.VariantManager.populateVariantDataList(VariantManager.java:494)
	at com.android.build.gradle.internal.VariantManager$1.call(VariantManager.java:269)
	at com.android.build.gradle.internal.VariantManager$1.call(VariantManager.java:266)
	at com.android.builder.profile.ThreadRecorder.record(ThreadRecorder.java:156)
	at com.android.builder.profile.ThreadRecorder.record(ThreadRecorder.java:120)
	at com.android.build.gradle.internal.VariantManager.createAndroidTasks(VariantManager.java:265)
	at com.android.build.gradle.BasePlugin$11.call(BasePlugin.java:688)
	at com.android.build.gradle.BasePlugin$11.call(BasePlugin.java:685)
	at com.android.builder.profile.ThreadRecorder.record(ThreadRecorder.java:156)
	at com.android.builder.profile.ThreadRecorder.record(ThreadRecorder.java:120)
	at com.android.build.gradle.BasePlugin.createAndroidTasks(BasePlugin.java:683)
	at com.android.build.gradle.BasePlugin$10.call(BasePlugin.java:608)
	at com.android.build.gradle.BasePlugin$10.call(BasePlugin.java:605)
	at com.android.builder.profile.ThreadRecorder.record(ThreadRecorder.java:156)
	at com.android.builder.profile.ThreadRecorder.record(ThreadRecorder.java:120)
	at com.android.build.gradle.BasePlugin.lambda$createTasks$1(BasePlugin.java:603)
	at org.gradle.internal.event.BroadcastDispatch$ActionInvocationHandler.dispatch(BroadcastDispatch.java:93)
	at org.gradle.internal.event.BroadcastDispatch$ActionInvocationHandler.dispatch(BroadcastDispatch.java:82)
	at org.gradle.internal.event.AbstractBroadcastDispatch.dispatch(AbstractBroadcastDispatch.java:44)
	at org.gradle.internal.event.BroadcastDispatch.dispatch(BroadcastDispatch.java:79)
	at org.gradle.internal.event.BroadcastDispatch.dispatch(BroadcastDispatch.java:30)
	at org.gradle.internal.dispatch.ProxyDispatchAdapter$DispatchingInvocationHandler.invoke(ProxyDispatchAdapter.java:93)
	at com.sun.proxy.$Proxy12.afterEvaluate(Unknown Source)
	at org.gradle.configuration.project.LifecycleProjectEvaluator.notifyAfterEvaluate(LifecycleProjectEvaluator.java:67)
	... 55 more
Caused by: org.gradle.api.ProjectConfigurationException: A problem occurred configuring project ':wearsample'.
	at org.gradle.configuration.project.LifecycleProjectEvaluator.addConfigurationFailure(LifecycleProjectEvaluator.java:79)
	at org.gradle.configuration.project.LifecycleProjectEvaluator.notifyAfterEvaluate(LifecycleProjectEvaluator.java:74)
	at org.gradle.configuration.project.LifecycleProjectEvaluator.evaluate(LifecycleProjectEvaluator.java:61)
	at org.gradle.api.internal.project.DefaultProject.evaluate(DefaultProject.java:573)
	at org.gradle.api.internal.project.DefaultProject.evaluate(DefaultProject.java:125)
	at org.gradle.api.internal.project.DefaultProjectAccessListener.evaluateProjectAndDiscoverTasks(DefaultProjectAccessListener.java:32)
	at org.gradle.api.internal.project.DefaultProjectAccessListener.beforeResolvingProjectDependency(DefaultProjectAccessListener.java:28)
	at org.gradle.api.internal.artifacts.dependencies.DefaultProjectDependency.beforeResolved(DefaultProjectDependency.java:90)
	at org.gradle.api.internal.artifacts.ivyservice.moduleconverter.dependencies.ProjectIvyDependencyDescriptorFactory.createDependencyDescriptor(ProjectIvyDependencyDescriptorFactory.java:39)
	at org.gradle.api.internal.artifacts.ivyservice.moduleconverter.dependencies.DefaultDependencyDescriptorFactory.createDependencyDescriptor(DefaultDependencyDescriptorFactory.java:35)
	at org.gradle.api.internal.artifacts.ivyservice.moduleconverter.dependencies.DefaultDependenciesToModuleDescriptorConverter.addDependencies(DefaultDependenciesToModuleDescriptorConverter.java:43)
	at org.gradle.api.internal.artifacts.ivyservice.moduleconverter.dependencies.DefaultDependenciesToModuleDescriptorConverter.addDependencyDescriptors(DefaultDependenciesToModuleDescriptorConverter.java:36)
	at org.gradle.api.internal.artifacts.ivyservice.moduleconverter.DefaultConfigurationComponentMetaDataBuilder.addDependencies(DefaultConfigurationComponentMetaDataBuilder.java:51)
	at org.gradle.api.internal.artifacts.ivyservice.moduleconverter.DefaultConfigurationComponentMetaDataBuilder.addConfigurations(DefaultConfigurationComponentMetaDataBuilder.java:39)
	at org.gradle.api.internal.artifacts.configurations.DefaultConfiguration.toRootComponentMetaData(DefaultConfiguration.java:581)
	at org.gradle.api.internal.artifacts.ivyservice.resolveengine.DefaultArtifactDependencyResolver$DefaultResolveContextToComponentResolver.resolve(DefaultArtifactDependencyResolver.java:129)
	at org.gradle.api.internal.artifacts.ivyservice.resolveengine.graph.DependencyGraphBuilder.resolve(DependencyGraphBuilder.java:87)
	at org.gradle.api.internal.artifacts.ivyservice.resolveengine.DefaultArtifactDependencyResolver.resolve(DefaultArtifactDependencyResolver.java:80)
	at org.gradle.api.internal.artifacts.ivyservice.CacheLockingArtifactDependencyResolver$1.run(CacheLockingArtifactDependencyResolver.java:41)
	at org.gradle.internal.Factories$1.create(Factories.java:22)
	at org.gradle.cache.internal.DefaultCacheAccess.useCache(DefaultCacheAccess.java:192)
	at org.gradle.cache.internal.DefaultCacheAccess.useCache(DefaultCacheAccess.java:175)
	at org.gradle.cache.internal.DefaultPersistentDirectoryStore.useCache(DefaultPersistentDirectoryStore.java:106)
	at org.gradle.cache.internal.DefaultCacheFactory$ReferenceTrackingCache.useCache(DefaultCacheFactory.java:187)
	at org.gradle.api.internal.artifacts.ivyservice.DefaultCacheLockingManager.useCache(DefaultCacheLockingManager.java:64)
	at org.gradle.api.internal.artifacts.ivyservice.CacheLockingArtifactDependencyResolver.resolve(CacheLockingArtifactDependencyResolver.java:39)
	at org.gradle.api.internal.artifacts.ivyservice.DefaultConfigurationResolver.resolve(DefaultConfigurationResolver.java:97)
	at org.gradle.api.internal.artifacts.ivyservice.SelfResolvingDependencyConfigurationResolver.resolve(SelfResolvingDependencyConfigurationResolver.java:40)
	at org.gradle.api.internal.artifacts.ivyservice.ShortCircuitEmptyConfigurationResolver.resolve(ShortCircuitEmptyConfigurationResolver.java:62)
	at org.gradle.api.internal.artifacts.ivyservice.ErrorHandlingConfigurationResolver.resolve(ErrorHandlingConfigurationResolver.java:43)
	... 95 more
Caused by: java.lang.RuntimeException: No toolchains found in the NDK toolchains folder for ABI with prefix: mipsel-linux-android
	at com.android.build.gradle.internal.ndk.DefaultNdkInfo.getDefaultToolchainVersion(DefaultNdkInfo.java:330)
	at com.android.build.gradle.internal.ndk.DefaultNdkInfo.getToolchainPath(DefaultNdkInfo.java:207)
	at com.android.build.gradle.internal.ndk.DefaultNdkInfo.getStripExecutable(DefaultNdkInfo.java:300)
	at com.android.build.gradle.internal.ndk.NdkHandler.getStripExecutable(NdkHandler.java:333)
	at com.android.build.gradle.internal.transforms.StripDebugSymbolTransform.<init>(StripDebugSymbolTransform.java:87)
	at com.android.build.gradle.internal.TaskManager.createStripNativeLibraryTask(TaskManager.java:1342)
	at com.android.build.gradle.internal.ApplicationTaskManager.createTasksForVariantData(ApplicationTaskManager.java:289)
	at com.android.build.gradle.internal.VariantManager.createTasksForVariantData(VariantManager.java:485)
	at com.android.build.gradle.internal.VariantManager$3.call(VariantManager.java:293)
	at com.android.build.gradle.internal.VariantManager$3.call(VariantManager.java:290)
	at com.android.builder.profile.ThreadRecorder.record(ThreadRecorder.java:156)
	at com.android.builder.profile.ThreadRecorder.record(ThreadRecorder.java:120)
	at com.android.build.gradle.internal.profile.SpanRecorders.record(SpanRecorders.java:44)
	at com.android.build.gradle.internal.VariantManager.createAndroidTasks(VariantManager.java:286)
	at com.android.build.gradle.BasePlugin$11.call(BasePlugin.java:688)
	at com.android.build.gradle.BasePlugin$11.call(BasePlugin.java:685)
	at com.android.builder.profile.ThreadRecorder.record(ThreadRecorder.java:156)
	at com.android.builder.profile.ThreadRecorder.record(ThreadRecorder.java:120)
	at com.android.build.gradle.BasePlugin.createAndroidTasks(BasePlugin.java:683)
	at com.android.build.gradle.BasePlugin$10.call(BasePlugin.java:608)
	at com.android.build.gradle.BasePlugin$10.call(BasePlugin.java:605)
	at com.android.builder.profile.ThreadRecorder.record(ThreadRecorder.java:156)
	at com.android.builder.profile.ThreadRecorder.record(ThreadRecorder.java:120)
	at com.android.build.gradle.BasePlugin.lambda$createTasks$1(BasePlugin.java:603)
	at org.gradle.internal.event.BroadcastDispatch$ActionInvocationHandler.dispatch(BroadcastDispatch.java:93)
	at org.gradle.internal.event.BroadcastDispatch$ActionInvocationHandler.dispatch(BroadcastDispatch.java:82)
	at org.gradle.internal.event.AbstractBroadcastDispatch.dispatch(AbstractBroadcastDispatch.java:44)
	at org.gradle.internal.event.BroadcastDispatch.dispatch(BroadcastDispatch.java:79)
	at org.gradle.internal.event.BroadcastDispatch.dispatch(BroadcastDispatch.java:30)
	at org.gradle.internal.dispatch.ProxyDispatchAdapter$DispatchingInvocationHandler.invoke(ProxyDispatchAdapter.java:93)
	at com.sun.proxy.$Proxy12.afterEvaluate(Unknown Source)
	at org.gradle.configuration.project.LifecycleProjectEvaluator.notifyAfterEvaluate(LifecycleProjectEvaluator.java:67)
	... 123 more


BUILD FAILED

Total time: 6.576 secs

2019-01-09 13:43:59,754 INFO  ProjectTaskService - Detecting possible tasks...
2019-01-09 13:43:59,754 INFO  SysUtils - Execute command: [/var/folders/bq/vtzpc5ns5sg2cthy61lqpg3dfzgbys/T/1547016056910-0/src/gradlew, -b, /var/folders/bq/vtzpc5ns5sg2cthy61lqpg3dfzgbys/T/1547016056910-0/src/wearsample/build.gradle, -Dorg.gradle.daemon=false, -Dorg.gradle.daemon.performance.enable-monitoring=false, -Dorg.gradle.configureondemand=true, tasks]
2019-01-09 13:44:06,494 ERROR ProjectTaskService - Could not detect possible Gradle tasks: Process exited with an error: 1 (Exit value: 1)
2019-01-09 13:44:06,495 INFO  ProjectTaskService - Detected possible tasks: 0
2019-01-09 13:44:06,495 INFO  ProjectTaskService - Excluded tasks (0): none
2019-01-09 13:44:06,495 INFO  SysUtils - Execute command: [/var/folders/bq/vtzpc5ns5sg2cthy61lqpg3dfzgbys/T/1547016056910-0/src/gradlew, -b, /var/folders/bq/vtzpc5ns5sg2cthy61lqpg3dfzgbys/T/1547016056910-0/src/wearsample/build.gradle, -Dorg.gradle.daemon=false, -Dorg.gradle.daemon.performance.enable-monitoring=false, -Dorg.gradle.configureondemand=true, --stacktrace, build]
2019-01-09 13:44:12,736 ERROR SysUtils - Could not process external command
org.apache.commons.exec.ExecuteException: Process exited with an error: 1 (Exit value: 1)
	at org.apache.commons.exec.DefaultExecutor.executeInternal(DefaultExecutor.java:404)
	at org.apache.commons.exec.DefaultExecutor.execute(DefaultExecutor.java:166)
	at com.github.vbauer.apkmaster.util.SysUtils.execute(SysUtils.java:67)
	at com.github.vbauer.apkmaster.util.SysUtils.executeSimple(SysUtils.java:43)
	at com.github.vbauer.apkmaster.service.assembly.ProjectBuildService.buildProject(ProjectBuildService.java:78)
	at com.github.vbauer.apkmaster.service.assembly.ProjectBuildService.buildProject(ProjectBuildService.java:64)
	at com.github.vbauer.apkmaster.service.assembly.ProjectBuildService.buildProject(ProjectBuildService.java:43)
	at com.github.vbauer.apkmaster.service.FullProcessService.build(FullProcessService.java:84)
	at com.github.vbauer.apkmaster.service.FullProcessService.process(FullProcessService.java:34)
	at com.github.vbauer.apkmaster.app.MainApplication.process(MainApplication.java:38)
	at com.github.vbauer.apkmaster.app.MainApplication.main(MainApplication.java:20)
	at sun.reflect.NativeMethodAccessorImpl.invoke0(Native Method)
	at sun.reflect.NativeMethodAccessorImpl.invoke(NativeMethodAccessorImpl.java:62)
	at sun.reflect.DelegatingMethodAccessorImpl.invoke(DelegatingMethodAccessorImpl.java:43)
	at java.lang.reflect.Method.invoke(Method.java:498)
	at com.android.arsenal.util.ReflectionUtils.invoke(ReflectionUtils.java:52)
	at com.android.arsenal.util.ApkMasterUtils.main(ApkMasterUtils.java:30)
	at com.android.arsenal.service.processor.impl.BuildProcessorServiceImpl.buildProject(BuildProcessorServiceImpl.java:196)
	at com.android.arsenal.service.processor.impl.BuildProcessorServiceImpl.build(BuildProcessorServiceImpl.java:130)
	at com.android.arsenal.service.processor.impl.BuildProcessorServiceImpl.lambda$createTasks$1(BuildProcessorServiceImpl.java:113)
	at java.util.concurrent.FutureTask.run(FutureTask.java:266)
	at java.util.concurrent.Executors$RunnableAdapter.call(Executors.java:511)
	at java.util.concurrent.FutureTask.run(FutureTask.java:266)
	at java.util.concurrent.ThreadPoolExecutor.runWorker(ThreadPoolExecutor.java:1149)
	at java.util.concurrent.ThreadPoolExecutor$Worker.run(ThreadPoolExecutor.java:624)
	at java.lang.Thread.run(Thread.java:748)
2019-01-09 13:44:12,736 INFO  SysUtils - Configuration on demand is an incubating feature.
The TaskInputs.source(Object) method has been deprecated and is scheduled to be removed in Gradle 4.0. Please use TaskInputs.file(Object).skipWhenEmpty() instead.
extractDebugAnnotations is incompatible with java 8 sources and has been disabled.
extractReleaseAnnotations is incompatible with java 8 sources and has been disabled.
Jack is disabled, but one of the plugins you are using supports Java 8 language features.

FAILURE: Build failed with an exception.

* What went wrong:
A problem occurred configuring project ':wearsample'.
> No toolchains found in the NDK toolchains folder for ABI with prefix: mipsel-linux-android

* Try:
Run with --info or --debug option to get more log output.

* Exception is:
org.gradle.api.ProjectConfigurationException: A problem occurred configuring project ':wearsample'.
	at org.gradle.configuration.project.LifecycleProjectEvaluator.addConfigurationFailure(LifecycleProjectEvaluator.java:79)
	at org.gradle.configuration.project.LifecycleProjectEvaluator.notifyAfterEvaluate(LifecycleProjectEvaluator.java:74)
	at org.gradle.configuration.project.LifecycleProjectEvaluator.evaluate(LifecycleProjectEvaluator.java:61)
	at org.gradle.api.internal.project.DefaultProject.evaluate(DefaultProject.java:573)
	at org.gradle.api.internal.project.DefaultProject.evaluate(DefaultProject.java:125)
	at org.gradle.execution.TaskPathProjectEvaluator.configureHierarchy(TaskPathProjectEvaluator.java:42)
	at org.gradle.execution.TaskSelector.getSelection(TaskSelector.java:84)
	at org.gradle.execution.TaskSelector.getSelection(TaskSelector.java:75)
	at org.gradle.execution.commandline.CommandLineTaskParser.parseTasks(CommandLineTaskParser.java:42)
	at org.gradle.execution.TaskNameResolvingBuildConfigurationAction.configure(TaskNameResolvingBuildConfigurationAction.java:44)
	at org.gradle.execution.DefaultBuildConfigurationActionExecuter.configure(DefaultBuildConfigurationActionExecuter.java:48)
	at org.gradle.execution.DefaultBuildConfigurationActionExecuter.access$000(DefaultBuildConfigurationActionExecuter.java:25)
	at org.gradle.execution.DefaultBuildConfigurationActionExecuter$1.proceed(DefaultBuildConfigurationActionExecuter.java:54)
	at org.gradle.execution.DefaultTasksBuildExecutionAction.configure(DefaultTasksBuildExecutionAction.java:44)
	at org.gradle.execution.DefaultBuildConfigurationActionExecuter.configure(DefaultBuildConfigurationActionExecuter.java:48)
	at org.gradle.execution.DefaultBuildConfigurationActionExecuter.access$000(DefaultBuildConfigurationActionExecuter.java:25)
	at org.gradle.execution.DefaultBuildConfigurationActionExecuter$1.proceed(DefaultBuildConfigurationActionExecuter.java:54)
	at org.gradle.execution.ExcludedTaskFilteringBuildConfigurationAction.configure(ExcludedTaskFilteringBuildConfigurationAction.java:47)
	at org.gradle.execution.DefaultBuildConfigurationActionExecuter.configure(DefaultBuildConfigurationActionExecuter.java:48)
	at org.gradle.execution.DefaultBuildConfigurationActionExecuter.select(DefaultBuildConfigurationActionExecuter.java:36)
	at org.gradle.initialization.DefaultGradleLauncher$3.run(DefaultGradleLauncher.java:175)
	at org.gradle.internal.Factories$1.create(Factories.java:22)
	at org.gradle.internal.progress.DefaultBuildOperationExecutor.run(DefaultBuildOperationExecutor.java:91)
	at org.gradle.internal.progress.DefaultBuildOperationExecutor.run(DefaultBuildOperationExecutor.java:53)
	at org.gradle.initialization.DefaultGradleLauncher.doBuildStages(DefaultGradleLauncher.java:172)
	at org.gradle.initialization.DefaultGradleLauncher.access$200(DefaultGradleLauncher.java:33)
	at org.gradle.initialization.DefaultGradleLauncher$1.create(DefaultGradleLauncher.java:112)
	at org.gradle.initialization.DefaultGradleLauncher$1.create(DefaultGradleLauncher.java:106)
	at org.gradle.internal.progress.DefaultBuildOperationExecutor.run(DefaultBuildOperationExecutor.java:91)
	at org.gradle.internal.progress.DefaultBuildOperationExecutor.run(DefaultBuildOperationExecutor.java:63)
	at org.gradle.initialization.DefaultGradleLauncher.doBuild(DefaultGradleLauncher.java:106)
	at org.gradle.initialization.DefaultGradleLauncher.run(DefaultGradleLauncher.java:92)
	at org.gradle.launcher.exec.GradleBuildController.run(GradleBuildController.java:66)
	at org.gradle.tooling.internal.provider.ExecuteBuildActionRunner.run(ExecuteBuildActionRunner.java:28)
	at org.gradle.launcher.exec.ChainingBuildActionRunner.run(ChainingBuildActionRunner.java:35)
	at org.gradle.launcher.exec.InProcessBuildActionExecuter.execute(InProcessBuildActionExecuter.java:41)
	at org.gradle.launcher.exec.InProcessBuildActionExecuter.execute(InProcessBuildActionExecuter.java:26)
	at org.gradle.tooling.internal.provider.ContinuousBuildActionExecuter.execute(ContinuousBuildActionExecuter.java:79)
	at org.gradle.tooling.internal.provider.ContinuousBuildActionExecuter.execute(ContinuousBuildActionExecuter.java:51)
	at org.gradle.launcher.cli.RunBuildAction.run(RunBuildAction.java:51)
	at org.gradle.internal.Actions$RunnableActionAdapter.execute(Actions.java:173)
	at org.gradle.launcher.cli.CommandLineActionFactory$ParseAndBuildAction.execute(CommandLineActionFactory.java:244)
	at org.gradle.launcher.cli.CommandLineActionFactory$ParseAndBuildAction.execute(CommandLineActionFactory.java:217)
	at org.gradle.launcher.cli.JavaRuntimeValidationAction.execute(JavaRuntimeValidationAction.java:33)
	at org.gradle.launcher.cli.JavaRuntimeValidationAction.execute(JavaRuntimeValidationAction.java:24)
	at org.gradle.launcher.cli.ExceptionReportingAction.execute(ExceptionReportingAction.java:33)
	at org.gradle.launcher.cli.ExceptionReportingAction.execute(ExceptionReportingAction.java:22)
	at org.gradle.launcher.cli.CommandLineActionFactory$WithLogging.execute(CommandLineActionFactory.java:210)
	at org.gradle.launcher.cli.CommandLineActionFactory$WithLogging.execute(CommandLineActionFactory.java:174)
	at org.gradle.launcher.Main.doAction(Main.java:33)
	at org.gradle.launcher.bootstrap.EntryPoint.run(EntryPoint.java:45)
	at org.gradle.launcher.bootstrap.ProcessBootstrap.runNoExit(ProcessBootstrap.java:60)
	at org.gradle.launcher.bootstrap.ProcessBootstrap.run(ProcessBootstrap.java:37)
	at org.gradle.launcher.GradleMain.main(GradleMain.java:23)
	at org.gradle.wrapper.BootstrapMainStarter.start(BootstrapMainStarter.java:30)
	at org.gradle.wrapper.WrapperExecutor.execute(WrapperExecutor.java:129)
	at org.gradle.wrapper.GradleWrapperMain.main(GradleWrapperMain.java:61)
Caused by: java.lang.RuntimeException: No toolchains found in the NDK toolchains folder for ABI with prefix: mipsel-linux-android
	at com.android.build.gradle.internal.ndk.DefaultNdkInfo.getDefaultToolchainVersion(DefaultNdkInfo.java:330)
	at com.android.build.gradle.internal.ndk.DefaultNdkInfo.getToolchainPath(DefaultNdkInfo.java:207)
	at com.android.build.gradle.internal.ndk.DefaultNdkInfo.getStripExecutable(DefaultNdkInfo.java:300)
	at com.android.build.gradle.internal.ndk.NdkHandler.getStripExecutable(NdkHandler.java:333)
	at com.android.build.gradle.internal.transforms.StripDebugSymbolTransform.<init>(StripDebugSymbolTransform.java:87)
	at com.android.build.gradle.internal.TaskManager.createStripNativeLibraryTask(TaskManager.java:1342)
	at com.android.build.gradle.internal.ApplicationTaskManager.createTasksForVariantData(ApplicationTaskManager.java:289)
	at com.android.build.gradle.internal.VariantManager.createTasksForVariantData(VariantManager.java:485)
	at com.android.build.gradle.internal.VariantManager$3.call(VariantManager.java:293)
	at com.android.build.gradle.internal.VariantManager$3.call(VariantManager.java:290)
	at com.android.builder.profile.ThreadRecorder.record(ThreadRecorder.java:156)
	at com.android.builder.profile.ThreadRecorder.record(ThreadRecorder.java:120)
	at com.android.build.gradle.internal.profile.SpanRecorders.record(SpanRecorders.java:44)
	at com.android.build.gradle.internal.VariantManager.createAndroidTasks(VariantManager.java:286)
	at com.android.build.gradle.BasePlugin$11.call(BasePlugin.java:688)
	at com.android.build.gradle.BasePlugin$11.call(BasePlugin.java:685)
	at com.android.builder.profile.ThreadRecorder.record(ThreadRecorder.java:156)
	at com.android.builder.profile.ThreadRecorder.record(ThreadRecorder.java:120)
	at com.android.build.gradle.BasePlugin.createAndroidTasks(BasePlugin.java:683)
	at com.android.build.gradle.BasePlugin$10.call(BasePlugin.java:608)
	at com.android.build.gradle.BasePlugin$10.call(BasePlugin.java:605)
	at com.android.builder.profile.ThreadRecorder.record(ThreadRecorder.java:156)
	at com.android.builder.profile.ThreadRecorder.record(ThreadRecorder.java:120)
	at com.android.build.gradle.BasePlugin.lambda$createTasks$1(BasePlugin.java:603)
	at org.gradle.internal.event.BroadcastDispatch$ActionInvocationHandler.dispatch(BroadcastDispatch.java:93)
	at org.gradle.internal.event.BroadcastDispatch$ActionInvocationHandler.dispatch(BroadcastDispatch.java:82)
	at org.gradle.internal.event.AbstractBroadcastDispatch.dispatch(AbstractBroadcastDispatch.java:44)
	at org.gradle.internal.event.BroadcastDispatch.dispatch(BroadcastDispatch.java:79)
	at org.gradle.internal.event.BroadcastDispatch.dispatch(BroadcastDispatch.java:30)
	at org.gradle.internal.dispatch.ProxyDispatchAdapter$DispatchingInvocationHandler.invoke(ProxyDispatchAdapter.java:93)
	at com.sun.proxy.$Proxy12.afterEvaluate(Unknown Source)
	at org.gradle.configuration.project.LifecycleProjectEvaluator.notifyAfterEvaluate(LifecycleProjectEvaluator.java:67)
	... 55 more


BUILD FAILED

Total time: 5.957 secs

2019-01-09 13:44:12,797 INFO  ProjectTaskService - Detecting possible tasks...
2019-01-09 13:44:12,797 INFO  SysUtils - Execute command: [/var/folders/bq/vtzpc5ns5sg2cthy61lqpg3dfzgbys/T/1547016056910-0/src/gradlew, -b, /var/folders/bq/vtzpc5ns5sg2cthy61lqpg3dfzgbys/T/1547016056910-0/src/build.gradle, -Dorg.gradle.daemon=false, -Dorg.gradle.daemon.performance.enable-monitoring=false, -Dorg.gradle.configureondemand=true, tasks]
2019-01-09 13:44:19,236 ERROR ProjectTaskService - Could not detect possible Gradle tasks: Process exited with an error: 1 (Exit value: 1)
2019-01-09 13:44:19,236 INFO  ProjectTaskService - Detected possible tasks: 0
2019-01-09 13:44:19,236 INFO  ProjectTaskService - Excluded tasks (0): none
2019-01-09 13:44:19,236 INFO  SysUtils - Execute command: [/var/folders/bq/vtzpc5ns5sg2cthy61lqpg3dfzgbys/T/1547016056910-0/src/gradlew, -b, /var/folders/bq/vtzpc5ns5sg2cthy61lqpg3dfzgbys/T/1547016056910-0/src/build.gradle, -Dorg.gradle.daemon=false, -Dorg.gradle.daemon.performance.enable-monitoring=false, -Dorg.gradle.configureondemand=true, --stacktrace, build]
2019-01-09 13:44:25,686 ERROR SysUtils - Could not process external command
org.apache.commons.exec.ExecuteException: Process exited with an error: 1 (Exit value: 1)
	at org.apache.commons.exec.DefaultExecutor.executeInternal(DefaultExecutor.java:404)
	at org.apache.commons.exec.DefaultExecutor.execute(DefaultExecutor.java:166)
	at com.github.vbauer.apkmaster.util.SysUtils.execute(SysUtils.java:67)
	at com.github.vbauer.apkmaster.util.SysUtils.executeSimple(SysUtils.java:43)
	at com.github.vbauer.apkmaster.service.assembly.ProjectBuildService.buildProject(ProjectBuildService.java:78)
	at com.github.vbauer.apkmaster.service.assembly.ProjectBuildService.buildProject(ProjectBuildService.java:64)
	at com.github.vbauer.apkmaster.service.assembly.ProjectBuildService.buildProject(ProjectBuildService.java:43)
	at com.github.vbauer.apkmaster.service.FullProcessService.build(FullProcessService.java:84)
	at com.github.vbauer.apkmaster.service.FullProcessService.process(FullProcessService.java:34)
	at com.github.vbauer.apkmaster.app.MainApplication.process(MainApplication.java:38)
	at com.github.vbauer.apkmaster.app.MainApplication.main(MainApplication.java:20)
	at sun.reflect.NativeMethodAccessorImpl.invoke0(Native Method)
	at sun.reflect.NativeMethodAccessorImpl.invoke(NativeMethodAccessorImpl.java:62)
	at sun.reflect.DelegatingMethodAccessorImpl.invoke(DelegatingMethodAccessorImpl.java:43)
	at java.lang.reflect.Method.invoke(Method.java:498)
	at com.android.arsenal.util.ReflectionUtils.invoke(ReflectionUtils.java:52)
	at com.android.arsenal.util.ApkMasterUtils.main(ApkMasterUtils.java:30)
	at com.android.arsenal.service.processor.impl.BuildProcessorServiceImpl.buildProject(BuildProcessorServiceImpl.java:196)
	at com.android.arsenal.service.processor.impl.BuildProcessorServiceImpl.build(BuildProcessorServiceImpl.java:130)
	at com.android.arsenal.service.processor.impl.BuildProcessorServiceImpl.lambda$createTasks$1(BuildProcessorServiceImpl.java:113)
	at java.util.concurrent.FutureTask.run(FutureTask.java:266)
	at java.util.concurrent.Executors$RunnableAdapter.call(Executors.java:511)
	at java.util.concurrent.FutureTask.run(FutureTask.java:266)
	at java.util.concurrent.ThreadPoolExecutor.runWorker(ThreadPoolExecutor.java:1149)
	at java.util.concurrent.ThreadPoolExecutor$Worker.run(ThreadPoolExecutor.java:624)
	at java.lang.Thread.run(Thread.java:748)
2019-01-09 13:44:25,686 INFO  SysUtils - Configuration on demand is an incubating feature.
The TaskInputs.source(Object) method has been deprecated and is scheduled to be removed in Gradle 4.0. Please use TaskInputs.file(Object).skipWhenEmpty() instead.
extractDebugAnnotations is incompatible with java 8 sources and has been disabled.
extractReleaseAnnotations is incompatible with java 8 sources and has been disabled.
Jack is disabled, but one of the plugins you are using supports Java 8 language features.

FAILURE: Build failed with an exception.

* What went wrong:
A problem occurred configuring project ':sample'.
> Could not resolve all dependencies for configuration ':sample:_debugApk'.
   > A problem occurred configuring project ':wearsample'.
      > No toolchains found in the NDK toolchains folder for ABI with prefix: mipsel-linux-android

* Try:
Run with --info or --debug option to get more log output.

* Exception is:
org.gradle.api.ProjectConfigurationException: A problem occurred configuring project ':sample'.
	at org.gradle.configuration.project.LifecycleProjectEvaluator.addConfigurationFailure(LifecycleProjectEvaluator.java:79)
	at org.gradle.configuration.project.LifecycleProjectEvaluator.notifyAfterEvaluate(LifecycleProjectEvaluator.java:74)
	at org.gradle.configuration.project.LifecycleProjectEvaluator.evaluate(LifecycleProjectEvaluator.java:61)
	at org.gradle.api.internal.project.DefaultProject.evaluate(DefaultProject.java:573)
	at org.gradle.api.internal.project.DefaultProject.evaluate(DefaultProject.java:125)
	at org.gradle.execution.TaskPathProjectEvaluator.configureHierarchy(TaskPathProjectEvaluator.java:47)
	at org.gradle.execution.TaskSelector.getSelection(TaskSelector.java:84)
	at org.gradle.execution.TaskSelector.getSelection(TaskSelector.java:75)
	at org.gradle.execution.commandline.CommandLineTaskParser.parseTasks(CommandLineTaskParser.java:42)
	at org.gradle.execution.TaskNameResolvingBuildConfigurationAction.configure(TaskNameResolvingBuildConfigurationAction.java:44)
	at org.gradle.execution.DefaultBuildConfigurationActionExecuter.configure(DefaultBuildConfigurationActionExecuter.java:48)
	at org.gradle.execution.DefaultBuildConfigurationActionExecuter.access$000(DefaultBuildConfigurationActionExecuter.java:25)
	at org.gradle.execution.DefaultBuildConfigurationActionExecuter$1.proceed(DefaultBuildConfigurationActionExecuter.java:54)
	at org.gradle.execution.DefaultTasksBuildExecutionAction.configure(DefaultTasksBuildExecutionAction.java:44)
	at org.gradle.execution.DefaultBuildConfigurationActionExecuter.configure(DefaultBuildConfigurationActionExecuter.java:48)
	at org.gradle.execution.DefaultBuildConfigurationActionExecuter.access$000(DefaultBuildConfigurationActionExecuter.java:25)
	at org.gradle.execution.DefaultBuildConfigurationActionExecuter$1.proceed(DefaultBuildConfigurationActionExecuter.java:54)
	at org.gradle.execution.ExcludedTaskFilteringBuildConfigurationAction.configure(ExcludedTaskFilteringBuildConfigurationAction.java:47)
	at org.gradle.execution.DefaultBuildConfigurationActionExecuter.configure(DefaultBuildConfigurationActionExecuter.java:48)
	at org.gradle.execution.DefaultBuildConfigurationActionExecuter.select(DefaultBuildConfigurationActionExecuter.java:36)
	at org.gradle.initialization.DefaultGradleLauncher$3.run(DefaultGradleLauncher.java:175)
	at org.gradle.internal.Factories$1.create(Factories.java:22)
	at org.gradle.internal.progress.DefaultBuildOperationExecutor.run(DefaultBuildOperationExecutor.java:91)
	at org.gradle.internal.progress.DefaultBuildOperationExecutor.run(DefaultBuildOperationExecutor.java:53)
	at org.gradle.initialization.DefaultGradleLauncher.doBuildStages(DefaultGradleLauncher.java:172)
	at org.gradle.initialization.DefaultGradleLauncher.access$200(DefaultGradleLauncher.java:33)
	at org.gradle.initialization.DefaultGradleLauncher$1.create(DefaultGradleLauncher.java:112)
	at org.gradle.initialization.DefaultGradleLauncher$1.create(DefaultGradleLauncher.java:106)
	at org.gradle.internal.progress.DefaultBuildOperationExecutor.run(DefaultBuildOperationExecutor.java:91)
	at org.gradle.internal.progress.DefaultBuildOperationExecutor.run(DefaultBuildOperationExecutor.java:63)
	at org.gradle.initialization.DefaultGradleLauncher.doBuild(DefaultGradleLauncher.java:106)
	at org.gradle.initialization.DefaultGradleLauncher.run(DefaultGradleLauncher.java:92)
	at org.gradle.launcher.exec.GradleBuildController.run(GradleBuildController.java:66)
	at org.gradle.tooling.internal.provider.ExecuteBuildActionRunner.run(ExecuteBuildActionRunner.java:28)
	at org.gradle.launcher.exec.ChainingBuildActionRunner.run(ChainingBuildActionRunner.java:35)
	at org.gradle.launcher.exec.InProcessBuildActionExecuter.execute(InProcessBuildActionExecuter.java:41)
	at org.gradle.launcher.exec.InProcessBuildActionExecuter.execute(InProcessBuildActionExecuter.java:26)
	at org.gradle.tooling.internal.provider.ContinuousBuildActionExecuter.execute(ContinuousBuildActionExecuter.java:79)
	at org.gradle.tooling.internal.provider.ContinuousBuildActionExecuter.execute(ContinuousBuildActionExecuter.java:51)
	at org.gradle.launcher.cli.RunBuildAction.run(RunBuildAction.java:51)
	at org.gradle.internal.Actions$RunnableActionAdapter.execute(Actions.java:173)
	at org.gradle.launcher.cli.CommandLineActionFactory$ParseAndBuildAction.execute(CommandLineActionFactory.java:244)
	at org.gradle.launcher.cli.CommandLineActionFactory$ParseAndBuildAction.execute(CommandLineActionFactory.java:217)
	at org.gradle.launcher.cli.JavaRuntimeValidationAction.execute(JavaRuntimeValidationAction.java:33)
	at org.gradle.launcher.cli.JavaRuntimeValidationAction.execute(JavaRuntimeValidationAction.java:24)
	at org.gradle.launcher.cli.ExceptionReportingAction.execute(ExceptionReportingAction.java:33)
	at org.gradle.launcher.cli.ExceptionReportingAction.execute(ExceptionReportingAction.java:22)
	at org.gradle.launcher.cli.CommandLineActionFactory$WithLogging.execute(CommandLineActionFactory.java:210)
	at org.gradle.launcher.cli.CommandLineActionFactory$WithLogging.execute(CommandLineActionFactory.java:174)
	at org.gradle.launcher.Main.doAction(Main.java:33)
	at org.gradle.launcher.bootstrap.EntryPoint.run(EntryPoint.java:45)
	at org.gradle.launcher.bootstrap.ProcessBootstrap.runNoExit(ProcessBootstrap.java:60)
	at org.gradle.launcher.bootstrap.ProcessBootstrap.run(ProcessBootstrap.java:37)
	at org.gradle.launcher.GradleMain.main(GradleMain.java:23)
	at org.gradle.wrapper.BootstrapMainStarter.start(BootstrapMainStarter.java:30)
	at org.gradle.wrapper.WrapperExecutor.execute(WrapperExecutor.java:129)
	at org.gradle.wrapper.GradleWrapperMain.main(GradleWrapperMain.java:61)
Caused by: org.gradle.api.artifacts.ResolveException: Could not resolve all dependencies for configuration ':sample:_debugApk'.
	at org.gradle.api.internal.artifacts.ivyservice.ErrorHandlingConfigurationResolver.wrapException(ErrorHandlingConfigurationResolver.java:70)
	at org.gradle.api.internal.artifacts.ivyservice.ErrorHandlingConfigurationResolver.resolve(ErrorHandlingConfigurationResolver.java:45)
	at org.gradle.api.internal.artifacts.configurations.DefaultConfiguration.resolveGraphIfRequired(DefaultConfiguration.java:396)
	at org.gradle.api.internal.artifacts.configurations.DefaultConfiguration.resolveNow(DefaultConfiguration.java:371)
	at org.gradle.api.internal.artifacts.configurations.DefaultConfiguration.getResolvedConfiguration(DefaultConfiguration.java:364)
	at org.gradle.api.internal.artifacts.configurations.DefaultConfiguration_Decorated.getResolvedConfiguration(Unknown Source)
	at com.android.build.gradle.internal.DependencyManager.collectArtifacts(DependencyManager.java:501)
	at com.android.build.gradle.internal.DependencyManager.gatherDependencies(DependencyManager.java:379)
	at com.android.build.gradle.internal.DependencyManager.resolveDependencyForConfig(DependencyManager.java:282)
	at com.android.build.gradle.internal.DependencyManager.resolveDependencies(DependencyManager.java:159)
	at com.android.build.gradle.internal.TaskManager.resolveDependencies(TaskManager.java:364)
	at com.android.build.gradle.internal.VariantManager$9.call(VariantManager.java:636)
	at com.android.build.gradle.internal.VariantManager$9.call(VariantManager.java:633)
	at com.android.builder.profile.ThreadRecorder.record(ThreadRecorder.java:156)
	at com.android.builder.profile.ThreadRecorder.record(ThreadRecorder.java:120)
	at com.android.build.gradle.internal.profile.SpanRecorders.record(SpanRecorders.java:44)
	at com.android.build.gradle.internal.VariantManager.createVariantData(VariantManager.java:629)
	at com.android.build.gradle.internal.VariantManager.createVariantDataForProductFlavors(VariantManager.java:823)
	at com.android.build.gradle.internal.VariantManager.populateVariantDataList(VariantManager.java:494)
	at com.android.build.gradle.internal.VariantManager$1.call(VariantManager.java:269)
	at com.android.build.gradle.internal.VariantManager$1.call(VariantManager.java:266)
	at com.android.builder.profile.ThreadRecorder.record(ThreadRecorder.java:156)
	at com.android.builder.profile.ThreadRecorder.record(ThreadRecorder.java:120)
	at com.android.build.gradle.internal.VariantManager.createAndroidTasks(VariantManager.java:265)
	at com.android.build.gradle.BasePlugin$11.call(BasePlugin.java:688)
	at com.android.build.gradle.BasePlugin$11.call(BasePlugin.java:685)
	at com.android.builder.profile.ThreadRecorder.record(ThreadRecorder.java:156)
	at com.android.builder.profile.ThreadRecorder.record(ThreadRecorder.java:120)
	at com.android.build.gradle.BasePlugin.createAndroidTasks(BasePlugin.java:683)
	at com.android.build.gradle.BasePlugin$10.call(BasePlugin.java:608)
	at com.android.build.gradle.BasePlugin$10.call(BasePlugin.java:605)
	at com.android.builder.profile.ThreadRecorder.record(ThreadRecorder.java:156)
	at com.android.builder.profile.ThreadRecorder.record(ThreadRecorder.java:120)
	at com.android.build.gradle.BasePlugin.lambda$createTasks$1(BasePlugin.java:603)
	at org.gradle.internal.event.BroadcastDispatch$ActionInvocationHandler.dispatch(BroadcastDispatch.java:93)
	at org.gradle.internal.event.BroadcastDispatch$ActionInvocationHandler.dispatch(BroadcastDispatch.java:82)
	at org.gradle.internal.event.AbstractBroadcastDispatch.dispatch(AbstractBroadcastDispatch.java:44)
	at org.gradle.internal.event.BroadcastDispatch.dispatch(BroadcastDispatch.java:79)
	at org.gradle.internal.event.BroadcastDispatch.dispatch(BroadcastDispatch.java:30)
	at org.gradle.internal.dispatch.ProxyDispatchAdapter$DispatchingInvocationHandler.invoke(ProxyDispatchAdapter.java:93)
	at com.sun.proxy.$Proxy12.afterEvaluate(Unknown Source)
	at org.gradle.configuration.project.LifecycleProjectEvaluator.notifyAfterEvaluate(LifecycleProjectEvaluator.java:67)
	... 55 more
Caused by: org.gradle.api.ProjectConfigurationException: A problem occurred configuring project ':wearsample'.
	at org.gradle.configuration.project.LifecycleProjectEvaluator.addConfigurationFailure(LifecycleProjectEvaluator.java:79)
	at org.gradle.configuration.project.LifecycleProjectEvaluator.notifyAfterEvaluate(LifecycleProjectEvaluator.java:74)
	at org.gradle.configuration.project.LifecycleProjectEvaluator.evaluate(LifecycleProjectEvaluator.java:61)
	at org.gradle.api.internal.project.DefaultProject.evaluate(DefaultProject.java:573)
	at org.gradle.api.internal.project.DefaultProject.evaluate(DefaultProject.java:125)
	at org.gradle.api.internal.project.DefaultProjectAccessListener.evaluateProjectAndDiscoverTasks(DefaultProjectAccessListener.java:32)
	at org.gradle.api.internal.project.DefaultProjectAccessListener.beforeResolvingProjectDependency(DefaultProjectAccessListener.java:28)
	at org.gradle.api.internal.artifacts.dependencies.DefaultProjectDependency.beforeResolved(DefaultProjectDependency.java:90)
	at org.gradle.api.internal.artifacts.ivyservice.moduleconverter.dependencies.ProjectIvyDependencyDescriptorFactory.createDependencyDescriptor(ProjectIvyDependencyDescriptorFactory.java:39)
	at org.gradle.api.internal.artifacts.ivyservice.moduleconverter.dependencies.DefaultDependencyDescriptorFactory.createDependencyDescriptor(DefaultDependencyDescriptorFactory.java:35)
	at org.gradle.api.internal.artifacts.ivyservice.moduleconverter.dependencies.DefaultDependenciesToModuleDescriptorConverter.addDependencies(DefaultDependenciesToModuleDescriptorConverter.java:43)
	at org.gradle.api.internal.artifacts.ivyservice.moduleconverter.dependencies.DefaultDependenciesToModuleDescriptorConverter.addDependencyDescriptors(DefaultDependenciesToModuleDescriptorConverter.java:36)
	at org.gradle.api.internal.artifacts.ivyservice.moduleconverter.DefaultConfigurationComponentMetaDataBuilder.addDependencies(DefaultConfigurationComponentMetaDataBuilder.java:51)
	at org.gradle.api.internal.artifacts.ivyservice.moduleconverter.DefaultConfigurationComponentMetaDataBuilder.addConfigurations(DefaultConfigurationComponentMetaDataBuilder.java:39)
	at org.gradle.api.internal.artifacts.configurations.DefaultConfiguration.toRootComponentMetaData(DefaultConfiguration.java:581)
	at org.gradle.api.internal.artifacts.ivyservice.resolveengine.DefaultArtifactDependencyResolver$DefaultResolveContextToComponentResolver.resolve(DefaultArtifactDependencyResolver.java:129)
	at org.gradle.api.internal.artifacts.ivyservice.resolveengine.graph.DependencyGraphBuilder.resolve(DependencyGraphBuilder.java:87)
	at org.gradle.api.internal.artifacts.ivyservice.resolveengine.DefaultArtifactDependencyResolver.resolve(DefaultArtifactDependencyResolver.java:80)
	at org.gradle.api.internal.artifacts.ivyservice.CacheLockingArtifactDependencyResolver$1.run(CacheLockingArtifactDependencyResolver.java:41)
	at org.gradle.internal.Factories$1.create(Factories.java:22)
	at org.gradle.cache.internal.DefaultCacheAccess.useCache(DefaultCacheAccess.java:192)
	at org.gradle.cache.internal.DefaultCacheAccess.useCache(DefaultCacheAccess.java:175)
	at org.gradle.cache.internal.DefaultPersistentDirectoryStore.useCache(DefaultPersistentDirectoryStore.java:106)
	at org.gradle.cache.internal.DefaultCacheFactory$ReferenceTrackingCache.useCache(DefaultCacheFactory.java:187)
	at org.gradle.api.internal.artifacts.ivyservice.DefaultCacheLockingManager.useCache(DefaultCacheLockingManager.java:64)
	at org.gradle.api.internal.artifacts.ivyservice.CacheLockingArtifactDependencyResolver.resolve(CacheLockingArtifactDependencyResolver.java:39)
	at org.gradle.api.internal.artifacts.ivyservice.DefaultConfigurationResolver.resolve(DefaultConfigurationResolver.java:97)
	at org.gradle.api.internal.artifacts.ivyservice.SelfResolvingDependencyConfigurationResolver.resolve(SelfResolvingDependencyConfigurationResolver.java:40)
	at org.gradle.api.internal.artifacts.ivyservice.ShortCircuitEmptyConfigurationResolver.resolve(ShortCircuitEmptyConfigurationResolver.java:62)
	at org.gradle.api.internal.artifacts.ivyservice.ErrorHandlingConfigurationResolver.resolve(ErrorHandlingConfigurationResolver.java:43)
	... 95 more
Caused by: java.lang.RuntimeException: No toolchains found in the NDK toolchains folder for ABI with prefix: mipsel-linux-android
	at com.android.build.gradle.internal.ndk.DefaultNdkInfo.getDefaultToolchainVersion(DefaultNdkInfo.java:330)
	at com.android.build.gradle.internal.ndk.DefaultNdkInfo.getToolchainPath(DefaultNdkInfo.java:207)
	at com.android.build.gradle.internal.ndk.DefaultNdkInfo.getStripExecutable(DefaultNdkInfo.java:300)
	at com.android.build.gradle.internal.ndk.NdkHandler.getStripExecutable(NdkHandler.java:333)
	at com.android.build.gradle.internal.transforms.StripDebugSymbolTransform.<init>(StripDebugSymbolTransform.java:87)
	at com.android.build.gradle.internal.TaskManager.createStripNativeLibraryTask(TaskManager.java:1342)
	at com.android.build.gradle.internal.ApplicationTaskManager.createTasksForVariantData(ApplicationTaskManager.java:289)
	at com.android.build.gradle.internal.VariantManager.createTasksForVariantData(VariantManager.java:485)
	at com.android.build.gradle.internal.VariantManager$3.call(VariantManager.java:293)
	at com.android.build.gradle.internal.VariantManager$3.call(VariantManager.java:290)
	at com.android.builder.profile.ThreadRecorder.record(ThreadRecorder.java:156)
	at com.android.builder.profile.ThreadRecorder.record(ThreadRecorder.java:120)
	at com.android.build.gradle.internal.profile.SpanRecorders.record(SpanRecorders.java:44)
	at com.android.build.gradle.internal.VariantManager.createAndroidTasks(VariantManager.java:286)
	at com.android.build.gradle.BasePlugin$11.call(BasePlugin.java:688)
	at com.android.build.gradle.BasePlugin$11.call(BasePlugin.java:685)
	at com.android.builder.profile.ThreadRecorder.record(ThreadRecorder.java:156)
	at com.android.builder.profile.ThreadRecorder.record(ThreadRecorder.java:120)
	at com.android.build.gradle.BasePlugin.createAndroidTasks(BasePlugin.java:683)
	at com.android.build.gradle.BasePlugin$10.call(BasePlugin.java:608)
	at com.android.build.gradle.BasePlugin$10.call(BasePlugin.java:605)
	at com.android.builder.profile.ThreadRecorder.record(ThreadRecorder.java:156)
	at com.android.builder.profile.ThreadRecorder.record(ThreadRecorder.java:120)
	at com.android.build.gradle.BasePlugin.lambda$createTasks$1(BasePlugin.java:603)
	at org.gradle.internal.event.BroadcastDispatch$ActionInvocationHandler.dispatch(BroadcastDispatch.java:93)
	at org.gradle.internal.event.BroadcastDispatch$ActionInvocationHandler.dispatch(BroadcastDispatch.java:82)
	at org.gradle.internal.event.AbstractBroadcastDispatch.dispatch(AbstractBroadcastDispatch.java:44)
	at org.gradle.internal.event.BroadcastDispatch.dispatch(BroadcastDispatch.java:79)
	at org.gradle.internal.event.BroadcastDispatch.dispatch(BroadcastDispatch.java:30)
	at org.gradle.internal.dispatch.ProxyDispatchAdapter$DispatchingInvocationHandler.invoke(ProxyDispatchAdapter.java:93)
	at com.sun.proxy.$Proxy12.afterEvaluate(Unknown Source)
	at org.gradle.configuration.project.LifecycleProjectEvaluator.notifyAfterEvaluate(LifecycleProjectEvaluator.java:67)
	... 123 more


BUILD FAILED

Total time: 6.125 secs

2019-01-09 13:44:25,741 ERROR FullProcessService - Project build has not produced APK file
2019-01-09 13:44:25,791 ERROR FullProcessService - Could not find generated or existed APK file
