2018-12-25 11:30:50,738 INFO  DownloadService - Downloading "https://github.com/maannajjar/lattekit/archive/master.zip", attempt 3
2018-12-25 11:31:09,105 INFO  DownloadService - Downloaded https://github.com/maannajjar/lattekit/archive/master.zip, attempt 3
2018-12-25 11:31:09,106 INFO  DownloadService - Size of file "/var/folders/bq/vtzpc5ns5sg2cthy61lqpg3dfzgbys/T/1545712250735-0/master.zip": 14 MB
2018-12-25 11:31:09,106 INFO  ArchiveUtils - Checking entries [.gradle] in ZIP file...
2018-12-25 11:31:09,114 INFO  ArchiveUtils - Has entries [.gradle] in ZIP file /var/folders/bq/vtzpc5ns5sg2cthy61lqpg3dfzgbys/T/1545712250735-0/master.zip: true
2018-12-25 11:31:09,114 DEBUG ZipUtil - Extracting '/var/folders/bq/vtzpc5ns5sg2cthy61lqpg3dfzgbys/T/1545712250735-0/master.zip' into '/var/folders/bq/vtzpc5ns5sg2cthy61lqpg3dfzgbys/T/1545712250735-0/src'.
2018-12-25 11:31:09,313 INFO  FullProcessService - Size of directory with sources: 24 MB
2018-12-25 11:31:09,313 INFO  SysUtils - Execute command: [git, init, /var/folders/bq/vtzpc5ns5sg2cthy61lqpg3dfzgbys/T/1545712250735-0/src]
2018-12-25 11:31:09,331 INFO  SysUtils - Initialized empty Git repository in /private/var/folders/bq/vtzpc5ns5sg2cthy61lqpg3dfzgbys/T/1545712250735-0/src/.git/

2018-12-25 11:31:09,337 INFO  ProjectBuildService - Gradle wrapper(s): /var/folders/bq/vtzpc5ns5sg2cthy61lqpg3dfzgbys/T/1545712250735-0/src/lattekit-master/lattekit-samples/gradlew /var/folders/bq/vtzpc5ns5sg2cthy61lqpg3dfzgbys/T/1545712250735-0/src/lattekit-master/lattekit-core/gradlew
2018-12-25 11:31:09,343 INFO  ProjectBuildService - Build script(s): /var/folders/bq/vtzpc5ns5sg2cthy61lqpg3dfzgbys/T/1545712250735-0/src/lattekit-master/lattekit-core/build.gradle /var/folders/bq/vtzpc5ns5sg2cthy61lqpg3dfzgbys/T/1545712250735-0/src/lattekit-master/lattekit-samples/app/build.gradle /var/folders/bq/vtzpc5ns5sg2cthy61lqpg3dfzgbys/T/1545712250735-0/src/lattekit-master/lattekit-samples/build.gradle /var/folders/bq/vtzpc5ns5sg2cthy61lqpg3dfzgbys/T/1545712250735-0/src/lattekit-master/gradle-plugin/build.gradle
2018-12-25 11:31:09,347 INFO  ProjectBuildService - All script(s): /var/folders/bq/vtzpc5ns5sg2cthy61lqpg3dfzgbys/T/1545712250735-0/src/lattekit-master/lattekit-samples/app/build.gradle /var/folders/bq/vtzpc5ns5sg2cthy61lqpg3dfzgbys/T/1545712250735-0/src/lattekit-master/lattekit-samples/build.gradle /var/folders/bq/vtzpc5ns5sg2cthy61lqpg3dfzgbys/T/1545712250735-0/src/lattekit-master/lattekit-samples/settings.gradle /var/folders/bq/vtzpc5ns5sg2cthy61lqpg3dfzgbys/T/1545712250735-0/src/lattekit-master/gradle-plugin/build.gradle /var/folders/bq/vtzpc5ns5sg2cthy61lqpg3dfzgbys/T/1545712250735-0/src/lattekit-master/lattekit-core/build.gradle /var/folders/bq/vtzpc5ns5sg2cthy61lqpg3dfzgbys/T/1545712250735-0/src/lattekit-master/lattekit-core/settings.gradle
2018-12-25 11:31:09,349 INFO  DownloadService - Downloading "https://raw.githubusercontent.com/nuuneoi/JCenter/master/bintrayv1.gradle", attempt 3
2018-12-25 11:31:09,589 INFO  DownloadService - Downloaded https://raw.githubusercontent.com/nuuneoi/JCenter/master/bintrayv1.gradle, attempt 3
2018-12-25 11:31:09,589 INFO  DownloadService - Downloading "https://raw.githubusercontent.com/nuuneoi/JCenter/master/installv1.gradle", attempt 3
2018-12-25 11:31:09,786 INFO  DownloadService - Downloaded https://raw.githubusercontent.com/nuuneoi/JCenter/master/installv1.gradle, attempt 3
2018-12-25 11:31:09,786 INFO  ProjectBuildService - Remote scripts: https://raw.githubusercontent.com/nuuneoi/JCenter/master/bintrayv1.gradle https://raw.githubusercontent.com/nuuneoi/JCenter/master/installv1.gradle
2018-12-25 11:31:09,786 INFO  ProjectFixService - Fixing project...
2018-12-25 11:31:09,802 INFO  LocalPropertiesFixService - Created fake /var/folders/bq/vtzpc5ns5sg2cthy61lqpg3dfzgbys/T/1545712250735-0/src/lattekit-master/lattekit-core/local.properties
2018-12-25 11:31:09,802 INFO  WrapperPropertiesFixService - Gradle wrapper: https://services.gradle.org/distributions/gradle-2.10-all.zip
2018-12-25 11:31:09,803 INFO  WrapperPropertiesFixService - Gradle wrapper was changed from "-all.zip" to "-bin.zip" (https://services.gradle.org/distributions/gradle-2.10-bin.zip)
2018-12-25 11:31:09,803 INFO  ProjectFixService - Build info for "/var/folders/bq/vtzpc5ns5sg2cthy61lqpg3dfzgbys/T/1545712250735-0/src/lattekit-master/lattekit-core/build.gradle": [buildToolsVersion=23.0.2,compileSdkVersion=23,minSdkVersion=15,targetSdkVersion=23]
2018-12-25 11:31:09,804 INFO  LocalPropertiesFixService - Created fake /var/folders/bq/vtzpc5ns5sg2cthy61lqpg3dfzgbys/T/1545712250735-0/src/lattekit-master/lattekit-samples/app/local.properties
2018-12-25 11:31:09,804 INFO  ProjectFixService - Build info for "/var/folders/bq/vtzpc5ns5sg2cthy61lqpg3dfzgbys/T/1545712250735-0/src/lattekit-master/lattekit-samples/app/build.gradle": [buildToolsVersion=23.0.2,compileSdkVersion=23,minSdkVersion=15,targetSdkVersion=23]
2018-12-25 11:31:09,805 INFO  LocalPropertiesFixService - Created fake /var/folders/bq/vtzpc5ns5sg2cthy61lqpg3dfzgbys/T/1545712250735-0/src/lattekit-master/lattekit-samples/local.properties
2018-12-25 11:31:09,805 INFO  WrapperPropertiesFixService - Gradle wrapper: https://services.gradle.org/distributions/gradle-2.10-all.zip
2018-12-25 11:31:09,806 INFO  WrapperPropertiesFixService - Gradle wrapper was changed from "-all.zip" to "-bin.zip" (https://services.gradle.org/distributions/gradle-2.10-bin.zip)
2018-12-25 11:31:09,807 INFO  ProjectFixService - Build info for "/var/folders/bq/vtzpc5ns5sg2cthy61lqpg3dfzgbys/T/1545712250735-0/src/lattekit-master/lattekit-samples/build.gradle": [buildToolsVersion=23.0.2,compileSdkVersion=23,minSdkVersion=15,targetSdkVersion=23]
2018-12-25 11:31:09,807 INFO  LocalPropertiesFixService - Created fake /var/folders/bq/vtzpc5ns5sg2cthy61lqpg3dfzgbys/T/1545712250735-0/src/lattekit-master/gradle-plugin/local.properties
2018-12-25 11:31:09,808 INFO  ProjectFixService - Build info for "/var/folders/bq/vtzpc5ns5sg2cthy61lqpg3dfzgbys/T/1545712250735-0/src/lattekit-master/gradle-plugin/build.gradle": [buildToolsVersion=23.0.2,compileSdkVersion=23,minSdkVersion=15,targetSdkVersion=23]
2018-12-25 11:31:09,809 INFO  ProjectFixService - Project was maybe fixed
2018-12-25 11:31:09,809 INFO  ProjectTaskService - Detecting possible tasks...
2018-12-25 11:31:09,809 INFO  SysUtils - Execute command: [/var/folders/bq/vtzpc5ns5sg2cthy61lqpg3dfzgbys/T/1545712250735-0/src/lattekit-master/lattekit-core/gradlew, -b, /var/folders/bq/vtzpc5ns5sg2cthy61lqpg3dfzgbys/T/1545712250735-0/src/lattekit-master/lattekit-core/build.gradle, -Dorg.gradle.daemon=false, -Dorg.gradle.daemon.performance.enable-monitoring=false, -Dorg.gradle.configureondemand=true, tasks]
2018-12-25 11:31:32,033 ERROR ProjectTaskService - Could not detect possible Gradle tasks: Process exited with an error: 1 (Exit value: 1)
2018-12-25 11:31:32,034 INFO  ProjectTaskService - Detected possible tasks: 3
2018-12-25 11:31:32,034 INFO  ProjectTaskService - Excluded tasks (3): sourcesJar javadocJar javadoc
2018-12-25 11:31:32,034 INFO  SysUtils - Execute command: [/var/folders/bq/vtzpc5ns5sg2cthy61lqpg3dfzgbys/T/1545712250735-0/src/lattekit-master/lattekit-core/gradlew, -b, /var/folders/bq/vtzpc5ns5sg2cthy61lqpg3dfzgbys/T/1545712250735-0/src/lattekit-master/lattekit-core/build.gradle, -Dorg.gradle.daemon=false, -Dorg.gradle.daemon.performance.enable-monitoring=false, -Dorg.gradle.configureondemand=true, --stacktrace, -x, sourcesJar, -x, javadocJar, -x, javadoc, build]
2018-12-25 11:31:37,130 ERROR SysUtils - Could not process external command
org.apache.commons.exec.ExecuteException: Process exited with an error: 1 (Exit value: 1)
	at org.apache.commons.exec.DefaultExecutor.executeInternal(DefaultExecutor.java:404)
	at org.apache.commons.exec.DefaultExecutor.execute(DefaultExecutor.java:166)
	at com.github.vbauer.apkmaster.util.SysUtils.execute(SysUtils.java:67)
	at com.github.vbauer.apkmaster.util.SysUtils.executeSimple(SysUtils.java:43)
	at com.github.vbauer.apkmaster.service.assembly.ProjectBuildService.buildProject(ProjectBuildService.java:78)
	at com.github.vbauer.apkmaster.service.assembly.ProjectBuildService.buildProject(ProjectBuildService.java:64)
	at com.github.vbauer.apkmaster.service.assembly.ProjectBuildService.buildProject(ProjectBuildService.java:43)
	at com.github.vbauer.apkmaster.service.FullProcessService.build(FullProcessService.java:84)
	at com.github.vbauer.apkmaster.service.FullProcessService.process(FullProcessService.java:34)
	at com.github.vbauer.apkmaster.app.MainApplication.process(MainApplication.java:38)
	at com.github.vbauer.apkmaster.app.MainApplication.main(MainApplication.java:20)
	at sun.reflect.NativeMethodAccessorImpl.invoke0(Native Method)
	at sun.reflect.NativeMethodAccessorImpl.invoke(NativeMethodAccessorImpl.java:62)
	at sun.reflect.DelegatingMethodAccessorImpl.invoke(DelegatingMethodAccessorImpl.java:43)
	at java.lang.reflect.Method.invoke(Method.java:498)
	at com.android.arsenal.util.ReflectionUtils.invoke(ReflectionUtils.java:52)
	at com.android.arsenal.util.ApkMasterUtils.main(ApkMasterUtils.java:30)
	at com.android.arsenal.service.processor.impl.BuildProcessorServiceImpl.buildProject(BuildProcessorServiceImpl.java:196)
	at com.android.arsenal.service.processor.impl.BuildProcessorServiceImpl.build(BuildProcessorServiceImpl.java:130)
	at com.android.arsenal.service.processor.impl.BuildProcessorServiceImpl.lambda$createTasks$1(BuildProcessorServiceImpl.java:113)
	at java.util.concurrent.FutureTask.run(FutureTask.java:266)
	at java.util.concurrent.Executors$RunnableAdapter.call(Executors.java:511)
	at java.util.concurrent.FutureTask.run(FutureTask.java:266)
	at java.util.concurrent.ThreadPoolExecutor.runWorker(ThreadPoolExecutor.java:1149)
	at java.util.concurrent.ThreadPoolExecutor$Worker.run(ThreadPoolExecutor.java:624)
	at java.lang.Thread.run(Thread.java:748)
2018-12-25 11:31:37,130 INFO  SysUtils - Configuration on demand is an incubating feature.

FAILURE: Build failed with an exception.

* Where:
Script 'https://raw.githubusercontent.com/nuuneoi/JCenter/master/installv1.gradle' line: 1

* What went wrong:
A problem occurred evaluating script.
> Failed to apply plugin [id 'com.github.dcendents.android-maven']
   > Could not create plugin of type 'AndroidMavenPlugin'.

* Try:
Run with --info or --debug option to get more log output.

* Exception is:
org.gradle.api.GradleScriptException: A problem occurred evaluating script.
	at org.gradle.groovy.scripts.internal.DefaultScriptRunnerFactory$ScriptRunnerImpl.run(DefaultScriptRunnerFactory.java:93)
	at org.gradle.configuration.DefaultScriptPluginFactory$ScriptPluginImpl$1.run(DefaultScriptPluginFactory.java:144)
	at org.gradle.configuration.DefaultScriptTarget.addConfiguration(DefaultScriptTarget.java:69)
	at org.gradle.configuration.DefaultScriptPluginFactory$ScriptPluginImpl.apply(DefaultScriptPluginFactory.java:149)
	at org.gradle.api.internal.plugins.DefaultObjectConfigurationAction.applyScript(DefaultObjectConfigurationAction.java:101)
	at org.gradle.api.internal.plugins.DefaultObjectConfigurationAction.access$000(DefaultObjectConfigurationAction.java:35)
	at org.gradle.api.internal.plugins.DefaultObjectConfigurationAction$1.run(DefaultObjectConfigurationAction.java:61)
	at org.gradle.api.internal.plugins.DefaultObjectConfigurationAction.execute(DefaultObjectConfigurationAction.java:135)
	at org.gradle.api.internal.project.AbstractPluginAware.apply(AbstractPluginAware.java:46)
	at org.gradle.api.plugins.PluginAware$apply.call(Unknown Source)
	at org.gradle.api.internal.project.ProjectScript.apply(ProjectScript.groovy:35)
	at org.gradle.api.Script$apply$0.callCurrent(Unknown Source)
	at build_50qmdjhamxl06egiw3cdjgmnh.run(/private/var/folders/bq/vtzpc5ns5sg2cthy61lqpg3dfzgbys/T/1545712250735-0/src/lattekit-master/lattekit-core/build.gradle:81)
	at org.gradle.groovy.scripts.internal.DefaultScriptRunnerFactory$ScriptRunnerImpl.run(DefaultScriptRunnerFactory.java:91)
	at org.gradle.configuration.DefaultScriptPluginFactory$ScriptPluginImpl$1.run(DefaultScriptPluginFactory.java:144)
	at org.gradle.configuration.ProjectScriptTarget.addConfiguration(ProjectScriptTarget.java:72)
	at org.gradle.configuration.DefaultScriptPluginFactory$ScriptPluginImpl.apply(DefaultScriptPluginFactory.java:149)
	at org.gradle.configuration.project.BuildScriptProcessor.execute(BuildScriptProcessor.java:38)
	at org.gradle.configuration.project.BuildScriptProcessor.execute(BuildScriptProcessor.java:25)
	at org.gradle.configuration.project.ConfigureActionsProjectEvaluator.evaluate(ConfigureActionsProjectEvaluator.java:34)
	at org.gradle.configuration.project.LifecycleProjectEvaluator.evaluate(LifecycleProjectEvaluator.java:55)
	at org.gradle.api.internal.project.AbstractProject.evaluate(AbstractProject.java:510)
	at org.gradle.api.internal.project.AbstractProject.evaluate(AbstractProject.java:90)
	at org.gradle.execution.TaskPathProjectEvaluator.configure(TaskPathProjectEvaluator.java:35)
	at org.gradle.configuration.DefaultBuildConfigurer.configure(DefaultBuildConfigurer.java:33)
	at org.gradle.initialization.DefaultGradleLauncher$2.run(DefaultGradleLauncher.java:125)
	at org.gradle.internal.Factories$1.create(Factories.java:22)
	at org.gradle.internal.progress.DefaultBuildOperationExecutor.run(DefaultBuildOperationExecutor.java:90)
	at org.gradle.internal.progress.DefaultBuildOperationExecutor.run(DefaultBuildOperationExecutor.java:52)
	at org.gradle.initialization.DefaultGradleLauncher.doBuildStages(DefaultGradleLauncher.java:122)
	at org.gradle.initialization.DefaultGradleLauncher.access$200(DefaultGradleLauncher.java:32)
	at org.gradle.initialization.DefaultGradleLauncher$1.create(DefaultGradleLauncher.java:99)
	at org.gradle.initialization.DefaultGradleLauncher$1.create(DefaultGradleLauncher.java:93)
	at org.gradle.internal.progress.DefaultBuildOperationExecutor.run(DefaultBuildOperationExecutor.java:90)
	at org.gradle.internal.progress.DefaultBuildOperationExecutor.run(DefaultBuildOperationExecutor.java:62)
	at org.gradle.initialization.DefaultGradleLauncher.doBuild(DefaultGradleLauncher.java:93)
	at org.gradle.initialization.DefaultGradleLauncher.run(DefaultGradleLauncher.java:82)
	at org.gradle.launcher.exec.InProcessBuildActionExecuter$DefaultBuildController.run(InProcessBuildActionExecuter.java:94)
	at org.gradle.tooling.internal.provider.ExecuteBuildActionRunner.run(ExecuteBuildActionRunner.java:28)
	at org.gradle.launcher.exec.ChainingBuildActionRunner.run(ChainingBuildActionRunner.java:35)
	at org.gradle.launcher.exec.InProcessBuildActionExecuter.execute(InProcessBuildActionExecuter.java:43)
	at org.gradle.launcher.exec.InProcessBuildActionExecuter.execute(InProcessBuildActionExecuter.java:28)
	at org.gradle.launcher.exec.ContinuousBuildActionExecuter.execute(ContinuousBuildActionExecuter.java:78)
	at org.gradle.launcher.exec.ContinuousBuildActionExecuter.execute(ContinuousBuildActionExecuter.java:48)
	at org.gradle.launcher.exec.DaemonUsageSuggestingBuildActionExecuter.execute(DaemonUsageSuggestingBuildActionExecuter.java:51)
	at org.gradle.launcher.exec.DaemonUsageSuggestingBuildActionExecuter.execute(DaemonUsageSuggestingBuildActionExecuter.java:28)
	at org.gradle.launcher.cli.RunBuildAction.run(RunBuildAction.java:43)
	at org.gradle.internal.Actions$RunnableActionAdapter.execute(Actions.java:170)
	at org.gradle.launcher.cli.CommandLineActionFactory$ParseAndBuildAction.execute(CommandLineActionFactory.java:237)
	at org.gradle.launcher.cli.CommandLineActionFactory$ParseAndBuildAction.execute(CommandLineActionFactory.java:210)
	at org.gradle.launcher.cli.JavaRuntimeValidationAction.execute(JavaRuntimeValidationAction.java:35)
	at org.gradle.launcher.cli.JavaRuntimeValidationAction.execute(JavaRuntimeValidationAction.java:24)
	at org.gradle.launcher.cli.CommandLineActionFactory$WithLogging.execute(CommandLineActionFactory.java:206)
	at org.gradle.launcher.cli.CommandLineActionFactory$WithLogging.execute(CommandLineActionFactory.java:169)
	at org.gradle.launcher.cli.ExceptionReportingAction.execute(ExceptionReportingAction.java:33)
	at org.gradle.launcher.cli.ExceptionReportingAction.execute(ExceptionReportingAction.java:22)
	at org.gradle.launcher.Main.doAction(Main.java:33)
	at org.gradle.launcher.bootstrap.EntryPoint.run(EntryPoint.java:45)
	at org.gradle.launcher.bootstrap.ProcessBootstrap.runNoExit(ProcessBootstrap.java:54)
	at org.gradle.launcher.bootstrap.ProcessBootstrap.run(ProcessBootstrap.java:35)
	at org.gradle.launcher.GradleMain.main(GradleMain.java:23)
	at org.gradle.wrapper.BootstrapMainStarter.start(BootstrapMainStarter.java:30)
	at org.gradle.wrapper.WrapperExecutor.execute(WrapperExecutor.java:129)
	at org.gradle.wrapper.GradleWrapperMain.main(GradleWrapperMain.java:61)
Caused by: org.gradle.api.internal.plugins.PluginApplicationException: Failed to apply plugin [id 'com.github.dcendents.android-maven']
	at org.gradle.api.internal.plugins.DefaultPluginManager.doApply(DefaultPluginManager.java:160)
	at org.gradle.api.internal.plugins.DefaultPluginManager.apply(DefaultPluginManager.java:112)
	at org.gradle.api.internal.plugins.DefaultObjectConfigurationAction.applyType(DefaultObjectConfigurationAction.java:112)
	at org.gradle.api.internal.plugins.DefaultObjectConfigurationAction.access$200(DefaultObjectConfigurationAction.java:35)
	at org.gradle.api.internal.plugins.DefaultObjectConfigurationAction$3.run(DefaultObjectConfigurationAction.java:79)
	at org.gradle.api.internal.plugins.DefaultObjectConfigurationAction.execute(DefaultObjectConfigurationAction.java:135)
	at org.gradle.groovy.scripts.DefaultScript.apply(DefaultScript.java:109)
	at org.gradle.api.Script$apply$0.callCurrent(Unknown Source)
	at installv1_7fnondwfez6ilvn50dvvmy5zv.run(https://raw.githubusercontent.com/nuuneoi/JCenter/master/installv1.gradle:1)
	at org.gradle.groovy.scripts.internal.DefaultScriptRunnerFactory$ScriptRunnerImpl.run(DefaultScriptRunnerFactory.java:91)
	... 63 more
Caused by: org.gradle.api.plugins.PluginInstantiationException: Could not create plugin of type 'AndroidMavenPlugin'.
	at org.gradle.api.internal.plugins.DefaultPluginManager.instantiatePlugin(DefaultPluginManager.java:61)
	at org.gradle.api.internal.plugins.DefaultPluginManager.doApply(DefaultPluginManager.java:135)
	... 72 more
Caused by: java.lang.TypeNotPresentException: Type org.gradle.internal.logging.LoggingManagerInternal not present
	at org.gradle.api.internal.DependencyInjectingInstantiator.convertParameters(DependencyInjectingInstantiator.java:73)
	at org.gradle.api.internal.DependencyInjectingInstantiator.newInstance(DependencyInjectingInstantiator.java:46)
	at org.gradle.api.internal.plugins.DefaultPluginManager.instantiatePlugin(DefaultPluginManager.java:59)
	... 73 more
Caused by: java.lang.ClassNotFoundException: org.gradle.internal.logging.LoggingManagerInternal
	... 76 more


BUILD FAILED

Total time: 4.599 secs

2018-12-25 11:31:37,137 INFO  ProjectTaskService - Detecting possible tasks...
2018-12-25 11:31:37,137 INFO  SysUtils - Execute command: [/var/folders/bq/vtzpc5ns5sg2cthy61lqpg3dfzgbys/T/1545712250735-0/src/lattekit-master/lattekit-samples/gradlew, -b, /var/folders/bq/vtzpc5ns5sg2cthy61lqpg3dfzgbys/T/1545712250735-0/src/lattekit-master/lattekit-samples/app/build.gradle, -Dorg.gradle.daemon=false, -Dorg.gradle.daemon.performance.enable-monitoring=false, -Dorg.gradle.configureondemand=true, tasks]
2018-12-25 11:31:45,786 INFO  ProjectTaskService - Detected possible tasks: 73
2018-12-25 11:31:45,786 INFO  ProjectTaskService - Excluded tasks (22): lintDebug mockableAndroidJar javadocJar deviceCheck lint testReleaseUnitTest javadoc uninstallRelease deviceAndroidTest uninstallDebugAndroidTest installDebugAndroidTest connectedCheck connectedDebugAndroidTest uninstallAll sourcesJar test check testDebugUnitTest connectedAndroidTest installDebug lintRelease uninstallDebug
2018-12-25 11:31:45,786 INFO  SysUtils - Execute command: [/var/folders/bq/vtzpc5ns5sg2cthy61lqpg3dfzgbys/T/1545712250735-0/src/lattekit-master/lattekit-samples/gradlew, -b, /var/folders/bq/vtzpc5ns5sg2cthy61lqpg3dfzgbys/T/1545712250735-0/src/lattekit-master/lattekit-samples/app/build.gradle, -Dorg.gradle.daemon=false, -Dorg.gradle.daemon.performance.enable-monitoring=false, -Dorg.gradle.configureondemand=true, --stacktrace, -x, lintDebug, -x, mockableAndroidJar, -x, javadocJar, -x, deviceCheck, -x, lint, -x, testReleaseUnitTest, -x, javadoc, -x, uninstallRelease, -x, deviceAndroidTest, -x, uninstallDebugAndroidTest, -x, installDebugAndroidTest, -x, connectedCheck, -x, connectedDebugAndroidTest, -x, uninstallAll, -x, sourcesJar, -x, test, -x, check, -x, testDebugUnitTest, -x, connectedAndroidTest, -x, installDebug, -x, lintRelease, -x, uninstallDebug, build]
2018-12-25 11:31:50,943 ERROR SysUtils - Could not process external command
org.apache.commons.exec.ExecuteException: Process exited with an error: 1 (Exit value: 1)
	at org.apache.commons.exec.DefaultExecutor.executeInternal(DefaultExecutor.java:404)
	at org.apache.commons.exec.DefaultExecutor.execute(DefaultExecutor.java:166)
	at com.github.vbauer.apkmaster.util.SysUtils.execute(SysUtils.java:67)
	at com.github.vbauer.apkmaster.util.SysUtils.executeSimple(SysUtils.java:43)
	at com.github.vbauer.apkmaster.service.assembly.ProjectBuildService.buildProject(ProjectBuildService.java:78)
	at com.github.vbauer.apkmaster.service.assembly.ProjectBuildService.buildProject(ProjectBuildService.java:64)
	at com.github.vbauer.apkmaster.service.assembly.ProjectBuildService.buildProject(ProjectBuildService.java:43)
	at com.github.vbauer.apkmaster.service.FullProcessService.build(FullProcessService.java:84)
	at com.github.vbauer.apkmaster.service.FullProcessService.process(FullProcessService.java:34)
	at com.github.vbauer.apkmaster.app.MainApplication.process(MainApplication.java:38)
	at com.github.vbauer.apkmaster.app.MainApplication.main(MainApplication.java:20)
	at sun.reflect.NativeMethodAccessorImpl.invoke0(Native Method)
	at sun.reflect.NativeMethodAccessorImpl.invoke(NativeMethodAccessorImpl.java:62)
	at sun.reflect.DelegatingMethodAccessorImpl.invoke(DelegatingMethodAccessorImpl.java:43)
	at java.lang.reflect.Method.invoke(Method.java:498)
	at com.android.arsenal.util.ReflectionUtils.invoke(ReflectionUtils.java:52)
	at com.android.arsenal.util.ApkMasterUtils.main(ApkMasterUtils.java:30)
	at com.android.arsenal.service.processor.impl.BuildProcessorServiceImpl.buildProject(BuildProcessorServiceImpl.java:196)
	at com.android.arsenal.service.processor.impl.BuildProcessorServiceImpl.build(BuildProcessorServiceImpl.java:130)
	at com.android.arsenal.service.processor.impl.BuildProcessorServiceImpl.lambda$createTasks$1(BuildProcessorServiceImpl.java:113)
	at java.util.concurrent.FutureTask.run(FutureTask.java:266)
	at java.util.concurrent.Executors$RunnableAdapter.call(Executors.java:511)
	at java.util.concurrent.FutureTask.run(FutureTask.java:266)
	at java.util.concurrent.ThreadPoolExecutor.runWorker(ThreadPoolExecutor.java:1149)
	at java.util.concurrent.ThreadPoolExecutor$Worker.run(ThreadPoolExecutor.java:624)
	at java.lang.Thread.run(Thread.java:748)
2018-12-25 11:31:50,944 INFO  SysUtils - Configuration on demand is an incubating feature.
Incremental java compilation is an incubating feature.
LOADING /Users/vbauer/Library/Android/sdk/platforms/android-23/android.jar

FAILURE: Build failed with an exception.

* What went wrong:
Task 'javadocJar' not found in project ':app'.

* Try:
Run gradlew tasks to get a list of available tasks. Run with --info or --debug option to get more log output.

* Exception is:
org.gradle.execution.TaskSelectionException: Task 'javadocJar' not found in project ':app'.
	at org.gradle.execution.TaskSelector.getSelection(TaskSelector.java:100)
	at org.gradle.execution.TaskSelector.getFilter(TaskSelector.java:63)
	at org.gradle.execution.ExcludedTaskFilteringBuildConfigurationAction.configure(ExcludedTaskFilteringBuildConfigurationAction.java:42)
	at org.gradle.execution.DefaultBuildConfigurationActionExecuter.configure(DefaultBuildConfigurationActionExecuter.java:48)
	at org.gradle.execution.DefaultBuildConfigurationActionExecuter.select(DefaultBuildConfigurationActionExecuter.java:36)
	at org.gradle.initialization.DefaultGradleLauncher$3.run(DefaultGradleLauncher.java:143)
	at org.gradle.internal.Factories$1.create(Factories.java:22)
	at org.gradle.internal.progress.DefaultBuildOperationExecutor.run(DefaultBuildOperationExecutor.java:90)
	at org.gradle.internal.progress.DefaultBuildOperationExecutor.run(DefaultBuildOperationExecutor.java:52)
	at org.gradle.initialization.DefaultGradleLauncher.doBuildStages(DefaultGradleLauncher.java:140)
	at org.gradle.initialization.DefaultGradleLauncher.access$200(DefaultGradleLauncher.java:32)
	at org.gradle.initialization.DefaultGradleLauncher$1.create(DefaultGradleLauncher.java:99)
	at org.gradle.initialization.DefaultGradleLauncher$1.create(DefaultGradleLauncher.java:93)
	at org.gradle.internal.progress.DefaultBuildOperationExecutor.run(DefaultBuildOperationExecutor.java:90)
	at org.gradle.internal.progress.DefaultBuildOperationExecutor.run(DefaultBuildOperationExecutor.java:62)
	at org.gradle.initialization.DefaultGradleLauncher.doBuild(DefaultGradleLauncher.java:93)
	at org.gradle.initialization.DefaultGradleLauncher.run(DefaultGradleLauncher.java:82)
	at org.gradle.launcher.exec.InProcessBuildActionExecuter$DefaultBuildController.run(InProcessBuildActionExecuter.java:94)
	at org.gradle.tooling.internal.provider.ExecuteBuildActionRunner.run(ExecuteBuildActionRunner.java:28)
	at org.gradle.launcher.exec.ChainingBuildActionRunner.run(ChainingBuildActionRunner.java:35)
	at org.gradle.launcher.exec.InProcessBuildActionExecuter.execute(InProcessBuildActionExecuter.java:43)
	at org.gradle.launcher.exec.InProcessBuildActionExecuter.execute(InProcessBuildActionExecuter.java:28)
	at org.gradle.launcher.exec.ContinuousBuildActionExecuter.execute(ContinuousBuildActionExecuter.java:78)
	at org.gradle.launcher.exec.ContinuousBuildActionExecuter.execute(ContinuousBuildActionExecuter.java:48)
	at org.gradle.launcher.exec.DaemonUsageSuggestingBuildActionExecuter.execute(DaemonUsageSuggestingBuildActionExecuter.java:51)
	at org.gradle.launcher.exec.DaemonUsageSuggestingBuildActionExecuter.execute(DaemonUsageSuggestingBuildActionExecuter.java:28)
	at org.gradle.launcher.cli.RunBuildAction.run(RunBuildAction.java:43)
	at org.gradle.internal.Actions$RunnableActionAdapter.execute(Actions.java:170)
	at org.gradle.launcher.cli.CommandLineActionFactory$ParseAndBuildAction.execute(CommandLineActionFactory.java:237)
	at org.gradle.launcher.cli.CommandLineActionFactory$ParseAndBuildAction.execute(CommandLineActionFactory.java:210)
	at org.gradle.launcher.cli.JavaRuntimeValidationAction.execute(JavaRuntimeValidationAction.java:35)
	at org.gradle.launcher.cli.JavaRuntimeValidationAction.execute(JavaRuntimeValidationAction.java:24)
	at org.gradle.launcher.cli.CommandLineActionFactory$WithLogging.execute(CommandLineActionFactory.java:206)
	at org.gradle.launcher.cli.CommandLineActionFactory$WithLogging.execute(CommandLineActionFactory.java:169)
	at org.gradle.launcher.cli.ExceptionReportingAction.execute(ExceptionReportingAction.java:33)
	at org.gradle.launcher.cli.ExceptionReportingAction.execute(ExceptionReportingAction.java:22)
	at org.gradle.launcher.Main.doAction(Main.java:33)
	at org.gradle.launcher.bootstrap.EntryPoint.run(EntryPoint.java:45)
	at org.gradle.launcher.bootstrap.ProcessBootstrap.runNoExit(ProcessBootstrap.java:54)
	at org.gradle.launcher.bootstrap.ProcessBootstrap.run(ProcessBootstrap.java:35)
	at org.gradle.launcher.GradleMain.main(GradleMain.java:23)
	at org.gradle.wrapper.BootstrapMainStarter.start(BootstrapMainStarter.java:30)
	at org.gradle.wrapper.WrapperExecutor.execute(WrapperExecutor.java:129)
	at org.gradle.wrapper.GradleWrapperMain.main(GradleWrapperMain.java:61)


BUILD FAILED

Total time: 4.64 secs

2018-12-25 11:31:50,944 ERROR ProjectBuildService - Excluded tasks were detected wrong
2018-12-25 11:31:50,944 INFO  SysUtils - Execute command: [/var/folders/bq/vtzpc5ns5sg2cthy61lqpg3dfzgbys/T/1545712250735-0/src/lattekit-master/lattekit-samples/gradlew, -b, /var/folders/bq/vtzpc5ns5sg2cthy61lqpg3dfzgbys/T/1545712250735-0/src/lattekit-master/lattekit-samples/app/build.gradle, -Dorg.gradle.daemon=false, -Dorg.gradle.daemon.performance.enable-monitoring=false, -Dorg.gradle.configureondemand=true, --stacktrace, build]
2018-12-25 11:32:33,063 ERROR SysUtils - Could not process external command
org.apache.commons.exec.ExecuteException: Process exited with an error: 1 (Exit value: 1)
	at org.apache.commons.exec.DefaultExecutor.executeInternal(DefaultExecutor.java:404)
	at org.apache.commons.exec.DefaultExecutor.execute(DefaultExecutor.java:166)
	at com.github.vbauer.apkmaster.util.SysUtils.execute(SysUtils.java:67)
	at com.github.vbauer.apkmaster.util.SysUtils.executeSimple(SysUtils.java:43)
	at com.github.vbauer.apkmaster.service.assembly.ProjectBuildService.buildProject(ProjectBuildService.java:78)
	at com.github.vbauer.apkmaster.service.assembly.ProjectBuildService.buildProject(ProjectBuildService.java:69)
	at com.github.vbauer.apkmaster.service.assembly.ProjectBuildService.buildProject(ProjectBuildService.java:43)
	at com.github.vbauer.apkmaster.service.FullProcessService.build(FullProcessService.java:84)
	at com.github.vbauer.apkmaster.service.FullProcessService.process(FullProcessService.java:34)
	at com.github.vbauer.apkmaster.app.MainApplication.process(MainApplication.java:38)
	at com.github.vbauer.apkmaster.app.MainApplication.main(MainApplication.java:20)
	at sun.reflect.NativeMethodAccessorImpl.invoke0(Native Method)
	at sun.reflect.NativeMethodAccessorImpl.invoke(NativeMethodAccessorImpl.java:62)
	at sun.reflect.DelegatingMethodAccessorImpl.invoke(DelegatingMethodAccessorImpl.java:43)
	at java.lang.reflect.Method.invoke(Method.java:498)
	at com.android.arsenal.util.ReflectionUtils.invoke(ReflectionUtils.java:52)
	at com.android.arsenal.util.ApkMasterUtils.main(ApkMasterUtils.java:30)
	at com.android.arsenal.service.processor.impl.BuildProcessorServiceImpl.buildProject(BuildProcessorServiceImpl.java:196)
	at com.android.arsenal.service.processor.impl.BuildProcessorServiceImpl.build(BuildProcessorServiceImpl.java:130)
	at com.android.arsenal.service.processor.impl.BuildProcessorServiceImpl.lambda$createTasks$1(BuildProcessorServiceImpl.java:113)
	at java.util.concurrent.FutureTask.run(FutureTask.java:266)
	at java.util.concurrent.Executors$RunnableAdapter.call(Executors.java:511)
	at java.util.concurrent.FutureTask.run(FutureTask.java:266)
	at java.util.concurrent.ThreadPoolExecutor.runWorker(ThreadPoolExecutor.java:1149)
	at java.util.concurrent.ThreadPoolExecutor$Worker.run(ThreadPoolExecutor.java:624)
	at java.lang.Thread.run(Thread.java:748)
2018-12-25 11:32:33,063 INFO  SysUtils - Configuration on demand is an incubating feature.
Incremental java compilation is an incubating feature.
LOADING /Users/vbauer/Library/Android/sdk/platforms/android-23/android.jar
:app:preBuild UP-TO-DATE
:app:preDebugBuild UP-TO-DATE
:app:checkDebugManifest
:app:preReleaseBuild UP-TO-DATE
:app:prepareComAndroidSupportAnimatedVectorDrawable2340Library
:app:prepareComAndroidSupportAppcompatV72340Library
:app:prepareComAndroidSupportDesign2340Library
:app:prepareComAndroidSupportRecyclerviewV72340Library
:app:prepareComAndroidSupportSupportV42340Library
:app:prepareComAndroidSupportSupportVectorDrawable2340Library
:app:prepareIoLattekitLattekitCore093Library
:app:prepareDebugDependencies
:app:compileDebugAidl
:app:compileDebugRenderscript
:app:generateDebugBuildConfig
:app:generateDebugLatteSources
Generating source dir [/private/var/folders/bq/vtzpc5ns5sg2cthy61lqpg3dfzgbys/T/1545712250735-0/src/lattekit-master/lattekit-samples/app/src/main/java] to /private/var/folders/bq/vtzpc5ns5sg2cthy61lqpg3dfzgbys/T/1545712250735-0/src/lattekit-master/lattekit-samples/app/build/generated/source/latte/debug
Processing /private/var/folders/bq/vtzpc5ns5sg2cthy61lqpg3dfzgbys/T/1545712250735-0/src/lattekit-master/lattekit-samples/app/src/main/java/io/lattekit/samples/MainActivity.kt
Complied /private/var/folders/bq/vtzpc5ns5sg2cthy61lqpg3dfzgbys/T/1545712250735-0/src/lattekit-master/lattekit-samples/app/src/main/java/io/lattekit/samples/style/main.css to /private/var/folders/bq/vtzpc5ns5sg2cthy61lqpg3dfzgbys/T/1545712250735-0/src/lattekit-master/lattekit-samples/app/build/generated/source/latte/debug/io/lattekit/samples/style/MainStylesheet.java
Processing /private/var/folders/bq/vtzpc5ns5sg2cthy61lqpg3dfzgbys/T/1545712250735-0/src/lattekit-master/lattekit-samples/app/src/main/java/io/lattekit/samples/model/Person.kt
Processing /private/var/folders/bq/vtzpc5ns5sg2cthy61lqpg3dfzgbys/T/1545712250735-0/src/lattekit-master/lattekit-samples/app/src/main/java/io/lattekit/samples/view/ProfileView.kt
Warning: couldn't recognize property data for ListView
Wrote /private/var/folders/bq/vtzpc5ns5sg2cthy61lqpg3dfzgbys/T/1545712250735-0/src/lattekit-master/lattekit-samples/app/build/generated/source/latte/debug/io/lattekit/samples/view/ProfileViewImpl.kt
Wrote /private/var/folders/bq/vtzpc5ns5sg2cthy61lqpg3dfzgbys/T/1545712250735-0/src/lattekit-master/lattekit-samples/app/build/generated/source/latte/debug/io/lattekit/samples/view/ListHeaderImpl.kt
Wrote /private/var/folders/bq/vtzpc5ns5sg2cthy61lqpg3dfzgbys/T/1545712250735-0/src/lattekit-master/lattekit-samples/app/build/generated/source/latte/debug/io/lattekit/samples/view/PersonProfileCardImpl.kt
Processing /private/var/folders/bq/vtzpc5ns5sg2cthy61lqpg3dfzgbys/T/1545712250735-0/src/lattekit-master/lattekit-samples/app/src/main/java/io/lattekit/samples/view/PeopleDirectoryView.kt
Warning: couldn't recognize property onClick for RelativeLayout
Wrote /private/var/folders/bq/vtzpc5ns5sg2cthy61lqpg3dfzgbys/T/1545712250735-0/src/lattekit-master/lattekit-samples/app/build/generated/source/latte/debug/io/lattekit/samples/view/PeopleDirectoryViewImpl.kt
Wrote /private/var/folders/bq/vtzpc5ns5sg2cthy61lqpg3dfzgbys/T/1545712250735-0/src/lattekit-master/lattekit-samples/app/build/generated/source/latte/debug/io/lattekit/samples/view/PeopleListViewImpl.kt
Wrote /private/var/folders/bq/vtzpc5ns5sg2cthy61lqpg3dfzgbys/T/1545712250735-0/src/lattekit-master/lattekit-samples/app/build/generated/source/latte/debug/io/lattekit/samples/view/PersonRowViewImpl.kt
:app:generateDebugAssets UP-TO-DATE
:app:mergeDebugAssets
:app:generateDebugLatteResources
Generating source dir [/private/var/folders/bq/vtzpc5ns5sg2cthy61lqpg3dfzgbys/T/1545712250735-0/src/lattekit-master/lattekit-samples/app/src/main/java] to /private/var/folders/bq/vtzpc5ns5sg2cthy61lqpg3dfzgbys/T/1545712250735-0/src/lattekit-master/lattekit-samples/app/build/generated/source/latte/debug
Processing /private/var/folders/bq/vtzpc5ns5sg2cthy61lqpg3dfzgbys/T/1545712250735-0/src/lattekit-master/lattekit-samples/app/src/main/java/io/lattekit/samples/MainActivity.kt
Processing /private/var/folders/bq/vtzpc5ns5sg2cthy61lqpg3dfzgbys/T/1545712250735-0/src/lattekit-master/lattekit-samples/app/src/main/java/io/lattekit/samples/model/Person.kt
Processing /private/var/folders/bq/vtzpc5ns5sg2cthy61lqpg3dfzgbys/T/1545712250735-0/src/lattekit-master/lattekit-samples/app/src/main/java/io/lattekit/samples/view/ProfileView.kt
Processing /private/var/folders/bq/vtzpc5ns5sg2cthy61lqpg3dfzgbys/T/1545712250735-0/src/lattekit-master/lattekit-samples/app/src/main/java/io/lattekit/samples/view/PeopleDirectoryView.kt
:app:generateDebugResValues
:app:generateDebugResources
:app:mergeDebugResources
:app:processDebugManifest
:app:processDebugResources
:app:generateDebugSources
:app:compileDebugKotlin
w: /private/var/folders/bq/vtzpc5ns5sg2cthy61lqpg3dfzgbys/T/1545712250735-0/src/lattekit-master/lattekit-samples/app/build/generated/source/latte/debug/io/lattekit/samples/view/ListHeaderImpl.kt: (31, 52): No cast needed
w: /private/var/folders/bq/vtzpc5ns5sg2cthy61lqpg3dfzgbys/T/1545712250735-0/src/lattekit-master/lattekit-samples/app/build/generated/source/latte/debug/io/lattekit/samples/view/ListHeaderImpl.kt: (36, 52): No cast needed
w: /private/var/folders/bq/vtzpc5ns5sg2cthy61lqpg3dfzgbys/T/1545712250735-0/src/lattekit-master/lattekit-samples/app/build/generated/source/latte/debug/io/lattekit/samples/view/PersonProfileCardImpl.kt: (20, 17): Variable '__view' is never used
w: /private/var/folders/bq/vtzpc5ns5sg2cthy61lqpg3dfzgbys/T/1545712250735-0/src/lattekit-master/lattekit-samples/app/build/generated/source/latte/debug/io/lattekit/samples/view/PersonProfileCardImpl.kt: (24, 21): Variable '__propValue' is never used
w: /private/var/folders/bq/vtzpc5ns5sg2cthy61lqpg3dfzgbys/T/1545712250735-0/src/lattekit-master/lattekit-samples/app/build/generated/source/latte/debug/io/lattekit/samples/view/PersonProfileCardImpl.kt: (44, 54): Condition '__view.getId() != null' is always 'true'
w: /private/var/folders/bq/vtzpc5ns5sg2cthy61lqpg3dfzgbys/T/1545712250735-0/src/lattekit-master/lattekit-samples/app/build/generated/source/latte/debug/io/lattekit/samples/view/PersonProfileCardImpl.kt: (46, 54): No cast needed
w: /private/var/folders/bq/vtzpc5ns5sg2cthy61lqpg3dfzgbys/T/1545712250735-0/src/lattekit-master/lattekit-samples/app/build/generated/source/latte/debug/io/lattekit/samples/view/PersonProfileCardImpl.kt: (52, 58): Condition '__view.getId() != null' is always 'true'
w: /private/var/folders/bq/vtzpc5ns5sg2cthy61lqpg3dfzgbys/T/1545712250735-0/src/lattekit-master/lattekit-samples/app/build/generated/source/latte/debug/io/lattekit/samples/view/PersonProfileCardImpl.kt: (65, 61): No cast needed
w: /private/var/folders/bq/vtzpc5ns5sg2cthy61lqpg3dfzgbys/T/1545712250735-0/src/lattekit-master/lattekit-samples/app/build/generated/source/latte/debug/io/lattekit/samples/view/PersonProfileCardImpl.kt: (88, 54): Condition '__view.getId() != null' is always 'true'
w: /private/var/folders/bq/vtzpc5ns5sg2cthy61lqpg3dfzgbys/T/1545712250735-0/src/lattekit-master/lattekit-samples/app/build/generated/source/latte/debug/io/lattekit/samples/view/PersonProfileCardImpl.kt: (90, 54): No cast needed
w: /private/var/folders/bq/vtzpc5ns5sg2cthy61lqpg3dfzgbys/T/1545712250735-0/src/lattekit-master/lattekit-samples/app/build/generated/source/latte/debug/io/lattekit/samples/view/PersonProfileCardImpl.kt: (96, 58): Condition '__view.getId() != null' is always 'true'
w: /private/var/folders/bq/vtzpc5ns5sg2cthy61lqpg3dfzgbys/T/1545712250735-0/src/lattekit-master/lattekit-samples/app/build/generated/source/latte/debug/io/lattekit/samples/view/PersonProfileCardImpl.kt: (125, 56): No cast needed
w: /private/var/folders/bq/vtzpc5ns5sg2cthy61lqpg3dfzgbys/T/1545712250735-0/src/lattekit-master/lattekit-samples/app/build/generated/source/latte/debug/io/lattekit/samples/view/PersonProfileCardImpl.kt: (130, 56): No cast needed
w: /private/var/folders/bq/vtzpc5ns5sg2cthy61lqpg3dfzgbys/T/1545712250735-0/src/lattekit-master/lattekit-samples/app/build/generated/source/latte/debug/io/lattekit/samples/view/PersonRowViewImpl.kt: (30, 57): No cast needed
w: /private/var/folders/bq/vtzpc5ns5sg2cthy61lqpg3dfzgbys/T/1545712250735-0/src/lattekit-master/lattekit-samples/app/build/generated/source/latte/debug/io/lattekit/samples/view/PersonRowViewImpl.kt: (58, 54): Condition '__view.getId() != null' is always 'true'
w: /private/var/folders/bq/vtzpc5ns5sg2cthy61lqpg3dfzgbys/T/1545712250735-0/src/lattekit-master/lattekit-samples/app/build/generated/source/latte/debug/io/lattekit/samples/view/PersonRowViewImpl.kt: (60, 54): No cast needed
w: /private/var/folders/bq/vtzpc5ns5sg2cthy61lqpg3dfzgbys/T/1545712250735-0/src/lattekit-master/lattekit-samples/app/build/generated/source/latte/debug/io/lattekit/samples/view/PersonRowViewImpl.kt: (66, 58): Condition '__view.getId() != null' is always 'true'
w: /private/var/folders/bq/vtzpc5ns5sg2cthy61lqpg3dfzgbys/T/1545712250735-0/src/lattekit-master/lattekit-samples/app/build/generated/source/latte/debug/io/lattekit/samples/view/PersonRowViewImpl.kt: (93, 54): Condition '__view.getId() != null' is always 'true'
w: /private/var/folders/bq/vtzpc5ns5sg2cthy61lqpg3dfzgbys/T/1545712250735-0/src/lattekit-master/lattekit-samples/app/build/generated/source/latte/debug/io/lattekit/samples/view/PersonRowViewImpl.kt: (95, 54): No cast needed
w: /private/var/folders/bq/vtzpc5ns5sg2cthy61lqpg3dfzgbys/T/1545712250735-0/src/lattekit-master/lattekit-samples/app/build/generated/source/latte/debug/io/lattekit/samples/view/PersonRowViewImpl.kt: (101, 58): Condition '__view.getId() != null' is always 'true'
w: /private/var/folders/bq/vtzpc5ns5sg2cthy61lqpg3dfzgbys/T/1545712250735-0/src/lattekit-master/lattekit-samples/app/build/generated/source/latte/debug/io/lattekit/samples/view/PersonRowViewImpl.kt: (114, 56): No cast needed
w: /private/var/folders/bq/vtzpc5ns5sg2cthy61lqpg3dfzgbys/T/1545712250735-0/src/lattekit-master/lattekit-samples/app/build/generated/source/latte/debug/io/lattekit/samples/view/PersonRowViewImpl.kt: (119, 56): No cast needed
w: /private/var/folders/bq/vtzpc5ns5sg2cthy61lqpg3dfzgbys/T/1545712250735-0/src/lattekit-master/lattekit-samples/app/build/generated/source/latte/debug/io/lattekit/samples/view/PersonRowViewImpl.kt: (143, 56): No cast needed
w: /private/var/folders/bq/vtzpc5ns5sg2cthy61lqpg3dfzgbys/T/1545712250735-0/src/lattekit-master/lattekit-samples/app/build/generated/source/latte/debug/io/lattekit/samples/view/PersonRowViewImpl.kt: (148, 56): No cast needed
w: /private/var/folders/bq/vtzpc5ns5sg2cthy61lqpg3dfzgbys/T/1545712250735-0/src/lattekit-master/lattekit-samples/app/build/generated/source/latte/debug/io/lattekit/samples/view/ProfileViewImpl.kt: (20, 17): Variable '__view' is never used
w: /private/var/folders/bq/vtzpc5ns5sg2cthy61lqpg3dfzgbys/T/1545712250735-0/src/lattekit-master/lattekit-samples/app/build/generated/source/latte/debug/io/lattekit/samples/view/ProfileViewImpl.kt: (24, 21): Variable '__propValue' is never used
w: /private/var/folders/bq/vtzpc5ns5sg2cthy61lqpg3dfzgbys/T/1545712250735-0/src/lattekit-master/lattekit-samples/app/build/generated/source/latte/debug/io/lattekit/samples/view/ProfileViewImpl.kt: (44, 54): Condition '__view.getDividerHeight() != null' is always 'true'
w: /private/var/folders/bq/vtzpc5ns5sg2cthy61lqpg3dfzgbys/T/1545712250735-0/src/lattekit-master/lattekit-samples/app/build/generated/source/latte/debug/io/lattekit/samples/view/ProfileViewImpl.kt: (46, 65): No cast needed
w: /private/var/folders/bq/vtzpc5ns5sg2cthy61lqpg3dfzgbys/T/1545712250735-0/src/lattekit-master/lattekit-samples/app/build/generated/source/latte/debug/io/lattekit/samples/view/ProfileViewImpl.kt: (52, 58): Condition '__view.getDividerHeight() != null' is always 'true'
w: /private/var/folders/bq/vtzpc5ns5sg2cthy61lqpg3dfzgbys/T/1545712250735-0/src/lattekit-master/lattekit-samples/app/build/generated/source/latte/debug/io/lattekit/samples/view/ProfileViewImpl.kt: (63, 54): Condition '__view.getId() != null' is always 'true'
w: /private/var/folders/bq/vtzpc5ns5sg2cthy61lqpg3dfzgbys/T/1545712250735-0/src/lattekit-master/lattekit-samples/app/build/generated/source/latte/debug/io/lattekit/samples/view/ProfileViewImpl.kt: (65, 54): No cast needed
w: /private/var/folders/bq/vtzpc5ns5sg2cthy61lqpg3dfzgbys/T/1545712250735-0/src/lattekit-master/lattekit-samples/app/build/generated/source/latte/debug/io/lattekit/samples/view/ProfileViewImpl.kt: (71, 58): Condition '__view.getId() != null' is always 'true'
w: /private/var/folders/bq/vtzpc5ns5sg2cthy61lqpg3dfzgbys/T/1545712250735-0/src/lattekit-master/lattekit-samples/app/build/generated/source/latte/debug/io/lattekit/samples/view/ProfileViewImpl.kt: (84, 150): This class shouldn't be used in Kotlin. Use kotlin.Any instead.
w: /private/var/folders/bq/vtzpc5ns5sg2cthy61lqpg3dfzgbys/T/1545712250735-0/src/lattekit-master/lattekit-samples/app/build/generated/source/latte/debug/io/lattekit/samples/view/ProfileViewImpl.kt: (115, 54): Condition '__view.getId() != null' is always 'true'
w: /private/var/folders/bq/vtzpc5ns5sg2cthy61lqpg3dfzgbys/T/1545712250735-0/src/lattekit-master/lattekit-samples/app/build/generated/source/latte/debug/io/lattekit/samples/view/ProfileViewImpl.kt: (117, 54): No cast needed
w: /private/var/folders/bq/vtzpc5ns5sg2cthy61lqpg3dfzgbys/T/1545712250735-0/src/lattekit-master/lattekit-samples/app/build/generated/source/latte/debug/io/lattekit/samples/view/ProfileViewImpl.kt: (123, 58): Condition '__view.getId() != null' is always 'true'
w: /private/var/folders/bq/vtzpc5ns5sg2cthy61lqpg3dfzgbys/T/1545712250735-0/src/lattekit-master/lattekit-samples/app/build/generated/source/latte/debug/io/lattekit/samples/view/ProfileViewImpl.kt: (134, 54): Condition '__view.getOrientation() != null' is always 'true'
w: /private/var/folders/bq/vtzpc5ns5sg2cthy61lqpg3dfzgbys/T/1545712250735-0/src/lattekit-master/lattekit-samples/app/build/generated/source/latte/debug/io/lattekit/samples/view/ProfileViewImpl.kt: (136, 63): No cast needed
w: /private/var/folders/bq/vtzpc5ns5sg2cthy61lqpg3dfzgbys/T/1545712250735-0/src/lattekit-master/lattekit-samples/app/build/generated/source/latte/debug/io/lattekit/samples/view/ProfileViewImpl.kt: (142, 58): Condition '__view.getOrientation() != null' is always 'true'
w: /private/var/folders/bq/vtzpc5ns5sg2cthy61lqpg3dfzgbys/T/1545712250735-0/src/lattekit-master/lattekit-samples/app/build/generated/source/latte/debug/io/lattekit/samples/view/ProfileViewImpl.kt: (159, 25): Variable '__view' is never used
w: /private/var/folders/bq/vtzpc5ns5sg2cthy61lqpg3dfzgbys/T/1545712250735-0/src/lattekit-master/lattekit-samples/app/build/generated/source/latte/debug/io/lattekit/samples/view/ProfileViewImpl.kt: (163, 29): Variable '__propValue' is never used
w: /private/var/folders/bq/vtzpc5ns5sg2cthy61lqpg3dfzgbys/T/1545712250735-0/src/lattekit-master/lattekit-samples/app/build/generated/source/latte/debug/io/lattekit/samples/view/ProfileViewImpl.kt: (186, 60): No cast needed
w: /private/var/folders/bq/vtzpc5ns5sg2cthy61lqpg3dfzgbys/T/1545712250735-0/src/lattekit-master/lattekit-samples/app/build/generated/source/latte/debug/io/lattekit/samples/view/ProfileViewImpl.kt: (191, 60): No cast needed
:app:compileDebugJavaWithJavac
:app:compileDebugNdk UP-TO-DATE
:app:compileDebugSources
:app:prePackageMarkerForDebug
:app:transformClassesWithDexForDebug
:app:mergeDebugJniLibFolders
:app:transformNative_libsWithMergeJniLibsForDebug
:app:processDebugJavaRes UP-TO-DATE
:app:transformResourcesWithMergeJavaResForDebug
:app:validateDebugSigning
:app:packageDebug
:app:zipalignDebug
:app:assembleDebug
:app:checkReleaseManifest
:app:prepareReleaseDependencies
:app:compileReleaseAidl
:app:compileReleaseRenderscript
:app:generateReleaseBuildConfig
:app:generateReleaseLatteSources
Generating source dir [/private/var/folders/bq/vtzpc5ns5sg2cthy61lqpg3dfzgbys/T/1545712250735-0/src/lattekit-master/lattekit-samples/app/src/main/java] to /private/var/folders/bq/vtzpc5ns5sg2cthy61lqpg3dfzgbys/T/1545712250735-0/src/lattekit-master/lattekit-samples/app/build/generated/source/latte/release
Processing /private/var/folders/bq/vtzpc5ns5sg2cthy61lqpg3dfzgbys/T/1545712250735-0/src/lattekit-master/lattekit-samples/app/src/main/java/io/lattekit/samples/MainActivity.kt
Complied /private/var/folders/bq/vtzpc5ns5sg2cthy61lqpg3dfzgbys/T/1545712250735-0/src/lattekit-master/lattekit-samples/app/src/main/java/io/lattekit/samples/style/main.css to /private/var/folders/bq/vtzpc5ns5sg2cthy61lqpg3dfzgbys/T/1545712250735-0/src/lattekit-master/lattekit-samples/app/build/generated/source/latte/release/io/lattekit/samples/style/MainStylesheet.java
Processing /private/var/folders/bq/vtzpc5ns5sg2cthy61lqpg3dfzgbys/T/1545712250735-0/src/lattekit-master/lattekit-samples/app/src/main/java/io/lattekit/samples/model/Person.kt
Processing /private/var/folders/bq/vtzpc5ns5sg2cthy61lqpg3dfzgbys/T/1545712250735-0/src/lattekit-master/lattekit-samples/app/src/main/java/io/lattekit/samples/view/ProfileView.kt
Warning: couldn't recognize property data for ListView
Wrote /private/var/folders/bq/vtzpc5ns5sg2cthy61lqpg3dfzgbys/T/1545712250735-0/src/lattekit-master/lattekit-samples/app/build/generated/source/latte/release/io/lattekit/samples/view/ProfileViewImpl.kt
Wrote /private/var/folders/bq/vtzpc5ns5sg2cthy61lqpg3dfzgbys/T/1545712250735-0/src/lattekit-master/lattekit-samples/app/build/generated/source/latte/release/io/lattekit/samples/view/ListHeaderImpl.kt
Wrote /private/var/folders/bq/vtzpc5ns5sg2cthy61lqpg3dfzgbys/T/1545712250735-0/src/lattekit-master/lattekit-samples/app/build/generated/source/latte/release/io/lattekit/samples/view/PersonProfileCardImpl.kt
Processing /private/var/folders/bq/vtzpc5ns5sg2cthy61lqpg3dfzgbys/T/1545712250735-0/src/lattekit-master/lattekit-samples/app/src/main/java/io/lattekit/samples/view/PeopleDirectoryView.kt
Warning: couldn't recognize property onClick for RelativeLayout
Wrote /private/var/folders/bq/vtzpc5ns5sg2cthy61lqpg3dfzgbys/T/1545712250735-0/src/lattekit-master/lattekit-samples/app/build/generated/source/latte/release/io/lattekit/samples/view/PeopleDirectoryViewImpl.kt
Wrote /private/var/folders/bq/vtzpc5ns5sg2cthy61lqpg3dfzgbys/T/1545712250735-0/src/lattekit-master/lattekit-samples/app/build/generated/source/latte/release/io/lattekit/samples/view/PeopleListViewImpl.kt
Wrote /private/var/folders/bq/vtzpc5ns5sg2cthy61lqpg3dfzgbys/T/1545712250735-0/src/lattekit-master/lattekit-samples/app/build/generated/source/latte/release/io/lattekit/samples/view/PersonRowViewImpl.kt
:app:generateReleaseAssets UP-TO-DATE
:app:mergeReleaseAssets
:app:generateReleaseLatteResources
Generating source dir [/private/var/folders/bq/vtzpc5ns5sg2cthy61lqpg3dfzgbys/T/1545712250735-0/src/lattekit-master/lattekit-samples/app/src/main/java] to /private/var/folders/bq/vtzpc5ns5sg2cthy61lqpg3dfzgbys/T/1545712250735-0/src/lattekit-master/lattekit-samples/app/build/generated/source/latte/release
Processing /private/var/folders/bq/vtzpc5ns5sg2cthy61lqpg3dfzgbys/T/1545712250735-0/src/lattekit-master/lattekit-samples/app/src/main/java/io/lattekit/samples/MainActivity.kt
Processing /private/var/folders/bq/vtzpc5ns5sg2cthy61lqpg3dfzgbys/T/1545712250735-0/src/lattekit-master/lattekit-samples/app/src/main/java/io/lattekit/samples/model/Person.kt
Processing /private/var/folders/bq/vtzpc5ns5sg2cthy61lqpg3dfzgbys/T/1545712250735-0/src/lattekit-master/lattekit-samples/app/src/main/java/io/lattekit/samples/view/ProfileView.kt
Processing /private/var/folders/bq/vtzpc5ns5sg2cthy61lqpg3dfzgbys/T/1545712250735-0/src/lattekit-master/lattekit-samples/app/src/main/java/io/lattekit/samples/view/PeopleDirectoryView.kt
:app:generateReleaseResValues
:app:generateReleaseResources
:app:mergeReleaseResources
:app:processReleaseManifest
:app:processReleaseResources
:app:generateReleaseSources
:app:compileReleaseKotlin
w: /private/var/folders/bq/vtzpc5ns5sg2cthy61lqpg3dfzgbys/T/1545712250735-0/src/lattekit-master/lattekit-samples/app/build/generated/source/latte/release/io/lattekit/samples/view/ListHeaderImpl.kt: (31, 52): No cast needed
w: /private/var/folders/bq/vtzpc5ns5sg2cthy61lqpg3dfzgbys/T/1545712250735-0/src/lattekit-master/lattekit-samples/app/build/generated/source/latte/release/io/lattekit/samples/view/ListHeaderImpl.kt: (36, 52): No cast needed
w: /private/var/folders/bq/vtzpc5ns5sg2cthy61lqpg3dfzgbys/T/1545712250735-0/src/lattekit-master/lattekit-samples/app/build/generated/source/latte/release/io/lattekit/samples/view/PersonProfileCardImpl.kt: (20, 17): Variable '__view' is never used
w: /private/var/folders/bq/vtzpc5ns5sg2cthy61lqpg3dfzgbys/T/1545712250735-0/src/lattekit-master/lattekit-samples/app/build/generated/source/latte/release/io/lattekit/samples/view/PersonProfileCardImpl.kt: (24, 21): Variable '__propValue' is never used
w: /private/var/folders/bq/vtzpc5ns5sg2cthy61lqpg3dfzgbys/T/1545712250735-0/src/lattekit-master/lattekit-samples/app/build/generated/source/latte/release/io/lattekit/samples/view/PersonProfileCardImpl.kt: (44, 54): Condition '__view.getId() != null' is always 'true'
w: /private/var/folders/bq/vtzpc5ns5sg2cthy61lqpg3dfzgbys/T/1545712250735-0/src/lattekit-master/lattekit-samples/app/build/generated/source/latte/release/io/lattekit/samples/view/PersonProfileCardImpl.kt: (46, 54): No cast needed
w: /private/var/folders/bq/vtzpc5ns5sg2cthy61lqpg3dfzgbys/T/1545712250735-0/src/lattekit-master/lattekit-samples/app/build/generated/source/latte/release/io/lattekit/samples/view/PersonProfileCardImpl.kt: (52, 58): Condition '__view.getId() != null' is always 'true'
w: /private/var/folders/bq/vtzpc5ns5sg2cthy61lqpg3dfzgbys/T/1545712250735-0/src/lattekit-master/lattekit-samples/app/build/generated/source/latte/release/io/lattekit/samples/view/PersonProfileCardImpl.kt: (65, 61): No cast needed
w: /private/var/folders/bq/vtzpc5ns5sg2cthy61lqpg3dfzgbys/T/1545712250735-0/src/lattekit-master/lattekit-samples/app/build/generated/source/latte/release/io/lattekit/samples/view/PersonProfileCardImpl.kt: (88, 54): Condition '__view.getId() != null' is always 'true'
w: /private/var/folders/bq/vtzpc5ns5sg2cthy61lqpg3dfzgbys/T/1545712250735-0/src/lattekit-master/lattekit-samples/app/build/generated/source/latte/release/io/lattekit/samples/view/PersonProfileCardImpl.kt: (90, 54): No cast needed
w: /private/var/folders/bq/vtzpc5ns5sg2cthy61lqpg3dfzgbys/T/1545712250735-0/src/lattekit-master/lattekit-samples/app/build/generated/source/latte/release/io/lattekit/samples/view/PersonProfileCardImpl.kt: (96, 58): Condition '__view.getId() != null' is always 'true'
w: /private/var/folders/bq/vtzpc5ns5sg2cthy61lqpg3dfzgbys/T/1545712250735-0/src/lattekit-master/lattekit-samples/app/build/generated/source/latte/release/io/lattekit/samples/view/PersonProfileCardImpl.kt: (125, 56): No cast needed
w: /private/var/folders/bq/vtzpc5ns5sg2cthy61lqpg3dfzgbys/T/1545712250735-0/src/lattekit-master/lattekit-samples/app/build/generated/source/latte/release/io/lattekit/samples/view/PersonProfileCardImpl.kt: (130, 56): No cast needed
w: /private/var/folders/bq/vtzpc5ns5sg2cthy61lqpg3dfzgbys/T/1545712250735-0/src/lattekit-master/lattekit-samples/app/build/generated/source/latte/release/io/lattekit/samples/view/PersonRowViewImpl.kt: (30, 57): No cast needed
w: /private/var/folders/bq/vtzpc5ns5sg2cthy61lqpg3dfzgbys/T/1545712250735-0/src/lattekit-master/lattekit-samples/app/build/generated/source/latte/release/io/lattekit/samples/view/PersonRowViewImpl.kt: (58, 54): Condition '__view.getId() != null' is always 'true'
w: /private/var/folders/bq/vtzpc5ns5sg2cthy61lqpg3dfzgbys/T/1545712250735-0/src/lattekit-master/lattekit-samples/app/build/generated/source/latte/release/io/lattekit/samples/view/PersonRowViewImpl.kt: (60, 54): No cast needed
w: /private/var/folders/bq/vtzpc5ns5sg2cthy61lqpg3dfzgbys/T/1545712250735-0/src/lattekit-master/lattekit-samples/app/build/generated/source/latte/release/io/lattekit/samples/view/PersonRowViewImpl.kt: (66, 58): Condition '__view.getId() != null' is always 'true'
w: /private/var/folders/bq/vtzpc5ns5sg2cthy61lqpg3dfzgbys/T/1545712250735-0/src/lattekit-master/lattekit-samples/app/build/generated/source/latte/release/io/lattekit/samples/view/PersonRowViewImpl.kt: (93, 54): Condition '__view.getId() != null' is always 'true'
w: /private/var/folders/bq/vtzpc5ns5sg2cthy61lqpg3dfzgbys/T/1545712250735-0/src/lattekit-master/lattekit-samples/app/build/generated/source/latte/release/io/lattekit/samples/view/PersonRowViewImpl.kt: (95, 54): No cast needed
w: /private/var/folders/bq/vtzpc5ns5sg2cthy61lqpg3dfzgbys/T/1545712250735-0/src/lattekit-master/lattekit-samples/app/build/generated/source/latte/release/io/lattekit/samples/view/PersonRowViewImpl.kt: (101, 58): Condition '__view.getId() != null' is always 'true'
w: /private/var/folders/bq/vtzpc5ns5sg2cthy61lqpg3dfzgbys/T/1545712250735-0/src/lattekit-master/lattekit-samples/app/build/generated/source/latte/release/io/lattekit/samples/view/PersonRowViewImpl.kt: (114, 56): No cast needed
w: /private/var/folders/bq/vtzpc5ns5sg2cthy61lqpg3dfzgbys/T/1545712250735-0/src/lattekit-master/lattekit-samples/app/build/generated/source/latte/release/io/lattekit/samples/view/PersonRowViewImpl.kt: (119, 56): No cast needed
w: /private/var/folders/bq/vtzpc5ns5sg2cthy61lqpg3dfzgbys/T/1545712250735-0/src/lattekit-master/lattekit-samples/app/build/generated/source/latte/release/io/lattekit/samples/view/PersonRowViewImpl.kt: (143, 56): No cast needed
w: /private/var/folders/bq/vtzpc5ns5sg2cthy61lqpg3dfzgbys/T/1545712250735-0/src/lattekit-master/lattekit-samples/app/build/generated/source/latte/release/io/lattekit/samples/view/PersonRowViewImpl.kt: (148, 56): No cast needed
w: /private/var/folders/bq/vtzpc5ns5sg2cthy61lqpg3dfzgbys/T/1545712250735-0/src/lattekit-master/lattekit-samples/app/build/generated/source/latte/release/io/lattekit/samples/view/ProfileViewImpl.kt: (20, 17): Variable '__view' is never used
w: /private/var/folders/bq/vtzpc5ns5sg2cthy61lqpg3dfzgbys/T/1545712250735-0/src/lattekit-master/lattekit-samples/app/build/generated/source/latte/release/io/lattekit/samples/view/ProfileViewImpl.kt: (24, 21): Variable '__propValue' is never used
w: /private/var/folders/bq/vtzpc5ns5sg2cthy61lqpg3dfzgbys/T/1545712250735-0/src/lattekit-master/lattekit-samples/app/build/generated/source/latte/release/io/lattekit/samples/view/ProfileViewImpl.kt: (44, 54): Condition '__view.getDividerHeight() != null' is always 'true'
w: /private/var/folders/bq/vtzpc5ns5sg2cthy61lqpg3dfzgbys/T/1545712250735-0/src/lattekit-master/lattekit-samples/app/build/generated/source/latte/release/io/lattekit/samples/view/ProfileViewImpl.kt: (46, 65): No cast needed
w: /private/var/folders/bq/vtzpc5ns5sg2cthy61lqpg3dfzgbys/T/1545712250735-0/src/lattekit-master/lattekit-samples/app/build/generated/source/latte/release/io/lattekit/samples/view/ProfileViewImpl.kt: (52, 58): Condition '__view.getDividerHeight() != null' is always 'true'
w: /private/var/folders/bq/vtzpc5ns5sg2cthy61lqpg3dfzgbys/T/1545712250735-0/src/lattekit-master/lattekit-samples/app/build/generated/source/latte/release/io/lattekit/samples/view/ProfileViewImpl.kt: (63, 54): Condition '__view.getId() != null' is always 'true'
w: /private/var/folders/bq/vtzpc5ns5sg2cthy61lqpg3dfzgbys/T/1545712250735-0/src/lattekit-master/lattekit-samples/app/build/generated/source/latte/release/io/lattekit/samples/view/ProfileViewImpl.kt: (65, 54): No cast needed
w: /private/var/folders/bq/vtzpc5ns5sg2cthy61lqpg3dfzgbys/T/1545712250735-0/src/lattekit-master/lattekit-samples/app/build/generated/source/latte/release/io/lattekit/samples/view/ProfileViewImpl.kt: (71, 58): Condition '__view.getId() != null' is always 'true'
w: /private/var/folders/bq/vtzpc5ns5sg2cthy61lqpg3dfzgbys/T/1545712250735-0/src/lattekit-master/lattekit-samples/app/build/generated/source/latte/release/io/lattekit/samples/view/ProfileViewImpl.kt: (84, 150): This class shouldn't be used in Kotlin. Use kotlin.Any instead.
w: /private/var/folders/bq/vtzpc5ns5sg2cthy61lqpg3dfzgbys/T/1545712250735-0/src/lattekit-master/lattekit-samples/app/build/generated/source/latte/release/io/lattekit/samples/view/ProfileViewImpl.kt: (115, 54): Condition '__view.getId() != null' is always 'true'
w: /private/var/folders/bq/vtzpc5ns5sg2cthy61lqpg3dfzgbys/T/1545712250735-0/src/lattekit-master/lattekit-samples/app/build/generated/source/latte/release/io/lattekit/samples/view/ProfileViewImpl.kt: (117, 54): No cast needed
w: /private/var/folders/bq/vtzpc5ns5sg2cthy61lqpg3dfzgbys/T/1545712250735-0/src/lattekit-master/lattekit-samples/app/build/generated/source/latte/release/io/lattekit/samples/view/ProfileViewImpl.kt: (123, 58): Condition '__view.getId() != null' is always 'true'
w: /private/var/folders/bq/vtzpc5ns5sg2cthy61lqpg3dfzgbys/T/1545712250735-0/src/lattekit-master/lattekit-samples/app/build/generated/source/latte/release/io/lattekit/samples/view/ProfileViewImpl.kt: (134, 54): Condition '__view.getOrientation() != null' is always 'true'
w: /private/var/folders/bq/vtzpc5ns5sg2cthy61lqpg3dfzgbys/T/1545712250735-0/src/lattekit-master/lattekit-samples/app/build/generated/source/latte/release/io/lattekit/samples/view/ProfileViewImpl.kt: (136, 63): No cast needed
w: /private/var/folders/bq/vtzpc5ns5sg2cthy61lqpg3dfzgbys/T/1545712250735-0/src/lattekit-master/lattekit-samples/app/build/generated/source/latte/release/io/lattekit/samples/view/ProfileViewImpl.kt: (142, 58): Condition '__view.getOrientation() != null' is always 'true'
w: /private/var/folders/bq/vtzpc5ns5sg2cthy61lqpg3dfzgbys/T/1545712250735-0/src/lattekit-master/lattekit-samples/app/build/generated/source/latte/release/io/lattekit/samples/view/ProfileViewImpl.kt: (159, 25): Variable '__view' is never used
w: /private/var/folders/bq/vtzpc5ns5sg2cthy61lqpg3dfzgbys/T/1545712250735-0/src/lattekit-master/lattekit-samples/app/build/generated/source/latte/release/io/lattekit/samples/view/ProfileViewImpl.kt: (163, 29): Variable '__propValue' is never used
w: /private/var/folders/bq/vtzpc5ns5sg2cthy61lqpg3dfzgbys/T/1545712250735-0/src/lattekit-master/lattekit-samples/app/build/generated/source/latte/release/io/lattekit/samples/view/ProfileViewImpl.kt: (186, 60): No cast needed
w: /private/var/folders/bq/vtzpc5ns5sg2cthy61lqpg3dfzgbys/T/1545712250735-0/src/lattekit-master/lattekit-samples/app/build/generated/source/latte/release/io/lattekit/samples/view/ProfileViewImpl.kt: (191, 60): No cast needed
:app:compileReleaseJavaWithJavac
:app:compileReleaseNdk UP-TO-DATE
:app:compileReleaseSources
:app:lintVitalRelease FAILED

FAILURE: Build failed with an exception.

* What went wrong:
Execution failed for task ':app:lintVitalRelease'.
> No toolchains found in the NDK toolchains folder for ABI with prefix: mipsel-linux-android

* Try:
Run with --info or --debug option to get more log output.

* Exception is:
org.gradle.api.tasks.TaskExecutionException: Execution failed for task ':app:lintVitalRelease'.
	at org.gradle.api.internal.tasks.execution.ExecuteActionsTaskExecuter.executeActions(ExecuteActionsTaskExecuter.java:69)
	at org.gradle.api.internal.tasks.execution.ExecuteActionsTaskExecuter.execute(ExecuteActionsTaskExecuter.java:46)
	at org.gradle.api.internal.tasks.execution.PostExecutionAnalysisTaskExecuter.execute(PostExecutionAnalysisTaskExecuter.java:35)
	at org.gradle.api.internal.tasks.execution.SkipUpToDateTaskExecuter.execute(SkipUpToDateTaskExecuter.java:64)
	at org.gradle.api.internal.tasks.execution.ValidatingTaskExecuter.execute(ValidatingTaskExecuter.java:58)
	at org.gradle.api.internal.tasks.execution.SkipEmptySourceFilesTaskExecuter.execute(SkipEmptySourceFilesTaskExecuter.java:52)
	at org.gradle.api.internal.tasks.execution.SkipTaskWithNoActionsExecuter.execute(SkipTaskWithNoActionsExecuter.java:52)
	at org.gradle.api.internal.tasks.execution.SkipOnlyIfTaskExecuter.execute(SkipOnlyIfTaskExecuter.java:53)
	at org.gradle.api.internal.tasks.execution.ExecuteAtMostOnceTaskExecuter.execute(ExecuteAtMostOnceTaskExecuter.java:43)
	at org.gradle.execution.taskgraph.DefaultTaskGraphExecuter$EventFiringTaskWorker.execute(DefaultTaskGraphExecuter.java:203)
	at org.gradle.execution.taskgraph.DefaultTaskGraphExecuter$EventFiringTaskWorker.execute(DefaultTaskGraphExecuter.java:185)
	at org.gradle.execution.taskgraph.AbstractTaskPlanExecutor$TaskExecutorWorker.processTask(AbstractTaskPlanExecutor.java:66)
	at org.gradle.execution.taskgraph.AbstractTaskPlanExecutor$TaskExecutorWorker.run(AbstractTaskPlanExecutor.java:50)
	at org.gradle.execution.taskgraph.DefaultTaskPlanExecutor.process(DefaultTaskPlanExecutor.java:25)
	at org.gradle.execution.taskgraph.DefaultTaskGraphExecuter.execute(DefaultTaskGraphExecuter.java:110)
	at org.gradle.execution.SelectedTaskExecutionAction.execute(SelectedTaskExecutionAction.java:37)
	at org.gradle.execution.DefaultBuildExecuter.execute(DefaultBuildExecuter.java:37)
	at org.gradle.execution.DefaultBuildExecuter.access$000(DefaultBuildExecuter.java:23)
	at org.gradle.execution.DefaultBuildExecuter$1.proceed(DefaultBuildExecuter.java:43)
	at org.gradle.execution.DryRunBuildExecutionAction.execute(DryRunBuildExecutionAction.java:32)
	at org.gradle.execution.DefaultBuildExecuter.execute(DefaultBuildExecuter.java:37)
	at org.gradle.execution.DefaultBuildExecuter.execute(DefaultBuildExecuter.java:30)
	at org.gradle.initialization.DefaultGradleLauncher$4.run(DefaultGradleLauncher.java:154)
	at org.gradle.internal.Factories$1.create(Factories.java:22)
	at org.gradle.internal.progress.DefaultBuildOperationExecutor.run(DefaultBuildOperationExecutor.java:90)
	at org.gradle.internal.progress.DefaultBuildOperationExecutor.run(DefaultBuildOperationExecutor.java:52)
	at org.gradle.initialization.DefaultGradleLauncher.doBuildStages(DefaultGradleLauncher.java:151)
	at org.gradle.initialization.DefaultGradleLauncher.access$200(DefaultGradleLauncher.java:32)
	at org.gradle.initialization.DefaultGradleLauncher$1.create(DefaultGradleLauncher.java:99)
	at org.gradle.initialization.DefaultGradleLauncher$1.create(DefaultGradleLauncher.java:93)
	at org.gradle.internal.progress.DefaultBuildOperationExecutor.run(DefaultBuildOperationExecutor.java:90)
	at org.gradle.internal.progress.DefaultBuildOperationExecutor.run(DefaultBuildOperationExecutor.java:62)
	at org.gradle.initialization.DefaultGradleLauncher.doBuild(DefaultGradleLauncher.java:93)
	at org.gradle.initialization.DefaultGradleLauncher.run(DefaultGradleLauncher.java:82)
	at org.gradle.launcher.exec.InProcessBuildActionExecuter$DefaultBuildController.run(InProcessBuildActionExecuter.java:94)
	at org.gradle.tooling.internal.provider.ExecuteBuildActionRunner.run(ExecuteBuildActionRunner.java:28)
	at org.gradle.launcher.exec.ChainingBuildActionRunner.run(ChainingBuildActionRunner.java:35)
	at org.gradle.launcher.exec.InProcessBuildActionExecuter.execute(InProcessBuildActionExecuter.java:43)
	at org.gradle.launcher.exec.InProcessBuildActionExecuter.execute(InProcessBuildActionExecuter.java:28)
	at org.gradle.launcher.exec.ContinuousBuildActionExecuter.execute(ContinuousBuildActionExecuter.java:78)
	at org.gradle.launcher.exec.ContinuousBuildActionExecuter.execute(ContinuousBuildActionExecuter.java:48)
	at org.gradle.launcher.exec.DaemonUsageSuggestingBuildActionExecuter.execute(DaemonUsageSuggestingBuildActionExecuter.java:51)
	at org.gradle.launcher.exec.DaemonUsageSuggestingBuildActionExecuter.execute(DaemonUsageSuggestingBuildActionExecuter.java:28)
	at org.gradle.launcher.cli.RunBuildAction.run(RunBuildAction.java:43)
	at org.gradle.internal.Actions$RunnableActionAdapter.execute(Actions.java:170)
	at org.gradle.launcher.cli.CommandLineActionFactory$ParseAndBuildAction.execute(CommandLineActionFactory.java:237)
	at org.gradle.launcher.cli.CommandLineActionFactory$ParseAndBuildAction.execute(CommandLineActionFactory.java:210)
	at org.gradle.launcher.cli.JavaRuntimeValidationAction.execute(JavaRuntimeValidationAction.java:35)
	at org.gradle.launcher.cli.JavaRuntimeValidationAction.execute(JavaRuntimeValidationAction.java:24)
	at org.gradle.launcher.cli.CommandLineActionFactory$WithLogging.execute(CommandLineActionFactory.java:206)
	at org.gradle.launcher.cli.CommandLineActionFactory$WithLogging.execute(CommandLineActionFactory.java:169)
	at org.gradle.launcher.cli.ExceptionReportingAction.execute(ExceptionReportingAction.java:33)
	at org.gradle.launcher.cli.ExceptionReportingAction.execute(ExceptionReportingAction.java:22)
	at org.gradle.launcher.Main.doAction(Main.java:33)
	at org.gradle.launcher.bootstrap.EntryPoint.run(EntryPoint.java:45)
	at org.gradle.launcher.bootstrap.ProcessBootstrap.runNoExit(ProcessBootstrap.java:54)
	at org.gradle.launcher.bootstrap.ProcessBootstrap.run(ProcessBootstrap.java:35)
	at org.gradle.launcher.GradleMain.main(GradleMain.java:23)
	at org.gradle.wrapper.BootstrapMainStarter.start(BootstrapMainStarter.java:30)
	at org.gradle.wrapper.WrapperExecutor.execute(WrapperExecutor.java:129)
	at org.gradle.wrapper.GradleWrapperMain.main(GradleWrapperMain.java:61)
Caused by: java.lang.RuntimeException: No toolchains found in the NDK toolchains folder for ABI with prefix: mipsel-linux-android
	at com.android.build.gradle.internal.NdkHandler.getDefaultToolchainVersion(NdkHandler.java:333)
	at com.android.build.gradle.internal.NdkHandler.getToolchainPath(NdkHandler.java:231)
	at com.android.build.gradle.internal.NdkHandler.getCCompiler(NdkHandler.java:419)
	at com.android.build.gradle.internal.model.ModelBuilder.createNativeToolchainModelMap(ModelBuilder.java:227)
	at com.android.build.gradle.internal.model.ModelBuilder.buildAll(ModelBuilder.java:166)
	at org.gradle.tooling.provider.model.ToolingModelBuilder$buildAll.call(Unknown Source)
	at com.android.build.gradle.tasks.Lint.createAndroidProject(Lint.groovy:256)
	at com.android.build.gradle.tasks.Lint.lint(Lint.groovy:73)
	at org.gradle.internal.reflect.JavaMethod.invoke(JavaMethod.java:75)
	at org.gradle.api.internal.project.taskfactory.AnnotationProcessingTaskFactory$StandardTaskAction.doExecute(AnnotationProcessingTaskFactory.java:227)
	at org.gradle.api.internal.project.taskfactory.AnnotationProcessingTaskFactory$StandardTaskAction.execute(AnnotationProcessingTaskFactory.java:220)
	at org.gradle.api.internal.project.taskfactory.AnnotationProcessingTaskFactory$StandardTaskAction.execute(AnnotationProcessingTaskFactory.java:209)
	at org.gradle.api.internal.AbstractTask$TaskActionWrapper.execute(AbstractTask.java:585)
	at org.gradle.api.internal.AbstractTask$TaskActionWrapper.execute(AbstractTask.java:568)
	at org.gradle.api.internal.tasks.execution.ExecuteActionsTaskExecuter.executeAction(ExecuteActionsTaskExecuter.java:80)
	at org.gradle.api.internal.tasks.execution.ExecuteActionsTaskExecuter.executeActions(ExecuteActionsTaskExecuter.java:61)
	... 60 more


BUILD FAILED

Total time: 41.418 secs

2018-12-25 11:32:33,138 INFO  FullProcessService - Found APK file: /var/folders/bq/vtzpc5ns5sg2cthy61lqpg3dfzgbys/T/1545712250735-0/src/lattekit-master/lattekit-samples/app/build/outputs/apk/app-debug.apk
